#
# A fatal error has been detected by the Java Runtime Environment:
#
#  EXCEPTION_ACCESS_VIOLATION (0xc0000005) at pc=0x00007ffe163ad9cf, pid=6116, tid=9868
#
# JRE version: OpenJDK Runtime Environment (16.0.2+7) (build 16.0.2+7-67)
# Java VM: OpenJDK 64-Bit Server VM (16.0.2+7-67, mixed mode, tiered, compressed oops, compressed class ptrs, g1 gc, windows-amd64)
# Problematic frame:
# V  [jvm.dll+0x2ed9cf]
#
# No core dump will be written. Minidumps are not enabled by default on client versions of Windows
#
# If you would like to submit a bug report, please visit:
#   https://bugreport.java.com/bugreport/crash.jsp
#

---------------  S U M M A R Y ------------

Command Line: -Dcom.sun.management.jmxremote -Dcom.sun.management.jmxremote.port=61090 -Dcom.sun.management.jmxremote.authenticate=false -Dcom.sun.management.jmxremote.ssl=false -Djava.rmi.server.hostname=localhost -Dspring.jmx.enabled=true -Dspring.application.admin.enabled=true -XX:TieredStopAtLevel=1 -Dspring.boot.project.name=music-servicio-playlist -Dfile.encoding=UTF-8 -XX:+ShowCodeDetailsInExceptionMessages com.music.app.playlist.MusicServicioPlaylistApplication --spring.output.ansi.enabled=always

Host: Intel(R) Core(TM) i5-7300U CPU @ 2.60GHz, 4 cores, 15G,  Windows 10 , 64 bit Build 19041 (10.0.19041.1202)
Time: Tue Sep 21 09:12:30 2021 Hora estándar de Argentina elapsed time: 193.606380 seconds (0d 0h 3m 13s)

---------------  T H R E A D  ---------------

Current thread (0x000001ba79636460):  GCTaskThread "GC Thread#3" [stack: 0x0000000418e00000,0x0000000418f00000] [id=9868]

Stack: [0x0000000418e00000,0x0000000418f00000],  sp=0x0000000418eff1d0,  free space=1020k
Native frames: (J=compiled Java code, j=interpreted, Vv=VM code, C=native code)
V  [jvm.dll+0x2ed9cf]
V  [jvm.dll+0x2ed46d]
V  [jvm.dll+0x2ecd4d]
V  [jvm.dll+0x7f7f0b]
V  [jvm.dll+0x7795aa]
V  [jvm.dll+0x667066]
C  [ucrtbase.dll+0x21bb2]
C  [KERNEL32.DLL+0x17034]
C  [ntdll.dll+0x52651]


siginfo: EXCEPTION_ACCESS_VIOLATION (0xc0000005), reading address 0x000000086175716d


Register to memory mapping:

RIP=0x00007ffe163ad9cf jvm.dll
RAX=0x0000000861757165 is an unknown value
RBX=0x00000007044b1e68 is pointing into object: [B 
{0x00000007044b1e40} - klass: {type array byte}
 - length: 56
RCX=0x0 is NULL
RDX=0x0000000061757165 is an unknown value
RSP=0x0000000418eff1d0 points into unknown readable memory: 0x000000000000000b | 0b 00 00 00 00 00 00 00
RBP=0x000000000000000e is an unknown value
RSI=0x00007ffe160c0000 jvm.dll
RDI=0x000001ba7d864c70 points into unknown readable memory: 0x00000004181ff470 | 70 f4 1f 18 04 00 00 00
R8 =0x0000000000000001 is an unknown value
R9 =0x0000000800000000 is pointing into metadata
R10=0x0 is NULL
R11=0x0000000800000000 is pointing into metadata
R12=0x0 is NULL
R13=0x00007ffe160c0000 jvm.dll
R14=0x0000000000000010 is an unknown value
R15=0x000000000000000c is an unknown value


Registers:
RAX=0x0000000861757165, RBX=0x00000007044b1e68, RCX=0x0000000000000000, RDX=0x0000000061757165
RSP=0x0000000418eff1d0, RBP=0x000000000000000e, RSI=0x00007ffe160c0000, RDI=0x000001ba7d864c70
R8 =0x0000000000000001, R9 =0x0000000800000000, R10=0x0000000000000000, R11=0x0000000800000000
R12=0x0000000000000000, R13=0x00007ffe160c0000, R14=0x0000000000000010, R15=0x000000000000000c
RIP=0x00007ffe163ad9cf, EFLAGS=0x0000000000010206

Top of Stack: (sp=0x0000000418eff1d0)
0x0000000418eff1d0:   000000000000000b 00000007044b1db8
0x0000000418eff1e0:   00007ffe160c0000 00007ffe163a983e
0x0000000418eff1f0:   00000043000016fe 0000000000000000
0x0000000418eff200:   0000000000000000 0000000000000000
0x0000000418eff210:   0000000000000000 0000000000000000
0x0000000418eff220:   00000007044b1c70 000001ba79064a40
0x0000000418eff230:   000000000000000c 00000004181ff680
0x0000000418eff240:   00000004181fed70 000001ba7d864c70
0x0000000418eff250:   00007ffe160c0000 0000000000000010
0x0000000418eff260:   00000004181ff698 00007ffe163ad46d
0x0000000418eff270:   0000000000000000 000000000000000d
0x0000000418eff280:   00007ffe160c0000 0000046d00000108
0x0000000418eff290:   00000007044b1c30 0000000000000000
0x0000000418eff2a0:   000001ba79064a40 0000000000000002
0x0000000418eff2b0:   00000000000003d8 000001ba79064e18
0x0000000418eff2c0:   000001ba79064a30 00000004181fec10 

Instructions: (pc=0x00007ffe163ad9cf)
0x00007ffe163ad8cf:   00 4c 39 a7 d0 02 00 00 0f 85 a6 00 00 00 8b af
0x00007ffe163ad8df:   98 00 00 00 8b cd 8b 87 18 01 00 00 2b c8 81 e1
0x00007ffe163ad8ef:   ff ff 01 00 0f 86 61 02 00 00 ff cd 81 e5 ff ff
0x00007ffe163ad8ff:   01 00 89 af 98 00 00 00 e8 f4 bc 36 00 8b 87 18
0x00007ffe163ad90f:   01 00 00 8b cd 48 8b 9f 98 01 00 00 2b c8 81 e1
0x00007ffe163ad91f:   ff ff 01 00 8b d5 81 f9 ff ff 01 00 48 8b 1c eb
0x00007ffe163ad92f:   41 0f 44 cc 85 c9 75 6b 48 8b 87 18 01 00 00 48
0x00007ffe163ad93f:   8b c8 48 89 84 24 b8 00 00 00 48 c1 e9 20 ff c1
0x00007ffe163ad94f:   89 ac 24 a8 00 00 00 89 8c 24 ac 00 00 00 3b e8
0x00007ffe163ad95f:   0f 85 e0 01 00 00 48 c1 e1 20 48 0b ca f0 48 0f
0x00007ffe163ad96f:   b1 8f 18 01 00 00 0f 85 ca 01 00 00 8b 87 18 01
0x00007ffe163ad97f:   00 00 eb 1f 48 8d 8f 98 02 00 00 48 83 69 20 01
0x00007ffe163ad98f:   48 8b 41 20 48 8b 59 38 48 8b 1c c3 75 05 e8 5e
0x00007ffe163ad99f:   b4 f5 ff 44 0f b6 05 d7 9e 7e 00 8b 0d 98 36 78
0x00007ffe163ad9af:   00 4c 8b 0d 89 36 78 00 45 84 c0 74 0d 8b 53 08
0x00007ffe163ad9bf:   8b c2 48 d3 e0 49 03 c1 eb 06 48 8b 43 08 8b d0
0x00007ffe163ad9cf:   81 78 08 00 00 00 c0 7d 72 45 84 c0 74 0a 8b c2
0x00007ffe163ad9df:   48 d3 e0 49 03 c1 eb 04 48 8b 43 08 48 8b 88 98
0x00007ffe163ad9ef:   00 00 00 e8 e9 64 f0 ff 48 89 44 24 28 48 8b e8
0x00007ffe163ad9ff:   48 85 c0 74 1b 48 8b d0 48 8b cf e8 f1 bd ff ff
0x00007ffe163ada0f:   84 c0 74 0c 48 8b d5 48 8d 4f 18 e8 81 c3 ff ff
0x00007ffe163ada1f:   44 38 25 5b 9e 7e 00 49 8b c6 49 0f 45 c7 44 39
0x00007ffe163ada2f:   24 18 0f 8e 99 fe ff ff 45 33 c0 48 8b d3 48 8b
0x00007ffe163ada3f:   cf e8 bb 04 00 00 e9 86 fe ff ff 45 84 c0 74 0b
0x00007ffe163ada4f:   44 8b c2 49 d3 e0 4d 03 c1 eb 04 4c 8b 43 08 49
0x00007ffe163ada5f:   63 40 0c 48 8d 8f b0 05 00 00 48 8b d3 41 ff 94
0x00007ffe163ada6f:   c5 c0 1b a7 00 44 38 25 0f a1 7e 00 0f 84 4f fe
0x00007ffe163ada7f:   ff ff 44 0f b6 05 f8 9d 7e 00 8b 0d b9 35 78 00
0x00007ffe163ada8f:   4c 8b 0d aa 35 78 00 45 84 c0 74 0d 8b 53 08 8b
0x00007ffe163ada9f:   c2 48 d3 e0 49 03 c1 eb 06 48 8b 43 08 8b d0 44
0x00007ffe163adaaf:   39 60 08 7e 20 45 84 c0 74 0a 8b c2 48 d3 e0 49
0x00007ffe163adabf:   03 c1 eb 04 48 8b 43 08 80 b8 35 01 00 00 01 0f 


Stack slot to memory mapping:
stack at sp + 0 slots: 0x000000000000000b is an unknown value
stack at sp + 1 slots: 0x00000007044b1db8 is an oop: java.beans.MethodDescriptor 
{0x00000007044b1db8} - klass: 'java/beans/MethodDescriptor'
stack at sp + 2 slots: 0x00007ffe160c0000 jvm.dll
stack at sp + 3 slots: 0x00007ffe163a983e jvm.dll
stack at sp + 4 slots: 0x00000043000016fe is an unknown value
stack at sp + 5 slots: 0x0 is NULL
stack at sp + 6 slots: 0x0 is NULL
stack at sp + 7 slots: 0x0 is NULL


---------------  P R O C E S S  ---------------

Threads class SMR info:
_java_thread_list=0x000001ba7d816720, length=21, elements={
0x000001ba7866a010, 0x000001ba7866abe0, 0x000001ba79052280, 0x000001ba79052b90,
0x000001ba790534a0, 0x000001ba7905f2c0, 0x000001ba7905fbd0, 0x000001ba79060520,
0x000001ba5a60de90, 0x000001ba792187b0, 0x000001ba7988af10, 0x000001ba7988b430,
0x000001ba798d1c40, 0x000001ba7aa21830, 0x000001ba7aa5c610, 0x000001ba7d85a020,
0x000001ba7d855b10, 0x000001ba7d859030, 0x000001ba7d8535e0, 0x000001ba7d8575a0,
0x000001ba7d858590
}

Java Threads: ( => current thread )
  0x000001ba7866a010 JavaThread "Reference Handler" daemon [_thread_blocked, id=3448, stack(0x0000000418200000,0x0000000418300000)]
  0x000001ba7866abe0 JavaThread "Finalizer" daemon [_thread_blocked, id=7432, stack(0x0000000418300000,0x0000000418400000)]
  0x000001ba79052280 JavaThread "Signal Dispatcher" daemon [_thread_blocked, id=5920, stack(0x0000000418400000,0x0000000418500000)]
  0x000001ba79052b90 JavaThread "Attach Listener" daemon [_thread_blocked, id=7484, stack(0x0000000418500000,0x0000000418600000)]
  0x000001ba790534a0 JavaThread "Service Thread" daemon [_thread_blocked, id=8660, stack(0x0000000418600000,0x0000000418700000)]
  0x000001ba7905f2c0 JavaThread "Monitor Deflation Thread" daemon [_thread_blocked, id=6880, stack(0x0000000418700000,0x0000000418800000)]
  0x000001ba7905fbd0 JavaThread "C1 CompilerThread0" daemon [_thread_blocked, id=5096, stack(0x0000000418800000,0x0000000418900000)]
  0x000001ba79060520 JavaThread "Sweeper thread" daemon [_thread_blocked, id=10812, stack(0x0000000418900000,0x0000000418a00000)]
  0x000001ba5a60de90 JavaThread "Common-Cleaner" daemon [_thread_blocked, id=6172, stack(0x0000000418a00000,0x0000000418b00000)]
  0x000001ba792187b0 JavaThread "Notification Thread" daemon [_thread_blocked, id=7196, stack(0x0000000418b00000,0x0000000418c00000)]
  0x000001ba7988af10 JavaThread "RMI TCP Accept-0" daemon [_thread_in_native, id=8972, stack(0x0000000418f00000,0x0000000419000000)]
  0x000001ba7988b430 JavaThread "RMI TCP Accept-61090" daemon [_thread_in_native, id=6536, stack(0x0000000419000000,0x0000000419100000)]
  0x000001ba798d1c40 JavaThread "RMI TCP Accept-0" daemon [_thread_in_native, id=6040, stack(0x0000000419100000,0x0000000419200000)]
  0x000001ba7aa21830 JavaThread "RMI Scheduler(0)" daemon [_thread_blocked, id=7992, stack(0x0000000419600000,0x0000000419700000)]
  0x000001ba7aa5c610 JavaThread "JMX server connection timeout 25" daemon [_thread_blocked, id=9484, stack(0x0000000419800000,0x0000000419900000)]
  0x000001ba7d85a020 JavaThread "DestroyJavaVM" [_thread_blocked, id=8568, stack(0x0000000417b00000,0x0000000417c00000)]
  0x000001ba7d855b10 JavaThread "RMI TCP Connection(10)-127.0.0.1" daemon [_thread_in_native, id=7732, stack(0x000000041a800000,0x000000041a900000)]
  0x000001ba7d859030 JavaThread "boundedElastic-evictor-1" daemon [_thread_blocked, id=1988, stack(0x0000000417900000,0x0000000417a00000)]
  0x000001ba7d8535e0 JavaThread "parallel-1" daemon [_thread_blocked, id=1588, stack(0x0000000417a00000,0x0000000417b00000)]
  0x000001ba7d8575a0 JavaThread "pool-10-thread-1" daemon [_thread_blocked, id=11012, stack(0x000000041b000000,0x000000041b100000)]
  0x000001ba7d858590 JavaThread "Thread-1" [_thread_blocked, id=9280, stack(0x0000000419400000,0x0000000419500000)]

Other Threads:
  0x000001ba790208c0 VMThread "VM Thread" [stack: 0x0000000418100000,0x0000000418200000] [id=11084]
  0x000001ba5a53a240 WatcherThread [stack: 0x0000000419200000,0x0000000419300000] [id=10696]
  0x000001ba5a58a4a0 GCTaskThread "GC Thread#0" [stack: 0x0000000417c00000,0x0000000417d00000] [id=10408]
  0x000001ba79635a30 GCTaskThread "GC Thread#1" [stack: 0x0000000418c00000,0x0000000418d00000] [id=11704]
  0x000001ba79635d40 GCTaskThread "GC Thread#2" [stack: 0x0000000418d00000,0x0000000418e00000] [id=3336]
=>0x000001ba79636460 GCTaskThread "GC Thread#3" [stack: 0x0000000418e00000,0x0000000418f00000] [id=9868]
  0x000001ba5a59c280 ConcurrentGCThread "G1 Main Marker" [stack: 0x0000000417d00000,0x0000000417e00000] [id=1340]
  0x000001ba5a59d420 ConcurrentGCThread "G1 Conc#0" [stack: 0x0000000417e00000,0x0000000417f00000] [id=10320]
  0x000001ba5a608a40 ConcurrentGCThread "G1 Refine#0" [stack: 0x0000000417f00000,0x0000000418000000] [id=7720]
  0x000001ba7d44e410 ConcurrentGCThread "G1 Refine#1" [stack: 0x0000000419c00000,0x0000000419d00000] [id=2384]
  0x000001ba7d525420 ConcurrentGCThread "G1 Refine#2" [stack: 0x0000000419d00000,0x0000000419e00000] [id=3084]
  0x000001ba5a609350 ConcurrentGCThread "G1 Service" [stack: 0x0000000418000000,0x0000000418100000] [id=1164]

Threads with active compile tasks:
C1 CompilerThread0   193679 5750       1       org.springframework.util.ConcurrentReferenceHashMap::access$200 (5 bytes)

VM state: at safepoint (normal execution)

VM Mutex/Monitor currently owned by a thread:  ([mutex/lock_event])
[0x000001ba5a5366d0] Threads_lock - owner thread: 0x000001ba790208c0
[0x000001ba5a5365b0] Heap_lock - owner thread: 0x000001ba7d858590

Heap address: 0x0000000702800000, size: 4056 MB, Compressed Oops mode: Zero based, Oop shift amount: 3

CDS disabled.
Compressed class space mapped at: 0x0000000800000000-0x0000000840000000, reserved size: 1073741824
Narrow klass base: 0x0000000800000000, Narrow klass shift: 0, Narrow klass range: 0x40000000

GC Precious Log:
 CPUs: 4 total, 4 available
 Memory: 16218M
 Large Page Support: Disabled
 NUMA Support: Disabled
 Compressed Oops: Enabled (Zero based)
 Heap Region Size: 2M
 Heap Min Capacity: 8M
 Heap Initial Capacity: 254M
 Heap Max Capacity: 4056M
 Pre-touch: Disabled
 Parallel Workers: 4
 Concurrent Workers: 1
 Concurrent Refinement Workers: 4
 Periodic GC: Disabled

Heap:
 garbage-first heap   total 86016K, used 53054K [0x0000000702800000, 0x0000000800000000)
  region size 2048K, 10 young (20480K), 2 survivors (4096K)
 Metaspace       used 55909K, committed 56384K, reserved 1097728K
  class space    used 7360K, committed 7616K, reserved 1048576K

Heap Regions: E=young(eden), S=young(survivor), O=old, HS=humongous(starts), HC=humongous(continues), CS=collection set, F=free, OA=open archive, CA=closed archive, TAMS=top-at-mark-start (previous, next)
|   0|0x0000000702800000, 0x0000000702a00000, 0x0000000702a00000|100%| O|  |TAMS 0x0000000702a00000, 0x0000000702800000| Untracked 
|   1|0x0000000702a00000, 0x0000000702c00000, 0x0000000702c00000|100%| O|  |TAMS 0x0000000702c00000, 0x0000000702a00000| Untracked 
|   2|0x0000000702c00000, 0x0000000702ce1c00, 0x0000000702e00000| 44%| O|  |TAMS 0x0000000702ce1c00, 0x0000000702c00000| Untracked 
|   3|0x0000000702e00000, 0x0000000703000000, 0x0000000703000000|100%| O|  |TAMS 0x0000000703000000, 0x0000000702e00000| Untracked 
|   4|0x0000000703000000, 0x0000000703200000, 0x0000000703200000|100%| O|  |TAMS 0x0000000703200000, 0x0000000703000000| Untracked 
|   5|0x0000000703200000, 0x0000000703400000, 0x0000000703400000|100%| O|  |TAMS 0x0000000703200000, 0x0000000703200000| Untracked 
|   6|0x0000000703400000, 0x0000000703600000, 0x0000000703600000|100%| O|  |TAMS 0x0000000703400000, 0x0000000703400000| Untracked 
|   7|0x0000000703600000, 0x0000000703800000, 0x0000000703800000|100%| O|  |TAMS 0x0000000703600000, 0x0000000703600000| Untracked 
|   8|0x0000000703800000, 0x0000000703a00000, 0x0000000703a00000|100%| O|  |TAMS 0x0000000703800000, 0x0000000703800000| Untracked 
|   9|0x0000000703a00000, 0x0000000703c00000, 0x0000000703c00000|100%| O|  |TAMS 0x0000000703a00000, 0x0000000703a00000| Untracked 
|  10|0x0000000703c00000, 0x0000000703e00000, 0x0000000703e00000|100%| O|  |TAMS 0x0000000703c00000, 0x0000000703c00000| Untracked 
|  11|0x0000000703e00000, 0x0000000704000000, 0x0000000704000000|100%| O|  |TAMS 0x0000000703e00000, 0x0000000703e00000| Untracked 
|  12|0x0000000704000000, 0x0000000704200000, 0x0000000704200000|100%| O|  |TAMS 0x0000000704000000, 0x0000000704000000| Untracked 
|  13|0x0000000704200000, 0x0000000704400000, 0x0000000704400000|100%| O|  |TAMS 0x0000000704200000, 0x0000000704200000| Untracked 
|  14|0x0000000704400000, 0x00000007045ed000, 0x0000000704600000| 96%| O|  |TAMS 0x0000000704400000, 0x0000000704400000| Untracked 
|  15|0x0000000704600000, 0x0000000704600000, 0x0000000704800000|  0%| F|  |TAMS 0x0000000704600000, 0x0000000704600000| Untracked 
|  16|0x0000000704800000, 0x0000000704800000, 0x0000000704a00000|  0%| F|  |TAMS 0x0000000704800000, 0x0000000704800000| Untracked 
|  17|0x0000000704a00000, 0x0000000704a00000, 0x0000000704c00000|  0%| F|  |TAMS 0x0000000704a00000, 0x0000000704a00000| Untracked 
|  18|0x0000000704c00000, 0x0000000704c00000, 0x0000000704e00000|  0%| F|  |TAMS 0x0000000704c00000, 0x0000000704c00000| Untracked 
|  19|0x0000000704e00000, 0x0000000704e00000, 0x0000000705000000|  0%| F|  |TAMS 0x0000000704e00000, 0x0000000704e00000| Untracked 
|  20|0x0000000705000000, 0x0000000705000000, 0x0000000705200000|  0%| F|  |TAMS 0x0000000705000000, 0x0000000705000000| Untracked 
|  21|0x0000000705200000, 0x0000000705200000, 0x0000000705400000|  0%| F|  |TAMS 0x0000000705200000, 0x0000000705200000| Untracked 
|  22|0x0000000705400000, 0x0000000705400000, 0x0000000705600000|  0%| F|  |TAMS 0x0000000705400000, 0x0000000705400000| Untracked 
|  23|0x0000000705600000, 0x0000000705600000, 0x0000000705800000|  0%| F|  |TAMS 0x0000000705600000, 0x0000000705600000| Untracked 
|  24|0x0000000705800000, 0x0000000705993cb0, 0x0000000705a00000| 78%| S|  |TAMS 0x0000000705800000, 0x0000000705800000| Complete 
|  25|0x0000000705a00000, 0x0000000705c00000, 0x0000000705c00000|100%| S|  |TAMS 0x0000000705a00000, 0x0000000705a00000| Complete 
|  26|0x0000000705c00000, 0x0000000705c00000, 0x0000000705e00000|  0%| F|  |TAMS 0x0000000705c00000, 0x0000000705c00000| Untracked 
|  27|0x0000000705e00000, 0x0000000705e00000, 0x0000000706000000|  0%| F|  |TAMS 0x0000000705e00000, 0x0000000705e00000| Untracked 
|  28|0x0000000706000000, 0x0000000706000000, 0x0000000706200000|  0%| F|  |TAMS 0x0000000706000000, 0x0000000706000000| Untracked 
|  29|0x0000000706200000, 0x0000000706200000, 0x0000000706400000|  0%| F|  |TAMS 0x0000000706200000, 0x0000000706200000| Untracked 
|  30|0x0000000706400000, 0x0000000706400000, 0x0000000706600000|  0%| F|  |TAMS 0x0000000706400000, 0x0000000706400000| Untracked 
|  31|0x0000000706600000, 0x0000000706600000, 0x0000000706800000|  0%| F|  |TAMS 0x0000000706600000, 0x0000000706600000| Untracked 
|  32|0x0000000706800000, 0x000000070696d138, 0x0000000706a00000| 71%| E|  |TAMS 0x0000000706800000, 0x0000000706800000| Complete 
|  33|0x0000000706a00000, 0x0000000706c00000, 0x0000000706c00000|100%| E|  |TAMS 0x0000000706a00000, 0x0000000706a00000| Complete 
|  34|0x0000000706c00000, 0x0000000706e00000, 0x0000000706e00000|100%| E|  |TAMS 0x0000000706c00000, 0x0000000706c00000| Complete 
|  35|0x0000000706e00000, 0x0000000707000000, 0x0000000707000000|100%| E|  |TAMS 0x0000000706e00000, 0x0000000706e00000| Complete 
|  50|0x0000000708c00000, 0x0000000708e00000, 0x0000000708e00000|100%| E|  |TAMS 0x0000000708c00000, 0x0000000708c00000| Complete 
|  51|0x0000000708e00000, 0x0000000709000000, 0x0000000709000000|100%| E|  |TAMS 0x0000000708e00000, 0x0000000708e00000| Complete 
|  52|0x0000000709000000, 0x0000000709200000, 0x0000000709200000|100%| E|  |TAMS 0x0000000709000000, 0x0000000709000000| Complete 
| 126|0x0000000712400000, 0x0000000712600000, 0x0000000712600000|100%| E|  |TAMS 0x0000000712400000, 0x0000000712400000| Complete 
|2026|0x00000007ffc00000, 0x00000007ffe00000, 0x00000007ffe00000|100%| O|  |TAMS 0x00000007ffc00000, 0x00000007ffc00000| Untracked 
|2027|0x00000007ffe00000, 0x0000000800000000, 0x0000000800000000|100%| O|  |TAMS 0x00000007ffe00000, 0x00000007ffe00000| Untracked 

Card table byte_map: [0x000001ba6d2a0000,0x000001ba6da90000] _byte_map_base: 0x000001ba69a8c000

Marking Bits (Prev, Next): (CMBitMap*) 0x000001ba5a58bab0, (CMBitMap*) 0x000001ba5a58baf0
 Prev Bits: [0x000001ba6e280000, 0x000001ba721e0000)
 Next Bits: [0x000001ba721e0000, 0x000001ba76140000)

Polling page: 0x000001ba583c0000

Metaspace:

Usage:
  Non-class:     47.41 MB used.
      Class:      7.19 MB used.
       Both:     54.60 MB used.

Virtual space:
  Non-class space:       48.00 MB reserved,      47.62 MB (>99%) committed,  6 nodes.
      Class space:        1.00 GB reserved,       7.44 MB ( <1%) committed,  1 nodes.
              Both:        1.05 GB reserved,      55.06 MB (  5%) committed. 

Chunk freelists:
   Non-Class:  358.00 KB
       Class:  544.00 KB
        Both:  902.00 KB

MaxMetaspaceSize: 17179869184.00 GB
CompressedClassSpaceSize: 1.00 GB
 - commit_granule_bytes: 65536.
 - commit_granule_words: 8192.
 - virtual_space_node_default_size: 1048576.
 - enlarge_chunks_in_place: 1.
 - new_chunks_are_fully_committed: 0.
 - uncommit_free_chunks: 1.
 - use_allocation_guard: 0.
 - handle_deallocations: 1.


Internal statistics:

num_allocs_failed_limit: 8.
num_arena_births: 598.
num_arena_deaths: 0.
num_vsnodes_births: 7.
num_vsnodes_deaths: 0.
num_space_committed: 881.
num_space_uncommitted: 0.
num_chunks_returned_to_freelist: 8.
num_chunks_taken_from_freelist: 2274.
num_chunk_merges: 8.
num_chunk_splits: 1528.
num_chunks_enlarged: 1119.
num_purges: 0.

CodeHeap 'non-profiled nmethods': size=238912Kb used=9470Kb max_used=9470Kb free=229441Kb
 bounds [0x000001ba5e160000, 0x000001ba5eaa0000, 0x000001ba6cab0000]
CodeHeap 'non-nmethods': size=6848Kb used=1252Kb max_used=1252Kb free=5595Kb
 bounds [0x000001ba5dab0000, 0x000001ba5dd20000, 0x000001ba5e160000]
 total_blobs=6314 nmethods=5749 adapters=492
 compilation: enabled
              stopped_count=0, restarted_count=0
 full_count=0

Compilation events (20 events):
Event: 193.552 Thread 0x000001ba7905fbd0 nmethod 5740 0x000001ba5ea9c510 code [0x000001ba5ea9c720, 0x000001ba5ea9cd68]
Event: 193.556 Thread 0x000001ba7905fbd0 5741       1       com.netflix.servo.jmx.ObjectNameBuilder::addProperty (17 bytes)
Event: 193.556 Thread 0x000001ba7905fbd0 nmethod 5741 0x000001ba5ea9d090 code [0x000001ba5ea9d2a0, 0x000001ba5ea9d538]
Event: 193.557 Thread 0x000001ba7905fbd0 5742   !   1       javax.management.MBeanInfo::arrayGettersSafe (85 bytes)
Event: 193.557 Thread 0x000001ba7905fbd0 nmethod 5742 0x000001ba5ea9d790 code [0x000001ba5ea9d980, 0x000001ba5ea9ddd8]
Event: 193.560 Thread 0x000001ba7905fbd0 5743       1       com.netflix.servo.tag.SmallTagMap::iterator (10 bytes)
Event: 193.560 Thread 0x000001ba7905fbd0 nmethod 5743 0x000001ba5ea9e090 code [0x000001ba5ea9e220, 0x000001ba5ea9e398]
Event: 193.560 Thread 0x000001ba7905fbd0 5744       1       com.netflix.servo.tag.SmallTagMap$SmallTagIterator::<init> (6 bytes)
Event: 193.560 Thread 0x000001ba7905fbd0 nmethod 5744 0x000001ba5ea9e410 code [0x000001ba5ea9e5a0, 0x000001ba5ea9e6b8]
Event: 193.560 Thread 0x000001ba7905fbd0 5745       1       com.netflix.servo.tag.SmallTagMap$SmallTagIterator::<init> (15 bytes)
Event: 193.560 Thread 0x000001ba7905fbd0 nmethod 5745 0x000001ba5ea9e710 code [0x000001ba5ea9e8a0, 0x000001ba5ea9e9b8]
Event: 193.567 Thread 0x000001ba7905fbd0 5746       1       java.util.concurrent.locks.AbstractQueuedSynchronizer::hasQueuedPredecessors (58 bytes)
Event: 193.567 Thread 0x000001ba7905fbd0 nmethod 5746 0x000001ba5ea9ea10 code [0x000001ba5ea9ebc0, 0x000001ba5ea9ed28]
Event: 193.570 Thread 0x000001ba7905fbd0 5747       1       javax.management.ObjectName::getCanonicalKeyPropertyListString (45 bytes)
Event: 193.570 Thread 0x000001ba7905fbd0 nmethod 5747 0x000001ba5ea9ee10 code [0x000001ba5ea9efc0, 0x000001ba5ea9f148]
Event: 193.578 Thread 0x000001ba7905fbd0 5748       1       com.netflix.servo.jmx.MonitorMBean::getObjectName (5 bytes)
Event: 193.578 Thread 0x000001ba7905fbd0 nmethod 5748 0x000001ba5ea9f290 code [0x000001ba5ea9f420, 0x000001ba5ea9f4f8]
Event: 193.578 Thread 0x000001ba7905fbd0 5749       1       javax.management.ObjectName::hashCode (8 bytes)
Event: 193.578 Thread 0x000001ba7905fbd0 nmethod 5749 0x000001ba5ea9f590 code [0x000001ba5ea9f740, 0x000001ba5ea9f828]
Event: 193.579 Thread 0x000001ba7905fbd0 5750       1       org.springframework.util.ConcurrentReferenceHashMap::access$200 (5 bytes)

GC Heap History (20 events):
Event: 1.655 GC heap after
{Heap after GC invocations=6 (full 0):
 garbage-first heap   total 55296K, used 11004K [0x0000000702800000, 0x0000000800000000)
  region size 2048K, 2 young (4096K), 2 survivors (4096K)
 Metaspace       used 25631K, committed 25856K, reserved 1073152K
  class space    used 3153K, committed 3264K, reserved 1048576K
}
Event: 1.912 GC heap before
{Heap before GC invocations=6 (full 0):
 garbage-first heap   total 55296K, used 37628K [0x0000000702800000, 0x0000000800000000)
  region size 2048K, 15 young (30720K), 2 survivors (4096K)
 Metaspace       used 30198K, committed 30528K, reserved 1081344K
  class space    used 3672K, committed 3840K, reserved 1048576K
}
Event: 1.917 GC heap after
{Heap after GC invocations=7 (full 0):
 garbage-first heap   total 157696K, used 12382K [0x0000000702800000, 0x0000000800000000)
  region size 2048K, 2 young (4096K), 2 survivors (4096K)
 Metaspace       used 30198K, committed 30528K, reserved 1081344K
  class space    used 3672K, committed 3840K, reserved 1048576K
}
Event: 2.620 GC heap before
{Heap before GC invocations=7 (full 0):
 garbage-first heap   total 157696K, used 59486K [0x0000000702800000, 0x0000000800000000)
  region size 2048K, 26 young (53248K), 2 survivors (4096K)
 Metaspace       used 35551K, committed 35840K, reserved 1081344K
  class space    used 4467K, committed 4608K, reserved 1048576K
}
Event: 2.628 GC heap after
{Heap after GC invocations=8 (full 0):
 garbage-first heap   total 157696K, used 15115K [0x0000000702800000, 0x0000000800000000)
  region size 2048K, 3 young (6144K), 3 survivors (6144K)
 Metaspace       used 35551K, committed 35840K, reserved 1081344K
  class space    used 4467K, committed 4608K, reserved 1048576K
}
Event: 2.932 GC heap before
{Heap before GC invocations=9 (full 0):
 garbage-first heap   total 61440K, used 51979K [0x0000000702800000, 0x0000000800000000)
  region size 2048K, 22 young (45056K), 3 survivors (6144K)
 Metaspace       used 38869K, committed 39232K, reserved 1089536K
  class space    used 4861K, committed 5056K, reserved 1048576K
}
Event: 2.943 GC heap after
{Heap after GC invocations=10 (full 0):
 garbage-first heap   total 67584K, used 20743K [0x0000000702800000, 0x0000000800000000)
  region size 2048K, 3 young (6144K), 3 survivors (6144K)
 Metaspace       used 38869K, committed 39232K, reserved 1089536K
  class space    used 4861K, committed 5056K, reserved 1048576K
}
Event: 3.067 GC heap before
{Heap before GC invocations=10 (full 0):
 garbage-first heap   total 67584K, used 45319K [0x0000000702800000, 0x0000000800000000)
  region size 2048K, 16 young (32768K), 3 survivors (6144K)
 Metaspace       used 39323K, committed 39680K, reserved 1089536K
  class space    used 4902K, committed 5056K, reserved 1048576K
}
Event: 3.073 GC heap after
{Heap after GC invocations=11 (full 0):
 garbage-first heap   total 67584K, used 20881K [0x0000000702800000, 0x0000000800000000)
  region size 2048K, 1 young (2048K), 1 survivors (2048K)
 Metaspace       used 39323K, committed 39680K, reserved 1089536K
  class space    used 4902K, committed 5056K, reserved 1048576K
}
Event: 3.282 GC heap before
{Heap before GC invocations=11 (full 0):
 garbage-first heap   total 67584K, used 49553K [0x0000000702800000, 0x0000000800000000)
  region size 2048K, 15 young (30720K), 1 survivors (2048K)
 Metaspace       used 40288K, committed 40640K, reserved 1089536K
  class space    used 5036K, committed 5184K, reserved 1048576K
}
Event: 3.286 GC heap after
{Heap after GC invocations=12 (full 0):
 garbage-first heap   total 67584K, used 21254K [0x0000000702800000, 0x0000000800000000)
  region size 2048K, 1 young (2048K), 1 survivors (2048K)
 Metaspace       used 40288K, committed 40640K, reserved 1089536K
  class space    used 5036K, committed 5184K, reserved 1048576K
}
Event: 3.640 GC heap before
{Heap before GC invocations=12 (full 0):
 garbage-first heap   total 67584K, used 47878K [0x0000000702800000, 0x0000000800000000)
  region size 2048K, 15 young (30720K), 1 survivors (2048K)
 Metaspace       used 42460K, committed 42816K, reserved 1089536K
  class space    used 5422K, committed 5568K, reserved 1048576K
}
Event: 3.646 GC heap after
{Heap after GC invocations=13 (full 0):
 garbage-first heap   total 86016K, used 24661K [0x0000000702800000, 0x0000000800000000)
  region size 2048K, 2 young (4096K), 2 survivors (4096K)
 Metaspace       used 42460K, committed 42816K, reserved 1089536K
  class space    used 5422K, committed 5568K, reserved 1048576K
}
Event: 4.141 GC heap before
{Heap before GC invocations=13 (full 0):
 garbage-first heap   total 86016K, used 63573K [0x0000000702800000, 0x0000000800000000)
  region size 2048K, 21 young (43008K), 2 survivors (4096K)
 Metaspace       used 46007K, committed 46336K, reserved 1089536K
  class space    used 5990K, committed 6144K, reserved 1048576K
}
Event: 4.150 GC heap after
{Heap after GC invocations=14 (full 0):
 garbage-first heap   total 86016K, used 29001K [0x0000000702800000, 0x0000000800000000)
  region size 2048K, 3 young (6144K), 3 survivors (6144K)
 Metaspace       used 46007K, committed 46336K, reserved 1089536K
  class space    used 5990K, committed 6144K, reserved 1048576K
}
Event: 4.767 GC heap before
{Heap before GC invocations=14 (full 0):
 garbage-first heap   total 86016K, used 63817K [0x0000000702800000, 0x0000000800000000)
  region size 2048K, 20 young (40960K), 3 survivors (6144K)
 Metaspace       used 48264K, committed 48768K, reserved 1097728K
  class space    used 6350K, committed 6592K, reserved 1048576K
}
Event: 4.780 GC heap after
{Heap after GC invocations=15 (full 0):
 garbage-first heap   total 86016K, used 33930K [0x0000000702800000, 0x0000000800000000)
  region size 2048K, 3 young (6144K), 3 survivors (6144K)
 Metaspace       used 48264K, committed 48768K, reserved 1097728K
  class space    used 6350K, committed 6592K, reserved 1048576K
}
Event: 48.318 GC heap before
{Heap before GC invocations=15 (full 0):
 garbage-first heap   total 86016K, used 62602K [0x0000000702800000, 0x0000000800000000)
  region size 2048K, 17 young (34816K), 3 survivors (6144K)
 Metaspace       used 53739K, committed 54208K, reserved 1097728K
  class space    used 7075K, committed 7296K, reserved 1048576K
}
Event: 48.327 GC heap after
{Heap after GC invocations=16 (full 0):
 garbage-first heap   total 86016K, used 37258K [0x0000000702800000, 0x0000000800000000)
  region size 2048K, 2 young (4096K), 2 survivors (4096K)
 Metaspace       used 53739K, committed 54208K, reserved 1097728K
  class space    used 7075K, committed 7296K, reserved 1048576K
}
Event: 193.579 GC heap before
{Heap before GC invocations=16 (full 0):
 garbage-first heap   total 86016K, used 51594K [0x0000000702800000, 0x0000000800000000)
  region size 2048K, 10 young (20480K), 2 survivors (4096K)
 Metaspace       used 55909K, committed 56384K, reserved 1097728K
  class space    used 7360K, committed 7616K, reserved 1048576K
}

Deoptimization events (6 events):
Event: 3.222 Thread 0x000001ba7aa5b620 DEOPT PACKING pc=0x000001ba5e38539f sp=0x0000000419afeaf0
Event: 3.222 Thread 0x000001ba7aa5b620 DEOPT UNPACKING pc=0x000001ba5dafdece sp=0x0000000419afdf48 mode 3
Event: 3.559 Thread 0x000001ba7a95cdb0 DEOPT PACKING pc=0x000001ba5e4ae174 sp=0x00000004194f9690
Event: 3.559 Thread 0x000001ba7a95cdb0 DEOPT UNPACKING pc=0x000001ba5dafdece sp=0x00000004194f8be8 mode 0
Event: 4.784 Thread 0x000001ba7a95cdb0 DEOPT PACKING pc=0x000001ba5e44e202 sp=0x00000004194fae60
Event: 4.784 Thread 0x000001ba7a95cdb0 DEOPT UNPACKING pc=0x000001ba5dafdece sp=0x00000004194fa368 mode 3

Classes unloaded (0 events):
No events

Classes redefined (0 events):
No events

Internal exceptions (20 events):
Event: 4.649 Thread 0x000001ba7a95cdb0 Exception <a 'java/lang/NoSuchMethodError'{0x0000000705aa13e0}: 'void java.lang.invoke.DirectMethodHandle$Holder.invokeVirtual(java.lang.Object, java.lang.Object)'> (0x0000000705aa13e0) 
thrown [t:\workspace\open\src\hotspot\share\interpreter\linkResolver.cpp, line 790]
Event: 4.651 Thread 0x000001ba7a95cdb0 Exception <a 'java/lang/ClassNotFoundException'{0x0000000705ab5420}: java/lang/ObjectCustomizer> (0x0000000705ab5420) 
thrown [t:\workspace\open\src\hotspot\share\classfile\systemDictionary.cpp, line 256]
Event: 4.651 Thread 0x000001ba7a95cdb0 Exception <a 'java/lang/ClassNotFoundException'{0x0000000705abd568}: org/springframework/cloud/netflix/eureka/serviceregistry/EurekaRegistrationCustomizer> (0x0000000705abd568) 
thrown [t:\workspace\open\src\hotspot\share\classfile\systemDictionary.cpp, line 256]
Event: 4.651 Thread 0x000001ba7a95cdb0 Exception <a 'java/lang/ClassNotFoundException'{0x0000000705adbfb0}: org/springframework/cloud/client/serviceregistry/RegistrationCustomizer> (0x0000000705adbfb0) 
thrown [t:\workspace\open\src\hotspot\share\classfile\systemDictionary.cpp, line 256]
Event: 4.651 Thread 0x000001ba7a95cdb0 Exception <a 'java/lang/ClassNotFoundException'{0x0000000705ae0c18}: org/springframework/cloud/client/ServiceInstanceCustomizer> (0x0000000705ae0c18) 
thrown [t:\workspace\open\src\hotspot\share\classfile\systemDictionary.cpp, line 256]
Event: 4.659 Thread 0x000001ba7a95cdb0 Exception <a 'java/lang/ClassNotFoundException'{0x0000000705b2e270}: java/lang/ObjectCustomizer> (0x0000000705b2e270) 
thrown [t:\workspace\open\src\hotspot\share\classfile\systemDictionary.cpp, line 256]
Event: 4.660 Thread 0x000001ba7a95cdb0 Exception <a 'java/lang/ClassNotFoundException'{0x0000000705b35be0}: com/netflix/appinfo/ApplicationInfoManagerCustomizer> (0x0000000705b35be0) 
thrown [t:\workspace\open\src\hotspot\share\classfile\systemDictionary.cpp, line 256]
Event: 4.820 Thread 0x000001ba7a95cdb0 Exception <a 'sun/nio/fs/WindowsException'{0x000000071259a260}> (0x000000071259a260) 
thrown [t:\workspace\open\src\hotspot\share\prims\jni.cpp, line 579]
Event: 5.158 Thread 0x000001ba7a95cdb0 Exception <a 'java/lang/ClassNotFoundException'{0x00000007064645f8}: java/lang/ObjectCustomizer> (0x00000007064645f8) 
thrown [t:\workspace\open\src\hotspot\share\classfile\systemDictionary.cpp, line 256]
Event: 5.158 Thread 0x000001ba7a95cdb0 Exception <a 'java/lang/ClassNotFoundException'{0x000000070646c3e0}: com/netflix/discovery/DiscoveryClientCustomizer> (0x000000070646c3e0) 
thrown [t:\workspace\open\src\hotspot\share\classfile\systemDictionary.cpp, line 256]
Event: 5.159 Thread 0x000001ba7a95cdb0 Exception <a 'java/lang/ClassNotFoundException'{0x0000000706486710}: org/springframework/cloud/netflix/eureka/CloudEurekaClientCustomizer> (0x0000000706486710) 
thrown [t:\workspace\open\src\hotspot\share\classfile\systemDictionary.cpp, line 256]
Event: 5.159 Thread 0x000001ba7a95cdb0 Exception <a 'java/lang/ClassNotFoundException'{0x000000070649d448}: com/netflix/discovery/EurekaClientCustomizer> (0x000000070649d448) 
thrown [t:\workspace\open\src\hotspot\share\classfile\systemDictionary.cpp, line 256]
Event: 5.159 Thread 0x000001ba7a95cdb0 Exception <a 'java/lang/ClassNotFoundException'{0x00000007064af980}: com/netflix/discovery/shared/LookupServiceCustomizer> (0x00000007064af980) 
thrown [t:\workspace\open\src\hotspot\share\classfile\systemDictionary.cpp, line 256]
Event: 48.368 Thread 0x000001ba7d854080 Exception <a 'java/lang/NoSuchMethodError'{0x000000070902f4d8}: 'void java.lang.invoke.DirectMethodHandle$Holder.invokeSpecial(java.lang.Object, java.lang.Object, java.lang.Object, java.lang.Object, java.lang.Object, java.lang.Object, java.lang.Object)'> (0x000000070902f4d8) 
thrown [t:\workspace\open\src\hotspot\share\interpreter\linkResolver.cpp, line 790]
Event: 64.049 Thread 0x000001ba7d85a570 Exception <a 'java/lang/NoSuchMethodError'{0x0000000708cdc778}: 'int java.lang.invoke.DirectMethodHandle$Holder.invokeStatic(java.lang.Object, java.lang.Object, java.lang.Object, java.lang.Object, java.lang.Object)'> (0x0000000708cdc778) 
thrown [t:\workspace\open\src\hotspot\share\interpreter\linkResolver.cpp, line 790]
Event: 92.390 Thread 0x000001ba7d857050 Exception <a 'java/lang/NullPointerException'{0x0000000706ca4690}> (0x0000000706ca4690) 
thrown [t:\workspace\open\src\hotspot\share\interpreter\linkResolver.cpp, line 1385]
Event: 92.390 Thread 0x000001ba7d857050 Exception <a 'java/lang/reflect/InvocationTargetException'{0x0000000706ca4c10}> (0x0000000706ca4c10) 
thrown [t:\workspace\open\src\hotspot\share\runtime\reflection.cpp, line 1157]
Event: 92.431 Thread 0x000001ba7d857050 Exception <a 'java/lang/NoClassDefFoundError'{0x0000000706cc6940}: sun/reflect/Reflection> (0x0000000706cc6940) 
thrown [t:\workspace\open\src\hotspot\share\classfile\systemDictionary.cpp, line 245]
Event: 190.509 Thread 0x000001ba7aa5cb60 Exception <a 'java/lang/InterruptedException'{0x0000000706818fb8}: sleep interrupted> (0x0000000706818fb8) 
thrown [t:\workspace\open\src\hotspot\share\prims\jvm.cpp, line 3305]
Event: 190.511 Thread 0x000001ba7d858590 Exception <a 'java/lang/NoSuchMethodError'{0x0000000706841ba0}: 'void java.lang.invoke.DirectMethodHandle$Holder.invokeInterface(java.lang.Object, java.lang.Object)'> (0x0000000706841ba0) 
thrown [t:\workspace\open\src\hotspot\share\interpreter\linkResolver.cpp, line 790]

Events (20 events):
Event: 193.572 Executing  VM operation: ICBufferFull done
Event: 193.572 Executing  VM operation: ICBufferFull
Event: 193.572 Executing  VM operation: ICBufferFull done
Event: 193.573 Executing  VM operation: ICBufferFull
Event: 193.573 Executing  VM operation: ICBufferFull done
Event: 193.574 Executing  VM operation: ICBufferFull
Event: 193.574 Executing  VM operation: ICBufferFull done
Event: 193.574 Executing  VM operation: ICBufferFull
Event: 193.574 Executing  VM operation: ICBufferFull done
Event: 193.575 Executing  VM operation: ICBufferFull
Event: 193.575 Executing  VM operation: ICBufferFull done
Event: 193.576 Executing  VM operation: ICBufferFull
Event: 193.576 Executing  VM operation: ICBufferFull done
Event: 193.576 Executing  VM operation: ICBufferFull
Event: 193.576 Executing  VM operation: ICBufferFull done
Event: 193.577 Executing  VM operation: ICBufferFull
Event: 193.577 Executing  VM operation: ICBufferFull done
Event: 193.578 Executing  VM operation: ICBufferFull
Event: 193.578 Executing  VM operation: ICBufferFull done
Event: 193.579 Executing  VM operation: G1CollectFull


Dynamic libraries:
0x00007ff662380000 - 0x00007ff66238e000 	C:\SpringCloud\sts-4.11.1.RELEASE\plugins\org.eclipse.justj.openjdk.hotspot.jre.full.win32.x86_64_16.0.2.v20210721-1149\jre\bin\javaw.exe
0x00007ffe68ab0000 - 0x00007ffe68ca5000 	C:\Windows\SYSTEM32\ntdll.dll
0x00007ffe68720000 - 0x00007ffe687de000 	C:\Windows\System32\KERNEL32.DLL
0x00007ffe66620000 - 0x00007ffe668e9000 	C:\Windows\System32\KERNELBASE.dll
0x00007ffe663c0000 - 0x00007ffe664c0000 	C:\Windows\System32\ucrtbase.dll
0x00007ffe568d0000 - 0x00007ffe568e8000 	C:\SpringCloud\sts-4.11.1.RELEASE\plugins\org.eclipse.justj.openjdk.hotspot.jre.full.win32.x86_64_16.0.2.v20210721-1149\jre\bin\jli.dll
0x00007ffe67460000 - 0x00007ffe67601000 	C:\Windows\System32\USER32.dll
0x00007ffe66550000 - 0x00007ffe66572000 	C:\Windows\System32\win32u.dll
0x00007ffe687e0000 - 0x00007ffe6880b000 	C:\Windows\System32\GDI32.dll
0x00007ffe669f0000 - 0x00007ffe66afb000 	C:\Windows\System32\gdi32full.dll
0x00007ffe66580000 - 0x00007ffe6661d000 	C:\Windows\System32\msvcp_win.dll
0x00007ffe5ffa0000 - 0x00007ffe5ffb9000 	C:\SpringCloud\sts-4.11.1.RELEASE\plugins\org.eclipse.justj.openjdk.hotspot.jre.full.win32.x86_64_16.0.2.v20210721-1149\jre\bin\VCRUNTIME140.dll
0x00007ffe57160000 - 0x00007ffe573fa000 	C:\Windows\WinSxS\amd64_microsoft.windows.common-controls_6595b64144ccf1df_6.0.19041.1110_none_60b5254171f9507e\COMCTL32.dll
0x00007ffe66b60000 - 0x00007ffe66bfe000 	C:\Windows\System32\msvcrt.dll
0x00007ffe68590000 - 0x00007ffe685c0000 	C:\Windows\System32\IMM32.DLL
0x00007ffe60e70000 - 0x00007ffe60e7c000 	C:\SpringCloud\sts-4.11.1.RELEASE\plugins\org.eclipse.justj.openjdk.hotspot.jre.full.win32.x86_64_16.0.2.v20210721-1149\jre\bin\vcruntime140_1.dll
0x00007ffe528c0000 - 0x00007ffe52951000 	C:\SpringCloud\sts-4.11.1.RELEASE\plugins\org.eclipse.justj.openjdk.hotspot.jre.full.win32.x86_64_16.0.2.v20210721-1149\jre\bin\msvcp140.dll
0x00007ffe160c0000 - 0x00007ffe16c6b000 	C:\SpringCloud\sts-4.11.1.RELEASE\plugins\org.eclipse.justj.openjdk.hotspot.jre.full.win32.x86_64_16.0.2.v20210721-1149\jre\bin\server\jvm.dll
0x00007ffe67f70000 - 0x00007ffe6801c000 	C:\Windows\System32\ADVAPI32.dll
0x00007ffe67610000 - 0x00007ffe676ab000 	C:\Windows\System32\sechost.dll
0x00007ffe67920000 - 0x00007ffe67a4a000 	C:\Windows\System32\RPCRT4.dll
0x00007ffe68580000 - 0x00007ffe68588000 	C:\Windows\System32\PSAPI.DLL
0x00007ffe52dd0000 - 0x00007ffe52df7000 	C:\Windows\SYSTEM32\WINMM.dll
0x00007ffe4b0e0000 - 0x00007ffe4b0e9000 	C:\Windows\SYSTEM32\WSOCK32.dll
0x00007ffe68620000 - 0x00007ffe6868b000 	C:\Windows\System32\WS2_32.dll
0x00007ffe5e860000 - 0x00007ffe5e86a000 	C:\Windows\SYSTEM32\VERSION.dll
0x00007ffe640d0000 - 0x00007ffe640e2000 	C:\Windows\SYSTEM32\kernel.appcore.dll
0x00007ffe60a50000 - 0x00007ffe60a5a000 	C:\SpringCloud\sts-4.11.1.RELEASE\plugins\org.eclipse.justj.openjdk.hotspot.jre.full.win32.x86_64_16.0.2.v20210721-1149\jre\bin\jimage.dll
0x00007ffe56a10000 - 0x00007ffe56bf4000 	C:\Windows\SYSTEM32\DBGHELP.DLL
0x00007ffe569e0000 - 0x00007ffe56a0c000 	C:\Windows\SYSTEM32\dbgcore.DLL
0x00007ffe66330000 - 0x00007ffe663b3000 	C:\Windows\System32\bcryptPrimitives.dll
0x00007ffe578c0000 - 0x00007ffe578e5000 	C:\SpringCloud\sts-4.11.1.RELEASE\plugins\org.eclipse.justj.openjdk.hotspot.jre.full.win32.x86_64_16.0.2.v20210721-1149\jre\bin\java.dll
0x00007ffe5ff80000 - 0x00007ffe5ff98000 	C:\SpringCloud\sts-4.11.1.RELEASE\plugins\org.eclipse.justj.openjdk.hotspot.jre.full.win32.x86_64_16.0.2.v20210721-1149\jre\bin\zip.dll
0x00007ffe66c00000 - 0x00007ffe6733f000 	C:\Windows\System32\SHELL32.dll
0x00007ffe642d0000 - 0x00007ffe64a60000 	C:\Windows\SYSTEM32\windows.storage.dll
0x00007ffe67b80000 - 0x00007ffe67ed5000 	C:\Windows\System32\combase.dll
0x00007ffe65c20000 - 0x00007ffe65c4c000 	C:\Windows\SYSTEM32\Wldp.dll
0x00007ffe68810000 - 0x00007ffe688be000 	C:\Windows\System32\SHCORE.dll
0x00007ffe685c0000 - 0x00007ffe68615000 	C:\Windows\System32\shlwapi.dll
0x00007ffe66110000 - 0x00007ffe6612f000 	C:\Windows\SYSTEM32\profapi.dll
0x00007ffe5f8b0000 - 0x00007ffe5f8c9000 	C:\SpringCloud\sts-4.11.1.RELEASE\plugins\org.eclipse.justj.openjdk.hotspot.jre.full.win32.x86_64_16.0.2.v20210721-1149\jre\bin\net.dll
0x00007ffe55d90000 - 0x00007ffe55e98000 	C:\Windows\SYSTEM32\WINHTTP.dll
0x00007ffe65980000 - 0x00007ffe659ea000 	C:\Windows\system32\mswsock.dll
0x00007ffe5f520000 - 0x00007ffe5f533000 	C:\SpringCloud\sts-4.11.1.RELEASE\plugins\org.eclipse.justj.openjdk.hotspot.jre.full.win32.x86_64_16.0.2.v20210721-1149\jre\bin\nio.dll
0x00007ffe61030000 - 0x00007ffe61039000 	C:\SpringCloud\sts-4.11.1.RELEASE\plugins\org.eclipse.justj.openjdk.hotspot.jre.full.win32.x86_64_16.0.2.v20210721-1149\jre\bin\management.dll
0x00007ffe5f8f0000 - 0x00007ffe5f8fb000 	C:\SpringCloud\sts-4.11.1.RELEASE\plugins\org.eclipse.justj.openjdk.hotspot.jre.full.win32.x86_64_16.0.2.v20210721-1149\jre\bin\management_ext.dll
0x00007ffe52db0000 - 0x00007ffe52dc7000 	C:\Windows\system32\napinsp.dll
0x00007ffe51540000 - 0x00007ffe5155b000 	C:\Windows\system32\pnrpnsp.dll
0x00007ffe528a0000 - 0x00007ffe528b5000 	C:\Windows\system32\wshbth.dll
0x00007ffe625c0000 - 0x00007ffe625dd000 	C:\Windows\system32\NLAapi.dll
0x00007ffe65620000 - 0x00007ffe6565b000 	C:\Windows\SYSTEM32\IPHLPAPI.DLL
0x00007ffe65670000 - 0x00007ffe6573c000 	C:\Windows\SYSTEM32\DNSAPI.dll
0x00007ffe67790000 - 0x00007ffe67798000 	C:\Windows\System32\NSI.dll
0x00007ffe51520000 - 0x00007ffe51532000 	C:\Windows\System32\winrnr.dll
0x00007ffe54e50000 - 0x00007ffe54e5a000 	C:\Windows\System32\rasadhlp.dll
0x00007ffe55b30000 - 0x00007ffe55baf000 	C:\Windows\System32\fwpuclnt.dll
0x00007ffe664c0000 - 0x00007ffe664e7000 	C:\Windows\System32\bcrypt.dll
0x00007ffe65b70000 - 0x00007ffe65b88000 	C:\Windows\SYSTEM32\CRYPTSP.dll
0x00007ffe65290000 - 0x00007ffe652c4000 	C:\Windows\system32\rsaenh.dll
0x00007ffe660d0000 - 0x00007ffe660fe000 	C:\Windows\SYSTEM32\USERENV.dll
0x00007ffe65b90000 - 0x00007ffe65b9c000 	C:\Windows\SYSTEM32\CRYPTBASE.dll
0x00007ffe5cef0000 - 0x00007ffe5cf07000 	C:\Windows\SYSTEM32\dhcpcsvc6.DLL
0x00007ffe5d770000 - 0x00007ffe5d78d000 	C:\Windows\SYSTEM32\dhcpcsvc.DLL
0x00007ffe60990000 - 0x00007ffe609a0000 	C:\SpringCloud\sts-4.11.1.RELEASE\plugins\org.eclipse.justj.openjdk.hotspot.jre.full.win32.x86_64_16.0.2.v20210721-1149\jre\bin\verify.dll
0x00007ffe61400000 - 0x00007ffe6140e000 	C:\SpringCloud\sts-4.11.1.RELEASE\plugins\org.eclipse.justj.openjdk.hotspot.jre.full.win32.x86_64_16.0.2.v20210721-1149\jre\bin\sunmscapi.dll
0x00007ffe661d0000 - 0x00007ffe66326000 	C:\Windows\System32\CRYPT32.dll
0x00007ffe65c90000 - 0x00007ffe65cb7000 	C:\Windows\SYSTEM32\ncrypt.dll
0x00007ffe65c50000 - 0x00007ffe65c8b000 	C:\Windows\SYSTEM32\NTASN1.dll
0x00007ffe61630000 - 0x00007ffe61637000 	C:\Windows\system32\wshunix.dll

dbghelp: loaded successfully - version: 4.0.5 - missing functions: none
symbol engine: initialized successfully - sym options: 0x614 - pdb path: .;C:\SpringCloud\sts-4.11.1.RELEASE\plugins\org.eclipse.justj.openjdk.hotspot.jre.full.win32.x86_64_16.0.2.v20210721-1149\jre\bin;C:\Windows\SYSTEM32;C:\Windows\WinSxS\amd64_microsoft.windows.common-controls_6595b64144ccf1df_6.0.19041.1110_none_60b5254171f9507e;C:\SpringCloud\sts-4.11.1.RELEASE\plugins\org.eclipse.justj.openjdk.hotspot.jre.full.win32.x86_64_16.0.2.v20210721-1149\jre\bin\server

VM Arguments:
jvm_args: -Dcom.sun.management.jmxremote -Dcom.sun.management.jmxremote.port=61090 -Dcom.sun.management.jmxremote.authenticate=false -Dcom.sun.management.jmxremote.ssl=false -Djava.rmi.server.hostname=localhost -Dspring.jmx.enabled=true -Dspring.application.admin.enabled=true -XX:TieredStopAtLevel=1 -Dspring.boot.project.name=music-servicio-playlist -Dfile.encoding=UTF-8 -XX:+ShowCodeDetailsInExceptionMessages 
java_command: com.music.app.playlist.MusicServicioPlaylistApplication --spring.output.ansi.enabled=always
java_class_path (initial): C:\SpringCloud\music_workspace\music-servicio-playlist\target\classes;C:\Users\PC112-AR\.m2\repository\org\springframework\boot\spring-boot-starter-data-rest\2.5.4\spring-boot-starter-data-rest-2.5.4.jar;C:\Users\PC112-AR\.m2\repository\org\springframework\data\spring-data-rest-webmvc\3.5.4\spring-data-rest-webmvc-3.5.4.jar;C:\Users\PC112-AR\.m2\repository\org\springframework\data\spring-data-rest-core\3.5.4\spring-data-rest-core-3.5.4.jar;C:\Users\PC112-AR\.m2\repository\org\springframework\spring-tx\5.3.9\spring-tx-5.3.9.jar;C:\Users\PC112-AR\.m2\repository\org\springframework\hateoas\spring-hateoas\1.3.3\spring-hateoas-1.3.3.jar;C:\Users\PC112-AR\.m2\repository\org\springframework\data\spring-data-commons\2.5.4\spring-data-commons-2.5.4.jar;C:\Users\PC112-AR\.m2\repository\org\springframework\plugin\spring-plugin-core\2.0.0.RELEASE\spring-plugin-core-2.0.0.RELEASE.jar;C:\Users\PC112-AR\.m2\repository\org\atteo\evo-inflector\1.2.2\evo-inflector-1.2.2.jar;C:\Users\PC112-AR\.m2\repository\com\fasterxml\jackson\core\jackson-databind\2.12.4\jackson-databind-2.12.4.jar;C:\Users\PC112-AR\.m2\repository\com\fasterxml\jackson\core\jackson-annotations\2.12.4\jackson-annotations-2.12.4.jar;C:\Users\PC112-AR\.m2\repository\org\slf4j\slf4j-api\1.7.32\slf4j-api-1.7.32.jar;C:\Users\PC112-AR\.m2\repository\org\springframework\boot\spring-boot-starter-web\2.5.4\spring-boot-starter-web-2.5.4.jar;C:\Users\PC112-AR\.m2\repository\org\springframework\boot\spring-boot-starter\2.5.4\spring-boot-starter-2.5.4.jar;C:\Users\PC112-AR\.m2\repository\org\springframework\boot\spring-boot-starter-logging\2.5.4\spring-boot-starter-logging-2.5.4.jar;C:\Users\PC112-AR\.m2\repository\ch\qos\logback\logback-classic\1.2.5\logback-classic-1.2.5.jar;C:\Users\PC112-AR\.m2\repository\ch\qos\logback\logback-core\1.2.5\logback-core-1.2.5.jar;C:\Users\PC112-AR\.m2\repository\org\apache\logging\log4j\log4j-to-slf4j\2.14.1\log4j-to-slf4j-2.14.1.jar;C:\Users\PC112-AR\.m2\repositor
Launcher Type: SUN_STANDARD

[Global flags]
     intx CICompilerCount                          = 3                                         {product} {ergonomic}
     uint ConcGCThreads                            = 1                                         {product} {ergonomic}
     uint G1ConcRefinementThreads                  = 4                                         {product} {ergonomic}
   size_t G1HeapRegionSize                         = 2097152                                   {product} {ergonomic}
    uintx GCDrainStackTargetSize                   = 64                                        {product} {ergonomic}
   size_t InitialHeapSize                          = 266338304                                 {product} {ergonomic}
     bool ManagementServer                         = true                                      {product} {command line}
   size_t MarkStackSize                            = 4194304                                   {product} {ergonomic}
   size_t MaxHeapSize                              = 4253024256                                {product} {ergonomic}
   size_t MaxNewSize                               = 2550136832                                {product} {ergonomic}
   size_t MinHeapDeltaBytes                        = 2097152                                   {product} {ergonomic}
   size_t MinHeapSize                              = 8388608                                   {product} {ergonomic}
    uintx NonNMethodCodeHeapSize                   = 6973028                                {pd product} {ergonomic}
    uintx NonProfiledCodeHeapSize                  = 244685212                              {pd product} {ergonomic}
    uintx ProfiledCodeHeapSize                     = 0                                      {pd product} {ergonomic}
    uintx ReservedCodeCacheSize                    = 251658240                              {pd product} {ergonomic}
     bool SegmentedCodeCache                       = true                                      {product} {ergonomic}
     bool ShowCodeDetailsInExceptionMessages       = true                                   {manageable} {command line}
   size_t SoftMaxHeapSize                          = 4253024256                             {manageable} {ergonomic}
     intx TieredStopAtLevel                        = 1                                         {product} {command line}
     bool UseCompressedClassPointers               = true                           {product lp64_product} {ergonomic}
     bool UseCompressedOops                        = true                           {product lp64_product} {ergonomic}
     bool UseG1GC                                  = true                                      {product} {ergonomic}
     bool UseLargePagesIndividualAllocation        = false                                  {pd product} {ergonomic}

Logging:
Log output configuration:
 #0: stdout all=warning uptime,level,tags
 #1: stderr all=off uptime,level,tags

Environment Variables:
JAVA_HOME=C:\SpringCloud\openjdk-16.0.2_windows-x64_bin\jdk-11.0.2
PATH=C:/SpringCloud/sts-4.11.1.RELEASE//plugins/org.eclipse.justj.openjdk.hotspot.jre.full.win32.x86_64_16.0.2.v20210721-1149/jre/bin/server;C:/SpringCloud/sts-4.11.1.RELEASE//plugins/org.eclipse.justj.openjdk.hotspot.jre.full.win32.x86_64_16.0.2.v20210721-1149/jre/bin;C:\Program Files\Common Files\Oracle\Java\javapath;C:\Windows\system32;C:\Windows;C:\Windows\System32\Wbem;C:\Windows\System32\WindowsPowerShell\v1.0\;C:\Windows\System32\OpenSSH\;C:\SpringCloud\openjdk-11.0.2_windows-x64_bin\jdk-11.0.2\bin;C:\Program Files\Git\cmd;C:\Users\PC112-AR\AppData\Local\Microsoft\WindowsApps;;C:\Users\PC112-AR\AppData\Local\Programs\Microsoft VS Code\bin;C:\SpringCloud\sts-4.11.1.RELEASE;
USERNAME=Juan Cisilino
OS=Windows_NT
PROCESSOR_IDENTIFIER=Intel64 Family 6 Model 142 Stepping 9, GenuineIntel



---------------  S Y S T E M  ---------------

OS:
 Windows 10 , 64 bit Build 19041 (10.0.19041.1202)
OS uptime: 0 days 22:55 hours

CPU: total 4 (initial active 4) (2 cores per cpu, 2 threads per core) family 6 model 142 stepping 9 microcode 0xea, cx8, cmov, fxsr, ht, mmx, 3dnowpref, sse, sse2, sse3, ssse3, sse4.1, sse4.2, popcnt, lzcnt, tsc, tscinvbit, avx, avx2, aes, erms, clmul, bmi1, bmi2, rtm, adx, fma, vzeroupper, clflush, clflushopt

Memory: 4k page, system-wide physical 16218M (8375M free)
TotalPageFile size 18650M (AvailPageFile size 10325M)
current process WorkingSet (physical memory assigned to process): 208M, peak: 208M
current process commit charge ("private bytes"): 244M, peak: 354M

vm_info: OpenJDK 64-Bit Server VM (16.0.2+7-67) for windows-amd64 JRE (16.0.2+7-67), built on Jun  8 2021 23:21:43 by "mach5one" with MS VC++ 16.7 (VS2019)

END.
