#
# A fatal error has been detected by the Java Runtime Environment:
#
#  EXCEPTION_ACCESS_VIOLATION (0xc0000005) at pc=0x00007ffca729d9cf, pid=3568, tid=10752
#
# JRE version: OpenJDK Runtime Environment (16.0.2+7) (build 16.0.2+7-67)
# Java VM: OpenJDK 64-Bit Server VM (16.0.2+7-67, mixed mode, tiered, compressed oops, compressed class ptrs, g1 gc, windows-amd64)
# Problematic frame:
# V  [jvm.dll+0x2ed9cf]
#
# No core dump will be written. Minidumps are not enabled by default on client versions of Windows
#
# If you would like to submit a bug report, please visit:
#   https://bugreport.java.com/bugreport/crash.jsp
#

---------------  S U M M A R Y ------------

Command Line: -Dcom.sun.management.jmxremote -Dcom.sun.management.jmxremote.port=54490 -Dcom.sun.management.jmxremote.authenticate=false -Dcom.sun.management.jmxremote.ssl=false -Djava.rmi.server.hostname=localhost -Dspring.jmx.enabled=true -Dspring.application.admin.enabled=true -XX:TieredStopAtLevel=1 -Dspring.boot.project.name=music-servicio-playlist -Dfile.encoding=UTF-8 -XX:+ShowCodeDetailsInExceptionMessages com.music.app.playlist.MusicServicioPlaylistApplication --spring.output.ansi.enabled=always

Host: Intel(R) Core(TM) i5-7300U CPU @ 2.60GHz, 4 cores, 15G,  Windows 10 , 64 bit Build 19041 (10.0.19041.1202)
Time: Wed Sep 22 11:59:51 2021 Hora estándar de Argentina elapsed time: 1092.531887 seconds (0d 0h 18m 12s)

---------------  T H R E A D  ---------------

Current thread (0x00000124bc3f96a0):  GCTaskThread "GC Thread#2" [stack: 0x000000223a300000,0x000000223a400000] [id=10752]

Stack: [0x000000223a300000,0x000000223a400000],  sp=0x000000223a3ff9d0,  free space=1022k
Native frames: (J=compiled Java code, j=interpreted, Vv=VM code, C=native code)
V  [jvm.dll+0x2ed9cf]
V  [jvm.dll+0x2ed46d]
V  [jvm.dll+0x2ecd4d]
V  [jvm.dll+0x7f7f0b]
V  [jvm.dll+0x7795aa]
V  [jvm.dll+0x667066]
C  [ucrtbase.dll+0x21bb2]
C  [KERNEL32.DLL+0x17034]
C  [ntdll.dll+0x52651]


siginfo: EXCEPTION_ACCESS_VIOLATION (0xc0000005), reading address 0x00000008e06034be


Register to memory mapping:

RIP=0x00007ffca729d9cf jvm.dll
RAX=0x00000008e06034b6 is an unknown value
RBX=0x000000070301ad70 is pointing into object: java.util.HashMap$Node 
{0x000000070301ad68} - klass: 'java/util/HashMap$Node'
RCX=0x0 is NULL
RDX=3764401334 is a compressed pointer to object: org.springframework.boot.context.properties.source.ConfigurationPropertyName 
{0x000000070301a5b0} - klass: 'org/springframework/boot/context/properties/source/ConfigurationPropertyName'
RSP=0x000000223a3ff9d0 points into unknown readable memory: 0x0000000000000005 | 05 00 00 00 00 00 00 00
RBP=0x0000000000000005 is an unknown value
RSI=0x00007ffca6fb0000 jvm.dll
RDI=0x00000124bc6a9850 points into unknown readable memory: 0x00000022397fef10 | 10 ef 7f 39 22 00 00 00
R8 =0x0000000000000001 is an unknown value
R9 =0x0000000800000000 is pointing into metadata
R10=0x0 is NULL
R11=0x0000000800000000 is pointing into metadata
R12=0x0 is NULL
R13=0x00007ffca6fb0000 jvm.dll
R14=0x0000000000000010 is an unknown value
R15=0x000000000000000c is an unknown value


Registers:
RAX=0x00000008e06034b6, RBX=0x000000070301ad70, RCX=0x0000000000000000, RDX=0x00000000e06034b6
RSP=0x000000223a3ff9d0, RBP=0x0000000000000005, RSI=0x00007ffca6fb0000, RDI=0x00000124bc6a9850
R8 =0x0000000000000001, R9 =0x0000000800000000, R10=0x0000000000000000, R11=0x0000000800000000
R12=0x0000000000000000, R13=0x00007ffca6fb0000, R14=0x0000000000000010, R15=0x000000000000000c
RIP=0x00007ffca729d9cf, EFLAGS=0x0000000000010202

Top of Stack: (sp=0x000000223a3ff9d0)
0x000000223a3ff9d0:   0000000000000005 000000070301adc0
0x000000223a3ff9e0:   00007ffca6fb0000 00007ffca6fb0000
0x000000223a3ff9f0:   0000000000000000 0000000000000000
0x000000223a3ffa00:   00000007030155f8 0000000000000000
0x000000223a3ffa10:   0000000000000000 0000000000000000
0x000000223a3ffa20:   0000000000000000 00000124bc05e970
0x000000223a3ffa30:   000000000000000c 00000022397ff120
0x000000223a3ffa40:   00000022397fe810 00000124bc6a9850
0x000000223a3ffa50:   00007ffca6fb0000 0000000000000010
0x000000223a3ffa60:   00000022397ff138 00007ffca729d46d
0x000000223a3ffa70:   00000022397fe6b0 00000f5200000000
0x000000223a3ffa80:   00000022397fe6d0 00000f5100000000
0x000000223a3ffa90:   00000022397fe6d0 00000124bc6a9850
0x000000223a3ffaa0:   00000124bc05e970 0000000000000000
0x000000223a3ffab0:   00000000000003d8 00000124bc05ed48
0x000000223a3ffac0:   00000124bc05e960 00000022397fe6b0 

Instructions: (pc=0x00007ffca729d9cf)
0x00007ffca729d8cf:   00 4c 39 a7 d0 02 00 00 0f 85 a6 00 00 00 8b af
0x00007ffca729d8df:   98 00 00 00 8b cd 8b 87 18 01 00 00 2b c8 81 e1
0x00007ffca729d8ef:   ff ff 01 00 0f 86 61 02 00 00 ff cd 81 e5 ff ff
0x00007ffca729d8ff:   01 00 89 af 98 00 00 00 e8 f4 bc 36 00 8b 87 18
0x00007ffca729d90f:   01 00 00 8b cd 48 8b 9f 98 01 00 00 2b c8 81 e1
0x00007ffca729d91f:   ff ff 01 00 8b d5 81 f9 ff ff 01 00 48 8b 1c eb
0x00007ffca729d92f:   41 0f 44 cc 85 c9 75 6b 48 8b 87 18 01 00 00 48
0x00007ffca729d93f:   8b c8 48 89 84 24 b8 00 00 00 48 c1 e9 20 ff c1
0x00007ffca729d94f:   89 ac 24 a8 00 00 00 89 8c 24 ac 00 00 00 3b e8
0x00007ffca729d95f:   0f 85 e0 01 00 00 48 c1 e1 20 48 0b ca f0 48 0f
0x00007ffca729d96f:   b1 8f 18 01 00 00 0f 85 ca 01 00 00 8b 87 18 01
0x00007ffca729d97f:   00 00 eb 1f 48 8d 8f 98 02 00 00 48 83 69 20 01
0x00007ffca729d98f:   48 8b 41 20 48 8b 59 38 48 8b 1c c3 75 05 e8 5e
0x00007ffca729d99f:   b4 f5 ff 44 0f b6 05 d7 9e 7e 00 8b 0d 98 36 78
0x00007ffca729d9af:   00 4c 8b 0d 89 36 78 00 45 84 c0 74 0d 8b 53 08
0x00007ffca729d9bf:   8b c2 48 d3 e0 49 03 c1 eb 06 48 8b 43 08 8b d0
0x00007ffca729d9cf:   81 78 08 00 00 00 c0 7d 72 45 84 c0 74 0a 8b c2
0x00007ffca729d9df:   48 d3 e0 49 03 c1 eb 04 48 8b 43 08 48 8b 88 98
0x00007ffca729d9ef:   00 00 00 e8 e9 64 f0 ff 48 89 44 24 28 48 8b e8
0x00007ffca729d9ff:   48 85 c0 74 1b 48 8b d0 48 8b cf e8 f1 bd ff ff
0x00007ffca729da0f:   84 c0 74 0c 48 8b d5 48 8d 4f 18 e8 81 c3 ff ff
0x00007ffca729da1f:   44 38 25 5b 9e 7e 00 49 8b c6 49 0f 45 c7 44 39
0x00007ffca729da2f:   24 18 0f 8e 99 fe ff ff 45 33 c0 48 8b d3 48 8b
0x00007ffca729da3f:   cf e8 bb 04 00 00 e9 86 fe ff ff 45 84 c0 74 0b
0x00007ffca729da4f:   44 8b c2 49 d3 e0 4d 03 c1 eb 04 4c 8b 43 08 49
0x00007ffca729da5f:   63 40 0c 48 8d 8f b0 05 00 00 48 8b d3 41 ff 94
0x00007ffca729da6f:   c5 c0 1b a7 00 44 38 25 0f a1 7e 00 0f 84 4f fe
0x00007ffca729da7f:   ff ff 44 0f b6 05 f8 9d 7e 00 8b 0d b9 35 78 00
0x00007ffca729da8f:   4c 8b 0d aa 35 78 00 45 84 c0 74 0d 8b 53 08 8b
0x00007ffca729da9f:   c2 48 d3 e0 49 03 c1 eb 06 48 8b 43 08 8b d0 44
0x00007ffca729daaf:   39 60 08 7e 20 45 84 c0 74 0a 8b c2 48 d3 e0 49
0x00007ffca729dabf:   03 c1 eb 04 48 8b 43 08 80 b8 35 01 00 00 01 0f 


Stack slot to memory mapping:
stack at sp + 0 slots: 0x0000000000000005 is an unknown value
stack at sp + 1 slots: 0x000000070301adc0 is an oop: java.util.HashMap 
{0x000000070301adc0} - klass: 'java/util/HashMap'
stack at sp + 2 slots: 0x00007ffca6fb0000 jvm.dll
stack at sp + 3 slots: 0x00007ffca6fb0000 jvm.dll
stack at sp + 4 slots: 0x0 is NULL
stack at sp + 5 slots: 0x0 is NULL
stack at sp + 6 slots: 0x00000007030155f8 is an oop: [Lorg.springframework.util.ConcurrentReferenceHashMap$Reference; 
{0x00000007030155f8} - klass: 'org/springframework/util/ConcurrentReferenceHashMap$Reference'[]
 - length: 2
stack at sp + 7 slots: 0x0 is NULL


---------------  P R O C E S S  ---------------

Threads class SMR info:
_java_thread_list=0x00000124be664e60, length=24, elements={
0x00000124bb4d7250, 0x00000124bb4d96b0, 0x00000124bc03cc90, 0x00000124bc0512a0,
0x00000124bc053bc0, 0x00000124bc056c90, 0x00000124bc0582e0, 0x00000124bc059020,
0x00000124bb465a20, 0x00000124bc219d90, 0x00000124bc854620, 0x00000124bc85d1c0,
0x00000124bc852b60, 0x00000124bd882f20, 0x00000124bd883440, 0x00000124bd88b2c0,
0x00000124c07f0570, 0x00000124c07e9b30, 0x00000124c07ea080, 0x00000124c07efad0,
0x00000124c07eb5c0, 0x00000124c07ec5b0, 0x00000124c07ed5a0, 0x00000124bc7005c0
}

Java Threads: ( => current thread )
  0x00000124bb4d7250 JavaThread "Reference Handler" daemon [_thread_blocked, id=9120, stack(0x0000002239800000,0x0000002239900000)]
  0x00000124bb4d96b0 JavaThread "Finalizer" daemon [_thread_blocked, id=2524, stack(0x0000002239900000,0x0000002239a00000)]
  0x00000124bc03cc90 JavaThread "Signal Dispatcher" daemon [_thread_blocked, id=3252, stack(0x0000002239a00000,0x0000002239b00000)]
  0x00000124bc0512a0 JavaThread "Attach Listener" daemon [_thread_blocked, id=2636, stack(0x0000002239b00000,0x0000002239c00000)]
  0x00000124bc053bc0 JavaThread "Service Thread" daemon [_thread_blocked, id=8884, stack(0x0000002239c00000,0x0000002239d00000)]
  0x00000124bc056c90 JavaThread "Monitor Deflation Thread" daemon [_thread_blocked, id=7604, stack(0x0000002239d00000,0x0000002239e00000)]
  0x00000124bc0582e0 JavaThread "C1 CompilerThread0" daemon [_thread_blocked, id=2440, stack(0x0000002239e00000,0x0000002239f00000)]
  0x00000124bc059020 JavaThread "Sweeper thread" daemon [_thread_blocked, id=5008, stack(0x0000002239f00000,0x000000223a000000)]
  0x00000124bb465a20 JavaThread "Common-Cleaner" daemon [_thread_blocked, id=6688, stack(0x000000223a000000,0x000000223a100000)]
  0x00000124bc219d90 JavaThread "Notification Thread" daemon [_thread_blocked, id=4136, stack(0x000000223a100000,0x000000223a200000)]
  0x00000124bc854620 JavaThread "RMI TCP Accept-0" daemon [_thread_in_native, id=3572, stack(0x000000223a600000,0x000000223a700000)]
  0x00000124bc85d1c0 JavaThread "RMI TCP Accept-54490" daemon [_thread_in_native, id=9904, stack(0x000000223a700000,0x000000223a800000)]
  0x00000124bc852b60 JavaThread "RMI TCP Accept-0" daemon [_thread_in_native, id=9508, stack(0x000000223a800000,0x000000223a900000)]
  0x00000124bd882f20 JavaThread "RMI Scheduler(0)" daemon [_thread_blocked, id=11096, stack(0x000000223ad00000,0x000000223ae00000)]
  0x00000124bd883440 JavaThread "RMI TCP Connection(24)-127.0.0.1" daemon [_thread_in_native, id=6236, stack(0x000000223ae00000,0x000000223af00000)]
  0x00000124bd88b2c0 JavaThread "JMX server connection timeout 25" daemon [_thread_blocked, id=9460, stack(0x000000223af00000,0x000000223b000000)]
  0x00000124c07f0570 JavaThread "DestroyJavaVM" [_thread_blocked, id=8576, stack(0x0000002239100000,0x0000002239200000)]
  0x00000124c07e9b30 JavaThread "boundedElastic-evictor-1" daemon [_thread_blocked, id=8780, stack(0x0000002239000000,0x0000002239100000)]
  0x00000124c07ea080 JavaThread "parallel-1" daemon [_thread_blocked, id=5352, stack(0x000000223a500000,0x000000223a600000)]
  0x00000124c07efad0 JavaThread "pool-10-thread-1" daemon [_thread_blocked, id=10464, stack(0x000000223ab00000,0x000000223ac00000)]
  0x00000124c07eb5c0 JavaThread "parallel-2" daemon [_thread_blocked, id=11068, stack(0x000000223ac00000,0x000000223ad00000)]
  0x00000124c07ec5b0 JavaThread "parallel-3" daemon [_thread_blocked, id=5000, stack(0x000000223c300000,0x000000223c400000)]
  0x00000124c07ed5a0 JavaThread "parallel-4" daemon [_thread_blocked, id=6104, stack(0x000000223c700000,0x000000223c800000)]
  0x00000124bc7005c0 JavaThread "Thread-1" [_thread_blocked, id=10364, stack(0x000000223c800000,0x000000223c900000)]

Other Threads:
  0x00000124bb4981c0 VMThread "VM Thread" [stack: 0x0000002239700000,0x0000002239800000] [id=9448]
  0x000001249b41bfa0 WatcherThread [stack: 0x000000223a900000,0x000000223aa00000] [id=3336]
  0x000001249b469be0 GCTaskThread "GC Thread#0" [stack: 0x0000002239200000,0x0000002239300000] [id=124]
  0x00000124bc3f9390 GCTaskThread "GC Thread#1" [stack: 0x000000223a200000,0x000000223a300000] [id=9472]
=>0x00000124bc3f96a0 GCTaskThread "GC Thread#2" [stack: 0x000000223a300000,0x000000223a400000] [id=10752]
  0x00000124bc3f99b0 GCTaskThread "GC Thread#3" [stack: 0x000000223a400000,0x000000223a500000] [id=4212]
  0x000001249b47c560 ConcurrentGCThread "G1 Main Marker" [stack: 0x0000002239300000,0x0000002239400000] [id=9204]
  0x000001249b47cf60 ConcurrentGCThread "G1 Conc#0" [stack: 0x0000002239400000,0x0000002239500000] [id=10316]
  0x00000124bb3420c0 ConcurrentGCThread "G1 Refine#0" [stack: 0x0000002239500000,0x0000002239600000] [id=5176]
  0x00000124bb342ad0 ConcurrentGCThread "G1 Service" [stack: 0x0000002239600000,0x0000002239700000] [id=9852]

Threads with active compile tasks:

VM state: at safepoint (normal execution)

VM Mutex/Monitor currently owned by a thread:  ([mutex/lock_event])
[0x000001249b418470] Threads_lock - owner thread: 0x00000124bb4981c0
[0x000001249b417ff0] Heap_lock - owner thread: 0x00000124bc7005c0

Heap address: 0x0000000702800000, size: 4056 MB, Compressed Oops mode: Zero based, Oop shift amount: 3

CDS disabled.
Compressed class space mapped at: 0x0000000800000000-0x0000000840000000, reserved size: 1073741824
Narrow klass base: 0x0000000800000000, Narrow klass shift: 0, Narrow klass range: 0x40000000

GC Precious Log:
 CPUs: 4 total, 4 available
 Memory: 16218M
 Large Page Support: Disabled
 NUMA Support: Disabled
 Compressed Oops: Enabled (Zero based)
 Heap Region Size: 2M
 Heap Min Capacity: 8M
 Heap Initial Capacity: 254M
 Heap Max Capacity: 4056M
 Pre-touch: Disabled
 Parallel Workers: 4
 Concurrent Workers: 1
 Concurrent Refinement Workers: 4
 Periodic GC: Disabled

Heap:
 garbage-first heap   total 102400K, used 38397K [0x0000000702800000, 0x0000000800000000)
  region size 2048K, 3 young (6144K), 2 survivors (4096K)
 Metaspace       used 56256K, committed 56768K, reserved 1097728K
  class space    used 7399K, committed 7680K, reserved 1048576K

Heap Regions: E=young(eden), S=young(survivor), O=old, HS=humongous(starts), HC=humongous(continues), CS=collection set, F=free, OA=open archive, CA=closed archive, TAMS=top-at-mark-start (previous, next)
|   0|0x0000000702800000, 0x0000000702a00000, 0x0000000702a00000|100%| O|  |TAMS 0x0000000702a00000, 0x0000000702800000| Untracked 
|   1|0x0000000702a00000, 0x0000000702c00000, 0x0000000702c00000|100%| O|  |TAMS 0x0000000702c00000, 0x0000000702a00000| Untracked 
|   2|0x0000000702c00000, 0x0000000702cb8600, 0x0000000702e00000| 36%| O|  |TAMS 0x0000000702cb8600, 0x0000000702c00000| Untracked 
|   3|0x0000000702e00000, 0x0000000703000000, 0x0000000703000000|100%| O|  |TAMS 0x0000000703000000, 0x0000000702e00000| Untracked 
|   4|0x0000000703000000, 0x0000000703200000, 0x0000000703200000|100%| O|  |TAMS 0x0000000703200000, 0x0000000703000000| Untracked 
|   5|0x0000000703200000, 0x0000000703400000, 0x0000000703400000|100%| O|  |TAMS 0x0000000703200000, 0x0000000703200000| Untracked 
|   6|0x0000000703400000, 0x0000000703600000, 0x0000000703600000|100%| O|  |TAMS 0x0000000703400000, 0x0000000703400000| Untracked 
|   7|0x0000000703600000, 0x0000000703800000, 0x0000000703800000|100%| O|  |TAMS 0x0000000703600000, 0x0000000703600000| Untracked 
|   8|0x0000000703800000, 0x0000000703811200, 0x0000000703a00000|  3%| O|  |TAMS 0x0000000703811200, 0x0000000703800000| Untracked 
|   9|0x0000000703a00000, 0x0000000703c00000, 0x0000000703c00000|100%| O|  |TAMS 0x0000000703a00000, 0x0000000703a00000| Untracked 
|  10|0x0000000703c00000, 0x0000000703e00000, 0x0000000703e00000|100%| O|  |TAMS 0x0000000703c00000, 0x0000000703c00000| Untracked 
|  11|0x0000000703e00000, 0x0000000704000000, 0x0000000704000000|100%| O|  |TAMS 0x0000000703e00000, 0x0000000703e00000| Untracked 
|  12|0x0000000704000000, 0x0000000704200000, 0x0000000704200000|100%| O|  |TAMS 0x0000000704000000, 0x0000000704000000| Untracked 
|  13|0x0000000704200000, 0x0000000704400000, 0x0000000704400000|100%| O|  |TAMS 0x0000000704200000, 0x0000000704200000| Untracked 
|  14|0x0000000704400000, 0x0000000704600000, 0x0000000704600000|100%| O|  |TAMS 0x0000000704400000, 0x0000000704400000| Untracked 
|  15|0x0000000704600000, 0x0000000704800000, 0x0000000704800000|100%| O|  |TAMS 0x0000000704600000, 0x0000000704600000| Untracked 
|  16|0x0000000704800000, 0x0000000704a00000, 0x0000000704a00000|100%| O|  |TAMS 0x0000000704800000, 0x0000000704800000| Untracked 
|  17|0x0000000704a00000, 0x0000000704c00000, 0x0000000704c00000|100%| O|  |TAMS 0x0000000704a00000, 0x0000000704a00000| Untracked 
|  18|0x0000000704c00000, 0x0000000704de4000, 0x0000000704e00000| 94%| O|  |TAMS 0x0000000704c00000, 0x0000000704c00000| Untracked 
|  19|0x0000000704e00000, 0x0000000704e00000, 0x0000000705000000|  0%| F|  |TAMS 0x0000000704e00000, 0x0000000704e00000| Untracked 
|  20|0x0000000705000000, 0x0000000705000000, 0x0000000705200000|  0%| F|  |TAMS 0x0000000705000000, 0x0000000705000000| Untracked 
|  21|0x0000000705200000, 0x0000000705200000, 0x0000000705400000|  0%| F|  |TAMS 0x0000000705200000, 0x0000000705200000| Untracked 
|  22|0x0000000705400000, 0x0000000705400000, 0x0000000705600000|  0%| F|  |TAMS 0x0000000705400000, 0x0000000705400000| Untracked 
|  23|0x0000000705600000, 0x0000000705600000, 0x0000000705800000|  0%| F|  |TAMS 0x0000000705600000, 0x0000000705600000| Untracked 
|  24|0x0000000705800000, 0x0000000705800000, 0x0000000705a00000|  0%| F|  |TAMS 0x0000000705800000, 0x0000000705800000| Untracked 
|  25|0x0000000705a00000, 0x0000000705a00000, 0x0000000705c00000|  0%| F|  |TAMS 0x0000000705a00000, 0x0000000705a00000| Untracked 
|  26|0x0000000705c00000, 0x0000000705c00000, 0x0000000705e00000|  0%| F|  |TAMS 0x0000000705c00000, 0x0000000705c00000| Untracked 
|  27|0x0000000705e00000, 0x0000000705e00000, 0x0000000706000000|  0%| F|  |TAMS 0x0000000705e00000, 0x0000000705e00000| Untracked 
|  28|0x0000000706000000, 0x0000000706000000, 0x0000000706200000|  0%| F|  |TAMS 0x0000000706000000, 0x0000000706000000| Untracked 
|  29|0x0000000706200000, 0x0000000706200000, 0x0000000706400000|  0%| F|  |TAMS 0x0000000706200000, 0x0000000706200000| Untracked 
|  30|0x0000000706400000, 0x00000007064660f8, 0x0000000706600000| 19%| S|  |TAMS 0x0000000706400000, 0x0000000706400000| Complete 
|  31|0x0000000706600000, 0x0000000706800000, 0x0000000706800000|100%| S|  |TAMS 0x0000000706600000, 0x0000000706600000| Complete 
|  32|0x0000000706800000, 0x0000000706800000, 0x0000000706a00000|  0%| F|  |TAMS 0x0000000706800000, 0x0000000706800000| Untracked 
|  33|0x0000000706a00000, 0x0000000706a00000, 0x0000000706c00000|  0%| F|  |TAMS 0x0000000706a00000, 0x0000000706a00000| Untracked 
|  34|0x0000000706c00000, 0x0000000706c00000, 0x0000000706e00000|  0%| F|  |TAMS 0x0000000706c00000, 0x0000000706c00000| Untracked 
|  35|0x0000000706e00000, 0x0000000706e00000, 0x0000000707000000|  0%| F|  |TAMS 0x0000000706e00000, 0x0000000706e00000| Untracked 
|  36|0x0000000707000000, 0x0000000707000000, 0x0000000707200000|  0%| F|  |TAMS 0x0000000707000000, 0x0000000707000000| Untracked 
|  37|0x0000000707200000, 0x0000000707200000, 0x0000000707400000|  0%| F|  |TAMS 0x0000000707200000, 0x0000000707200000| Untracked 
|  38|0x0000000707400000, 0x0000000707400000, 0x0000000707600000|  0%| F|  |TAMS 0x0000000707400000, 0x0000000707400000| Untracked 
|  39|0x0000000707600000, 0x0000000707600000, 0x0000000707800000|  0%| F|  |TAMS 0x0000000707600000, 0x0000000707600000| Untracked 
|  40|0x0000000707800000, 0x0000000707800000, 0x0000000707a00000|  0%| F|  |TAMS 0x0000000707800000, 0x0000000707800000| Untracked 
|  41|0x0000000707a00000, 0x0000000707a00000, 0x0000000707c00000|  0%| F|  |TAMS 0x0000000707a00000, 0x0000000707a00000| Untracked 
|  42|0x0000000707c00000, 0x0000000707c00000, 0x0000000707e00000|  0%| F|  |TAMS 0x0000000707c00000, 0x0000000707c00000| Untracked 
|  43|0x0000000707e00000, 0x0000000707e00000, 0x0000000708000000|  0%| F|  |TAMS 0x0000000707e00000, 0x0000000707e00000| Untracked 
|  44|0x0000000708000000, 0x0000000708000000, 0x0000000708200000|  0%| F|  |TAMS 0x0000000708000000, 0x0000000708000000| Untracked 
|  45|0x0000000708200000, 0x0000000708200000, 0x0000000708400000|  0%| F|  |TAMS 0x0000000708200000, 0x0000000708200000| Untracked 
|  53|0x0000000709200000, 0x0000000709200000, 0x0000000709400000|  0%| F|  |TAMS 0x0000000709200000, 0x0000000709200000| Untracked 
|  54|0x0000000709400000, 0x0000000709400000, 0x0000000709600000|  0%| F|  |TAMS 0x0000000709400000, 0x0000000709400000| Untracked 
|  55|0x0000000709600000, 0x0000000709600000, 0x0000000709800000|  0%| F|  |TAMS 0x0000000709600000, 0x0000000709600000| Untracked 
| 126|0x0000000712400000, 0x000000071246bbe8, 0x0000000712600000| 21%| E|  |TAMS 0x0000000712400000, 0x0000000712400000| Complete 

Card table byte_map: [0x00000124affb0000,0x00000124b07a0000] _byte_map_base: 0x00000124ac79c000

Marking Bits (Prev, Next): (CMBitMap*) 0x000001249b46a1e0, (CMBitMap*) 0x000001249b46a220
 Prev Bits: [0x00000124b0f90000, 0x00000124b4ef0000)
 Next Bits: [0x00000124b4ef0000, 0x00000124b8e50000)

Polling page: 0x000001249b4f0000

Metaspace:

Usage:
  Non-class:     47.71 MB used.
      Class:      7.23 MB used.
       Both:     54.94 MB used.

Virtual space:
  Non-class space:       48.00 MB reserved,      47.94 MB (>99%) committed,  6 nodes.
      Class space:        1.00 GB reserved,       7.50 MB ( <1%) committed,  1 nodes.
              Both:        1.05 GB reserved,      55.44 MB (  5%) committed. 

Chunk freelists:
   Non-Class:  70.00 KB
       Class:  489.00 KB
        Both:  559.00 KB

MaxMetaspaceSize: 17179869184.00 GB
CompressedClassSpaceSize: 1.00 GB
 - commit_granule_bytes: 65536.
 - commit_granule_words: 8192.
 - virtual_space_node_default_size: 1048576.
 - enlarge_chunks_in_place: 1.
 - new_chunks_are_fully_committed: 0.
 - uncommit_free_chunks: 1.
 - use_allocation_guard: 0.
 - handle_deallocations: 1.


Internal statistics:

num_allocs_failed_limit: 6.
num_arena_births: 650.
num_arena_deaths: 0.
num_vsnodes_births: 7.
num_vsnodes_deaths: 0.
num_space_committed: 887.
num_space_uncommitted: 0.
num_chunks_returned_to_freelist: 6.
num_chunks_taken_from_freelist: 2373.
num_chunk_merges: 6.
num_chunk_splits: 1572.
num_chunks_enlarged: 1107.
num_purges: 0.

CodeHeap 'non-profiled nmethods': size=238912Kb used=10530Kb max_used=10530Kb free=228381Kb
 bounds [0x00000124a0850000, 0x00000124a12a0000, 0x00000124af1a0000]
CodeHeap 'non-nmethods': size=6848Kb used=1252Kb max_used=1252Kb free=5595Kb
 bounds [0x00000124a01a0000, 0x00000124a0410000, 0x00000124a0850000]
 total_blobs=6927 nmethods=6362 adapters=492
 compilation: enabled
              stopped_count=0, restarted_count=0
 full_count=0

Compilation events (20 events):
Event: 1092.456 Thread 0x00000124bc0582e0 6354   !   1       javax.management.MBeanInfo::arrayGettersSafe (85 bytes)
Event: 1092.456 Thread 0x00000124bc0582e0 nmethod 6354 0x00000124a1296210 code [0x00000124a1296400, 0x00000124a1296858]
Event: 1092.459 Thread 0x00000124bc0582e0 6355       1       com.netflix.servo.tag.SmallTagMap::iterator (10 bytes)
Event: 1092.459 Thread 0x00000124bc0582e0 nmethod 6355 0x00000124a1296b10 code [0x00000124a1296ca0, 0x00000124a1296e18]
Event: 1092.459 Thread 0x00000124bc0582e0 6356       1       com.netflix.servo.tag.SmallTagMap$SmallTagIterator::<init> (6 bytes)
Event: 1092.459 Thread 0x00000124bc0582e0 nmethod 6356 0x00000124a1296e90 code [0x00000124a1297020, 0x00000124a1297138]
Event: 1092.459 Thread 0x00000124bc0582e0 6357       1       com.netflix.servo.tag.SmallTagMap$SmallTagIterator::<init> (15 bytes)
Event: 1092.459 Thread 0x00000124bc0582e0 nmethod 6357 0x00000124a1297190 code [0x00000124a1297320, 0x00000124a1297438]
Event: 1092.466 Thread 0x00000124bc0582e0 6358       1       java.util.concurrent.locks.AbstractQueuedSynchronizer::hasQueuedPredecessors (58 bytes)
Event: 1092.467 Thread 0x00000124bc0582e0 nmethod 6358 0x00000124a1297490 code [0x00000124a1297640, 0x00000124a12977a8]
Event: 1092.469 Thread 0x00000124bc0582e0 6359       1       javax.management.ObjectName::getCanonicalKeyPropertyListString (45 bytes)
Event: 1092.470 Thread 0x00000124bc0582e0 nmethod 6359 0x00000124a1297890 code [0x00000124a1297a40, 0x00000124a1297bc8]
Event: 1092.470 Thread 0x00000124bc0582e0 6360       1       com.netflix.servo.jmx.MonitorMBean::getObjectName (5 bytes)
Event: 1092.470 Thread 0x00000124bc0582e0 nmethod 6360 0x00000124a1297d10 code [0x00000124a1297ea0, 0x00000124a1297f78]
Event: 1092.478 Thread 0x00000124bc0582e0 6361       1       com.netflix.servo.annotations.DataSourceLevel::getKey (3 bytes)
Event: 1092.478 Thread 0x00000124bc0582e0 nmethod 6361 0x00000124a1298010 code [0x00000124a12981a0, 0x00000124a1298278]
Event: 1092.480 Thread 0x00000124bc0582e0 6362       1       javax.management.ObjectName::hashCode (8 bytes)
Event: 1092.480 Thread 0x00000124bc0582e0 nmethod 6362 0x00000124a1298310 code [0x00000124a12984c0, 0x00000124a12985a8]
Event: 1092.480 Thread 0x00000124bc0582e0 6363       1       java.text.NumberFormat::isGroupingUsed (5 bytes)
Event: 1092.481 Thread 0x00000124bc0582e0 nmethod 6363 0x00000124a1298690 code [0x00000124a1298820, 0x00000124a12988f8]

GC Heap History (20 events):
Event: 2.424 GC heap after
{Heap after GC invocations=8 (full 0):
 garbage-first heap   total 157696K, used 14895K [0x0000000702800000, 0x0000000800000000)
  region size 2048K, 3 young (6144K), 3 survivors (6144K)
 Metaspace       used 35559K, committed 35840K, reserved 1081344K
  class space    used 4465K, committed 4608K, reserved 1048576K
}
Event: 2.745 GC heap before
{Heap before GC invocations=9 (full 0):
 garbage-first heap   total 69632K, used 47663K [0x0000000702800000, 0x0000000800000000)
  region size 2048K, 20 young (40960K), 3 survivors (6144K)
 Metaspace       used 38772K, committed 39168K, reserved 1089536K
  class space    used 4856K, committed 5056K, reserved 1048576K
}
Event: 2.752 GC heap after
{Heap after GC invocations=10 (full 0):
 garbage-first heap   total 69632K, used 18287K [0x0000000702800000, 0x0000000800000000)
  region size 2048K, 2 young (4096K), 2 survivors (4096K)
 Metaspace       used 38772K, committed 39168K, reserved 1089536K
  class space    used 4856K, committed 5056K, reserved 1048576K
}
Event: 2.879 GC heap before
{Heap before GC invocations=10 (full 0):
 garbage-first heap   total 69632K, used 44911K [0x0000000702800000, 0x0000000800000000)
  region size 2048K, 16 young (32768K), 2 survivors (4096K)
 Metaspace       used 39359K, committed 39744K, reserved 1089536K
  class space    used 4906K, committed 5056K, reserved 1048576K
}
Event: 2.884 GC heap after
{Heap after GC invocations=11 (full 0):
 garbage-first heap   total 69632K, used 20377K [0x0000000702800000, 0x0000000800000000)
  region size 2048K, 2 young (4096K), 2 survivors (4096K)
 Metaspace       used 39359K, committed 39744K, reserved 1089536K
  class space    used 4906K, committed 5056K, reserved 1048576K
}
Event: 3.053 GC heap before
{Heap before GC invocations=11 (full 0):
 garbage-first heap   total 69632K, used 47001K [0x0000000702800000, 0x0000000800000000)
  region size 2048K, 15 young (30720K), 2 survivors (4096K)
 Metaspace       used 40019K, committed 40384K, reserved 1089536K
  class space    used 5001K, committed 5184K, reserved 1048576K
}
Event: 3.056 GC heap after
{Heap after GC invocations=12 (full 0):
 garbage-first heap   total 69632K, used 21092K [0x0000000702800000, 0x0000000800000000)
  region size 2048K, 1 young (2048K), 1 survivors (2048K)
 Metaspace       used 40019K, committed 40384K, reserved 1089536K
  class space    used 5001K, committed 5184K, reserved 1048576K
}
Event: 3.368 GC heap before
{Heap before GC invocations=12 (full 0):
 garbage-first heap   total 69632K, used 47716K [0x0000000702800000, 0x0000000800000000)
  region size 2048K, 14 young (28672K), 1 survivors (2048K)
 Metaspace       used 41605K, committed 41984K, reserved 1089536K
  class space    used 5250K, committed 5440K, reserved 1048576K
}
Event: 3.373 GC heap after
{Heap after GC invocations=13 (full 0):
 garbage-first heap   total 83968K, used 24425K [0x0000000702800000, 0x0000000800000000)
  region size 2048K, 2 young (4096K), 2 survivors (4096K)
 Metaspace       used 41605K, committed 41984K, reserved 1089536K
  class space    used 5250K, committed 5440K, reserved 1048576K
}
Event: 3.805 GC heap before
{Heap before GC invocations=13 (full 0):
 garbage-first heap   total 83968K, used 57193K [0x0000000702800000, 0x0000000800000000)
  region size 2048K, 18 young (36864K), 2 survivors (4096K)
 Metaspace       used 45110K, committed 45504K, reserved 1089536K
  class space    used 5844K, committed 6016K, reserved 1048576K
}
Event: 3.812 GC heap after
{Heap after GC invocations=14 (full 0):
 garbage-first heap   total 83968K, used 27731K [0x0000000702800000, 0x0000000800000000)
  region size 2048K, 2 young (4096K), 2 survivors (4096K)
 Metaspace       used 45110K, committed 45504K, reserved 1089536K
  class space    used 5844K, committed 6016K, reserved 1048576K
}
Event: 4.239 GC heap before
{Heap before GC invocations=14 (full 0):
 garbage-first heap   total 83968K, used 58451K [0x0000000702800000, 0x0000000800000000)
  region size 2048K, 17 young (34816K), 2 survivors (4096K)
 Metaspace       used 46789K, committed 47168K, reserved 1089536K
  class space    used 6103K, committed 6272K, reserved 1048576K
}
Event: 4.247 GC heap after
{Heap after GC invocations=15 (full 0):
 garbage-first heap   total 83968K, used 31303K [0x0000000702800000, 0x0000000800000000)
  region size 2048K, 3 young (6144K), 3 survivors (6144K)
 Metaspace       used 46789K, committed 47168K, reserved 1089536K
  class space    used 6103K, committed 6272K, reserved 1048576K
}
Event: 4.726 GC heap before
{Heap before GC invocations=15 (full 0):
 garbage-first heap   total 83968K, used 59975K [0x0000000702800000, 0x0000000800000000)
  region size 2048K, 17 young (34816K), 3 survivors (6144K)
 Metaspace       used 50522K, committed 50944K, reserved 1097728K
  class space    used 6654K, committed 6848K, reserved 1048576K
}
Event: 4.737 GC heap after
{Heap after GC invocations=16 (full 0):
 garbage-first heap   total 83968K, used 35744K [0x0000000702800000, 0x0000000800000000)
  region size 2048K, 3 young (6144K), 3 survivors (6144K)
 Metaspace       used 50522K, committed 50944K, reserved 1097728K
  class space    used 6654K, committed 6848K, reserved 1048576K
}
Event: 156.853 GC heap before
{Heap before GC invocations=16 (full 0):
 garbage-first heap   total 83968K, used 58272K [0x0000000702800000, 0x0000000800000000)
  region size 2048K, 15 young (30720K), 3 survivors (6144K)
 Metaspace       used 54596K, committed 55040K, reserved 1097728K
  class space    used 7174K, committed 7424K, reserved 1048576K
}
Event: 156.860 GC heap after
{Heap after GC invocations=17 (full 0):
 garbage-first heap   total 102400K, used 37558K [0x0000000702800000, 0x0000000800000000)
  region size 2048K, 1 young (2048K), 1 survivors (2048K)
 Metaspace       used 54596K, committed 55040K, reserved 1097728K
  class space    used 7174K, committed 7424K, reserved 1048576K
}
Event: 1092.446 GC heap before
{Heap before GC invocations=17 (full 0):
 garbage-first heap   total 102400K, used 74422K [0x0000000702800000, 0x0000000800000000)
  region size 2048K, 19 young (38912K), 1 survivors (2048K)
 Metaspace       used 56255K, committed 56768K, reserved 1097728K
  class space    used 7399K, committed 7680K, reserved 1048576K
}
Event: 1092.452 GC heap after
{Heap after GC invocations=18 (full 0):
 garbage-first heap   total 102400K, used 37966K [0x0000000702800000, 0x0000000800000000)
  region size 2048K, 2 young (4096K), 2 survivors (4096K)
 Metaspace       used 56255K, committed 56768K, reserved 1097728K
  class space    used 7399K, committed 7680K, reserved 1048576K
}
Event: 1092.481 GC heap before
{Heap before GC invocations=18 (full 0):
 garbage-first heap   total 102400K, used 37966K [0x0000000702800000, 0x0000000800000000)
  region size 2048K, 3 young (6144K), 2 survivors (4096K)
 Metaspace       used 56256K, committed 56768K, reserved 1097728K
  class space    used 7399K, committed 7680K, reserved 1048576K
}

Deoptimization events (6 events):
Event: 3.042 Thread 0x00000124bd8c1760 DEOPT PACKING pc=0x00000124a0a75a1f sp=0x000000223b1ff190
Event: 3.042 Thread 0x00000124bd8c1760 DEOPT UNPACKING pc=0x00000124a01edece sp=0x000000223b1fe5e8 mode 3
Event: 3.382 Thread 0x00000124bd74ce10 DEOPT PACKING pc=0x00000124a0b9b474 sp=0x000000223abf96a0
Event: 3.382 Thread 0x00000124bd74ce10 DEOPT UNPACKING pc=0x00000124a01edece sp=0x000000223abf8bf8 mode 0
Event: 4.569 Thread 0x00000124bd74ce10 DEOPT PACKING pc=0x00000124a0b65cf2 sp=0x000000223abfae70
Event: 4.569 Thread 0x00000124bd74ce10 DEOPT UNPACKING pc=0x00000124a01edece sp=0x000000223abfa378 mode 3

Classes unloaded (0 events):
No events

Classes redefined (0 events):
No events

Internal exceptions (20 events):
Event: 4.459 Thread 0x00000124bd74ce10 Exception <a 'java/lang/NoSuchMethodError'{0x0000000706fbdfb0}: 'void java.lang.invoke.DirectMethodHandle$Holder.invokeVirtual(java.lang.Object, java.lang.Object)'> (0x0000000706fbdfb0) 
thrown [t:\workspace\open\src\hotspot\share\interpreter\linkResolver.cpp, line 790]
Event: 4.461 Thread 0x00000124bd74ce10 Exception <a 'java/lang/ClassNotFoundException'{0x0000000706fd1a70}: java/lang/ObjectCustomizer> (0x0000000706fd1a70) 
thrown [t:\workspace\open\src\hotspot\share\classfile\systemDictionary.cpp, line 256]
Event: 4.461 Thread 0x00000124bd74ce10 Exception <a 'java/lang/ClassNotFoundException'{0x0000000706fd9bb8}: org/springframework/cloud/netflix/eureka/serviceregistry/EurekaRegistrationCustomizer> (0x0000000706fd9bb8) 
thrown [t:\workspace\open\src\hotspot\share\classfile\systemDictionary.cpp, line 256]
Event: 4.462 Thread 0x00000124bd74ce10 Exception <a 'java/lang/ClassNotFoundException'{0x0000000706ff8330}: org/springframework/cloud/client/serviceregistry/RegistrationCustomizer> (0x0000000706ff8330) 
thrown [t:\workspace\open\src\hotspot\share\classfile\systemDictionary.cpp, line 256]
Event: 4.462 Thread 0x00000124bd74ce10 Exception <a 'java/lang/ClassNotFoundException'{0x0000000706ffcf98}: org/springframework/cloud/client/ServiceInstanceCustomizer> (0x0000000706ffcf98) 
thrown [t:\workspace\open\src\hotspot\share\classfile\systemDictionary.cpp, line 256]
Event: 4.468 Thread 0x00000124bd74ce10 Exception <a 'java/lang/ClassNotFoundException'{0x0000000706c4aab8}: java/lang/ObjectCustomizer> (0x0000000706c4aab8) 
thrown [t:\workspace\open\src\hotspot\share\classfile\systemDictionary.cpp, line 256]
Event: 4.469 Thread 0x00000124bd74ce10 Exception <a 'java/lang/ClassNotFoundException'{0x0000000706c52428}: com/netflix/appinfo/ApplicationInfoManagerCustomizer> (0x0000000706c52428) 
thrown [t:\workspace\open\src\hotspot\share\classfile\systemDictionary.cpp, line 256]
Event: 4.588 Thread 0x00000124bd74ce10 Exception <a 'sun/nio/fs/WindowsException'{0x0000000706623c58}> (0x0000000706623c58) 
thrown [t:\workspace\open\src\hotspot\share\prims\jni.cpp, line 579]
Event: 4.903 Thread 0x00000124bd74ce10 Exception <a 'java/lang/ClassNotFoundException'{0x00000007092f5cf0}: java/lang/ObjectCustomizer> (0x00000007092f5cf0) 
thrown [t:\workspace\open\src\hotspot\share\classfile\systemDictionary.cpp, line 256]
Event: 4.903 Thread 0x00000124bd74ce10 Exception <a 'java/lang/ClassNotFoundException'{0x00000007092fdad8}: com/netflix/discovery/DiscoveryClientCustomizer> (0x00000007092fdad8) 
thrown [t:\workspace\open\src\hotspot\share\classfile\systemDictionary.cpp, line 256]
Event: 4.904 Thread 0x00000124bd74ce10 Exception <a 'java/lang/ClassNotFoundException'{0x0000000709340fe8}: org/springframework/cloud/netflix/eureka/CloudEurekaClientCustomizer> (0x0000000709340fe8) 
thrown [t:\workspace\open\src\hotspot\share\classfile\systemDictionary.cpp, line 256]
Event: 4.904 Thread 0x00000124bd74ce10 Exception <a 'java/lang/ClassNotFoundException'{0x0000000709357d20}: com/netflix/discovery/EurekaClientCustomizer> (0x0000000709357d20) 
thrown [t:\workspace\open\src\hotspot\share\classfile\systemDictionary.cpp, line 256]
Event: 4.905 Thread 0x00000124bd74ce10 Exception <a 'java/lang/ClassNotFoundException'{0x000000070936a258}: com/netflix/discovery/shared/LookupServiceCustomizer> (0x000000070936a258) 
thrown [t:\workspace\open\src\hotspot\share\classfile\systemDictionary.cpp, line 256]
Event: 156.797 Thread 0x00000124c07ef030 Exception <a 'java/lang/NoSuchMethodError'{0x000000070657ed80}: 'void java.lang.invoke.DirectMethodHandle$Holder.invokeSpecial(java.lang.Object, java.lang.Object, java.lang.Object, java.lang.Object, java.lang.Object, java.lang.Object, java.lang.Object)'> (0x000000070657ed80) 
thrown [t:\workspace\open\src\hotspot\share\interpreter\linkResolver.cpp, line 790]
Event: 156.884 Thread 0x00000124c07ef030 Exception <a 'java/lang/NoSuchMethodError'{0x000000071250e4d8}: 'int java.lang.invoke.DirectMethodHandle$Holder.invokeStatic(java.lang.Object, java.lang.Object, java.lang.Object, java.lang.Object, java.lang.Object)'> (0x000000071250e4d8) 
thrown [t:\workspace\open\src\hotspot\share\interpreter\linkResolver.cpp, line 790]
Event: 413.942 Thread 0x00000124c07ef030 Exception <a 'java/lang/reflect/InvocationTargetException'{0x0000000707a87258}> (0x0000000707a87258) 
thrown [t:\workspace\open\src\hotspot\share\runtime\reflection.cpp, line 1157]
Event: 413.944 Thread 0x00000124c07ef030 Exception <a 'java/lang/NoClassDefFoundError'{0x0000000707aa4278}: sun/reflect/Reflection> (0x0000000707aa4278) 
thrown [t:\workspace\open\src\hotspot\share\classfile\systemDictionary.cpp, line 245]
Event: 1089.409 Thread 0x00000124bd8be790 Exception <a 'java/lang/InterruptedException'{0x00000007068f7458}: sleep interrupted> (0x00000007068f7458) 
thrown [t:\workspace\open\src\hotspot\share\prims\jvm.cpp, line 3305]
Event: 1089.410 Thread 0x00000124bc7005c0 Exception <a 'java/lang/NoSuchMethodError'{0x00000007068f67a8}: 'void java.lang.invoke.DirectMethodHandle$Holder.invokeInterface(java.lang.Object, java.lang.Object)'> (0x00000007068f67a8) 
thrown [t:\workspace\open\src\hotspot\share\interpreter\linkResolver.cpp, line 790]
Event: 1092.452 Thread 0x00000124bb4d96b0 Exception <a 'java/net/SocketException'{0x000000071240c520}: Connection reset by peer: shutdown> (0x000000071240c520) 
thrown [t:\workspace\open\src\hotspot\share\prims\jni.cpp, line 600]

Events (20 events):
Event: 1092.473 Executing  VM operation: ICBufferFull done
Event: 1092.474 Executing  VM operation: ICBufferFull
Event: 1092.474 Executing  VM operation: ICBufferFull done
Event: 1092.475 Executing  VM operation: ICBufferFull
Event: 1092.475 Executing  VM operation: ICBufferFull done
Event: 1092.476 Executing  VM operation: ICBufferFull
Event: 1092.476 Executing  VM operation: ICBufferFull done
Event: 1092.476 Executing  VM operation: ICBufferFull
Event: 1092.476 Executing  VM operation: ICBufferFull done
Event: 1092.477 Executing  VM operation: ICBufferFull
Event: 1092.477 Executing  VM operation: ICBufferFull done
Event: 1092.478 Executing  VM operation: ICBufferFull
Event: 1092.478 Executing  VM operation: ICBufferFull done
Event: 1092.478 Executing  VM operation: ICBufferFull
Event: 1092.478 Executing  VM operation: ICBufferFull done
Event: 1092.479 Executing  VM operation: ICBufferFull
Event: 1092.479 Executing  VM operation: ICBufferFull done
Event: 1092.480 Executing  VM operation: ICBufferFull
Event: 1092.480 Executing  VM operation: ICBufferFull done
Event: 1092.481 Executing  VM operation: G1CollectFull


Dynamic libraries:
0x00007ff6d1cf0000 - 0x00007ff6d1cfe000 	C:\SpringCloud\sts-4.11.1.RELEASE\plugins\org.eclipse.justj.openjdk.hotspot.jre.full.win32.x86_64_16.0.2.v20210721-1149\jre\bin\javaw.exe
0x00007ffcf75d0000 - 0x00007ffcf77c5000 	C:\Windows\SYSTEM32\ntdll.dll
0x00007ffcf5620000 - 0x00007ffcf56de000 	C:\Windows\System32\KERNEL32.DLL
0x00007ffcf4fa0000 - 0x00007ffcf5269000 	C:\Windows\System32\KERNELBASE.dll
0x00007ffcf52c0000 - 0x00007ffcf53c0000 	C:\Windows\System32\ucrtbase.dll
0x00007ffce58a0000 - 0x00007ffce58b8000 	C:\SpringCloud\sts-4.11.1.RELEASE\plugins\org.eclipse.justj.openjdk.hotspot.jre.full.win32.x86_64_16.0.2.v20210721-1149\jre\bin\jli.dll
0x00007ffcf56e0000 - 0x00007ffcf5881000 	C:\Windows\System32\USER32.dll
0x00007ffcf5550000 - 0x00007ffcf5572000 	C:\Windows\System32\win32u.dll
0x00007ffcf5af0000 - 0x00007ffcf5b1b000 	C:\Windows\System32\GDI32.dll
0x00007ffcf4cf0000 - 0x00007ffcf4dfb000 	C:\Windows\System32\gdi32full.dll
0x00007ffcf5580000 - 0x00007ffcf561d000 	C:\Windows\System32\msvcp_win.dll
0x00007ffcef000000 - 0x00007ffcef019000 	C:\SpringCloud\sts-4.11.1.RELEASE\plugins\org.eclipse.justj.openjdk.hotspot.jre.full.win32.x86_64_16.0.2.v20210721-1149\jre\bin\VCRUNTIME140.dll
0x00007ffce4020000 - 0x00007ffce42ba000 	C:\Windows\WinSxS\amd64_microsoft.windows.common-controls_6595b64144ccf1df_6.0.19041.1110_none_60b5254171f9507e\COMCTL32.dll
0x00007ffcf5a50000 - 0x00007ffcf5aee000 	C:\Windows\System32\msvcrt.dll
0x00007ffcf74a0000 - 0x00007ffcf74d0000 	C:\Windows\System32\IMM32.DLL
0x00007ffcf24f0000 - 0x00007ffcf24fc000 	C:\SpringCloud\sts-4.11.1.RELEASE\plugins\org.eclipse.justj.openjdk.hotspot.jre.full.win32.x86_64_16.0.2.v20210721-1149\jre\bin\vcruntime140_1.dll
0x00007ffcdc560000 - 0x00007ffcdc5f1000 	C:\SpringCloud\sts-4.11.1.RELEASE\plugins\org.eclipse.justj.openjdk.hotspot.jre.full.win32.x86_64_16.0.2.v20210721-1149\jre\bin\msvcp140.dll
0x00007ffca6fb0000 - 0x00007ffca7b5b000 	C:\SpringCloud\sts-4.11.1.RELEASE\plugins\org.eclipse.justj.openjdk.hotspot.jre.full.win32.x86_64_16.0.2.v20210721-1149\jre\bin\server\jvm.dll
0x00007ffcf70a0000 - 0x00007ffcf714c000 	C:\Windows\System32\ADVAPI32.dll
0x00007ffcf7370000 - 0x00007ffcf740b000 	C:\Windows\System32\sechost.dll
0x00007ffcf6d60000 - 0x00007ffcf6e8a000 	C:\Windows\System32\RPCRT4.dll
0x00007ffcf6990000 - 0x00007ffcf6998000 	C:\Windows\System32\PSAPI.DLL
0x00007ffceead0000 - 0x00007ffceead9000 	C:\Windows\SYSTEM32\WSOCK32.dll
0x00007ffcf7300000 - 0x00007ffcf736b000 	C:\Windows\System32\WS2_32.dll
0x00007ffce3dd0000 - 0x00007ffce3df7000 	C:\Windows\SYSTEM32\WINMM.dll
0x00007ffcec6b0000 - 0x00007ffcec6ba000 	C:\Windows\SYSTEM32\VERSION.dll
0x00007ffcf2bf0000 - 0x00007ffcf2c02000 	C:\Windows\SYSTEM32\kernel.appcore.dll
0x00007ffcf2480000 - 0x00007ffcf248a000 	C:\SpringCloud\sts-4.11.1.RELEASE\plugins\org.eclipse.justj.openjdk.hotspot.jre.full.win32.x86_64_16.0.2.v20210721-1149\jre\bin\jimage.dll
0x00007ffce1c60000 - 0x00007ffce1e44000 	C:\Windows\SYSTEM32\DBGHELP.DLL
0x00007ffce1ab0000 - 0x00007ffce1adc000 	C:\Windows\SYSTEM32\dbgcore.DLL
0x00007ffcf4eb0000 - 0x00007ffcf4f33000 	C:\Windows\System32\bcryptPrimitives.dll
0x00007ffceef00000 - 0x00007ffceef25000 	C:\SpringCloud\sts-4.11.1.RELEASE\plugins\org.eclipse.justj.openjdk.hotspot.jre.full.win32.x86_64_16.0.2.v20210721-1149\jre\bin\java.dll
0x00007ffcee7b0000 - 0x00007ffcee7c8000 	C:\SpringCloud\sts-4.11.1.RELEASE\plugins\org.eclipse.justj.openjdk.hotspot.jre.full.win32.x86_64_16.0.2.v20210721-1149\jre\bin\zip.dll
0x00007ffcf6250000 - 0x00007ffcf698f000 	C:\Windows\System32\SHELL32.dll
0x00007ffcf2df0000 - 0x00007ffcf3580000 	C:\Windows\SYSTEM32\windows.storage.dll
0x00007ffcf69a0000 - 0x00007ffcf6cf5000 	C:\Windows\System32\combase.dll
0x00007ffcf4740000 - 0x00007ffcf476c000 	C:\Windows\SYSTEM32\Wldp.dll
0x00007ffcf5d20000 - 0x00007ffcf5dce000 	C:\Windows\System32\SHCORE.dll
0x00007ffcf6e90000 - 0x00007ffcf6ee5000 	C:\Windows\System32\shlwapi.dll
0x00007ffcf4c30000 - 0x00007ffcf4c4f000 	C:\Windows\SYSTEM32\profapi.dll
0x00007ffcee5b0000 - 0x00007ffcee5c9000 	C:\SpringCloud\sts-4.11.1.RELEASE\plugins\org.eclipse.justj.openjdk.hotspot.jre.full.win32.x86_64_16.0.2.v20210721-1149\jre\bin\net.dll
0x00007ffce5220000 - 0x00007ffce5328000 	C:\Windows\SYSTEM32\WINHTTP.dll
0x00007ffcf44a0000 - 0x00007ffcf450a000 	C:\Windows\system32\mswsock.dll
0x00007ffcee520000 - 0x00007ffcee533000 	C:\SpringCloud\sts-4.11.1.RELEASE\plugins\org.eclipse.justj.openjdk.hotspot.jre.full.win32.x86_64_16.0.2.v20210721-1149\jre\bin\nio.dll
0x00007ffcee5a0000 - 0x00007ffcee5a9000 	C:\SpringCloud\sts-4.11.1.RELEASE\plugins\org.eclipse.justj.openjdk.hotspot.jre.full.win32.x86_64_16.0.2.v20210721-1149\jre\bin\management.dll
0x00007ffcee510000 - 0x00007ffcee51b000 	C:\SpringCloud\sts-4.11.1.RELEASE\plugins\org.eclipse.justj.openjdk.hotspot.jre.full.win32.x86_64_16.0.2.v20210721-1149\jre\bin\management_ext.dll
0x00007ffcce3b0000 - 0x00007ffcce3c7000 	C:\Windows\system32\napinsp.dll
0x00007ffcc9a30000 - 0x00007ffcc9a4b000 	C:\Windows\system32\pnrpnsp.dll
0x00007ffcefda0000 - 0x00007ffcefdb5000 	C:\Windows\system32\wshbth.dll
0x00007ffcf0360000 - 0x00007ffcf037d000 	C:\Windows\system32\NLAapi.dll
0x00007ffcf4140000 - 0x00007ffcf417b000 	C:\Windows\SYSTEM32\IPHLPAPI.DLL
0x00007ffcf4190000 - 0x00007ffcf425c000 	C:\Windows\SYSTEM32\DNSAPI.dll
0x00007ffcf6ef0000 - 0x00007ffcf6ef8000 	C:\Windows\System32\NSI.dll
0x00007ffcc9a10000 - 0x00007ffcc9a22000 	C:\Windows\System32\winrnr.dll
0x00007ffcecca0000 - 0x00007ffceccaa000 	C:\Windows\System32\rasadhlp.dll
0x00007ffce51a0000 - 0x00007ffce521f000 	C:\Windows\System32\fwpuclnt.dll
0x00007ffcf5520000 - 0x00007ffcf5547000 	C:\Windows\System32\bcrypt.dll
0x00007ffcf4690000 - 0x00007ffcf46a8000 	C:\Windows\SYSTEM32\CRYPTSP.dll
0x00007ffcf3db0000 - 0x00007ffcf3de4000 	C:\Windows\system32\rsaenh.dll
0x00007ffcf4bf0000 - 0x00007ffcf4c1e000 	C:\Windows\SYSTEM32\USERENV.dll
0x00007ffcf46b0000 - 0x00007ffcf46bc000 	C:\Windows\SYSTEM32\CRYPTBASE.dll
0x00007ffceacf0000 - 0x00007ffcead07000 	C:\Windows\SYSTEM32\dhcpcsvc6.DLL
0x00007ffcebd90000 - 0x00007ffcebdad000 	C:\Windows\SYSTEM32\dhcpcsvc.DLL
0x00007ffceeea0000 - 0x00007ffceeeb0000 	C:\SpringCloud\sts-4.11.1.RELEASE\plugins\org.eclipse.justj.openjdk.hotspot.jre.full.win32.x86_64_16.0.2.v20210721-1149\jre\bin\verify.dll
0x00007ffcf0b10000 - 0x00007ffcf0b1e000 	C:\SpringCloud\sts-4.11.1.RELEASE\plugins\org.eclipse.justj.openjdk.hotspot.jre.full.win32.x86_64_16.0.2.v20210721-1149\jre\bin\sunmscapi.dll
0x00007ffcf53c0000 - 0x00007ffcf5516000 	C:\Windows\System32\CRYPT32.dll
0x00007ffcf47b0000 - 0x00007ffcf47d7000 	C:\Windows\SYSTEM32\ncrypt.dll
0x00007ffcf4770000 - 0x00007ffcf47ab000 	C:\Windows\SYSTEM32\NTASN1.dll
0x00007ffceef30000 - 0x00007ffceef37000 	C:\Windows\system32\wshunix.dll

dbghelp: loaded successfully - version: 4.0.5 - missing functions: none
symbol engine: initialized successfully - sym options: 0x614 - pdb path: .;C:\SpringCloud\sts-4.11.1.RELEASE\plugins\org.eclipse.justj.openjdk.hotspot.jre.full.win32.x86_64_16.0.2.v20210721-1149\jre\bin;C:\Windows\SYSTEM32;C:\Windows\WinSxS\amd64_microsoft.windows.common-controls_6595b64144ccf1df_6.0.19041.1110_none_60b5254171f9507e;C:\SpringCloud\sts-4.11.1.RELEASE\plugins\org.eclipse.justj.openjdk.hotspot.jre.full.win32.x86_64_16.0.2.v20210721-1149\jre\bin\server

VM Arguments:
jvm_args: -Dcom.sun.management.jmxremote -Dcom.sun.management.jmxremote.port=54490 -Dcom.sun.management.jmxremote.authenticate=false -Dcom.sun.management.jmxremote.ssl=false -Djava.rmi.server.hostname=localhost -Dspring.jmx.enabled=true -Dspring.application.admin.enabled=true -XX:TieredStopAtLevel=1 -Dspring.boot.project.name=music-servicio-playlist -Dfile.encoding=UTF-8 -XX:+ShowCodeDetailsInExceptionMessages 
java_command: com.music.app.playlist.MusicServicioPlaylistApplication --spring.output.ansi.enabled=always
java_class_path (initial): C:\SpringCloud\music_workspace\music-servicio-playlist\target\classes;C:\Users\PC112-AR\.m2\repository\org\springframework\boot\spring-boot-starter-data-rest\2.5.4\spring-boot-starter-data-rest-2.5.4.jar;C:\Users\PC112-AR\.m2\repository\org\springframework\data\spring-data-rest-webmvc\3.5.4\spring-data-rest-webmvc-3.5.4.jar;C:\Users\PC112-AR\.m2\repository\org\springframework\data\spring-data-rest-core\3.5.4\spring-data-rest-core-3.5.4.jar;C:\Users\PC112-AR\.m2\repository\org\springframework\spring-tx\5.3.9\spring-tx-5.3.9.jar;C:\Users\PC112-AR\.m2\repository\org\springframework\hateoas\spring-hateoas\1.3.3\spring-hateoas-1.3.3.jar;C:\Users\PC112-AR\.m2\repository\org\springframework\data\spring-data-commons\2.5.4\spring-data-commons-2.5.4.jar;C:\Users\PC112-AR\.m2\repository\org\springframework\plugin\spring-plugin-core\2.0.0.RELEASE\spring-plugin-core-2.0.0.RELEASE.jar;C:\Users\PC112-AR\.m2\repository\org\atteo\evo-inflector\1.2.2\evo-inflector-1.2.2.jar;C:\Users\PC112-AR\.m2\repository\com\fasterxml\jackson\core\jackson-databind\2.12.4\jackson-databind-2.12.4.jar;C:\Users\PC112-AR\.m2\repository\com\fasterxml\jackson\core\jackson-annotations\2.12.4\jackson-annotations-2.12.4.jar;C:\Users\PC112-AR\.m2\repository\org\slf4j\slf4j-api\1.7.32\slf4j-api-1.7.32.jar;C:\Users\PC112-AR\.m2\repository\org\springframework\boot\spring-boot-starter-web\2.5.4\spring-boot-starter-web-2.5.4.jar;C:\Users\PC112-AR\.m2\repository\org\springframework\boot\spring-boot-starter\2.5.4\spring-boot-starter-2.5.4.jar;C:\Users\PC112-AR\.m2\repository\org\springframework\boot\spring-boot-starter-logging\2.5.4\spring-boot-starter-logging-2.5.4.jar;C:\Users\PC112-AR\.m2\repository\ch\qos\logback\logback-classic\1.2.5\logback-classic-1.2.5.jar;C:\Users\PC112-AR\.m2\repository\ch\qos\logback\logback-core\1.2.5\logback-core-1.2.5.jar;C:\Users\PC112-AR\.m2\repository\org\apache\logging\log4j\log4j-to-slf4j\2.14.1\log4j-to-slf4j-2.14.1.jar;C:\Users\PC112-AR\.m2\repositor
Launcher Type: SUN_STANDARD

[Global flags]
     intx CICompilerCount                          = 3                                         {product} {ergonomic}
     uint ConcGCThreads                            = 1                                         {product} {ergonomic}
     uint G1ConcRefinementThreads                  = 4                                         {product} {ergonomic}
   size_t G1HeapRegionSize                         = 2097152                                   {product} {ergonomic}
    uintx GCDrainStackTargetSize                   = 64                                        {product} {ergonomic}
   size_t InitialHeapSize                          = 266338304                                 {product} {ergonomic}
     bool ManagementServer                         = true                                      {product} {command line}
   size_t MarkStackSize                            = 4194304                                   {product} {ergonomic}
   size_t MaxHeapSize                              = 4253024256                                {product} {ergonomic}
   size_t MaxNewSize                               = 2550136832                                {product} {ergonomic}
   size_t MinHeapDeltaBytes                        = 2097152                                   {product} {ergonomic}
   size_t MinHeapSize                              = 8388608                                   {product} {ergonomic}
    uintx NonNMethodCodeHeapSize                   = 6973028                                {pd product} {ergonomic}
    uintx NonProfiledCodeHeapSize                  = 244685212                              {pd product} {ergonomic}
    uintx ProfiledCodeHeapSize                     = 0                                      {pd product} {ergonomic}
    uintx ReservedCodeCacheSize                    = 251658240                              {pd product} {ergonomic}
     bool SegmentedCodeCache                       = true                                      {product} {ergonomic}
     bool ShowCodeDetailsInExceptionMessages       = true                                   {manageable} {command line}
   size_t SoftMaxHeapSize                          = 4253024256                             {manageable} {ergonomic}
     intx TieredStopAtLevel                        = 1                                         {product} {command line}
     bool UseCompressedClassPointers               = true                           {product lp64_product} {ergonomic}
     bool UseCompressedOops                        = true                           {product lp64_product} {ergonomic}
     bool UseG1GC                                  = true                                      {product} {ergonomic}
     bool UseLargePagesIndividualAllocation        = false                                  {pd product} {ergonomic}

Logging:
Log output configuration:
 #0: stdout all=warning uptime,level,tags
 #1: stderr all=off uptime,level,tags

Environment Variables:
JAVA_HOME=C:\SpringCloud\openjdk-16.0.2_windows-x64_bin\jdk-11.0.2
PATH=C:/SpringCloud/sts-4.11.1.RELEASE//plugins/org.eclipse.justj.openjdk.hotspot.jre.full.win32.x86_64_16.0.2.v20210721-1149/jre/bin/server;C:/SpringCloud/sts-4.11.1.RELEASE//plugins/org.eclipse.justj.openjdk.hotspot.jre.full.win32.x86_64_16.0.2.v20210721-1149/jre/bin;C:\Program Files\Common Files\Oracle\Java\javapath;C:\Windows\system32;C:\Windows;C:\Windows\System32\Wbem;C:\Windows\System32\WindowsPowerShell\v1.0\;C:\Windows\System32\OpenSSH\;C:\SpringCloud\openjdk-11.0.2_windows-x64_bin\jdk-11.0.2\bin;C:\Program Files\Git\cmd;C:\Users\PC112-AR\AppData\Local\Microsoft\WindowsApps;;C:\Users\PC112-AR\AppData\Local\Programs\Microsoft VS Code\bin;C:\SpringCloud\sts-4.11.1.RELEASE;
USERNAME=Juan Cisilino
OS=Windows_NT
PROCESSOR_IDENTIFIER=Intel64 Family 6 Model 142 Stepping 9, GenuineIntel



---------------  S Y S T E M  ---------------

OS:
 Windows 10 , 64 bit Build 19041 (10.0.19041.1202)
OS uptime: 0 days 2:48 hours

CPU: total 4 (initial active 4) (2 cores per cpu, 2 threads per core) family 6 model 142 stepping 9 microcode 0xea, cx8, cmov, fxsr, ht, mmx, 3dnowpref, sse, sse2, sse3, ssse3, sse4.1, sse4.2, popcnt, lzcnt, tsc, tscinvbit, avx, avx2, aes, erms, clmul, bmi1, bmi2, rtm, adx, fma, vzeroupper, clflush, clflushopt

Memory: 4k page, system-wide physical 16218M (9527M free)
TotalPageFile size 18650M (AvailPageFile size 11487M)
current process WorkingSet (physical memory assigned to process): 224M, peak: 225M
current process commit charge ("private bytes"): 263M, peak: 354M

vm_info: OpenJDK 64-Bit Server VM (16.0.2+7-67) for windows-amd64 JRE (16.0.2+7-67), built on Jun  8 2021 23:21:43 by "mach5one" with MS VC++ 16.7 (VS2019)

END.
