#
# A fatal error has been detected by the Java Runtime Environment:
#
#  EXCEPTION_ACCESS_VIOLATION (0xc0000005) at pc=0x00007ffe162b3ee0, pid=7400, tid=9436
#
# JRE version: OpenJDK Runtime Environment (16.0.2+7) (build 16.0.2+7-67)
# Java VM: OpenJDK 64-Bit Server VM (16.0.2+7-67, mixed mode, tiered, compressed oops, compressed class ptrs, g1 gc, windows-amd64)
# Problematic frame:
# V  [jvm.dll+0x1f3ee0]
#
# No core dump will be written. Minidumps are not enabled by default on client versions of Windows
#
# If you would like to submit a bug report, please visit:
#   https://bugreport.java.com/bugreport/crash.jsp
#

---------------  S U M M A R Y ------------

Command Line: -Dcom.sun.management.jmxremote -Dcom.sun.management.jmxremote.port=58691 -Dcom.sun.management.jmxremote.authenticate=false -Dcom.sun.management.jmxremote.ssl=false -Djava.rmi.server.hostname=localhost -Dspring.jmx.enabled=true -Dspring.application.admin.enabled=true -XX:TieredStopAtLevel=1 -Dspring.boot.project.name=music-servicio-playlist -Dfile.encoding=UTF-8 -XX:+ShowCodeDetailsInExceptionMessages com.music.app.playlist.MusicServicioPlaylistApplication --spring.output.ansi.enabled=always

Host: Intel(R) Core(TM) i5-7300U CPU @ 2.60GHz, 4 cores, 15G,  Windows 10 , 64 bit Build 19041 (10.0.19041.1202)
Time: Tue Sep 21 09:04:52 2021 Hora estándar de Argentina elapsed time: 2211.638251 seconds (0d 0h 36m 51s)

---------------  T H R E A D  ---------------

Current thread (0x000001e9dcebb7c0):  GCTaskThread "GC Thread#3" [stack: 0x0000003392d00000,0x0000003392e00000] [id=9436]

Stack: [0x0000003392d00000,0x0000003392e00000],  sp=0x0000003392dff6d8,  free space=1021k
Native frames: (J=compiled Java code, j=interpreted, Vv=VM code, C=native code)
V  [jvm.dll+0x1f3ee0]


siginfo: EXCEPTION_ACCESS_VIOLATION (0xc0000005), reading address 0x0000000000000000


Register to memory mapping:

RIP=0x00007ffe162b3ee0 jvm.dll
RAX=0x0 is NULL
RBX=0x0000000800000001 is pointing into metadata
RCX=0x0 is NULL
RDX=0x000000070481cc38 is pointing into object: org.springframework.core.ResolvableType 
{0x000000070481cc10} - klass: 'org/springframework/core/ResolvableType'
RSP=0x0000003392dff6d8 points into unknown readable memory: 0x00007ffe163a7d60 | 60 7d 3a 16 fe 7f 00 00
RBP=0x0000000000000033 is an unknown value
RSI=0x000001e9df3d58b0 points into unknown readable memory: 0x00000033920fef10 | 10 ef 0f 92 33 00 00 00
RDI=0x000001e9df3d58b0 points into unknown readable memory: 0x00000033920fef10 | 10 ef 0f 92 33 00 00 00
R8 =0x0000000800000001 is pointing into metadata
R9 =0x0000000800000000 is pointing into metadata
R10=0x0 is NULL
R11=0x0000000800000000 is pointing into metadata
R12=0x0 is NULL
R13=0x000000070481cc38 is pointing into object: org.springframework.core.ResolvableType 
{0x000000070481cc10} - klass: 'org/springframework/core/ResolvableType'
R14=0x0000000000000010 is an unknown value
R15=0x000001e9df3d5e60 points into unknown readable memory: 0x00007ffe169a5d28 | 28 5d 9a 16 fe 7f 00 00


Registers:
RAX=0x0000000000000000, RBX=0x0000000800000001, RCX=0x0000000000000000, RDX=0x000000070481cc38
RSP=0x0000003392dff6d8, RBP=0x0000000000000033, RSI=0x000001e9df3d58b0, RDI=0x000001e9df3d58b0
R8 =0x0000000800000001, R9 =0x0000000800000000, R10=0x0000000000000000, R11=0x0000000800000000
R12=0x0000000000000000, R13=0x000000070481cc38, R14=0x0000000000000010, R15=0x000001e9df3d5e60
RIP=0x00007ffe162b3ee0, EFLAGS=0x0000000000010202

Top of Stack: (sp=0x0000003392dff6d8)
0x0000003392dff6d8:   00007ffe163a7d60 000000070481cce4
0x0000003392dff6e8:   000001e9df3d58b0 00000007048228a8
0x0000003392dff6f8:   000001e9df3d58b0 000000000000000c
0x0000003392dff708:   0000000000000010 00007ffe160c0000
0x0000003392dff718:   0000000000000000 000001e9df3d58b0
0x0000003392dff728:   00007ffe163ada74 0000000000000032
0x0000003392dff738:   000000070481cc38 00007ffe160c0000
0x0000003392dff748:   00007ffe160c0000 0000000000000000
0x0000003392dff758:   0000000702a0ef68 0000000704816ec8
0x0000003392dff768:   0000000000000000 0000000000000000
0x0000003392dff778:   0000000000000000 0000000000000000
0x0000003392dff788:   000001e9dcc6b2a0 000000000000000c
0x0000003392dff798:   00000033920ff120 00000033920fe810
0x0000003392dff7a8:   000001e9df3d58b0 00007ffe160c0000
0x0000003392dff7b8:   0000000000000010 00000033920ff138
0x0000003392dff7c8:   00007ffe163ad46d 00000033920fe6b0 

Instructions: (pc=0x00007ffe162b3ee0)
0x00007ffe162b3de0:   8b ce 0f b6 f8 e8 b6 08 00 00 48 8b c8 44 0f b6
0x00007ffe162b3df0:   cf 4c 8b c6 48 8b d3 e8 a4 5a 00 00 e9 ab 00 00
0x00007ffe162b3e00:   00 ff 52 20 48 8b 13 48 8b cb 84 c0 74 39 ff 52
0x00007ffe162b3e10:   30 49 8b d6 48 8b cb 48 63 f0 e8 61 5d 04 00 48
0x00007ffe162b3e20:   8b 13 48 8b cb ff 52 08 49 8b ce 0f b6 f8 e8 6d
0x00007ffe162b3e30:   08 00 00 48 8b c8 44 0f b6 cf 4c 8b c6 48 8b d3
0x00007ffe162b3e40:   e8 5b 5a 00 00 eb 65 ff 52 08 84 c0 74 3f 48 8b
0x00007ffe162b3e50:   03 48 8b cb ff 50 30 49 8b d6 48 8b cb 48 63 f0
0x00007ffe162b3e60:   e8 6b fe 16 00 48 8b 13 48 8b cb ff 52 08 49 8b
0x00007ffe162b3e70:   ce 0f b6 f8 e8 27 08 00 00 48 8b c8 44 0f b6 cf
0x00007ffe162b3e80:   4c 8b c6 48 8b d3 e8 15 5a 00 00 eb 1f ba 4d 03
0x00007ffe162b3e90:   00 00 48 8d 0d 17 3c 6d 00 e8 42 ec 04 00 e8 9d
0x00007ffe162b3ea0:   3e 47 00 eb 07 c6 05 94 90 8d 00 01 ff cd 49 83
0x00007ffe162b3eb0:   ef 01 0f 89 98 fe ff ff 48 8b 7c 24 28 48 8b 74
0x00007ffe162b3ec0:   24 50 48 8b 5c 24 40 48 8b 6c 24 48 4c 8b 7c 24
0x00007ffe162b3ed0:   20 48 83 c4 30 41 5e c3 cc cc cc cc cc cc cc cc
0x00007ffe162b3ee0:   48 8b 09 48 85 c9 74 07 48 ff 25 c9 cd 87 00 33
0x00007ffe162b3ef0:   c0 c3 cc cc cc cc cc cc cc cc cc cc cc cc cc cc
0x00007ffe162b3f00:   48 8b 09 48 85 c9 74 07 48 ff 25 f1 cc 87 00 33
0x00007ffe162b3f10:   c0 c3 cc cc cc cc cc cc cc cc cc cc cc cc cc cc
0x00007ffe162b3f20:   80 79 21 00 74 03 ff 41 24 c3 cc cc cc cc cc cc
0x00007ffe162b3f30:   48 89 5c 24 10 48 89 6c 24 18 48 89 74 24 20 57
0x00007ffe162b3f40:   48 83 ec 20 48 8b 59 18 49 8b f8 48 8b f2 48 8b
0x00007ffe162b3f50:   e9 48 85 db 74 08 48 8b cb e8 f2 66 44 00 48 8b
0x00007ffe162b3f60:   0e 48 85 c9 74 0b ff 15 b4 50 87 00 48 85 c0 75
0x00007ffe162b3f70:   21 48 85 ff 75 05 45 33 c0 eb 03 4c 8b 07 48 8d
0x00007ffe162b3f80:   4d 30 48 8d 54 24 30 e8 04 f7 ff ff 48 8b 08 48
0x00007ffe162b3f90:   89 0e 48 85 db 74 08 48 8b cb e8 51 68 44 00 48
0x00007ffe162b3fa0:   8b 5c 24 38 48 8b 6c 24 40 48 8b 74 24 48 48 83
0x00007ffe162b3fb0:   c4 20 5f c3 cc cc cc cc cc cc cc cc cc cc cc cc
0x00007ffe162b3fc0:   48 81 ec d8 00 00 00 48 8b 05 3a cd 8a 00 48 33
0x00007ffe162b3fd0:   c4 48 89 84 24 c0 00 00 00 45 33 c0 b9 98 00 00 


Stack slot to memory mapping:
stack at sp + 0 slots: 0x00007ffe163a7d60 jvm.dll
stack at sp + 1 slots: 0x000000070481cce4 is pointing into object: java.util.concurrent.ConcurrentLinkedDeque$Node 
{0x000000070481ccd0} - klass: 'java/util/concurrent/ConcurrentLinkedDeque$Node'
stack at sp + 2 slots: 0x000001e9df3d58b0 points into unknown readable memory: 0x00000033920fef10 | 10 ef 0f 92 33 00 00 00
stack at sp + 3 slots: 0x00000007048228a8 is an oop: java.util.concurrent.ConcurrentHashMap$Node 
{0x00000007048228a8} - klass: 'java/util/concurrent/ConcurrentHashMap$Node'
stack at sp + 4 slots: 0x000001e9df3d58b0 points into unknown readable memory: 0x00000033920fef10 | 10 ef 0f 92 33 00 00 00
stack at sp + 5 slots: 0x000000000000000c is an unknown value
stack at sp + 6 slots: 0x0000000000000010 is an unknown value
stack at sp + 7 slots: 0x00007ffe160c0000 jvm.dll


---------------  P R O C E S S  ---------------

Threads class SMR info:
_java_thread_list=0x000001e9e1564340, length=25, elements={
0x000001e9dc18b020, 0x000001e9dc18bdf0, 0x000001e9dcc407c0, 0x000001e9dcc411d0,
0x000001e9dcc41ae0, 0x000001e9dcc5c310, 0x000001e9dcc5f3e0, 0x000001e9dcc67d40,
0x000001e9dcd01a30, 0x000001e9dce10570, 0x000001e9dd4d7410, 0x000001e9dd4b26d0,
0x000001e9dd4b7410, 0x000001e9de548030, 0x000001e9de548a70, 0x000001e9e12a85c0,
0x000001e9e15ed6f0, 0x000001e9e15f2150, 0x000001e9e15eec30, 0x000001e9e15ef180,
0x000001e9e15edc40, 0x000001e9e15ec700, 0x000001e9e15efc20, 0x000001e9e15ecc50,
0x000001e9e15f2bf0
}

Java Threads: ( => current thread )
  0x000001e9dc18b020 JavaThread "Reference Handler" daemon [_thread_blocked, id=11684, stack(0x0000003392100000,0x0000003392200000)]
  0x000001e9dc18bdf0 JavaThread "Finalizer" daemon [_thread_blocked, id=6208, stack(0x0000003392200000,0x0000003392300000)]
  0x000001e9dcc407c0 JavaThread "Signal Dispatcher" daemon [_thread_blocked, id=4656, stack(0x0000003392300000,0x0000003392400000)]
  0x000001e9dcc411d0 JavaThread "Attach Listener" daemon [_thread_blocked, id=5100, stack(0x0000003392400000,0x0000003392500000)]
  0x000001e9dcc41ae0 JavaThread "Service Thread" daemon [_thread_blocked, id=8712, stack(0x0000003392500000,0x0000003392600000)]
  0x000001e9dcc5c310 JavaThread "Monitor Deflation Thread" daemon [_thread_blocked, id=6852, stack(0x0000003392600000,0x0000003392700000)]
  0x000001e9dcc5f3e0 JavaThread "C1 CompilerThread0" daemon [_thread_blocked, id=6932, stack(0x0000003392700000,0x0000003392800000)]
  0x000001e9dcc67d40 JavaThread "Sweeper thread" daemon [_thread_blocked, id=6764, stack(0x0000003392800000,0x0000003392900000)]
  0x000001e9dcd01a30 JavaThread "Common-Cleaner" daemon [_thread_blocked, id=2544, stack(0x0000003392900000,0x0000003392a00000)]
  0x000001e9dce10570 JavaThread "Notification Thread" daemon [_thread_blocked, id=4468, stack(0x0000003392a00000,0x0000003392b00000)]
  0x000001e9dd4d7410 JavaThread "RMI TCP Accept-0" daemon [_thread_in_native, id=12104, stack(0x0000003392e00000,0x0000003392f00000)]
  0x000001e9dd4b26d0 JavaThread "RMI TCP Accept-58691" daemon [_thread_in_native, id=2016, stack(0x0000003392f00000,0x0000003393000000)]
  0x000001e9dd4b7410 JavaThread "RMI TCP Accept-0" daemon [_thread_in_native, id=512, stack(0x0000003393000000,0x0000003393100000)]
  0x000001e9de548030 JavaThread "RMI Scheduler(0)" daemon [_thread_blocked, id=8060, stack(0x0000003393500000,0x0000003393600000)]
  0x000001e9de548a70 JavaThread "JMX server connection timeout 25" daemon [_thread_blocked, id=4300, stack(0x0000003393700000,0x0000003393800000)]
  0x000001e9e12a85c0 JavaThread "DestroyJavaVM" [_thread_blocked, id=11076, stack(0x0000003391a00000,0x0000003391b00000)]
  0x000001e9e15ed6f0 JavaThread "boundedElastic-evictor-1" daemon [_thread_blocked, id=4312, stack(0x0000003394700000,0x0000003394800000)]
  0x000001e9e15f2150 JavaThread "parallel-1" daemon [_thread_blocked, id=12072, stack(0x0000003394800000,0x0000003394900000)]
  0x000001e9e15eec30 JavaThread "pool-28-thread-1" daemon [_thread_blocked, id=8252, stack(0x0000003394a00000,0x0000003394b00000)]
  0x000001e9e15ef180 JavaThread "parallel-2" daemon [_thread_blocked, id=9668, stack(0x0000003393300000,0x0000003393400000)]
  0x000001e9e15edc40 JavaThread "File Watcher" daemon [_thread_blocked, id=10600, stack(0x0000003391700000,0x0000003391800000)]
  0x000001e9e15ec700 JavaThread "RMI TCP Connection(idle)" daemon [_thread_blocked, id=988, stack(0x0000003394500000,0x0000003394600000)]
  0x000001e9e15efc20 JavaThread "RMI TCP Connection(idle)" daemon [_thread_blocked, id=8704, stack(0x0000003394600000,0x0000003394700000)]
  0x000001e9e15ecc50 JavaThread "RMI TCP Connection(idle)" daemon [_thread_blocked, id=9588, stack(0x0000003394900000,0x0000003394a00000)]
  0x000001e9e15f2bf0 JavaThread "Thread-25" [_thread_blocked, id=8172, stack(0x0000003394400000,0x0000003394500000)]

Other Threads:
  0x000001e9dcc208c0 VMThread "VM Thread" [stack: 0x0000003392000000,0x0000003392100000] [id=11176]
  0x000001e9bc0fa1f0 WatcherThread [stack: 0x0000003393100000,0x0000003393200000] [id=7412]
  0x000001e9bc14a450 GCTaskThread "GC Thread#0" [stack: 0x0000003391b00000,0x0000003391c00000] [id=8964]
  0x000001e9dcebb1a0 GCTaskThread "GC Thread#1" [stack: 0x0000003392b00000,0x0000003392c00000] [id=6664]
  0x000001e9dcebb4b0 GCTaskThread "GC Thread#2" [stack: 0x0000003392c00000,0x0000003392d00000] [id=1028]
=>0x000001e9dcebb7c0 GCTaskThread "GC Thread#3" [stack: 0x0000003392d00000,0x0000003392e00000] [id=9436]
  0x000001e9bc15c9d0 ConcurrentGCThread "G1 Main Marker" [stack: 0x0000003391c00000,0x0000003391d00000] [id=7988]
  0x000001e9bc15d3d0 ConcurrentGCThread "G1 Conc#0" [stack: 0x0000003391d00000,0x0000003391e00000] [id=7932]
  0x000001e9dbff24c0 ConcurrentGCThread "G1 Refine#0" [stack: 0x0000003391e00000,0x0000003391f00000] [id=1084]
  0x000001e9e1178cb0 ConcurrentGCThread "G1 Refine#1" [stack: 0x0000003393d00000,0x0000003393e00000] [id=3044]
  0x000001e9dbff2d50 ConcurrentGCThread "G1 Service" [stack: 0x0000003391f00000,0x0000003392000000] [id=5700]

Threads with active compile tasks:

VM state: at safepoint (normal execution)

VM Mutex/Monitor currently owned by a thread:  ([mutex/lock_event])
[0x000001e9bc0f5da0] Threads_lock - owner thread: 0x000001e9dcc208c0
[0x000001e9bc0f64f0] Heap_lock - owner thread: 0x000001e9e15f2bf0

Heap address: 0x0000000702800000, size: 4056 MB, Compressed Oops mode: Zero based, Oop shift amount: 3

CDS disabled.
Compressed class space mapped at: 0x0000000800000000-0x0000000840000000, reserved size: 1073741824
Narrow klass base: 0x0000000800000000, Narrow klass shift: 0, Narrow klass range: 0x40000000

GC Precious Log:
 CPUs: 4 total, 4 available
 Memory: 16218M
 Large Page Support: Disabled
 NUMA Support: Disabled
 Compressed Oops: Enabled (Zero based)
 Heap Region Size: 2M
 Heap Min Capacity: 8M
 Heap Initial Capacity: 254M
 Heap Max Capacity: 4056M
 Pre-touch: Disabled
 Parallel Workers: 4
 Concurrent Workers: 1
 Concurrent Refinement Workers: 4
 Periodic GC: Disabled

Heap:
 garbage-first heap   total 106496K, used 65108K [0x0000000702800000, 0x0000000800000000)
  region size 2048K, 14 young (28672K), 3 survivors (6144K)
 Metaspace       used 57175K, committed 57920K, reserved 1105920K
  class space    used 7518K, committed 7872K, reserved 1048576K

Heap Regions: E=young(eden), S=young(survivor), O=old, HS=humongous(starts), HC=humongous(continues), CS=collection set, F=free, OA=open archive, CA=closed archive, TAMS=top-at-mark-start (previous, next)
|   0|0x0000000702800000, 0x00000007029ffff0, 0x0000000702a00000| 99%| O|  |TAMS 0x0000000702800000, 0x0000000702800000| Untracked 
|   1|0x0000000702a00000, 0x0000000702bffff0, 0x0000000702c00000| 99%| O|  |TAMS 0x0000000702a00000, 0x0000000702a00000| Untracked 
|   2|0x0000000702c00000, 0x0000000702dfffe8, 0x0000000702e00000| 99%| O|  |TAMS 0x0000000702c00000, 0x0000000702c00000| Untracked 
|   3|0x0000000702e00000, 0x0000000702fffff0, 0x0000000703000000| 99%| O|  |TAMS 0x0000000702e00000, 0x0000000702e00000| Untracked 
|   4|0x0000000703000000, 0x00000007031fffa0, 0x0000000703200000| 99%| O|  |TAMS 0x0000000703000000, 0x0000000703000000| Untracked 
|   5|0x0000000703200000, 0x00000007033ffff0, 0x0000000703400000| 99%| O|  |TAMS 0x0000000703200000, 0x0000000703200000| Untracked 
|   6|0x0000000703400000, 0x00000007035fff70, 0x0000000703600000| 99%| O|  |TAMS 0x0000000703400000, 0x0000000703400000| Untracked 
|   7|0x0000000703600000, 0x00000007037fffe0, 0x0000000703800000| 99%| O|  |TAMS 0x0000000703600000, 0x0000000703600000| Untracked 
|   8|0x0000000703800000, 0x00000007039ffff8, 0x0000000703a00000| 99%| O|  |TAMS 0x0000000703800000, 0x0000000703800000| Untracked 
|   9|0x0000000703a00000, 0x0000000703bfffd8, 0x0000000703c00000| 99%| O|  |TAMS 0x0000000703a00000, 0x0000000703a00000| Untracked 
|  10|0x0000000703c00000, 0x0000000703dffff0, 0x0000000703e00000| 99%| O|  |TAMS 0x0000000703c00000, 0x0000000703c00000| Untracked 
|  11|0x0000000703e00000, 0x0000000703ffffd0, 0x0000000704000000| 99%| O|  |TAMS 0x0000000703e00000, 0x0000000703e00000| Untracked 
|  12|0x0000000704000000, 0x00000007041fffc8, 0x0000000704200000| 99%| O|  |TAMS 0x0000000704000000, 0x0000000704000000| Untracked 
|  13|0x0000000704200000, 0x00000007043fffe8, 0x0000000704400000| 99%| O|  |TAMS 0x0000000704200000, 0x0000000704200000| Untracked 
|  14|0x0000000704400000, 0x00000007045fffe8, 0x0000000704600000| 99%| O|  |TAMS 0x0000000704400000, 0x0000000704400000| Untracked 
|  15|0x0000000704600000, 0x00000007047ffff0, 0x0000000704800000| 99%| O|  |TAMS 0x0000000704600000, 0x0000000704600000| Untracked 
|  16|0x0000000704800000, 0x00000007049c3170, 0x0000000704a00000| 88%| O|  |TAMS 0x0000000704800000, 0x0000000704800000| Untracked 
|  17|0x0000000704a00000, 0x0000000704a9c5a8, 0x0000000704c00000| 30%| O|  |TAMS 0x0000000704a00000, 0x0000000704a00000| Untracked 
|  18|0x0000000704c00000, 0x0000000704e00000, 0x0000000704e00000|100%| O|  |TAMS 0x0000000704c00000, 0x0000000704c00000| Untracked 
|  19|0x0000000704e00000, 0x0000000704e28600, 0x0000000705000000|  7%| O|  |TAMS 0x0000000704e00000, 0x0000000704e00000| Untracked 
|  20|0x0000000705000000, 0x0000000705000000, 0x0000000705200000|  0%| F|  |TAMS 0x0000000705000000, 0x0000000705000000| Untracked 
|  21|0x0000000705200000, 0x0000000705200000, 0x0000000705400000|  0%| F|  |TAMS 0x0000000705200000, 0x0000000705200000| Untracked 
|  22|0x0000000705400000, 0x0000000705400000, 0x0000000705600000|  0%| F|  |TAMS 0x0000000705400000, 0x0000000705400000| Untracked 
|  23|0x0000000705600000, 0x0000000705600000, 0x0000000705800000|  0%| F|  |TAMS 0x0000000705600000, 0x0000000705600000| Untracked 
|  24|0x0000000705800000, 0x0000000705800000, 0x0000000705a00000|  0%| F|  |TAMS 0x0000000705800000, 0x0000000705800000| Untracked 
|  25|0x0000000705a00000, 0x0000000705a00000, 0x0000000705c00000|  0%| F|  |TAMS 0x0000000705a00000, 0x0000000705a00000| Untracked 
|  26|0x0000000705c00000, 0x0000000705dffff0, 0x0000000705e00000| 99%| O|  |TAMS 0x0000000705c00000, 0x0000000705c00000| Untracked 
|  27|0x0000000705e00000, 0x0000000705eaed10, 0x0000000706000000| 34%| O|  |TAMS 0x0000000705e00000, 0x0000000705e00000| Untracked 
|  28|0x0000000706000000, 0x0000000706000000, 0x0000000706200000|  0%| F|  |TAMS 0x0000000706000000, 0x0000000706000000| Untracked 
|  29|0x0000000706200000, 0x00000007062328e8, 0x0000000706400000|  9%| S|  |TAMS 0x0000000706200000, 0x0000000706200000| Complete 
|  30|0x0000000706400000, 0x0000000706600000, 0x0000000706600000|100%| S|  |TAMS 0x0000000706400000, 0x0000000706400000| Complete 
|  31|0x0000000706600000, 0x0000000706600000, 0x0000000706800000|  0%| F|  |TAMS 0x0000000706600000, 0x0000000706600000| Untracked 
|  32|0x0000000706800000, 0x0000000706a00000, 0x0000000706a00000|100%| S|  |TAMS 0x0000000706800000, 0x0000000706800000| Complete 
|  33|0x0000000706a00000, 0x0000000706a00000, 0x0000000706c00000|  0%| F|  |TAMS 0x0000000706a00000, 0x0000000706a00000| Untracked 
|  34|0x0000000706c00000, 0x0000000706c00000, 0x0000000706e00000|  0%| F|  |TAMS 0x0000000706c00000, 0x0000000706c00000| Untracked 
|  35|0x0000000706e00000, 0x0000000706e00000, 0x0000000707000000|  0%| F|  |TAMS 0x0000000706e00000, 0x0000000706e00000| Untracked 
|  36|0x0000000707000000, 0x0000000707000000, 0x0000000707200000|  0%| F|  |TAMS 0x0000000707000000, 0x0000000707000000| Untracked 
|  37|0x0000000707200000, 0x0000000707200000, 0x0000000707400000|  0%| F|  |TAMS 0x0000000707200000, 0x0000000707200000| Untracked 
|  38|0x0000000707400000, 0x0000000707400000, 0x0000000707600000|  0%| F|  |TAMS 0x0000000707400000, 0x0000000707400000| Untracked 
|  39|0x0000000707600000, 0x0000000707600000, 0x0000000707800000|  0%| F|  |TAMS 0x0000000707600000, 0x0000000707600000| Untracked 
|  40|0x0000000707800000, 0x0000000707800000, 0x0000000707a00000|  0%| F|  |TAMS 0x0000000707800000, 0x0000000707800000| Untracked 
|  41|0x0000000707a00000, 0x0000000707a2c138, 0x0000000707c00000|  8%| E|  |TAMS 0x0000000707a00000, 0x0000000707a00000| Complete 
|  42|0x0000000707c00000, 0x0000000707e00000, 0x0000000707e00000|100%| E|  |TAMS 0x0000000707c00000, 0x0000000707c00000| Complete 
|  43|0x0000000707e00000, 0x0000000708000000, 0x0000000708000000|100%| E|  |TAMS 0x0000000707e00000, 0x0000000707e00000| Complete 
|  44|0x0000000708000000, 0x0000000708200000, 0x0000000708200000|100%| E|  |TAMS 0x0000000708000000, 0x0000000708000000| Complete 
|  45|0x0000000708200000, 0x0000000708400000, 0x0000000708400000|100%| E|  |TAMS 0x0000000708200000, 0x0000000708200000| Complete 
|  46|0x0000000708400000, 0x0000000708600000, 0x0000000708600000|100%| E|  |TAMS 0x0000000708400000, 0x0000000708400000| Complete 
|  47|0x0000000708600000, 0x0000000708800000, 0x0000000708800000|100%| E|  |TAMS 0x0000000708600000, 0x0000000708600000| Complete 
|  48|0x0000000708800000, 0x0000000708a00000, 0x0000000708a00000|100%| E|  |TAMS 0x0000000708800000, 0x0000000708800000| Complete 
| 126|0x0000000712400000, 0x0000000712600000, 0x0000000712600000|100%| E|  |TAMS 0x0000000712400000, 0x0000000712400000| Complete 
|2026|0x00000007ffc00000, 0x00000007ffe00000, 0x00000007ffe00000|100%| E|  |TAMS 0x00000007ffc00000, 0x00000007ffc00000| Complete 
|2027|0x00000007ffe00000, 0x0000000800000000, 0x0000000800000000|100%| E|  |TAMS 0x00000007ffe00000, 0x00000007ffe00000| Complete 

Card table byte_map: [0x000001e9d0ca0000,0x000001e9d1490000] _byte_map_base: 0x000001e9cd48c000

Marking Bits (Prev, Next): (CMBitMap*) 0x000001e9bc14ba60, (CMBitMap*) 0x000001e9bc14baa0
 Prev Bits: [0x000001e9d1c80000, 0x000001e9d5be0000)
 Next Bits: [0x000001e9d5be0000, 0x000001e9d9b40000)

Polling page: 0x000001e9bbf90000

Metaspace:

Usage:
  Non-class:     48.49 MB used.
      Class:      7.34 MB used.
       Both:     55.84 MB used.

Virtual space:
  Non-class space:       56.00 MB reserved,      48.88 MB ( 87%) committed,  7 nodes.
      Class space:        1.00 GB reserved,       7.69 MB ( <1%) committed,  1 nodes.
              Both:        1.05 GB reserved,      56.56 MB (  5%) committed. 

Chunk freelists:
   Non-Class:  3.18 MB
       Class:  382.00 KB
        Both:  3.56 MB

MaxMetaspaceSize: 17179869184.00 GB
CompressedClassSpaceSize: 1.00 GB
 - commit_granule_bytes: 65536.
 - commit_granule_words: 8192.
 - virtual_space_node_default_size: 1048576.
 - enlarge_chunks_in_place: 1.
 - new_chunks_are_fully_committed: 0.
 - uncommit_free_chunks: 1.
 - use_allocation_guard: 0.
 - handle_deallocations: 1.


Internal statistics:

num_allocs_failed_limit: 6.
num_arena_births: 834.
num_arena_deaths: 0.
num_vsnodes_births: 8.
num_vsnodes_deaths: 0.
num_space_committed: 905.
num_space_uncommitted: 0.
num_chunks_returned_to_freelist: 6.
num_chunks_taken_from_freelist: 2689.
num_chunk_merges: 3.
num_chunk_splits: 1725.
num_chunks_enlarged: 1144.
num_purges: 0.

CodeHeap 'non-profiled nmethods': size=238912Kb used=14149Kb max_used=14149Kb free=224763Kb
 bounds [0x000001e9c1530000, 0x000001e9c2310000, 0x000001e9cfe80000]
CodeHeap 'non-nmethods': size=6848Kb used=1252Kb max_used=1252Kb free=5595Kb
 bounds [0x000001e9c0e80000, 0x000001e9c10f0000, 0x000001e9c1530000]
 total_blobs=8902 nmethods=8337 adapters=492
 compilation: enabled
              stopped_count=0, restarted_count=0
 full_count=0

Compilation events (20 events):
Event: 2211.550 Thread 0x000001e9dcc5f3e0 8328       1       com.netflix.servo.util.Reflection::getAllMethods (38 bytes)
Event: 2211.551 Thread 0x000001e9dcc5f3e0 nmethod 8328 0x000001e9c22fb390 code [0x000001e9c22fb5a0, 0x000001e9c22fba48]
Event: 2211.551 Thread 0x000001e9dcc5f3e0 8329       1       com.netflix.servo.monitor.BasicCompositeMonitor::getMonitors (5 bytes)
Event: 2211.551 Thread 0x000001e9dcc5f3e0 nmethod 8329 0x000001e9c22fbc90 code [0x000001e9c22fbe20, 0x000001e9c22fbef8]
Event: 2211.556 Thread 0x000001e9dcc5f3e0 8330       1       com.netflix.servo.monitor.Monitors::wrap (58 bytes)
Event: 2211.557 Thread 0x000001e9dcc5f3e0 nmethod 8330 0x000001e9c22fbf90 code [0x000001e9c22fc280, 0x000001e9c22fd138]
Event: 2211.557 Thread 0x000001e9dcc5f3e0 8331       1       com.netflix.servo.monitor.MonitorConfig::withAdditionalTags (12 bytes)
Event: 2211.557 Thread 0x000001e9dcc5f3e0 nmethod 8331 0x000001e9c22fd810 code [0x000001e9c22fda00, 0x000001e9c22fde98]
Event: 2211.557 Thread 0x000001e9dcc5f3e0 8332       1       com.netflix.servo.tag.SortedTagList::iterator (15 bytes)
Event: 2211.557 Thread 0x000001e9dcc5f3e0 nmethod 8332 0x000001e9c22fe090 code [0x000001e9c22fe240, 0x000001e9c22fe358]
Event: 2211.568 Thread 0x000001e9dcc5f3e0 8333       1       com.sun.jmx.mbeanserver.JmxMBeanServer::unregisterMBean (15 bytes)
Event: 2211.568 Thread 0x000001e9dcc5f3e0 nmethod 8333 0x000001e9c22fe410 code [0x000001e9c22fe600, 0x000001e9c22fe8e8]
Event: 2211.568 Thread 0x000001e9dcc5f3e0 8334   !   1       com.sun.jmx.interceptor.DefaultMBeanServerInterceptor::unregisterMBean (189 bytes)
Event: 2211.569 Thread 0x000001e9dcc5f3e0 nmethod 8334 0x000001e9c22fea90 code [0x000001e9c22fed40, 0x000001e9c22ff7f8]
Event: 2211.569 Thread 0x000001e9dcc5f3e0 8335   !   1       com.sun.jmx.interceptor.DefaultMBeanServerInterceptor::exclusiveUnregisterMBean (81 bytes)
Event: 2211.569 Thread 0x000001e9dcc5f3e0 nmethod 8335 0x000001e9c2300090 code [0x000001e9c23002c0, 0x000001e9c2300958]
Event: 2211.580 Thread 0x000001e9dcc5f3e0 8336       1       com.netflix.servo.DefaultMonitorRegistry::getInstance (4 bytes)
Event: 2211.580 Thread 0x000001e9dcc5f3e0 nmethod 8336 0x000001e9c2300d10 code [0x000001e9c2300ea0, 0x000001e9c2300f58]
Event: 2211.580 Thread 0x000001e9dcc5f3e0 8337       1       com.netflix.servo.jmx.MonitorMBean::createMBeans (17 bytes)
Event: 2211.581 Thread 0x000001e9dcc5f3e0 nmethod 8337 0x000001e9c2301010 code [0x000001e9c23011c0, 0x000001e9c2301368]

GC Heap History (20 events):
Event: 139.675 GC heap after
{Heap after GC invocations=16 (full 2):
 garbage-first heap   total 106496K, used 32781K [0x0000000702800000, 0x0000000800000000)
  region size 2048K, 0 young (0K), 0 survivors (0K)
 Metaspace       used 53543K, committed 54080K, reserved 1097728K
  class space    used 7072K, committed 7360K, reserved 1048576K
}
Event: 140.132 GC heap before
{Heap before GC invocations=16 (full 2):
 garbage-first heap   total 106496K, used 73741K [0x0000000702800000, 0x0000000800000000)
  region size 2048K, 21 young (43008K), 0 survivors (0K)
 Metaspace       used 53593K, committed 54144K, reserved 1097728K
  class space    used 7080K, committed 7360K, reserved 1048576K
}
Event: 140.135 GC heap after
{Heap after GC invocations=17 (full 2):
 garbage-first heap   total 106496K, used 35783K [0x0000000702800000, 0x0000000800000000)
  region size 2048K, 2 young (4096K), 2 survivors (4096K)
 Metaspace       used 53593K, committed 54144K, reserved 1097728K
  class space    used 7080K, committed 7360K, reserved 1048576K
}
Event: 152.019 GC heap before
{Heap before GC invocations=17 (full 2):
 garbage-first heap   total 106496K, used 72647K [0x0000000702800000, 0x0000000800000000)
  region size 2048K, 22 young (45056K), 2 survivors (4096K)
 Metaspace       used 53762K, committed 54336K, reserved 1097728K
  class space    used 7092K, committed 7360K, reserved 1048576K
}
Event: 152.080 GC heap after
{Heap after GC invocations=18 (full 3):
 garbage-first heap   total 106496K, used 34934K [0x0000000702800000, 0x0000000800000000)
  region size 2048K, 0 young (0K), 0 survivors (0K)
 Metaspace       used 53762K, committed 54336K, reserved 1097728K
  class space    used 7092K, committed 7360K, reserved 1048576K
}
Event: 152.539 GC heap before
{Heap before GC invocations=18 (full 3):
 garbage-first heap   total 106496K, used 75894K [0x0000000702800000, 0x0000000800000000)
  region size 2048K, 21 young (43008K), 0 survivors (0K)
 Metaspace       used 53821K, committed 54400K, reserved 1097728K
  class space    used 7102K, committed 7360K, reserved 1048576K
}
Event: 152.543 GC heap after
{Heap after GC invocations=19 (full 3):
 garbage-first heap   total 106496K, used 37997K [0x0000000702800000, 0x0000000800000000)
  region size 2048K, 2 young (4096K), 2 survivors (4096K)
 Metaspace       used 53821K, committed 54400K, reserved 1097728K
  class space    used 7102K, committed 7360K, reserved 1048576K
}
Event: 217.832 GC heap before
{Heap before GC invocations=19 (full 3):
 garbage-first heap   total 106496K, used 76909K [0x0000000702800000, 0x0000000800000000)
  region size 2048K, 22 young (45056K), 2 survivors (4096K)
 Metaspace       used 54490K, committed 55104K, reserved 1097728K
  class space    used 7173K, committed 7488K, reserved 1048576K
}
Event: 217.838 GC heap after
{Heap after GC invocations=20 (full 3):
 garbage-first heap   total 106496K, used 39565K [0x0000000702800000, 0x0000000800000000)
  region size 2048K, 3 young (6144K), 3 survivors (6144K)
 Metaspace       used 54490K, committed 55104K, reserved 1097728K
  class space    used 7173K, committed 7488K, reserved 1048576K
}
Event: 1450.800 GC heap before
{Heap before GC invocations=20 (full 3):
 garbage-first heap   total 106496K, used 76429K [0x0000000702800000, 0x0000000800000000)
  region size 2048K, 22 young (45056K), 3 survivors (6144K)
 Metaspace       used 56686K, committed 57280K, reserved 1105920K
  class space    used 7453K, committed 7744K, reserved 1048576K
}
Event: 1450.805 GC heap after
{Heap after GC invocations=21 (full 3):
 garbage-first heap   total 106496K, used 40474K [0x0000000702800000, 0x0000000800000000)
  region size 2048K, 2 young (4096K), 2 survivors (4096K)
 Metaspace       used 56686K, committed 57280K, reserved 1105920K
  class space    used 7453K, committed 7744K, reserved 1048576K
}
Event: 2015.920 GC heap before
{Heap before GC invocations=21 (full 3):
 garbage-first heap   total 106496K, used 54810K [0x0000000702800000, 0x0000000800000000)
  region size 2048K, 10 young (20480K), 2 survivors (4096K)
 Metaspace       used 56694K, committed 57344K, reserved 1105920K
  class space    used 7455K, committed 7744K, reserved 1048576K
}
Event: 2015.980 GC heap after
{Heap after GC invocations=22 (full 4):
 garbage-first heap   total 106496K, used 37944K [0x0000000702800000, 0x0000000800000000)
  region size 2048K, 0 young (0K), 0 survivors (0K)
 Metaspace       used 56694K, committed 57344K, reserved 1105920K
  class space    used 7455K, committed 7744K, reserved 1048576K
}
Event: 2016.450 GC heap before
{Heap before GC invocations=22 (full 4):
 garbage-first heap   total 106496K, used 78904K [0x0000000702800000, 0x0000000800000000)
  region size 2048K, 21 young (43008K), 0 survivors (0K)
 Metaspace       used 56733K, committed 57344K, reserved 1105920K
  class space    used 7460K, committed 7744K, reserved 1048576K
}
Event: 2016.454 GC heap after
{Heap after GC invocations=23 (full 4):
 garbage-first heap   total 106496K, used 40983K [0x0000000702800000, 0x0000000800000000)
  region size 2048K, 2 young (4096K), 2 survivors (4096K)
 Metaspace       used 56733K, committed 57344K, reserved 1105920K
  class space    used 7460K, committed 7744K, reserved 1048576K
}
Event: 2127.318 GC heap before
{Heap before GC invocations=23 (full 4):
 garbage-first heap   total 106496K, used 79895K [0x0000000702800000, 0x0000000800000000)
  region size 2048K, 22 young (45056K), 2 survivors (4096K)
 Metaspace       used 56993K, committed 57664K, reserved 1105920K
  class space    used 7504K, committed 7808K, reserved 1048576K
}
Event: 2127.323 GC heap after
{Heap after GC invocations=24 (full 4):
 garbage-first heap   total 106496K, used 42871K [0x0000000702800000, 0x0000000800000000)
  region size 2048K, 3 young (6144K), 3 survivors (6144K)
 Metaspace       used 56993K, committed 57664K, reserved 1105920K
  class space    used 7504K, committed 7808K, reserved 1048576K
}
Event: 2127.566 GC heap before
{Heap before GC invocations=24 (full 4):
 garbage-first heap   total 106496K, used 79735K [0x0000000702800000, 0x0000000800000000)
  region size 2048K, 22 young (45056K), 3 survivors (6144K)
 Metaspace       used 57086K, committed 57728K, reserved 1105920K
  class space    used 7513K, committed 7808K, reserved 1048576K
}
Event: 2127.572 GC heap after
{Heap after GC invocations=25 (full 4):
 garbage-first heap   total 106496K, used 44452K [0x0000000702800000, 0x0000000800000000)
  region size 2048K, 3 young (6144K), 3 survivors (6144K)
 Metaspace       used 57086K, committed 57728K, reserved 1105920K
  class space    used 7513K, committed 7808K, reserved 1048576K
}
Event: 2211.593 GC heap before
{Heap before GC invocations=25 (full 4):
 garbage-first heap   total 106496K, used 64932K [0x0000000702800000, 0x0000000800000000)
  region size 2048K, 14 young (28672K), 3 survivors (6144K)
 Metaspace       used 57175K, committed 57920K, reserved 1105920K
  class space    used 7518K, committed 7872K, reserved 1048576K
}

Deoptimization events (20 events):
Event: 219.105 Thread 0x000001e9e15ef6d0 DEOPT PACKING pc=0x000001e9c21135dc sp=0x00000033932ff000
Event: 219.105 Thread 0x000001e9e15ef6d0 DEOPT UNPACKING pc=0x000001e9c0ecdece sp=0x00000033932fe500 mode 0
Event: 233.984 Thread 0x000001e9e15f1c00 DEOPT PACKING pc=0x000001e9c211356c sp=0x00000033942fee30
Event: 233.984 Thread 0x000001e9de548550 DEOPT PACKING pc=0x000001e9c211356c sp=0x00000033936fef90
Event: 233.984 Thread 0x000001e9e15f1c00 DEOPT UNPACKING pc=0x000001e9c0ecdece sp=0x00000033942fe330 mode 0
Event: 233.984 Thread 0x000001e9de548550 DEOPT UNPACKING pc=0x000001e9c0ecdece sp=0x00000033936fe490 mode 0
Event: 234.000 Thread 0x000001e9e15f16b0 DEOPT PACKING pc=0x000001e9c211356c sp=0x00000033943feaa0
Event: 234.000 Thread 0x000001e9e15f16b0 DEOPT UNPACKING pc=0x000001e9c0ecdece sp=0x00000033943fdfa0 mode 0
Event: 241.042 Thread 0x000001e9e15f3690 DEOPT PACKING pc=0x000001e9c211356c sp=0x00000033944ff480
Event: 241.042 Thread 0x000001e9e15f3690 DEOPT UNPACKING pc=0x000001e9c0ecdece sp=0x00000033944fe980 mode 0
Event: 243.118 Thread 0x000001e9e15f4130 DEOPT PACKING pc=0x000001e9c21135dc sp=0x0000003393ffef40
Event: 243.118 Thread 0x000001e9e15f3140 DEOPT PACKING pc=0x000001e9c21135dc sp=0x0000003393eff0b0
Event: 243.118 Thread 0x000001e9e15f4130 DEOPT UNPACKING pc=0x000001e9c0ecdece sp=0x0000003393ffe440 mode 0
Event: 243.118 Thread 0x000001e9e15f3140 DEOPT UNPACKING pc=0x000001e9c0ecdece sp=0x0000003393efe5b0 mode 0
Event: 243.118 Thread 0x000001e9e15f1160 DEOPT PACKING pc=0x000001e9c21135dc sp=0x00000033934ff170
Event: 243.118 Thread 0x000001e9e15f0170 DEOPT PACKING pc=0x000001e9c21135dc sp=0x00000033917ff0c0
Event: 243.118 Thread 0x000001e9e15f1160 DEOPT UNPACKING pc=0x000001e9c0ecdece sp=0x00000033934fe670 mode 0
Event: 243.118 Thread 0x000001e9e15f0170 DEOPT UNPACKING pc=0x000001e9c0ecdece sp=0x00000033917fe5c0 mode 0
Event: 243.134 Thread 0x000001e9e15ec700 DEOPT PACKING pc=0x000001e9c21135dc sp=0x00000033940ff210
Event: 243.134 Thread 0x000001e9e15ec700 DEOPT UNPACKING pc=0x000001e9c0ecdece sp=0x00000033940fe710 mode 0

Classes unloaded (0 events):
No events

Classes redefined (0 events):
No events

Internal exceptions (20 events):
Event: 2127.425 Thread 0x000001e9e15f16b0 Exception <a 'java/lang/ClassNotFoundException'{0x000000070747ac68}: com/music/app/playlist/MusicServicioPlaylistApplication$$EnhancerBySpringCGLIB$$820f1351Customizer> (0x000000070747ac68) 
thrown [t:\workspace\open\src\hotspot\share\classfile\systemDictionary.cpp, line 256]
Event: 2127.425 Thread 0x000001e9e15f16b0 Exception <a 'java/lang/ClassNotFoundException'{0x0000000707485148}: org/springframework/context/annotation/ConfigurationClassEnhancer$EnhancedConfigurationCustomizer> (0x0000000707485148) 
thrown [t:\workspace\open\src\hotspot\share\classfile\systemDictionary.cpp, line 256]
Event: 2127.426 Thread 0x000001e9e15f16b0 Exception <a 'java/lang/ClassNotFoundException'{0x0000000707489918}: org/springframework/beans/factory/BeanFactoryAwareCustomizer> (0x0000000707489918) 
thrown [t:\workspace\open\src\hotspot\share\classfile\systemDictionary.cpp, line 256]
Event: 2127.426 Thread 0x000001e9e15f16b0 Exception <a 'java/lang/ClassNotFoundException'{0x000000070748f6f8}: org/springframework/beans/factory/AwareCustomizer> (0x000000070748f6f8) 
thrown [t:\workspace\open\src\hotspot\share\classfile\systemDictionary.cpp, line 256]
Event: 2127.426 Thread 0x000001e9e15f16b0 Exception <a 'java/lang/ClassNotFoundException'{0x00000007074970d0}: java/lang/ObjectCustomizer> (0x00000007074970d0) 
thrown [t:\workspace\open\src\hotspot\share\classfile\systemDictionary.cpp, line 256]
Event: 2127.426 Thread 0x000001e9e15f16b0 Exception <a 'java/lang/ClassNotFoundException'{0x000000070749f708}: com/music/app/playlist/AppConfigCustomizer> (0x000000070749f708) 
thrown [t:\workspace\open\src\hotspot\share\classfile\systemDictionary.cpp, line 256]
Event: 2127.427 Thread 0x000001e9e15f16b0 Exception <a 'java/lang/ClassNotFoundException'{0x00000007074a6c90}: com/music/app/playlist/AppConfig$$EnhancerBySpringCGLIB$$977d977fCustomizer> (0x00000007074a6c90) 
thrown [t:\workspace\open\src\hotspot\share\classfile\systemDictionary.cpp, line 256]
Event: 2127.427 Thread 0x000001e9e15f16b0 Exception <a 'java/lang/ClassNotFoundException'{0x00000007074b15b0}: org/springframework/context/annotation/ConfigurationClassEnhancer$EnhancedConfigurationCustomizer> (0x00000007074b15b0) 
thrown [t:\workspace\open\src\hotspot\share\classfile\systemDictionary.cpp, line 256]
Event: 2127.427 Thread 0x000001e9e15f16b0 Exception <a 'java/lang/ClassNotFoundException'{0x00000007074b5ec0}: org/springframework/beans/factory/BeanFactoryAwareCustomizer> (0x00000007074b5ec0) 
thrown [t:\workspace\open\src\hotspot\share\classfile\systemDictionary.cpp, line 256]
Event: 2127.427 Thread 0x000001e9e15f16b0 Exception <a 'java/lang/ClassNotFoundException'{0x00000007074bb880}: org/springframework/beans/factory/AwareCustomizer> (0x00000007074bb880) 
thrown [t:\workspace\open\src\hotspot\share\classfile\systemDictionary.cpp, line 256]
Event: 2127.429 Thread 0x000001e9e15f16b0 Exception <a 'java/lang/ClassNotFoundException'{0x00000007074ccc68}: java/lang/ObjectCustomizer> (0x00000007074ccc68) 
thrown [t:\workspace\open\src\hotspot\share\classfile\systemDictionary.cpp, line 256]
Event: 2127.429 Thread 0x000001e9e15f16b0 Exception <a 'java/lang/ClassNotFoundException'{0x00000007074d5880}: com/music/app/playlist/controllers/PlaylistControllerCustomizer> (0x00000007074d5880) 
thrown [t:\workspace\open\src\hotspot\share\classfile\systemDictionary.cpp, line 256]
Event: 2127.430 Thread 0x000001e9e15f16b0 Exception <a 'java/lang/ClassNotFoundException'{0x00000007074e9db8}: java/lang/ObjectCustomizer> (0x00000007074e9db8) 
thrown [t:\workspace\open\src\hotspot\share\classfile\systemDictionary.cpp, line 256]
Event: 2127.430 Thread 0x000001e9e15f16b0 Exception <a 'java/lang/ClassNotFoundException'{0x00000007074f2900}: com/music/app/playlist/services/PlaylistServiceImplCustomizer> (0x00000007074f2900) 
thrown [t:\workspace\open\src\hotspot\share\classfile\systemDictionary.cpp, line 256]
Event: 2127.431 Thread 0x000001e9e15f16b0 Exception <a 'java/lang/ClassNotFoundException'{0x00000007074fce40}: com/music/app/playlist/services/IPlaylistServiceCustomizer> (0x00000007074fce40) 
thrown [t:\workspace\open\src\hotspot\share\classfile\systemDictionary.cpp, line 256]
Event: 2127.498 Thread 0x000001e9e15f16b0 Exception <a 'java/lang/reflect/InvocationTargetException'{0x0000000706e56990}> (0x0000000706e56990) 
thrown [t:\workspace\open\src\hotspot\share\runtime\reflection.cpp, line 1157]
Event: 2127.498 Thread 0x000001e9e15f16b0 Exception <a 'java/lang/reflect/InvocationTargetException'{0x0000000706e60050}> (0x0000000706e60050) 
thrown [t:\workspace\open\src\hotspot\share\runtime\reflection.cpp, line 1157]
Event: 2127.613 Thread 0x000001e9e15f16b0 Exception <a 'java/net/BindException'{0x00000007ffc7cd70}: Address already in use: bind> (0x00000007ffc7cd70) 
thrown [t:\workspace\open\src\hotspot\share\prims\jni.cpp, line 600]
Event: 2127.613 Thread 0x000001e9e15f16b0 Exception <a 'java/net/SocketException'{0x00000007ffc7d350}: Socket is not connected: shutdown> (0x00000007ffc7d350) 
thrown [t:\workspace\open\src\hotspot\share\prims\jni.cpp, line 600]
Event: 2208.529 Thread 0x000001e9e15f26a0 Exception <a 'java/lang/InterruptedException'{0x0000000707cf4fd8}: sleep interrupted> (0x0000000707cf4fd8) 
thrown [t:\workspace\open\src\hotspot\share\prims\jvm.cpp, line 3305]

Events (20 events):
Event: 2211.587 Executing  VM operation: ICBufferFull done
Event: 2211.588 Executing  VM operation: ICBufferFull
Event: 2211.588 Executing  VM operation: ICBufferFull done
Event: 2211.588 Executing  VM operation: ICBufferFull
Event: 2211.588 Executing  VM operation: ICBufferFull done
Event: 2211.589 Executing  VM operation: ICBufferFull
Event: 2211.589 Executing  VM operation: ICBufferFull done
Event: 2211.589 Executing  VM operation: ICBufferFull
Event: 2211.590 Executing  VM operation: ICBufferFull done
Event: 2211.590 Executing  VM operation: ICBufferFull
Event: 2211.590 Executing  VM operation: ICBufferFull done
Event: 2211.591 Executing  VM operation: ICBufferFull
Event: 2211.591 Executing  VM operation: ICBufferFull done
Event: 2211.591 Executing  VM operation: ICBufferFull
Event: 2211.591 Executing  VM operation: ICBufferFull done
Event: 2211.592 Executing  VM operation: ICBufferFull
Event: 2211.592 Executing  VM operation: ICBufferFull done
Event: 2211.592 Executing  VM operation: ICBufferFull
Event: 2211.593 Executing  VM operation: ICBufferFull done
Event: 2211.593 Executing  VM operation: G1CollectFull


Dynamic libraries:
0x00007ff662380000 - 0x00007ff66238e000 	C:\SpringCloud\sts-4.11.1.RELEASE\plugins\org.eclipse.justj.openjdk.hotspot.jre.full.win32.x86_64_16.0.2.v20210721-1149\jre\bin\javaw.exe
0x00007ffe68ab0000 - 0x00007ffe68ca5000 	C:\Windows\SYSTEM32\ntdll.dll
0x00007ffe68720000 - 0x00007ffe687de000 	C:\Windows\System32\KERNEL32.DLL
0x00007ffe66620000 - 0x00007ffe668e9000 	C:\Windows\System32\KERNELBASE.dll
0x00007ffe663c0000 - 0x00007ffe664c0000 	C:\Windows\System32\ucrtbase.dll
0x00007ffe568d0000 - 0x00007ffe568e8000 	C:\SpringCloud\sts-4.11.1.RELEASE\plugins\org.eclipse.justj.openjdk.hotspot.jre.full.win32.x86_64_16.0.2.v20210721-1149\jre\bin\jli.dll
0x00007ffe67460000 - 0x00007ffe67601000 	C:\Windows\System32\USER32.dll
0x00007ffe66550000 - 0x00007ffe66572000 	C:\Windows\System32\win32u.dll
0x00007ffe687e0000 - 0x00007ffe6880b000 	C:\Windows\System32\GDI32.dll
0x00007ffe669f0000 - 0x00007ffe66afb000 	C:\Windows\System32\gdi32full.dll
0x00007ffe66580000 - 0x00007ffe6661d000 	C:\Windows\System32\msvcp_win.dll
0x00007ffe5ffa0000 - 0x00007ffe5ffb9000 	C:\SpringCloud\sts-4.11.1.RELEASE\plugins\org.eclipse.justj.openjdk.hotspot.jre.full.win32.x86_64_16.0.2.v20210721-1149\jre\bin\VCRUNTIME140.dll
0x00007ffe57160000 - 0x00007ffe573fa000 	C:\Windows\WinSxS\amd64_microsoft.windows.common-controls_6595b64144ccf1df_6.0.19041.1110_none_60b5254171f9507e\COMCTL32.dll
0x00007ffe66b60000 - 0x00007ffe66bfe000 	C:\Windows\System32\msvcrt.dll
0x00007ffe68590000 - 0x00007ffe685c0000 	C:\Windows\System32\IMM32.DLL
0x00007ffe60e70000 - 0x00007ffe60e7c000 	C:\SpringCloud\sts-4.11.1.RELEASE\plugins\org.eclipse.justj.openjdk.hotspot.jre.full.win32.x86_64_16.0.2.v20210721-1149\jre\bin\vcruntime140_1.dll
0x00007ffe528c0000 - 0x00007ffe52951000 	C:\SpringCloud\sts-4.11.1.RELEASE\plugins\org.eclipse.justj.openjdk.hotspot.jre.full.win32.x86_64_16.0.2.v20210721-1149\jre\bin\msvcp140.dll
0x00007ffe160c0000 - 0x00007ffe16c6b000 	C:\SpringCloud\sts-4.11.1.RELEASE\plugins\org.eclipse.justj.openjdk.hotspot.jre.full.win32.x86_64_16.0.2.v20210721-1149\jre\bin\server\jvm.dll
0x00007ffe67f70000 - 0x00007ffe6801c000 	C:\Windows\System32\ADVAPI32.dll
0x00007ffe67610000 - 0x00007ffe676ab000 	C:\Windows\System32\sechost.dll
0x00007ffe67920000 - 0x00007ffe67a4a000 	C:\Windows\System32\RPCRT4.dll
0x00007ffe68580000 - 0x00007ffe68588000 	C:\Windows\System32\PSAPI.DLL
0x00007ffe52dd0000 - 0x00007ffe52df7000 	C:\Windows\SYSTEM32\WINMM.dll
0x00007ffe4b0e0000 - 0x00007ffe4b0e9000 	C:\Windows\SYSTEM32\WSOCK32.dll
0x00007ffe68620000 - 0x00007ffe6868b000 	C:\Windows\System32\WS2_32.dll
0x00007ffe5e860000 - 0x00007ffe5e86a000 	C:\Windows\SYSTEM32\VERSION.dll
0x00007ffe640d0000 - 0x00007ffe640e2000 	C:\Windows\SYSTEM32\kernel.appcore.dll
0x00007ffe60a50000 - 0x00007ffe60a5a000 	C:\SpringCloud\sts-4.11.1.RELEASE\plugins\org.eclipse.justj.openjdk.hotspot.jre.full.win32.x86_64_16.0.2.v20210721-1149\jre\bin\jimage.dll
0x00007ffe56a10000 - 0x00007ffe56bf4000 	C:\Windows\SYSTEM32\DBGHELP.DLL
0x00007ffe569e0000 - 0x00007ffe56a0c000 	C:\Windows\SYSTEM32\dbgcore.DLL
0x00007ffe66330000 - 0x00007ffe663b3000 	C:\Windows\System32\bcryptPrimitives.dll
0x00007ffe578c0000 - 0x00007ffe578e5000 	C:\SpringCloud\sts-4.11.1.RELEASE\plugins\org.eclipse.justj.openjdk.hotspot.jre.full.win32.x86_64_16.0.2.v20210721-1149\jre\bin\java.dll
0x00007ffe5ff80000 - 0x00007ffe5ff98000 	C:\SpringCloud\sts-4.11.1.RELEASE\plugins\org.eclipse.justj.openjdk.hotspot.jre.full.win32.x86_64_16.0.2.v20210721-1149\jre\bin\zip.dll
0x00007ffe66c00000 - 0x00007ffe6733f000 	C:\Windows\System32\SHELL32.dll
0x00007ffe642d0000 - 0x00007ffe64a60000 	C:\Windows\SYSTEM32\windows.storage.dll
0x00007ffe67b80000 - 0x00007ffe67ed5000 	C:\Windows\System32\combase.dll
0x00007ffe65c20000 - 0x00007ffe65c4c000 	C:\Windows\SYSTEM32\Wldp.dll
0x00007ffe68810000 - 0x00007ffe688be000 	C:\Windows\System32\SHCORE.dll
0x00007ffe685c0000 - 0x00007ffe68615000 	C:\Windows\System32\shlwapi.dll
0x00007ffe66110000 - 0x00007ffe6612f000 	C:\Windows\SYSTEM32\profapi.dll
0x00007ffe5f8b0000 - 0x00007ffe5f8c9000 	C:\SpringCloud\sts-4.11.1.RELEASE\plugins\org.eclipse.justj.openjdk.hotspot.jre.full.win32.x86_64_16.0.2.v20210721-1149\jre\bin\net.dll
0x00007ffe55d90000 - 0x00007ffe55e98000 	C:\Windows\SYSTEM32\WINHTTP.dll
0x00007ffe65980000 - 0x00007ffe659ea000 	C:\Windows\system32\mswsock.dll
0x00007ffe5f520000 - 0x00007ffe5f533000 	C:\SpringCloud\sts-4.11.1.RELEASE\plugins\org.eclipse.justj.openjdk.hotspot.jre.full.win32.x86_64_16.0.2.v20210721-1149\jre\bin\nio.dll
0x00007ffe61030000 - 0x00007ffe61039000 	C:\SpringCloud\sts-4.11.1.RELEASE\plugins\org.eclipse.justj.openjdk.hotspot.jre.full.win32.x86_64_16.0.2.v20210721-1149\jre\bin\management.dll
0x00007ffe5f8f0000 - 0x00007ffe5f8fb000 	C:\SpringCloud\sts-4.11.1.RELEASE\plugins\org.eclipse.justj.openjdk.hotspot.jre.full.win32.x86_64_16.0.2.v20210721-1149\jre\bin\management_ext.dll
0x00007ffe52db0000 - 0x00007ffe52dc7000 	C:\Windows\system32\napinsp.dll
0x00007ffe51540000 - 0x00007ffe5155b000 	C:\Windows\system32\pnrpnsp.dll
0x00007ffe528a0000 - 0x00007ffe528b5000 	C:\Windows\system32\wshbth.dll
0x00007ffe625c0000 - 0x00007ffe625dd000 	C:\Windows\system32\NLAapi.dll
0x00007ffe65620000 - 0x00007ffe6565b000 	C:\Windows\SYSTEM32\IPHLPAPI.DLL
0x00007ffe65670000 - 0x00007ffe6573c000 	C:\Windows\SYSTEM32\DNSAPI.dll
0x00007ffe67790000 - 0x00007ffe67798000 	C:\Windows\System32\NSI.dll
0x00007ffe51520000 - 0x00007ffe51532000 	C:\Windows\System32\winrnr.dll
0x00007ffe54e50000 - 0x00007ffe54e5a000 	C:\Windows\System32\rasadhlp.dll
0x00007ffe55b30000 - 0x00007ffe55baf000 	C:\Windows\System32\fwpuclnt.dll
0x00007ffe664c0000 - 0x00007ffe664e7000 	C:\Windows\System32\bcrypt.dll
0x00007ffe65b70000 - 0x00007ffe65b88000 	C:\Windows\SYSTEM32\CRYPTSP.dll
0x00007ffe65290000 - 0x00007ffe652c4000 	C:\Windows\system32\rsaenh.dll
0x00007ffe660d0000 - 0x00007ffe660fe000 	C:\Windows\SYSTEM32\USERENV.dll
0x00007ffe65b90000 - 0x00007ffe65b9c000 	C:\Windows\SYSTEM32\CRYPTBASE.dll
0x00007ffe5cef0000 - 0x00007ffe5cf07000 	C:\Windows\SYSTEM32\dhcpcsvc6.DLL
0x00007ffe5d770000 - 0x00007ffe5d78d000 	C:\Windows\SYSTEM32\dhcpcsvc.DLL
0x00007ffe60990000 - 0x00007ffe609a0000 	C:\SpringCloud\sts-4.11.1.RELEASE\plugins\org.eclipse.justj.openjdk.hotspot.jre.full.win32.x86_64_16.0.2.v20210721-1149\jre\bin\verify.dll
0x00007ffe61400000 - 0x00007ffe6140e000 	C:\SpringCloud\sts-4.11.1.RELEASE\plugins\org.eclipse.justj.openjdk.hotspot.jre.full.win32.x86_64_16.0.2.v20210721-1149\jre\bin\sunmscapi.dll
0x00007ffe661d0000 - 0x00007ffe66326000 	C:\Windows\System32\CRYPT32.dll
0x00007ffe65c90000 - 0x00007ffe65cb7000 	C:\Windows\SYSTEM32\ncrypt.dll
0x00007ffe65c50000 - 0x00007ffe65c8b000 	C:\Windows\SYSTEM32\NTASN1.dll
0x00007ffe61630000 - 0x00007ffe61637000 	C:\Windows\system32\wshunix.dll

dbghelp: loaded successfully - version: 4.0.5 - missing functions: none
symbol engine: initialized successfully - sym options: 0x614 - pdb path: .;C:\SpringCloud\sts-4.11.1.RELEASE\plugins\org.eclipse.justj.openjdk.hotspot.jre.full.win32.x86_64_16.0.2.v20210721-1149\jre\bin;C:\Windows\SYSTEM32;C:\Windows\WinSxS\amd64_microsoft.windows.common-controls_6595b64144ccf1df_6.0.19041.1110_none_60b5254171f9507e;C:\SpringCloud\sts-4.11.1.RELEASE\plugins\org.eclipse.justj.openjdk.hotspot.jre.full.win32.x86_64_16.0.2.v20210721-1149\jre\bin\server

VM Arguments:
jvm_args: -Dcom.sun.management.jmxremote -Dcom.sun.management.jmxremote.port=58691 -Dcom.sun.management.jmxremote.authenticate=false -Dcom.sun.management.jmxremote.ssl=false -Djava.rmi.server.hostname=localhost -Dspring.jmx.enabled=true -Dspring.application.admin.enabled=true -XX:TieredStopAtLevel=1 -Dspring.boot.project.name=music-servicio-playlist -Dfile.encoding=UTF-8 -XX:+ShowCodeDetailsInExceptionMessages 
java_command: com.music.app.playlist.MusicServicioPlaylistApplication --spring.output.ansi.enabled=always
java_class_path (initial): C:\SpringCloud\music_workspace\music-servicio-playlist\target\classes;C:\Users\PC112-AR\.m2\repository\org\springframework\boot\spring-boot-starter-data-rest\2.5.4\spring-boot-starter-data-rest-2.5.4.jar;C:\Users\PC112-AR\.m2\repository\org\springframework\data\spring-data-rest-webmvc\3.5.4\spring-data-rest-webmvc-3.5.4.jar;C:\Users\PC112-AR\.m2\repository\org\springframework\data\spring-data-rest-core\3.5.4\spring-data-rest-core-3.5.4.jar;C:\Users\PC112-AR\.m2\repository\org\springframework\spring-tx\5.3.9\spring-tx-5.3.9.jar;C:\Users\PC112-AR\.m2\repository\org\springframework\hateoas\spring-hateoas\1.3.3\spring-hateoas-1.3.3.jar;C:\Users\PC112-AR\.m2\repository\org\springframework\data\spring-data-commons\2.5.4\spring-data-commons-2.5.4.jar;C:\Users\PC112-AR\.m2\repository\org\springframework\plugin\spring-plugin-core\2.0.0.RELEASE\spring-plugin-core-2.0.0.RELEASE.jar;C:\Users\PC112-AR\.m2\repository\org\atteo\evo-inflector\1.2.2\evo-inflector-1.2.2.jar;C:\Users\PC112-AR\.m2\repository\com\fasterxml\jackson\core\jackson-databind\2.12.4\jackson-databind-2.12.4.jar;C:\Users\PC112-AR\.m2\repository\com\fasterxml\jackson\core\jackson-annotations\2.12.4\jackson-annotations-2.12.4.jar;C:\Users\PC112-AR\.m2\repository\org\slf4j\slf4j-api\1.7.32\slf4j-api-1.7.32.jar;C:\Users\PC112-AR\.m2\repository\org\springframework\boot\spring-boot-starter-web\2.5.4\spring-boot-starter-web-2.5.4.jar;C:\Users\PC112-AR\.m2\repository\org\springframework\boot\spring-boot-starter\2.5.4\spring-boot-starter-2.5.4.jar;C:\Users\PC112-AR\.m2\repository\org\springframework\boot\spring-boot-starter-logging\2.5.4\spring-boot-starter-logging-2.5.4.jar;C:\Users\PC112-AR\.m2\repository\ch\qos\logback\logback-classic\1.2.5\logback-classic-1.2.5.jar;C:\Users\PC112-AR\.m2\repository\ch\qos\logback\logback-core\1.2.5\logback-core-1.2.5.jar;C:\Users\PC112-AR\.m2\repository\org\apache\logging\log4j\log4j-to-slf4j\2.14.1\log4j-to-slf4j-2.14.1.jar;C:\Users\PC112-AR\.m2\repositor
Launcher Type: SUN_STANDARD

[Global flags]
     intx CICompilerCount                          = 3                                         {product} {ergonomic}
     uint ConcGCThreads                            = 1                                         {product} {ergonomic}
     uint G1ConcRefinementThreads                  = 4                                         {product} {ergonomic}
   size_t G1HeapRegionSize                         = 2097152                                   {product} {ergonomic}
    uintx GCDrainStackTargetSize                   = 64                                        {product} {ergonomic}
   size_t InitialHeapSize                          = 266338304                                 {product} {ergonomic}
     bool ManagementServer                         = true                                      {product} {command line}
   size_t MarkStackSize                            = 4194304                                   {product} {ergonomic}
   size_t MaxHeapSize                              = 4253024256                                {product} {ergonomic}
   size_t MaxNewSize                               = 2550136832                                {product} {ergonomic}
   size_t MinHeapDeltaBytes                        = 2097152                                   {product} {ergonomic}
   size_t MinHeapSize                              = 8388608                                   {product} {ergonomic}
    uintx NonNMethodCodeHeapSize                   = 6973028                                {pd product} {ergonomic}
    uintx NonProfiledCodeHeapSize                  = 244685212                              {pd product} {ergonomic}
    uintx ProfiledCodeHeapSize                     = 0                                      {pd product} {ergonomic}
    uintx ReservedCodeCacheSize                    = 251658240                              {pd product} {ergonomic}
     bool SegmentedCodeCache                       = true                                      {product} {ergonomic}
     bool ShowCodeDetailsInExceptionMessages       = true                                   {manageable} {command line}
   size_t SoftMaxHeapSize                          = 4253024256                             {manageable} {ergonomic}
     intx TieredStopAtLevel                        = 1                                         {product} {command line}
     bool UseCompressedClassPointers               = true                           {product lp64_product} {ergonomic}
     bool UseCompressedOops                        = true                           {product lp64_product} {ergonomic}
     bool UseG1GC                                  = true                                      {product} {ergonomic}
     bool UseLargePagesIndividualAllocation        = false                                  {pd product} {ergonomic}

Logging:
Log output configuration:
 #0: stdout all=warning uptime,level,tags
 #1: stderr all=off uptime,level,tags

Environment Variables:
JAVA_HOME=C:\SpringCloud\openjdk-16.0.2_windows-x64_bin\jdk-11.0.2
PATH=C:/SpringCloud/sts-4.11.1.RELEASE//plugins/org.eclipse.justj.openjdk.hotspot.jre.full.win32.x86_64_16.0.2.v20210721-1149/jre/bin/server;C:/SpringCloud/sts-4.11.1.RELEASE//plugins/org.eclipse.justj.openjdk.hotspot.jre.full.win32.x86_64_16.0.2.v20210721-1149/jre/bin;C:\Program Files\Common Files\Oracle\Java\javapath;C:\Windows\system32;C:\Windows;C:\Windows\System32\Wbem;C:\Windows\System32\WindowsPowerShell\v1.0\;C:\Windows\System32\OpenSSH\;C:\SpringCloud\openjdk-11.0.2_windows-x64_bin\jdk-11.0.2\bin;C:\Program Files\Git\cmd;C:\Users\PC112-AR\AppData\Local\Microsoft\WindowsApps;;C:\Users\PC112-AR\AppData\Local\Programs\Microsoft VS Code\bin;C:\SpringCloud\sts-4.11.1.RELEASE;
USERNAME=Juan Cisilino
OS=Windows_NT
PROCESSOR_IDENTIFIER=Intel64 Family 6 Model 142 Stepping 9, GenuineIntel



---------------  S Y S T E M  ---------------

OS:
 Windows 10 , 64 bit Build 19041 (10.0.19041.1202)
OS uptime: 0 days 22:48 hours

CPU: total 4 (initial active 4) (2 cores per cpu, 2 threads per core) family 6 model 142 stepping 9 microcode 0xea, cx8, cmov, fxsr, ht, mmx, 3dnowpref, sse, sse2, sse3, ssse3, sse4.1, sse4.2, popcnt, lzcnt, tsc, tscinvbit, avx, avx2, aes, erms, clmul, bmi1, bmi2, rtm, adx, fma, vzeroupper, clflush, clflushopt

Memory: 4k page, system-wide physical 16218M (8484M free)
TotalPageFile size 18650M (AvailPageFile size 10437M)
current process WorkingSet (physical memory assigned to process): 239M, peak: 239M
current process commit charge ("private bytes"): 275M, peak: 354M

vm_info: OpenJDK 64-Bit Server VM (16.0.2+7-67) for windows-amd64 JRE (16.0.2+7-67), built on Jun  8 2021 23:21:43 by "mach5one" with MS VC++ 16.7 (VS2019)

END.
