#
# A fatal error has been detected by the Java Runtime Environment:
#
#  EXCEPTION_ACCESS_VIOLATION (0xc0000005) at pc=0x00007ffd670ee8b3, pid=7540, tid=9020
#
# JRE version: OpenJDK Runtime Environment (16.0.2+7) (build 16.0.2+7-67)
# Java VM: OpenJDK 64-Bit Server VM (16.0.2+7-67, mixed mode, tiered, compressed oops, compressed class ptrs, g1 gc, windows-amd64)
# Problematic frame:
# V  [jvm.dll+0x73e8b3]
#
# No core dump will be written. Minidumps are not enabled by default on client versions of Windows
#
# If you would like to submit a bug report, please visit:
#   https://bugreport.java.com/bugreport/crash.jsp
#

---------------  S U M M A R Y ------------

Command Line: -Dcom.sun.management.jmxremote -Dcom.sun.management.jmxremote.port=65416 -Dcom.sun.management.jmxremote.authenticate=false -Dcom.sun.management.jmxremote.ssl=false -Djava.rmi.server.hostname=localhost -Dspring.jmx.enabled=true -Dspring.application.admin.enabled=true -XX:TieredStopAtLevel=1 -Dspring.boot.project.name=music-servicio-balance -Dfile.encoding=UTF-8 -XX:+ShowCodeDetailsInExceptionMessages com.music.app.balance.MusicServicioBalanceApplication --spring.output.ansi.enabled=always

Host: Intel(R) Core(TM) i5-7300U CPU @ 2.60GHz, 4 cores, 15G,  Windows 10 , 64 bit Build 19041 (10.0.19041.1202)
Time: Fri Sep 17 14:37:20 2021 Hora estándar de Argentina elapsed time: 3.374494 seconds (0d 0h 0m 3s)

---------------  T H R E A D  ---------------

Current thread (0x00000271a945e1a0):  JavaThread "C1 CompilerThread0" daemon [_thread_in_vm, id=9020, stack(0x000000b7edd00000,0x000000b7ede00000)]


Current CompileTask:
C1:   3374 3858   !   1       org.springframework.beans.factory.support.AbstractBeanFactory::adaptBeanInstance (124 bytes)

Stack: [0x000000b7edd00000,0x000000b7ede00000],  sp=0x000000b7eddfe460,  free space=1017k
Native frames: (J=compiled Java code, j=interpreted, Vv=VM code, C=native code)
V  [jvm.dll+0x73e8b3]
V  [jvm.dll+0x23a8df]
V  [jvm.dll+0x1c1827]
V  [jvm.dll+0x1c16a0]
V  [jvm.dll+0x1d7131]
V  [jvm.dll+0x14179c]
V  [jvm.dll+0x13ee68]
V  [jvm.dll+0x13d104]
V  [jvm.dll+0x136fdf]
V  [jvm.dll+0x146ac6]
V  [jvm.dll+0x132650]
V  [jvm.dll+0x1329d0]
V  [jvm.dll+0x132c99]
V  [jvm.dll+0x1320ff]
V  [jvm.dll+0x133ec1]
V  [jvm.dll+0x225158]
V  [jvm.dll+0x22319c]
V  [jvm.dll+0x77fa62]
V  [jvm.dll+0x7795aa]
V  [jvm.dll+0x667066]
C  [ucrtbase.dll+0x21bb2]
C  [KERNEL32.DLL+0x17034]
C  [ntdll.dll+0x52651]


siginfo: EXCEPTION_ACCESS_VIOLATION (0xc0000005), reading address 0x00000261aad0c0b0


Register to memory mapping:

RIP=0x00007ffd670ee8b3 jvm.dll
RAX=0x00000271a94cf7e0 points into unknown readable memory: 0x00000271a9512008 | 08 20 51 a9 71 02 00 00
RBX=0x00000271a889a0b0 points into unknown readable memory: 0x0000000702e42858 | 58 28 e4 02 07 00 00 00
RCX=0x0000000702a5c960 is an oop: jdk.internal.loader.ClassLoaders$AppClassLoader 
{0x0000000702a5c960} - klass: 'jdk/internal/loader/ClassLoaders$AppClassLoader'
RDX=0x000000080004aba0 is a pointer to class: 
jdk.internal.reflect.DelegatingClassLoader {0x000000080004aba8}
RSP=0x000000b7eddfe460 is pointing into the stack for thread: 0x00000271a945e1a0
RBP=0x0000000702a5c960 is an oop: jdk.internal.loader.ClassLoaders$AppClassLoader 
{0x0000000702a5c960} - klass: 'jdk/internal/loader/ClassLoaders$AppClassLoader'
RSI=0x0000000702a5c960 is an oop: jdk.internal.loader.ClassLoaders$AppClassLoader 
{0x0000000702a5c960} - klass: 'jdk/internal/loader/ClassLoaders$AppClassLoader'
RDI=0x00000271a944c200 points into unknown readable memory: 0x0000027100000002 | 02 00 00 00 71 02 00 00
R8 =0x00000008000514d8 is a pointer to class: 
jdk.internal.loader.ClassLoaders$AppClassLoader {0x00000008000514e0}
R9 =0x00000271a945e1a0 is a thread
R10=0x0000000000000002 is an unknown value
R11=0x00000271a9d560b0 points into unknown readable memory: 0x00000271a9e39460 | 60 94 e3 a9 71 02 00 00
R12=0x00000261aad0c0b0 is an unknown value
R13=0x00000271a945e1a0 is a thread
R14=0x00000261aad0c0b0 is an unknown value
R15=0x000000b7eddfe650 is pointing into the stack for thread: 0x00000271a945e1a0


Registers:
RAX=0x00000271a94cf7e0, RBX=0x00000271a889a0b0, RCX=0x0000000702a5c960, RDX=0x000000080004aba0
RSP=0x000000b7eddfe460, RBP=0x0000000702a5c960, RSI=0x0000000702a5c960, RDI=0x00000271a944c200
R8 =0x00000008000514d8, R9 =0x00000271a945e1a0, R10=0x0000000000000002, R11=0x00000271a9d560b0
R12=0x00000261aad0c0b0, R13=0x00000271a945e1a0, R14=0x00000261aad0c0b0, R15=0x000000b7eddfe650
RIP=0x00007ffd670ee8b3, EFLAGS=0x0000000000010202

Top of Stack: (sp=0x000000b7eddfe460)
0x000000b7eddfe460:   000000b7eddfe890 00000271a9d559e0
0x000000b7eddfe470:   0000000000000008 00007ffd66acaf74
0x000000b7eddfe480:   000000b7eddfe5c0 00007ffd66bea8df
0x000000b7eddfe490:   00000271a889a0b0 00000271a944c200
0x000000b7eddfe4a0:   0000000000000000 00007ffd66fdc82f
0x000000b7eddfe4b0:   000000b7eddfe650 000000b7eddff100
0x000000b7eddfe4c0:   0000000000000010 0000000000000071
0x000000b7eddfe4d0:   000000b7eddff160 000000b7eddfe5c0
0x000000b7eddfe4e0:   0000000000000071 00007ffd66b71827
0x000000b7eddfe4f0:   00000271a9d559e0 00000271a9426ca0
0x000000b7eddfe500:   00000271a9d55d40 00007ffd66ae8ca3
0x000000b7eddfe510:   0000000000000000 00000271a9d55d40
0x000000b7eddfe520:   0000000000000040 000000b7eddff160
0x000000b7eddfe530:   000000b7eddfe650 00007ffd66b716a0
0x000000b7eddfe540:   00000271a9426ca0 0000000000000040
0x000000b7eddfe550:   000000b7eddfe5c0 0000000000000000 

Instructions: (pc=0x00007ffd670ee8b3)
0x00007ffd670ee7b3:   ff cc cc cc cc cc cc cc cc cc cc cc cc 48 83 ec
0x00007ffd670ee7c3:   48 48 8d 05 15 68 20 00 48 c7 44 24 28 00 00 00
0x00007ffd670ee7d3:   00 48 89 44 24 20 48 8b 41 08 48 89 44 24 30 0f
0x00007ffd670ee7e3:   b6 41 60 48 8d 4c 24 20 88 44 24 3c c7 44 24 38
0x00007ffd670ee7f3:   04 00 00 00 e8 24 27 09 00 48 83 c4 48 c3 cc cc
0x00007ffd670ee803:   cc cc cc cc cc cc cc cc cc cc cc cc cc 48 89 5c
0x00007ffd670ee813:   24 08 48 89 74 24 10 48 89 7c 24 18 41 56 48 83
0x00007ffd670ee823:   ec 20 49 8b f9 49 8b d8 4c 8b f1 48 85 d2 75 04
0x00007ffd670ee833:   33 c9 eb 03 48 8b 0a e8 71 91 c4 ff 48 8b f0 48
0x00007ffd670ee843:   85 c0 74 60 48 8b bf 80 02 00 00 48 8b 47 18 48
0x00007ffd670ee853:   83 f8 f7 76 18 4c 8d 05 a9 80 16 00 ba 08 00 00
0x00007ffd670ee863:   00 48 8b cf e8 34 ff 96 ff 48 8b 47 18 48 8d 48
0x00007ffd670ee873:   08 48 3b 4f 20 76 1c 45 33 c0 48 8b cf 41 8d 50
0x00007ffd670ee883:   08 e8 97 fb 96 ff 48 8b ce 48 89 30 e8 3c 8a c4
0x00007ffd670ee893:   ff eb 18 48 89 4f 18 48 8b ce 48 89 30 e8 2b 8a
0x00007ffd670ee8a3:   c4 ff eb 07 48 8b 05 02 e6 38 00 48 85 c0 74 4a
0x00007ffd670ee8b3:   45 8b 0e 4d 8b c6 4c 8b 50 58 41 0f b6 46 07 8b
0x00007ffd670ee8c3:   0d b4 36 33 00 41 0f b6 56 06 83 c1 03 c1 e2 08
0x00007ffd670ee8d3:   0b d0 49 d3 e8 41 0f b7 46 04 49 8b ca 41 c1 e9
0x00007ffd670ee8e3:   10 c1 e0 08 33 d0 41 33 d0 4d 8b c6 c1 e2 10 41
0x00007ffd670ee8f3:   0b d1 4c 8b cb e8 93 c9 b5 ff 48 8b 5c 24 30 48
0x00007ffd670ee903:   8b 74 24 38 48 8b 7c 24 40 48 83 c4 20 41 5e c3
0x00007ffd670ee913:   cc cc cc cc cc cc cc cc cc cc cc cc cc 4c 8b ca
0x00007ffd670ee923:   8b c1 33 d2 4d 8b d0 41 f7 30 44 8b c1 49 8b ca
0x00007ffd670ee933:   e9 c8 c9 b5 ff cc cc cc cc cc cc cc cc 48 89 5c
0x00007ffd670ee943:   24 10 48 89 6c 24 18 48 89 74 24 20 57 41 54 41
0x00007ffd670ee953:   56 48 83 ec 50 33 ff 4c 8d 25 0f e9 3c 00 66 83
0x00007ffd670ee963:   79 04 01 4d 8b f0 48 8b f2 48 8b e9 0f 86 9b 00
0x00007ffd670ee973:   00 00 80 79 06 5b 0f 85 91 00 00 00 e8 1c 70 fa
0x00007ffd670ee983:   ff 84 c0 0f 84 84 00 00 00 45 33 c0 4c 89 7c 24
0x00007ffd670ee993:   70 48 8b d5 48 8d 4c 24 20 e8 af 65 fa ff 8b 44
0x00007ffd670ee9a3:   24 38 83 f8 0d 74 05 44 8b ff eb 11 48 8d 4c 24 


Stack slot to memory mapping:
stack at sp + 0 slots: 0x000000b7eddfe890 is pointing into the stack for thread: 0x00000271a945e1a0
stack at sp + 1 slots: 0x00000271a9d559e0 points into unknown readable memory: 0x00007ffd672685f8 | f8 85 26 67 fd 7f 00 00
stack at sp + 2 slots: 0x0000000000000008 is an unknown value
stack at sp + 3 slots: 0x00007ffd66acaf74 jvm.dll
stack at sp + 4 slots: 0x000000b7eddfe5c0 is pointing into the stack for thread: 0x00000271a945e1a0
stack at sp + 5 slots: 0x00007ffd66bea8df jvm.dll
stack at sp + 6 slots: 0x00000271a889a0b0 points into unknown readable memory: 0x0000000702e42858 | 58 28 e4 02 07 00 00 00
stack at sp + 7 slots: 0x00000271a944c200 points into unknown readable memory: 0x0000027100000002 | 02 00 00 00 71 02 00 00


---------------  P R O C E S S  ---------------

Threads class SMR info:
_java_thread_list=0x00000271ab636760, length=23, elements={
0x000002718a768640, 0x00000271a8897010, 0x00000271a8897b20, 0x00000271a944c280,
0x00000271a944cc90, 0x00000271a944f5b0, 0x00000271a945a2e0, 0x00000271a945e1a0,
0x00000271a945eaf0, 0x00000271a88286b0, 0x00000271a9615c80, 0x00000271a9bee530,
0x00000271a9bd1b00, 0x00000271a9be8860, 0x00000271a9fd1ed0, 0x00000271a9ffe1c0,
0x00000271aab730b0, 0x00000271aab735d0, 0x00000271aabb3610, 0x00000271aac15dc0,
0x00000271aac13890, 0x00000271aac128a0, 0x00000271aac14dd0
}

Java Threads: ( => current thread )
  0x000002718a768640 JavaThread "main" [_thread_blocked, id=980, stack(0x000000b7ed000000,0x000000b7ed100000)]
  0x00000271a8897010 JavaThread "Reference Handler" daemon [_thread_blocked, id=8696, stack(0x000000b7ed700000,0x000000b7ed800000)]
  0x00000271a8897b20 JavaThread "Finalizer" daemon [_thread_blocked, id=9780, stack(0x000000b7ed800000,0x000000b7ed900000)]
  0x00000271a944c280 JavaThread "Signal Dispatcher" daemon [_thread_blocked, id=8644, stack(0x000000b7ed900000,0x000000b7eda00000)]
  0x00000271a944cc90 JavaThread "Attach Listener" daemon [_thread_blocked, id=4132, stack(0x000000b7eda00000,0x000000b7edb00000)]
  0x00000271a944f5b0 JavaThread "Service Thread" daemon [_thread_blocked, id=5852, stack(0x000000b7edb00000,0x000000b7edc00000)]
  0x00000271a945a2e0 JavaThread "Monitor Deflation Thread" daemon [_thread_blocked, id=9652, stack(0x000000b7edc00000,0x000000b7edd00000)]
=>0x00000271a945e1a0 JavaThread "C1 CompilerThread0" daemon [_thread_in_vm, id=9020, stack(0x000000b7edd00000,0x000000b7ede00000)]
  0x00000271a945eaf0 JavaThread "Sweeper thread" daemon [_thread_blocked, id=1900, stack(0x000000b7ede00000,0x000000b7edf00000)]
  0x00000271a88286b0 JavaThread "Common-Cleaner" daemon [_thread_blocked, id=3360, stack(0x000000b7edf00000,0x000000b7ee000000)]
  0x00000271a9615c80 JavaThread "Notification Thread" daemon [_thread_blocked, id=1284, stack(0x000000b7ee000000,0x000000b7ee100000)]
  0x00000271a9bee530 JavaThread "RMI TCP Accept-0" daemon [_thread_in_native, id=8764, stack(0x000000b7ee400000,0x000000b7ee500000)]
  0x00000271a9bd1b00 JavaThread "RMI TCP Accept-65416" daemon [_thread_in_native, id=6328, stack(0x000000b7ee500000,0x000000b7ee600000)]
  0x00000271a9be8860 JavaThread "RMI TCP Accept-0" daemon [_thread_in_native, id=4548, stack(0x000000b7ee600000,0x000000b7ee700000)]
  0x00000271a9fd1ed0 JavaThread "Thread-0" [_thread_blocked, id=11196, stack(0x000000b7ee800000,0x000000b7ee900000)]
  0x00000271a9ffe1c0 JavaThread "restartedMain" [_thread_blocked, id=8100, stack(0x000000b7ee900000,0x000000b7eea00000)]
  0x00000271aab730b0 JavaThread "RMI TCP Connection(1)-127.0.0.1" daemon [_thread_in_native, id=8748, stack(0x000000b7eea00000,0x000000b7eeb00000)]
  0x00000271aab735d0 JavaThread "RMI Scheduler(0)" daemon [_thread_blocked, id=10340, stack(0x000000b7eeb00000,0x000000b7eec00000)]
  0x00000271aabb3610 JavaThread "RMI TCP Connection(2)-127.0.0.1" daemon [_thread_in_native, id=3060, stack(0x000000b7eec00000,0x000000b7eed00000)]
  0x00000271aac15dc0 JavaThread "JMX server connection timeout 25" daemon [_thread_blocked, id=9648, stack(0x000000b7eed00000,0x000000b7eee00000)]
  0x00000271aac13890 JavaThread "Catalina-utility-1" [_thread_blocked, id=10988, stack(0x000000b7eee00000,0x000000b7eef00000)]
  0x00000271aac128a0 JavaThread "Catalina-utility-2" [_thread_blocked, id=11164, stack(0x000000b7eef00000,0x000000b7ef000000)]
  0x00000271aac14dd0 JavaThread "container-0" [_thread_blocked, id=4440, stack(0x000000b7ef000000,0x000000b7ef100000)]

Other Threads:
  0x00000271a9420a70 VMThread "VM Thread" [stack: 0x000000b7ed600000,0x000000b7ed700000] [id=1036] _threads_hazard_ptr=0x00000271ab636760
  0x000002718a7697e0 WatcherThread [stack: 0x000000b7ee700000,0x000000b7ee800000] [id=10972]
  0x000002718a7b8f60 GCTaskThread "GC Thread#0" [stack: 0x000000b7ed100000,0x000000b7ed200000] [id=10372]
  0x00000271a9a24390 GCTaskThread "GC Thread#1" [stack: 0x000000b7ee100000,0x000000b7ee200000] [id=11016]
  0x00000271a9a4c650 GCTaskThread "GC Thread#2" [stack: 0x000000b7ee200000,0x000000b7ee300000] [id=10728]
  0x00000271a9a4c960 GCTaskThread "GC Thread#3" [stack: 0x000000b7ee300000,0x000000b7ee400000] [id=5204]
  0x000002718a7cb4e0 ConcurrentGCThread "G1 Main Marker" [stack: 0x000000b7ed200000,0x000000b7ed300000] [id=6532]
  0x000002718a7cbee0 ConcurrentGCThread "G1 Conc#0" [stack: 0x000000b7ed300000,0x000000b7ed400000] [id=3332]
  0x000002718a832df0 ConcurrentGCThread "G1 Refine#0" [stack: 0x000000b7ed400000,0x000000b7ed500000] [id=5844]
  0x000002718a8336a0 ConcurrentGCThread "G1 Service" [stack: 0x000000b7ed500000,0x000000b7ed600000] [id=8356]

Threads with active compile tasks:
C1 CompilerThread0     3441 3858   !   1       org.springframework.beans.factory.support.AbstractBeanFactory::adaptBeanInstance (124 bytes)

VM state: not at safepoint (normal execution)

VM Mutex/Monitor currently owned by a thread:  ([mutex/lock_event])
[0x000002718a765950] Compile_lock - owner thread: 0x00000271a9ffe1c0

Heap address: 0x0000000702800000, size: 4056 MB, Compressed Oops mode: Zero based, Oop shift amount: 3

CDS disabled.
Compressed class space mapped at: 0x0000000800000000-0x0000000840000000, reserved size: 1073741824
Narrow klass base: 0x0000000800000000, Narrow klass shift: 0, Narrow klass range: 0x40000000

GC Precious Log:
 CPUs: 4 total, 4 available
 Memory: 16218M
 Large Page Support: Disabled
 NUMA Support: Disabled
 Compressed Oops: Enabled (Zero based)
 Heap Region Size: 2M
 Heap Min Capacity: 8M
 Heap Initial Capacity: 254M
 Heap Max Capacity: 4056M
 Pre-touch: Disabled
 Parallel Workers: 4
 Concurrent Workers: 1
 Concurrent Refinement Workers: 4
 Periodic GC: Disabled

Heap:
 garbage-first heap   total 79872K, used 32744K [0x0000000702800000, 0x0000000800000000)
  region size 2048K, 9 young (18432K), 2 survivors (4096K)
 Metaspace       used 42914K, committed 43264K, reserved 1089536K
  class space    used 5501K, committed 5696K, reserved 1048576K

Heap Regions: E=young(eden), S=young(survivor), O=old, HS=humongous(starts), HC=humongous(continues), CS=collection set, F=free, OA=open archive, CA=closed archive, TAMS=top-at-mark-start (previous, next)
|   0|0x0000000702800000, 0x0000000702a00000, 0x0000000702a00000|100%| O|  |TAMS 0x0000000702a00000, 0x0000000702800000| Untracked 
|   1|0x0000000702a00000, 0x0000000702c00000, 0x0000000702c00000|100%| O|  |TAMS 0x0000000702c00000, 0x0000000702a00000| Untracked 
|   2|0x0000000702c00000, 0x0000000702c83a00, 0x0000000702e00000| 25%| O|  |TAMS 0x0000000702c83a00, 0x0000000702c00000| Untracked 
|   3|0x0000000702e00000, 0x0000000703000000, 0x0000000703000000|100%| O|  |TAMS 0x0000000703000000, 0x0000000702e00000| Untracked 
|   4|0x0000000703000000, 0x0000000703200000, 0x0000000703200000|100%| O|  |TAMS 0x0000000703200000, 0x0000000703000000| Untracked 
|   5|0x0000000703200000, 0x000000070335e200, 0x0000000703400000| 68%| O|  |TAMS 0x000000070335e200, 0x0000000703200000| Untracked 
|   6|0x0000000703400000, 0x0000000703400000, 0x0000000703600000|  0%| F|  |TAMS 0x0000000703400000, 0x0000000703400000| Untracked 
|   7|0x0000000703600000, 0x0000000703800000, 0x0000000703800000|100%| O|  |TAMS 0x0000000703600000, 0x0000000703600000| Untracked 
|   8|0x0000000703800000, 0x0000000703a00000, 0x0000000703a00000|100%| O|  |TAMS 0x0000000703800000, 0x0000000703800000| Untracked 
|   9|0x0000000703a00000, 0x0000000703c00000, 0x0000000703c00000|100%| O|  |TAMS 0x0000000703a00000, 0x0000000703a00000| Untracked 
|  10|0x0000000703c00000, 0x0000000703dc1400, 0x0000000703e00000| 87%| O|  |TAMS 0x0000000703c00000, 0x0000000703c00000| Untracked 
|  11|0x0000000703e00000, 0x0000000703e00000, 0x0000000704000000|  0%| F|  |TAMS 0x0000000703e00000, 0x0000000703e00000| Untracked 
|  12|0x0000000704000000, 0x0000000704000000, 0x0000000704200000|  0%| F|  |TAMS 0x0000000704000000, 0x0000000704000000| Untracked 
|  13|0x0000000704200000, 0x0000000704200000, 0x0000000704400000|  0%| F|  |TAMS 0x0000000704200000, 0x0000000704200000| Untracked 
|  14|0x0000000704400000, 0x00000007044570e8, 0x0000000704600000| 17%| S|CS|TAMS 0x0000000704400000, 0x0000000704400000| Complete 
|  15|0x0000000704600000, 0x0000000704800000, 0x0000000704800000|100%| S|CS|TAMS 0x0000000704600000, 0x0000000704600000| Complete 
|  16|0x0000000704800000, 0x0000000704800000, 0x0000000704a00000|  0%| F|  |TAMS 0x0000000704800000, 0x0000000704800000| Untracked 
|  17|0x0000000704a00000, 0x0000000704a00000, 0x0000000704c00000|  0%| F|  |TAMS 0x0000000704a00000, 0x0000000704a00000| Untracked 
|  18|0x0000000704c00000, 0x0000000704c00000, 0x0000000704e00000|  0%| F|  |TAMS 0x0000000704c00000, 0x0000000704c00000| Untracked 
|  19|0x0000000704e00000, 0x0000000704e00000, 0x0000000705000000|  0%| F|  |TAMS 0x0000000704e00000, 0x0000000704e00000| Untracked 
|  20|0x0000000705000000, 0x0000000705000000, 0x0000000705200000|  0%| F|  |TAMS 0x0000000705000000, 0x0000000705000000| Untracked 
|  21|0x0000000705200000, 0x0000000705200000, 0x0000000705400000|  0%| F|  |TAMS 0x0000000705200000, 0x0000000705200000| Untracked 
|  22|0x0000000705400000, 0x0000000705400000, 0x0000000705600000|  0%| F|  |TAMS 0x0000000705400000, 0x0000000705400000| Untracked 
|  23|0x0000000705600000, 0x0000000705600000, 0x0000000705800000|  0%| F|  |TAMS 0x0000000705600000, 0x0000000705600000| Untracked 
|  24|0x0000000705800000, 0x0000000705800000, 0x0000000705a00000|  0%| F|  |TAMS 0x0000000705800000, 0x0000000705800000| Untracked 
|  25|0x0000000705a00000, 0x0000000705a00000, 0x0000000705c00000|  0%| F|  |TAMS 0x0000000705a00000, 0x0000000705a00000| Untracked 
|  26|0x0000000705c00000, 0x0000000705c00000, 0x0000000705e00000|  0%| F|  |TAMS 0x0000000705c00000, 0x0000000705c00000| Untracked 
|  27|0x0000000705e00000, 0x0000000705e00000, 0x0000000706000000|  0%| F|  |TAMS 0x0000000705e00000, 0x0000000705e00000| Untracked 
|  28|0x0000000706000000, 0x0000000706000000, 0x0000000706200000|  0%| F|  |TAMS 0x0000000706000000, 0x0000000706000000| Untracked 
|  29|0x0000000706200000, 0x0000000706200000, 0x0000000706400000|  0%| F|  |TAMS 0x0000000706200000, 0x0000000706200000| Untracked 
|  30|0x0000000706400000, 0x0000000706400000, 0x0000000706600000|  0%| F|  |TAMS 0x0000000706400000, 0x0000000706400000| Untracked 
|  31|0x0000000706600000, 0x0000000706600000, 0x0000000706800000|  0%| F|  |TAMS 0x0000000706600000, 0x0000000706600000| Untracked 
|  32|0x0000000706800000, 0x0000000706897750, 0x0000000706a00000| 29%| E|  |TAMS 0x0000000706800000, 0x0000000706800000| Complete 
|  33|0x0000000706a00000, 0x0000000706c00000, 0x0000000706c00000|100%| E|CS|TAMS 0x0000000706a00000, 0x0000000706a00000| Complete 
|  34|0x0000000706c00000, 0x0000000706e00000, 0x0000000706e00000|100%| E|CS|TAMS 0x0000000706c00000, 0x0000000706c00000| Complete 
|  66|0x000000070ac00000, 0x000000070ae00000, 0x000000070ae00000|100%| E|CS|TAMS 0x000000070ac00000, 0x000000070ac00000| Complete 
|  67|0x000000070ae00000, 0x000000070b000000, 0x000000070b000000|100%| E|CS|TAMS 0x000000070ae00000, 0x000000070ae00000| Complete 
|  68|0x000000070b000000, 0x000000070b200000, 0x000000070b200000|100%| E|CS|TAMS 0x000000070b000000, 0x000000070b000000| Complete 
| 126|0x0000000712400000, 0x0000000712600000, 0x0000000712600000|100%| E|CS|TAMS 0x0000000712400000, 0x0000000712400000| Complete 

Card table byte_map: [0x000002719d4d0000,0x000002719dcc0000] _byte_map_base: 0x0000027199cbc000

Marking Bits (Prev, Next): (CMBitMap*) 0x000002718a7b9560, (CMBitMap*) 0x000002718a7b95a0
 Prev Bits: [0x000002719e4b0000, 0x00000271a2410000)
 Next Bits: [0x00000271a2410000, 0x00000271a6370000)

Polling page: 0x0000027188780000

Metaspace:

Usage:
  Non-class:     36.54 MB used.
      Class:      5.37 MB used.
       Both:     41.91 MB used.

Virtual space:
  Non-class space:       40.00 MB reserved,      36.69 MB ( 92%) committed,  5 nodes.
      Class space:        1.00 GB reserved,       5.56 MB ( <1%) committed,  1 nodes.
              Both:        1.04 GB reserved,      42.25 MB (  4%) committed. 

Chunk freelists:
   Non-Class:  2.94 MB
       Class:  2.36 MB
        Both:  5.30 MB

MaxMetaspaceSize: 17179869184.00 GB
CompressedClassSpaceSize: 1.00 GB
 - commit_granule_bytes: 65536.
 - commit_granule_words: 8192.
 - virtual_space_node_default_size: 1048576.
 - enlarge_chunks_in_place: 1.
 - new_chunks_are_fully_committed: 0.
 - uncommit_free_chunks: 1.
 - use_allocation_guard: 0.
 - handle_deallocations: 1.


Internal statistics:

num_allocs_failed_limit: 6.
num_arena_births: 470.
num_arena_deaths: 0.
num_vsnodes_births: 6.
num_vsnodes_deaths: 0.
num_space_committed: 676.
num_space_uncommitted: 0.
num_chunks_returned_to_freelist: 6.
num_chunks_taken_from_freelist: 1672.
num_chunk_merges: 6.
num_chunk_splits: 1121.
num_chunks_enlarged: 815.
num_purges: 0.

CodeHeap 'non-profiled nmethods': size=238912Kb used=6208Kb max_used=6208Kb free=232703Kb
 bounds [0x000002718e390000, 0x000002718e9b0000, 0x000002719cce0000]
CodeHeap 'non-nmethods': size=6848Kb used=1200Kb max_used=1200Kb free=5647Kb
 bounds [0x000002718dce0000, 0x000002718df50000, 0x000002718e390000]
 total_blobs=4354 nmethods=3857 adapters=424
 compilation: enabled
              stopped_count=0, restarted_count=0
 full_count=0

Compilation events (20 events):
Event: 3.342 Thread 0x00000271a945e1a0 nmethod 3848 0x000002718e99c690 code [0x000002718e99c8e0, 0x000002718e99d1b8]
Event: 3.343 Thread 0x00000271a945e1a0 3849       1       java.util.LinkedHashSet::<init> (10 bytes)
Event: 3.343 Thread 0x00000271a945e1a0 nmethod 3849 0x000002718e99d510 code [0x000002718e99d6e0, 0x000002718e99d8c8]
Event: 3.344 Thread 0x00000271a945e1a0 3850       1       org.springframework.core.MethodParameter::getContainingClass (18 bytes)
Event: 3.344 Thread 0x00000271a945e1a0 nmethod 3850 0x000002718e99d990 code [0x000002718e99db40, 0x000002718e99dc48]
Event: 3.344 Thread 0x00000271a945e1a0 3851       1       com.sun.org.apache.xalan.internal.utils.XMLSecurityManager$NameMap::getOldName (18 bytes)
Event: 3.345 Thread 0x00000271a945e1a0 nmethod 3851 0x000002718e99dd10 code [0x000002718e99dec0, 0x000002718e99e008]
Event: 3.345 Thread 0x00000271a945e1a0 3852   !   1       jdk.proxy2.$Proxy21::annotationType (29 bytes)
Event: 3.346 Thread 0x00000271a945e1a0 nmethod 3852 0x000002718e99e090 code [0x000002718e99e240, 0x000002718e99e478]
Event: 3.348 Thread 0x00000271a945e1a0 3853       1       org.springframework.beans.factory.support.AbstractAutowireCapableBeanFactory::getParameterNameDiscoverer (5 bytes)
Event: 3.349 Thread 0x00000271a945e1a0 nmethod 3853 0x000002718e99e610 code [0x000002718e99e7a0, 0x000002718e99e878]
Event: 3.355 Thread 0x00000271a945e1a0 3854   !   1       jdk.internal.reflect.GeneratedConstructorAccessor18::newInstance (53 bytes)
Event: 3.355 Thread 0x00000271a945e1a0 nmethod 3854 0x000002718e99e910 code [0x000002718e99eb20, 0x000002718e99f088]
Event: 3.357 Thread 0x00000271a945e1a0 3855       1       java.lang.ThreadLocal$ThreadLocalMap::cleanSomeSlots (61 bytes)
Event: 3.357 Thread 0x00000271a945e1a0 nmethod 3855 0x000002718e99f410 code [0x000002718e99f5c0, 0x000002718e99f798]
Event: 3.359 Thread 0x00000271a945e1a0 3856       1       org.springframework.util.ClassUtils::isAssignableValue (34 bytes)
Event: 3.359 Thread 0x00000271a945e1a0 nmethod 3856 0x000002718e99f910 code [0x000002718e99fac0, 0x000002718e99fcb8]
Event: 3.363 Thread 0x00000271a945e1a0 3857       1       org.springframework.beans.factory.support.AbstractBeanFactory::getConversionService (5 bytes)
Event: 3.364 Thread 0x00000271a945e1a0 nmethod 3857 0x000002718e99fe10 code [0x000002718e99ffa0, 0x000002718e9a0078]
Event: 3.368 Thread 0x00000271a945e1a0 3858   !   1       org.springframework.beans.factory.support.AbstractBeanFactory::adaptBeanInstance (124 bytes)

GC Heap History (20 events):
Event: 0.408 GC heap before
{Heap before GC invocations=0 (full 0):
 garbage-first heap   total 260096K, used 10240K [0x0000000702800000, 0x0000000800000000)
  region size 2048K, 6 young (12288K), 0 survivors (0K)
 Metaspace       used 7387K, committed 7616K, reserved 1056768K
  class space    used 664K, committed 768K, reserved 1048576K
}
Event: 0.411 GC heap after
{Heap after GC invocations=1 (full 0):
 garbage-first heap   total 260096K, used 4421K [0x0000000702800000, 0x0000000800000000)
  region size 2048K, 1 young (2048K), 1 survivors (2048K)
 Metaspace       used 7387K, committed 7616K, reserved 1056768K
  class space    used 664K, committed 768K, reserved 1048576K
}
Event: 0.804 GC heap before
{Heap before GC invocations=1 (full 0):
 garbage-first heap   total 260096K, used 16709K [0x0000000702800000, 0x0000000800000000)
  region size 2048K, 7 young (14336K), 1 survivors (2048K)
 Metaspace       used 14463K, committed 14656K, reserved 1064960K
  class space    used 1482K, committed 1536K, reserved 1048576K
}
Event: 0.808 GC heap after
{Heap after GC invocations=2 (full 0):
 garbage-first heap   total 260096K, used 6670K [0x0000000702800000, 0x0000000800000000)
  region size 2048K, 1 young (2048K), 1 survivors (2048K)
 Metaspace       used 14463K, committed 14656K, reserved 1064960K
  class space    used 1482K, committed 1536K, reserved 1048576K
}
Event: 1.023 GC heap before
{Heap before GC invocations=2 (full 0):
 garbage-first heap   total 260096K, used 29198K [0x0000000702800000, 0x0000000800000000)
  region size 2048K, 13 young (26624K), 1 survivors (2048K)
 Metaspace       used 17608K, committed 17856K, reserved 1073152K
  class space    used 1893K, committed 1984K, reserved 1048576K
}
Event: 1.027 GC heap after
{Heap after GC invocations=3 (full 0):
 garbage-first heap   total 260096K, used 7561K [0x0000000702800000, 0x0000000800000000)
  region size 2048K, 2 young (4096K), 2 survivors (4096K)
 Metaspace       used 17608K, committed 17856K, reserved 1073152K
  class space    used 1893K, committed 1984K, reserved 1048576K
}
Event: 1.362 GC heap before
{Heap before GC invocations=3 (full 0):
 garbage-first heap   total 260096K, used 23945K [0x0000000702800000, 0x0000000800000000)
  region size 2048K, 11 young (22528K), 2 survivors (4096K)
 Metaspace       used 21030K, committed 21248K, reserved 1073152K
  class space    used 2402K, committed 2496K, reserved 1048576K
}
Event: 1.367 GC heap after
{Heap after GC invocations=4 (full 0):
 garbage-first heap   total 260096K, used 8843K [0x0000000702800000, 0x0000000800000000)
  region size 2048K, 3 young (6144K), 3 survivors (6144K)
 Metaspace       used 21030K, committed 21248K, reserved 1073152K
  class space    used 2402K, committed 2496K, reserved 1048576K
}
Event: 1.676 GC heap before
{Heap before GC invocations=5 (full 0):
 garbage-first heap   total 55296K, used 35467K [0x0000000702800000, 0x0000000800000000)
  region size 2048K, 16 young (32768K), 3 survivors (6144K)
 Metaspace       used 25826K, committed 26112K, reserved 1073152K
  class space    used 3183K, committed 3328K, reserved 1048576K
}
Event: 1.683 GC heap after
{Heap after GC invocations=6 (full 0):
 garbage-first heap   total 55296K, used 10511K [0x0000000702800000, 0x0000000800000000)
  region size 2048K, 2 young (4096K), 2 survivors (4096K)
 Metaspace       used 25826K, committed 26112K, reserved 1073152K
  class space    used 3183K, committed 3328K, reserved 1048576K
}
Event: 1.908 GC heap before
{Heap before GC invocations=6 (full 0):
 garbage-first heap   total 55296K, used 37135K [0x0000000702800000, 0x0000000800000000)
  region size 2048K, 15 young (30720K), 2 survivors (4096K)
 Metaspace       used 30143K, committed 30464K, reserved 1081344K
  class space    used 3662K, committed 3840K, reserved 1048576K
}
Event: 1.912 GC heap after
{Heap after GC invocations=7 (full 0):
 garbage-first heap   total 55296K, used 12092K [0x0000000702800000, 0x0000000800000000)
  region size 2048K, 2 young (4096K), 2 survivors (4096K)
 Metaspace       used 30143K, committed 30464K, reserved 1081344K
  class space    used 3662K, committed 3840K, reserved 1048576K
}
Event: 2.291 GC heap before
{Heap before GC invocations=7 (full 0):
 garbage-first heap   total 55296K, used 38716K [0x0000000702800000, 0x0000000800000000)
  region size 2048K, 15 young (30720K), 2 survivors (4096K)
 Metaspace       used 32799K, committed 33088K, reserved 1081344K
  class space    used 4077K, committed 4224K, reserved 1048576K
}
Event: 2.296 GC heap after
{Heap after GC invocations=8 (full 0):
 garbage-first heap   total 157696K, used 13243K [0x0000000702800000, 0x0000000800000000)
  region size 2048K, 2 young (4096K), 2 survivors (4096K)
 Metaspace       used 32799K, committed 33088K, reserved 1081344K
  class space    used 4077K, committed 4224K, reserved 1048576K
}
Event: 2.550 GC heap before
{Heap before GC invocations=8 (full 0):
 garbage-first heap   total 157696K, used 27579K [0x0000000702800000, 0x0000000800000000)
  region size 2048K, 10 young (20480K), 2 survivors (4096K)
 Metaspace       used 35522K, committed 35840K, reserved 1081344K
  class space    used 4480K, committed 4672K, reserved 1048576K
}
Event: 2.556 GC heap after
{Heap after GC invocations=9 (full 0):
 garbage-first heap   total 157696K, used 14847K [0x0000000702800000, 0x0000000800000000)
  region size 2048K, 3 young (6144K), 3 survivors (6144K)
 Metaspace       used 35522K, committed 35840K, reserved 1081344K
  class space    used 4480K, committed 4672K, reserved 1048576K
}
Event: 2.852 GC heap before
{Heap before GC invocations=10 (full 0):
 garbage-first heap   total 69632K, used 63999K [0x0000000702800000, 0x0000000800000000)
  region size 2048K, 28 young (57344K), 3 survivors (6144K)
 Metaspace       used 38214K, committed 38592K, reserved 1089536K
  class space    used 4751K, committed 4928K, reserved 1048576K
}
Event: 2.861 GC heap after
{Heap after GC invocations=11 (full 0):
 garbage-first heap   total 79872K, used 18509K [0x0000000702800000, 0x0000000800000000)
  region size 2048K, 5 young (10240K), 5 survivors (10240K)
 Metaspace       used 38214K, committed 38592K, reserved 1089536K
  class space    used 4751K, committed 4928K, reserved 1048576K
}
Event: 3.212 GC heap before
{Heap before GC invocations=11 (full 0):
 garbage-first heap   total 79872K, used 55373K [0x0000000702800000, 0x0000000800000000)
  region size 2048K, 23 young (47104K), 5 survivors (10240K)
 Metaspace       used 40747K, committed 41152K, reserved 1089536K
  class space    used 5196K, committed 5376K, reserved 1048576K
}
Event: 3.221 GC heap after
{Heap after GC invocations=12 (full 0):
 garbage-first heap   total 79872K, used 20456K [0x0000000702800000, 0x0000000800000000)
  region size 2048K, 2 young (4096K), 2 survivors (4096K)
 Metaspace       used 40747K, committed 41152K, reserved 1089536K
  class space    used 5196K, committed 5376K, reserved 1048576K
}

Deoptimization events (0 events):
No events

Classes unloaded (0 events):
No events

Classes redefined (0 events):
No events

Internal exceptions (20 events):
Event: 2.941 Thread 0x00000271a9ffe1c0 Exception <a 'java/lang/NoSuchMethodError'{0x0000000705765a98}: 'int java.lang.invoke.DirectMethodHandle$Holder.invokeInterface(java.lang.Object, java.lang.Object, java.lang.Object, java.lang.Object)'> (0x0000000705765a98) 
thrown [t:\workspace\open\src\hotspot\share\interpreter\linkResolver.cpp, line 790]
Event: 2.974 Thread 0x00000271a9ffe1c0 Exception <a 'java/io/FileNotFoundException'{0x000000070555c380}> (0x000000070555c380) 
thrown [t:\workspace\open\src\hotspot\share\prims\jni.cpp, line 579]
Event: 3.034 Thread 0x00000271a9ffe1c0 Exception <a 'java/lang/NoSuchMethodError'{0x000000070505a968}: 'java.lang.Object java.lang.invoke.DirectMethodHandle$Holder.invokeInterface(java.lang.Object, java.lang.Object, java.lang.Object, java.lang.Object)'> (0x000000070505a968) 
thrown [t:\workspace\open\src\hotspot\share\interpreter\linkResolver.cpp, line 790]
Event: 3.067 Thread 0x00000271a9ffe1c0 Exception <a 'java/lang/ClassNotFoundException'{0x00000007051f7608}: java/lang/ObjectCustomizer> (0x00000007051f7608) 
thrown [t:\workspace\open\src\hotspot\share\classfile\systemDictionary.cpp, line 256]
Event: 3.068 Thread 0x00000271a9ffe1c0 Exception <a 'java/lang/ClassNotFoundException'{0x00000007051ff790}: org/springframework/web/servlet/config/annotation/WebMvcConfigurationSupportCustomizer> (0x00000007051ff790) 
thrown [t:\workspace\open\src\hotspot\share\classfile\systemDictionary.cpp, line 256]
Event: 3.069 Thread 0x00000271a9ffe1c0 Exception <a 'java/lang/ClassNotFoundException'{0x0000000704e13ef0}: org/springframework/web/servlet/config/annotation/DelegatingWebMvcConfigurationCustomizer> (0x0000000704e13ef0) 
thrown [t:\workspace\open\src\hotspot\share\classfile\systemDictionary.cpp, line 256]
Event: 3.070 Thread 0x00000271a9ffe1c0 Exception <a 'java/lang/ClassNotFoundException'{0x0000000704e1daf8}: org/springframework/boot/autoconfigure/web/servlet/WebMvcAutoConfiguration$EnableWebMvcConfigurationCustomizer> (0x0000000704e1daf8) 
thrown [t:\workspace\open\src\hotspot\share\classfile\systemDictionary.cpp, line 256]
Event: 3.071 Thread 0x00000271a9ffe1c0 Exception <a 'java/lang/ClassNotFoundException'{0x0000000704e345a0}: org/springframework/context/ResourceLoaderAwareCustomizer> (0x0000000704e345a0) 
thrown [t:\workspace\open\src\hotspot\share\classfile\systemDictionary.cpp, line 256]
Event: 3.072 Thread 0x00000271a9ffe1c0 Exception <a 'java/lang/ClassNotFoundException'{0x0000000704e397a0}: org/springframework/beans/factory/AwareCustomizer> (0x0000000704e397a0) 
thrown [t:\workspace\open\src\hotspot\share\classfile\systemDictionary.cpp, line 256]
Event: 3.072 Thread 0x00000271a9ffe1c0 Exception <a 'java/lang/ClassNotFoundException'{0x0000000704e3ddd8}: org/springframework/context/ApplicationContextAwareCustomizer> (0x0000000704e3ddd8) 
thrown [t:\workspace\open\src\hotspot\share\classfile\systemDictionary.cpp, line 256]
Event: 3.072 Thread 0x00000271a9ffe1c0 Exception <a 'java/lang/ClassNotFoundException'{0x0000000704e43ba8}: org/springframework/beans/factory/AwareCustomizer> (0x0000000704e43ba8) 
thrown [t:\workspace\open\src\hotspot\share\classfile\systemDictionary.cpp, line 256]
Event: 3.073 Thread 0x00000271a9ffe1c0 Exception <a 'java/lang/ClassNotFoundException'{0x0000000704e481b8}: org/springframework/web/context/ServletContextAwareCustomizer> (0x0000000704e481b8) 
thrown [t:\workspace\open\src\hotspot\share\classfile\systemDictionary.cpp, line 256]
Event: 3.073 Thread 0x00000271a9ffe1c0 Exception <a 'java/lang/ClassNotFoundException'{0x0000000704e4d810}: org/springframework/beans/factory/AwareCustomizer> (0x0000000704e4d810) 
thrown [t:\workspace\open\src\hotspot\share\classfile\systemDictionary.cpp, line 256]
Event: 3.125 Thread 0x00000271aabb3610 Exception <a 'java/lang/reflect/InvocationTargetException'{0x0000000704d202c8}> (0x0000000704d202c8) 
thrown [t:\workspace\open\src\hotspot\share\runtime\reflection.cpp, line 1157]
Event: 3.189 Thread 0x00000271a9ffe1c0 Exception <a 'java/lang/NoSuchMethodError'{0x000000070488da90}: 'int java.lang.invoke.DirectMethodHandle$Holder.invokeStatic(java.lang.Object)'> (0x000000070488da90) 
thrown [t:\workspace\open\src\hotspot\share\interpreter\linkResolver.cpp, line 790]
Event: 3.190 Thread 0x00000271a9ffe1c0 Exception <a 'java/lang/NoSuchMethodError'{0x0000000704891338}: 'int java.lang.invoke.DirectMethodHandle$Holder.invokeStaticInit(java.lang.Object)'> (0x0000000704891338) 
thrown [t:\workspace\open\src\hotspot\share\interpreter\linkResolver.cpp, line 790]
Event: 3.252 Thread 0x00000271a9ffe1c0 Exception <a 'java/lang/NoSuchMethodError'{0x000000070b06bdb8}: 'void java.lang.invoke.DirectMethodHandle$Holder.invokeVirtual(java.lang.Object, java.lang.Object, int)'> (0x000000070b06bdb8) 
thrown [t:\workspace\open\src\hotspot\share\interpreter\linkResolver.cpp, line 790]
Event: 3.254 Thread 0x00000271a9ffe1c0 Exception <a 'java/lang/NoSuchMethodError'{0x000000070b087150}: 'void java.lang.invoke.DirectMethodHandle$Holder.invokeVirtual(java.lang.Object, java.lang.Object, long)'> (0x000000070b087150) 
thrown [t:\workspace\open\src\hotspot\share\interpreter\linkResolver.cpp, line 790]
Event: 3.332 Thread 0x00000271a9ffe1c0 Exception <a 'java/lang/IncompatibleClassChangeError'{0x000000070ad68028}: Found class java.lang.Object, but interface was expected> (0x000000070ad68028) 
thrown [t:\workspace\open\src\hotspot\share\interpreter\linkResolver.cpp, line 857]
Event: 3.354 Thread 0x00000271a9ffe1c0 Exception <a 'java/lang/NoSuchMethodError'{0x0000000706ca8c20}: 'int java.lang.invoke.DirectMethodHandle$Holder.invokeStaticInit(java.lang.Object, java.lang.Object, java.lang.Object, java.lang.Object)'> (0x0000000706ca8c20) 
thrown [t:\workspace\open\src\hotspot\share\interpreter\linkResolver.cpp, line 790]

Events (20 events):
Event: 3.275 loading class java/nio/charset/UnsupportedCharsetException
Event: 3.275 loading class java/nio/charset/UnsupportedCharsetException done
Event: 3.288 loading class java/util/stream/ReduceOps$5
Event: 3.288 loading class java/util/stream/ReduceOps$5 done
Event: 3.289 loading class java/util/stream/ReduceOps$CountingSink$OfRef
Event: 3.289 loading class java/util/stream/ReduceOps$CountingSink
Event: 3.289 loading class java/util/stream/ReduceOps$CountingSink done
Event: 3.289 loading class java/util/stream/ReduceOps$CountingSink$OfRef done
Event: 3.309 loading class java/util/Comparators$NullComparator
Event: 3.309 loading class java/util/Comparators$NullComparator done
Event: 3.336 Executing  VM operation: HandshakeAllThreads
Event: 3.336 Executing  VM operation: HandshakeAllThreads done
Event: 3.360 loading class javax/management/modelmbean/ModelMBean
Event: 3.360 loading class javax/management/PersistentMBean
Event: 3.360 loading class javax/management/PersistentMBean done
Event: 3.360 loading class javax/management/modelmbean/ModelMBean done
Event: 3.362 loading class javax/management/modelmbean/ModelMBeanInfo
Event: 3.362 loading class javax/management/modelmbean/ModelMBeanInfo done
Event: 3.366 loading class javax/management/Attribute
Event: 3.366 loading class javax/management/Attribute done


Dynamic libraries:
0x00007ff7f5970000 - 0x00007ff7f597e000 	C:\SpringCloud\sts-4.11.1.RELEASE\plugins\org.eclipse.justj.openjdk.hotspot.jre.full.win32.x86_64_16.0.2.v20210721-1149\jre\bin\javaw.exe
0x00007ffdb9350000 - 0x00007ffdb9545000 	C:\Windows\SYSTEM32\ntdll.dll
0x00007ffdb8e70000 - 0x00007ffdb8f2e000 	C:\Windows\System32\KERNEL32.DLL
0x00007ffdb6c20000 - 0x00007ffdb6ee9000 	C:\Windows\System32\KERNELBASE.dll
0x00007ffdb70b0000 - 0x00007ffdb71b0000 	C:\Windows\System32\ucrtbase.dll
0x00007ffdb1190000 - 0x00007ffdb11a8000 	C:\SpringCloud\sts-4.11.1.RELEASE\plugins\org.eclipse.justj.openjdk.hotspot.jre.full.win32.x86_64_16.0.2.v20210721-1149\jre\bin\jli.dll
0x00007ffdb87b0000 - 0x00007ffdb8951000 	C:\Windows\System32\USER32.dll
0x00007ffdb71b0000 - 0x00007ffdb71d2000 	C:\Windows\System32\win32u.dll
0x00007ffdb7c00000 - 0x00007ffdb7c2b000 	C:\Windows\System32\GDI32.dll
0x00007ffdb3c90000 - 0x00007ffdb3ca9000 	C:\SpringCloud\sts-4.11.1.RELEASE\plugins\org.eclipse.justj.openjdk.hotspot.jre.full.win32.x86_64_16.0.2.v20210721-1149\jre\bin\VCRUNTIME140.dll
0x00007ffdb6ef0000 - 0x00007ffdb6ffb000 	C:\Windows\System32\gdi32full.dll
0x00007ffdb71e0000 - 0x00007ffdb727d000 	C:\Windows\System32\msvcp_win.dll
0x00007ffdaf9e0000 - 0x00007ffdafc7a000 	C:\Windows\WinSxS\amd64_microsoft.windows.common-controls_6595b64144ccf1df_6.0.19041.1110_none_60b5254171f9507e\COMCTL32.dll
0x00007ffdb75f0000 - 0x00007ffdb768e000 	C:\Windows\System32\msvcrt.dll
0x00007ffdb7b20000 - 0x00007ffdb7b50000 	C:\Windows\System32\IMM32.DLL
0x00007ffdb3cb0000 - 0x00007ffdb3cbc000 	C:\SpringCloud\sts-4.11.1.RELEASE\plugins\org.eclipse.justj.openjdk.hotspot.jre.full.win32.x86_64_16.0.2.v20210721-1149\jre\bin\vcruntime140_1.dll
0x00007ffd91a70000 - 0x00007ffd91b01000 	C:\SpringCloud\sts-4.11.1.RELEASE\plugins\org.eclipse.justj.openjdk.hotspot.jre.full.win32.x86_64_16.0.2.v20210721-1149\jre\bin\msvcp140.dll
0x00007ffd669b0000 - 0x00007ffd6755b000 	C:\SpringCloud\sts-4.11.1.RELEASE\plugins\org.eclipse.justj.openjdk.hotspot.jre.full.win32.x86_64_16.0.2.v20210721-1149\jre\bin\server\jvm.dll
0x00007ffdb8700000 - 0x00007ffdb87ac000 	C:\Windows\System32\ADVAPI32.dll
0x00007ffdb73a0000 - 0x00007ffdb743b000 	C:\Windows\System32\sechost.dll
0x00007ffdb77e0000 - 0x00007ffdb790a000 	C:\Windows\System32\RPCRT4.dll
0x00007ffdb7c30000 - 0x00007ffdb7c38000 	C:\Windows\System32\PSAPI.DLL
0x00007ffd9a3c0000 - 0x00007ffd9a3c9000 	C:\Windows\SYSTEM32\WSOCK32.dll
0x00007ffda2470000 - 0x00007ffda2497000 	C:\Windows\SYSTEM32\WINMM.dll
0x00007ffdb7e20000 - 0x00007ffdb7e8b000 	C:\Windows\System32\WS2_32.dll
0x00007ffdae670000 - 0x00007ffdae67a000 	C:\Windows\SYSTEM32\VERSION.dll
0x00007ffdb4970000 - 0x00007ffdb4982000 	C:\Windows\SYSTEM32\kernel.appcore.dll
0x00007ffdb3c80000 - 0x00007ffdb3c8a000 	C:\SpringCloud\sts-4.11.1.RELEASE\plugins\org.eclipse.justj.openjdk.hotspot.jre.full.win32.x86_64_16.0.2.v20210721-1149\jre\bin\jimage.dll
0x00007ffda6630000 - 0x00007ffda6814000 	C:\Windows\SYSTEM32\DBGHELP.DLL
0x00007ffda6600000 - 0x00007ffda662c000 	C:\Windows\SYSTEM32\dbgcore.DLL
0x00007ffdb7280000 - 0x00007ffdb7303000 	C:\Windows\System32\bcryptPrimitives.dll
0x00007ffdb3c10000 - 0x00007ffdb3c35000 	C:\SpringCloud\sts-4.11.1.RELEASE\plugins\org.eclipse.justj.openjdk.hotspot.jre.full.win32.x86_64_16.0.2.v20210721-1149\jre\bin\java.dll
0x00007ffdb3bf0000 - 0x00007ffdb3c08000 	C:\SpringCloud\sts-4.11.1.RELEASE\plugins\org.eclipse.justj.openjdk.hotspot.jre.full.win32.x86_64_16.0.2.v20210721-1149\jre\bin\zip.dll
0x00007ffdb7fc0000 - 0x00007ffdb86ff000 	C:\Windows\System32\SHELL32.dll
0x00007ffdb4b70000 - 0x00007ffdb5300000 	C:\Windows\SYSTEM32\windows.storage.dll
0x00007ffdb8fb0000 - 0x00007ffdb9305000 	C:\Windows\System32\combase.dll
0x00007ffdb64c0000 - 0x00007ffdb64ec000 	C:\Windows\SYSTEM32\Wldp.dll
0x00007ffdb7b50000 - 0x00007ffdb7bfe000 	C:\Windows\System32\SHCORE.dll
0x00007ffdb7690000 - 0x00007ffdb76e5000 	C:\Windows\System32\shlwapi.dll
0x00007ffdb69b0000 - 0x00007ffdb69cf000 	C:\Windows\SYSTEM32\profapi.dll
0x00007ffdb17c0000 - 0x00007ffdb17d9000 	C:\SpringCloud\sts-4.11.1.RELEASE\plugins\org.eclipse.justj.openjdk.hotspot.jre.full.win32.x86_64_16.0.2.v20210721-1149\jre\bin\net.dll
0x00007ffda5e20000 - 0x00007ffda5f28000 	C:\Windows\SYSTEM32\WINHTTP.dll
0x00007ffdb6220000 - 0x00007ffdb628a000 	C:\Windows\system32\mswsock.dll
0x00007ffdb17a0000 - 0x00007ffdb17b3000 	C:\SpringCloud\sts-4.11.1.RELEASE\plugins\org.eclipse.justj.openjdk.hotspot.jre.full.win32.x86_64_16.0.2.v20210721-1149\jre\bin\nio.dll
0x00007ffdb1180000 - 0x00007ffdb1189000 	C:\SpringCloud\sts-4.11.1.RELEASE\plugins\org.eclipse.justj.openjdk.hotspot.jre.full.win32.x86_64_16.0.2.v20210721-1149\jre\bin\management.dll
0x00007ffdb1170000 - 0x00007ffdb117b000 	C:\SpringCloud\sts-4.11.1.RELEASE\plugins\org.eclipse.justj.openjdk.hotspot.jre.full.win32.x86_64_16.0.2.v20210721-1149\jre\bin\management_ext.dll
0x00007ffdaf880000 - 0x00007ffdaf897000 	C:\Windows\system32\napinsp.dll
0x00007ffdaf860000 - 0x00007ffdaf87b000 	C:\Windows\system32\pnrpnsp.dll
0x00007ffdb1c40000 - 0x00007ffdb1c55000 	C:\Windows\system32\wshbth.dll
0x00007ffdb3a00000 - 0x00007ffdb3a1d000 	C:\Windows\system32\NLAapi.dll
0x00007ffdb5ec0000 - 0x00007ffdb5efb000 	C:\Windows\SYSTEM32\IPHLPAPI.DLL
0x00007ffdb5f00000 - 0x00007ffdb5fcc000 	C:\Windows\SYSTEM32\DNSAPI.dll
0x00007ffdb89e0000 - 0x00007ffdb89e8000 	C:\Windows\System32\NSI.dll
0x00007ffda7d40000 - 0x00007ffda7d52000 	C:\Windows\System32\winrnr.dll
0x00007ffdaf620000 - 0x00007ffdaf62a000 	C:\Windows\System32\rasadhlp.dll
0x00007ffda58f0000 - 0x00007ffda596f000 	C:\Windows\System32\fwpuclnt.dll
0x00007ffdb7310000 - 0x00007ffdb7337000 	C:\Windows\System32\bcrypt.dll
0x00007ffdb6410000 - 0x00007ffdb6428000 	C:\Windows\SYSTEM32\CRYPTSP.dll
0x00007ffdb5b30000 - 0x00007ffdb5b64000 	C:\Windows\system32\rsaenh.dll
0x00007ffdb6970000 - 0x00007ffdb699e000 	C:\Windows\SYSTEM32\USERENV.dll
0x00007ffdb6430000 - 0x00007ffdb643c000 	C:\Windows\SYSTEM32\CRYPTBASE.dll
0x00007ffdaca70000 - 0x00007ffdaca87000 	C:\Windows\SYSTEM32\dhcpcsvc6.DLL
0x00007ffdad3f0000 - 0x00007ffdad40d000 	C:\Windows\SYSTEM32\dhcpcsvc.DLL
0x00007ffdb3c70000 - 0x00007ffdb3c80000 	C:\SpringCloud\sts-4.11.1.RELEASE\plugins\org.eclipse.justj.openjdk.hotspot.jre.full.win32.x86_64_16.0.2.v20210721-1149\jre\bin\verify.dll

dbghelp: loaded successfully - version: 4.0.5 - missing functions: none
symbol engine: initialized successfully - sym options: 0x614 - pdb path: .;C:\SpringCloud\sts-4.11.1.RELEASE\plugins\org.eclipse.justj.openjdk.hotspot.jre.full.win32.x86_64_16.0.2.v20210721-1149\jre\bin;C:\Windows\SYSTEM32;C:\Windows\WinSxS\amd64_microsoft.windows.common-controls_6595b64144ccf1df_6.0.19041.1110_none_60b5254171f9507e;C:\SpringCloud\sts-4.11.1.RELEASE\plugins\org.eclipse.justj.openjdk.hotspot.jre.full.win32.x86_64_16.0.2.v20210721-1149\jre\bin\server

VM Arguments:
jvm_args: -Dcom.sun.management.jmxremote -Dcom.sun.management.jmxremote.port=65416 -Dcom.sun.management.jmxremote.authenticate=false -Dcom.sun.management.jmxremote.ssl=false -Djava.rmi.server.hostname=localhost -Dspring.jmx.enabled=true -Dspring.application.admin.enabled=true -XX:TieredStopAtLevel=1 -Dspring.boot.project.name=music-servicio-balance -Dfile.encoding=UTF-8 -XX:+ShowCodeDetailsInExceptionMessages 
java_command: com.music.app.balance.MusicServicioBalanceApplication --spring.output.ansi.enabled=always
java_class_path (initial): C:\SpringCloud\music_workspace\music-servicio-balance\target\classes;C:\Users\PC112-AR\.m2\repository\org\springframework\boot\spring-boot-starter-web\2.5.4\spring-boot-starter-web-2.5.4.jar;C:\Users\PC112-AR\.m2\repository\org\springframework\boot\spring-boot-starter\2.5.4\spring-boot-starter-2.5.4.jar;C:\Users\PC112-AR\.m2\repository\org\springframework\boot\spring-boot-starter-logging\2.5.4\spring-boot-starter-logging-2.5.4.jar;C:\Users\PC112-AR\.m2\repository\ch\qos\logback\logback-classic\1.2.5\logback-classic-1.2.5.jar;C:\Users\PC112-AR\.m2\repository\ch\qos\logback\logback-core\1.2.5\logback-core-1.2.5.jar;C:\Users\PC112-AR\.m2\repository\org\apache\logging\log4j\log4j-to-slf4j\2.14.1\log4j-to-slf4j-2.14.1.jar;C:\Users\PC112-AR\.m2\repository\org\apache\logging\log4j\log4j-api\2.14.1\log4j-api-2.14.1.jar;C:\Users\PC112-AR\.m2\repository\org\slf4j\jul-to-slf4j\1.7.32\jul-to-slf4j-1.7.32.jar;C:\Users\PC112-AR\.m2\repository\jakarta\annotation\jakarta.annotation-api\1.3.5\jakarta.annotation-api-1.3.5.jar;C:\Users\PC112-AR\.m2\repository\org\yaml\snakeyaml\1.28\snakeyaml-1.28.jar;C:\Users\PC112-AR\.m2\repository\org\springframework\boot\spring-boot-starter-json\2.5.4\spring-boot-starter-json-2.5.4.jar;C:\Users\PC112-AR\.m2\repository\com\fasterxml\jackson\core\jackson-databind\2.12.4\jackson-databind-2.12.4.jar;C:\Users\PC112-AR\.m2\repository\com\fasterxml\jackson\datatype\jackson-datatype-jdk8\2.12.4\jackson-datatype-jdk8-2.12.4.jar;C:\Users\PC112-AR\.m2\repository\com\fasterxml\jackson\datatype\jackson-datatype-jsr310\2.12.4\jackson-datatype-jsr310-2.12.4.jar;C:\Users\PC112-AR\.m2\repository\com\fasterxml\jackson\module\jackson-module-parameter-names\2.12.4\jackson-module-parameter-names-2.12.4.jar;C:\Users\PC112-AR\.m2\repository\org\springframework\boot\spring-boot-starter-tomcat\2.5.4\spring-boot-starter-tomcat-2.5.4.jar;C:\Users\PC112-AR\.m2\repository\org\apache\tomcat\embed\tomcat-embed-core\9.0.52\tomcat-embed-core-9.0.52.ja
Launcher Type: SUN_STANDARD

[Global flags]
     intx CICompilerCount                          = 3                                         {product} {ergonomic}
     uint ConcGCThreads                            = 1                                         {product} {ergonomic}
     uint G1ConcRefinementThreads                  = 4                                         {product} {ergonomic}
   size_t G1HeapRegionSize                         = 2097152                                   {product} {ergonomic}
    uintx GCDrainStackTargetSize                   = 64                                        {product} {ergonomic}
   size_t InitialHeapSize                          = 266338304                                 {product} {ergonomic}
     bool ManagementServer                         = true                                      {product} {command line}
   size_t MarkStackSize                            = 4194304                                   {product} {ergonomic}
   size_t MaxHeapSize                              = 4253024256                                {product} {ergonomic}
   size_t MaxNewSize                               = 2550136832                                {product} {ergonomic}
   size_t MinHeapDeltaBytes                        = 2097152                                   {product} {ergonomic}
   size_t MinHeapSize                              = 8388608                                   {product} {ergonomic}
    uintx NonNMethodCodeHeapSize                   = 6973028                                {pd product} {ergonomic}
    uintx NonProfiledCodeHeapSize                  = 244685212                              {pd product} {ergonomic}
    uintx ProfiledCodeHeapSize                     = 0                                      {pd product} {ergonomic}
    uintx ReservedCodeCacheSize                    = 251658240                              {pd product} {ergonomic}
     bool SegmentedCodeCache                       = true                                      {product} {ergonomic}
     bool ShowCodeDetailsInExceptionMessages       = true                                   {manageable} {command line}
   size_t SoftMaxHeapSize                          = 4253024256                             {manageable} {ergonomic}
     intx TieredStopAtLevel                        = 1                                         {product} {command line}
     bool UseCompressedClassPointers               = true                           {product lp64_product} {ergonomic}
     bool UseCompressedOops                        = true                           {product lp64_product} {ergonomic}
     bool UseG1GC                                  = true                                      {product} {ergonomic}
     bool UseLargePagesIndividualAllocation        = false                                  {pd product} {ergonomic}

Logging:
Log output configuration:
 #0: stdout all=warning uptime,level,tags
 #1: stderr all=off uptime,level,tags

Environment Variables:
JAVA_HOME=C:\SpringCloud\openjdk-16.0.2_windows-x64_bin\jdk-11.0.2
PATH=C:/SpringCloud/sts-4.11.1.RELEASE//plugins/org.eclipse.justj.openjdk.hotspot.jre.full.win32.x86_64_16.0.2.v20210721-1149/jre/bin/server;C:/SpringCloud/sts-4.11.1.RELEASE//plugins/org.eclipse.justj.openjdk.hotspot.jre.full.win32.x86_64_16.0.2.v20210721-1149/jre/bin;C:\Program Files\Common Files\Oracle\Java\javapath;C:\Windows\system32;C:\Windows;C:\Windows\System32\Wbem;C:\Windows\System32\WindowsPowerShell\v1.0\;C:\Windows\System32\OpenSSH\;C:\SpringCloud\openjdk-11.0.2_windows-x64_bin\jdk-11.0.2\bin;C:\Program Files\Git\cmd;C:\Users\PC112-AR\AppData\Local\Microsoft\WindowsApps;;C:\Users\PC112-AR\AppData\Local\Programs\Microsoft VS Code\bin;C:\SpringCloud\sts-4.11.1.RELEASE;
USERNAME=Juan Cisilino
OS=Windows_NT
PROCESSOR_IDENTIFIER=Intel64 Family 6 Model 142 Stepping 9, GenuineIntel



---------------  S Y S T E M  ---------------

OS:
 Windows 10 , 64 bit Build 19041 (10.0.19041.1202)
OS uptime: 0 days 23:05 hours

CPU: total 4 (initial active 4) (2 cores per cpu, 2 threads per core) family 6 model 142 stepping 9 microcode 0xea, cx8, cmov, fxsr, ht, mmx, 3dnowpref, sse, sse2, sse3, ssse3, sse4.1, sse4.2, popcnt, lzcnt, tsc, tscinvbit, avx, avx2, aes, erms, clmul, bmi1, bmi2, rtm, adx, fma, vzeroupper, clflush, clflushopt

Memory: 4k page, system-wide physical 16218M (7907M free)
TotalPageFile size 18650M (AvailPageFile size 9134M)
current process WorkingSet (physical memory assigned to process): 179M, peak: 179M
current process commit charge ("private bytes"): 208M, peak: 353M

vm_info: OpenJDK 64-Bit Server VM (16.0.2+7-67) for windows-amd64 JRE (16.0.2+7-67), built on Jun  8 2021 23:21:43 by "mach5one" with MS VC++ 16.7 (VS2019)

END.
