#
# A fatal error has been detected by the Java Runtime Environment:
#
#  EXCEPTION_ACCESS_VIOLATION (0xc0000005) at pc=0x00007ffe163ad9cf, pid=2460, tid=4208
#
# JRE version: OpenJDK Runtime Environment (16.0.2+7) (build 16.0.2+7-67)
# Java VM: OpenJDK 64-Bit Server VM (16.0.2+7-67, mixed mode, tiered, compressed oops, compressed class ptrs, g1 gc, windows-amd64)
# Problematic frame:
# V  [jvm.dll+0x2ed9cf]
#
# No core dump will be written. Minidumps are not enabled by default on client versions of Windows
#
# If you would like to submit a bug report, please visit:
#   https://bugreport.java.com/bugreport/crash.jsp
#

---------------  S U M M A R Y ------------

Command Line: -Dcom.sun.management.jmxremote -Dcom.sun.management.jmxremote.port=61616 -Dcom.sun.management.jmxremote.authenticate=false -Dcom.sun.management.jmxremote.ssl=false -Djava.rmi.server.hostname=localhost -Dspring.jmx.enabled=true -Dspring.application.admin.enabled=true -XX:TieredStopAtLevel=1 -Dspring.boot.project.name=music-servicio-track -Dfile.encoding=UTF-8 -XX:+ShowCodeDetailsInExceptionMessages com.music.app.track.MusicServicioTrackApplication --spring.output.ansi.enabled=always

Host: Intel(R) Core(TM) i5-7300U CPU @ 2.60GHz, 4 cores, 15G,  Windows 10 , 64 bit Build 19041 (10.0.19041.1202)
Time: Tue Sep 21 10:28:31 2021 Hora estándar de Argentina elapsed time: 941.147398 seconds (0d 0h 15m 41s)

---------------  T H R E A D  ---------------

Current thread (0x000002737756b540):  GCTaskThread "GC Thread#3" [stack: 0x000000ab07700000,0x000000ab07800000] [id=4208]

Stack: [0x000000ab07700000,0x000000ab07800000],  sp=0x000000ab077ff8f0,  free space=1022k
Native frames: (J=compiled Java code, j=interpreted, Vv=VM code, C=native code)
V  [jvm.dll+0x2ed9cf]
V  [jvm.dll+0x2ed46d]
V  [jvm.dll+0x2ecd4d]
V  [jvm.dll+0x7f7f0b]
V  [jvm.dll+0x7795aa]
V  [jvm.dll+0x667066]
C  [ucrtbase.dll+0x21bb2]
C  [KERNEL32.DLL+0x17034]
C  [ntdll.dll+0x52651]


siginfo: EXCEPTION_ACCESS_VIOLATION (0xc0000005), reading address 0x00000008e0b78d98


Register to memory mapping:

RIP=0x00007ffe163ad9cf jvm.dll
RAX=0x00000008e0b78d90 is an unknown value
RBX=0x0000000705bc6c68 is pointing into object: java.util.concurrent.ConcurrentHashMap$Node 
{0x0000000705bc6c60} - klass: 'java/util/concurrent/ConcurrentHashMap$Node'
RCX=0x0 is NULL
RDX=3770125712 is a compressed pointer to object: java.lang.String 
{0x0000000705bc6c80} - klass: 'java/lang/String'
RSP=0x000000ab077ff8f0 points into unknown readable memory: 0x0000000000000353 | 53 03 00 00 00 00 00 00
RBP=0x0000000000000353 is an unknown value
RSI=0x00007ffe160c0000 jvm.dll
RDI=0x00000273765cb930 points into unknown readable memory: 0x000000ab06afeea0 | a0 ee af 06 ab 00 00 00
R8 =0x0000000000000001 is an unknown value
R9 =0x0000000800000000 is pointing into metadata
R10=0x0 is NULL
R11=0x0000000800000000 is pointing into metadata
R12=0x0 is NULL
R13=0x00007ffe160c0000 jvm.dll
R14=0x0000000000000010 is an unknown value
R15=0x000000000000000c is an unknown value


Registers:
RAX=0x00000008e0b78d90, RBX=0x0000000705bc6c68, RCX=0x0000000000000000, RDX=0x00000000e0b78d90
RSP=0x000000ab077ff8f0, RBP=0x0000000000000353, RSI=0x00007ffe160c0000, RDI=0x00000273765cb930
R8 =0x0000000000000001, R9 =0x0000000800000000, R10=0x0000000000000000, R11=0x0000000800000000
R12=0x0000000000000000, R13=0x00007ffe160c0000, R14=0x0000000000000010, R15=0x000000000000000c
RIP=0x00007ffe163ad9cf, EFLAGS=0x0000000000010206

Top of Stack: (sp=0x000000ab077ff8f0)
0x000000ab077ff8f0:   0000000000000353 0000000705bc6cd0
0x000000ab077ff900:   00007ffe160c0000 00007ffe160c0000
0x000000ab077ff910:   0000000000000000 0000000000000000
0x000000ab077ff920:   0000000705b85ee0 0000000000000800
0x000000ab077ff930:   0000000000000000 0000000000000000
0x000000ab077ff940:   0000000000000000 000002737724f460
0x000000ab077ff950:   000000000000000c 000000ab06aff0b0
0x000000ab077ff960:   000000ab06afe7a0 00000273765cb930
0x000000ab077ff970:   00007ffe160c0000 0000000000000010
0x000000ab077ff980:   000000ab06aff0c8 00007ffe163ad46d
0x000000ab077ff990:   000000ab06afe640 0000024c00000000
0x000000ab077ff9a0:   000000ab06afe660 0000024b00000000
0x000000ab077ff9b0:   000000ab06afe660 00000273765cb930
0x000000ab077ff9c0:   000002737724f460 0000000000000001
0x000000ab077ff9d0:   00000000000003d8 000002737724f838
0x000000ab077ff9e0:   000002737724f450 000000ab06afe640 

Instructions: (pc=0x00007ffe163ad9cf)
0x00007ffe163ad8cf:   00 4c 39 a7 d0 02 00 00 0f 85 a6 00 00 00 8b af
0x00007ffe163ad8df:   98 00 00 00 8b cd 8b 87 18 01 00 00 2b c8 81 e1
0x00007ffe163ad8ef:   ff ff 01 00 0f 86 61 02 00 00 ff cd 81 e5 ff ff
0x00007ffe163ad8ff:   01 00 89 af 98 00 00 00 e8 f4 bc 36 00 8b 87 18
0x00007ffe163ad90f:   01 00 00 8b cd 48 8b 9f 98 01 00 00 2b c8 81 e1
0x00007ffe163ad91f:   ff ff 01 00 8b d5 81 f9 ff ff 01 00 48 8b 1c eb
0x00007ffe163ad92f:   41 0f 44 cc 85 c9 75 6b 48 8b 87 18 01 00 00 48
0x00007ffe163ad93f:   8b c8 48 89 84 24 b8 00 00 00 48 c1 e9 20 ff c1
0x00007ffe163ad94f:   89 ac 24 a8 00 00 00 89 8c 24 ac 00 00 00 3b e8
0x00007ffe163ad95f:   0f 85 e0 01 00 00 48 c1 e1 20 48 0b ca f0 48 0f
0x00007ffe163ad96f:   b1 8f 18 01 00 00 0f 85 ca 01 00 00 8b 87 18 01
0x00007ffe163ad97f:   00 00 eb 1f 48 8d 8f 98 02 00 00 48 83 69 20 01
0x00007ffe163ad98f:   48 8b 41 20 48 8b 59 38 48 8b 1c c3 75 05 e8 5e
0x00007ffe163ad99f:   b4 f5 ff 44 0f b6 05 d7 9e 7e 00 8b 0d 98 36 78
0x00007ffe163ad9af:   00 4c 8b 0d 89 36 78 00 45 84 c0 74 0d 8b 53 08
0x00007ffe163ad9bf:   8b c2 48 d3 e0 49 03 c1 eb 06 48 8b 43 08 8b d0
0x00007ffe163ad9cf:   81 78 08 00 00 00 c0 7d 72 45 84 c0 74 0a 8b c2
0x00007ffe163ad9df:   48 d3 e0 49 03 c1 eb 04 48 8b 43 08 48 8b 88 98
0x00007ffe163ad9ef:   00 00 00 e8 e9 64 f0 ff 48 89 44 24 28 48 8b e8
0x00007ffe163ad9ff:   48 85 c0 74 1b 48 8b d0 48 8b cf e8 f1 bd ff ff
0x00007ffe163ada0f:   84 c0 74 0c 48 8b d5 48 8d 4f 18 e8 81 c3 ff ff
0x00007ffe163ada1f:   44 38 25 5b 9e 7e 00 49 8b c6 49 0f 45 c7 44 39
0x00007ffe163ada2f:   24 18 0f 8e 99 fe ff ff 45 33 c0 48 8b d3 48 8b
0x00007ffe163ada3f:   cf e8 bb 04 00 00 e9 86 fe ff ff 45 84 c0 74 0b
0x00007ffe163ada4f:   44 8b c2 49 d3 e0 4d 03 c1 eb 04 4c 8b 43 08 49
0x00007ffe163ada5f:   63 40 0c 48 8d 8f b0 05 00 00 48 8b d3 41 ff 94
0x00007ffe163ada6f:   c5 c0 1b a7 00 44 38 25 0f a1 7e 00 0f 84 4f fe
0x00007ffe163ada7f:   ff ff 44 0f b6 05 f8 9d 7e 00 8b 0d b9 35 78 00
0x00007ffe163ada8f:   4c 8b 0d aa 35 78 00 45 84 c0 74 0d 8b 53 08 8b
0x00007ffe163ada9f:   c2 48 d3 e0 49 03 c1 eb 06 48 8b 43 08 8b d0 44
0x00007ffe163adaaf:   39 60 08 7e 20 45 84 c0 74 0a 8b c2 48 d3 e0 49
0x00007ffe163adabf:   03 c1 eb 04 48 8b 43 08 80 b8 35 01 00 00 01 0f 


Stack slot to memory mapping:
stack at sp + 0 slots: 0x0000000000000353 is an unknown value
stack at sp + 1 slots: 0x0000000705bc6cd0 is an oop: java.lang.String 
{0x0000000705bc6cd0} - klass: 'java/lang/String'
stack at sp + 2 slots: 0x00007ffe160c0000 jvm.dll
stack at sp + 3 slots: 0x00007ffe160c0000 jvm.dll
stack at sp + 4 slots: 0x0 is NULL
stack at sp + 5 slots: 0x0 is NULL
stack at sp + 6 slots: 0x0000000705b85ee0 is an oop: [Ljava.util.concurrent.ConcurrentHashMap$Node; 
{0x0000000705b85ee0} - klass: 'java/util/concurrent/ConcurrentHashMap$Node'[]
 - length: 16384
stack at sp + 7 slots: 2048 is a compressed pointer to class: 0x0000000800000800
java.lang.invoke.LambdaForm$DMH/0x0000000800000800 {0x0000000800000808}


---------------  P R O C E S S  ---------------

Threads class SMR info:
_java_thread_list=0x000002737be259c0, length=18, elements={
0x000002737702b0a0, 0x000002737702bf60, 0x000002737702a210, 0x0000027377054100,
0x0000027377056b20, 0x0000027377062940, 0x0000027377065270, 0x00000273770657d0,
0x00000273765cc300, 0x000002737721cbb0, 0x00000273778edd50, 0x00000273778e6cf0,
0x00000273778f8bb0, 0x0000027377bfdeb0, 0x0000027377a42810, 0x0000027378919c10,
0x000002737be025b0, 0x000002737bdff5e0
}

Java Threads: ( => current thread )
  0x000002737702b0a0 JavaThread "Reference Handler" daemon [_thread_blocked, id=3316, stack(0x000000ab06b00000,0x000000ab06c00000)]
  0x000002737702bf60 JavaThread "Finalizer" daemon [_thread_blocked, id=11032, stack(0x000000ab06c00000,0x000000ab06d00000)]
  0x000002737702a210 JavaThread "Signal Dispatcher" daemon [_thread_blocked, id=7196, stack(0x000000ab06d00000,0x000000ab06e00000)]
  0x0000027377054100 JavaThread "Attach Listener" daemon [_thread_blocked, id=11932, stack(0x000000ab06e00000,0x000000ab06f00000)]
  0x0000027377056b20 JavaThread "Service Thread" daemon [_thread_blocked, id=8800, stack(0x000000ab06f00000,0x000000ab07000000)]
  0x0000027377062940 JavaThread "Monitor Deflation Thread" daemon [_thread_blocked, id=6464, stack(0x000000ab07000000,0x000000ab07100000)]
  0x0000027377065270 JavaThread "C1 CompilerThread0" daemon [_thread_blocked, id=10984, stack(0x000000ab07100000,0x000000ab07200000)]
  0x00000273770657d0 JavaThread "Sweeper thread" daemon [_thread_blocked, id=7080, stack(0x000000ab07200000,0x000000ab07300000)]
  0x00000273765cc300 JavaThread "Common-Cleaner" daemon [_thread_blocked, id=8724, stack(0x000000ab07300000,0x000000ab07400000)]
  0x000002737721cbb0 JavaThread "Notification Thread" daemon [_thread_blocked, id=9860, stack(0x000000ab07400000,0x000000ab07500000)]
  0x00000273778edd50 JavaThread "RMI TCP Accept-0" daemon [_thread_in_native, id=7028, stack(0x000000ab07800000,0x000000ab07900000)]
  0x00000273778e6cf0 JavaThread "RMI TCP Accept-61616" daemon [_thread_in_native, id=5308, stack(0x000000ab07900000,0x000000ab07a00000)]
  0x00000273778f8bb0 JavaThread "RMI TCP Accept-0" daemon [_thread_in_native, id=2500, stack(0x000000ab07a00000,0x000000ab07b00000)]
  0x0000027377bfdeb0 JavaThread "RMI TCP Connection(idle)" daemon [_thread_blocked, id=5288, stack(0x000000ab07d00000,0x000000ab07e00000)]
  0x0000027377a42810 JavaThread "RMI Scheduler(0)" daemon [_thread_blocked, id=12076, stack(0x000000ab07e00000,0x000000ab07f00000)]
  0x0000027378919c10 JavaThread "JMX server connection timeout 21" daemon [_thread_blocked, id=8572, stack(0x000000ab07f00000,0x000000ab08000000)]
  0x000002737be025b0 JavaThread "DestroyJavaVM" [_thread_blocked, id=12204, stack(0x000000ab06400000,0x000000ab06500000)]
  0x000002737bdff5e0 JavaThread "Thread-1" [_thread_blocked, id=9404, stack(0x000000ab06300000,0x000000ab06400000)]

Other Threads:
  0x00000273766271c0 VMThread "VM Thread" [stack: 0x000000ab06a00000,0x000000ab06b00000] [id=7300]
  0x000002737792fa50 WatcherThread [stack: 0x000000ab07b00000,0x000000ab07c00000] [id=10420]
  0x00000273565ec570 GCTaskThread "GC Thread#0" [stack: 0x000000ab06500000,0x000000ab06600000] [id=3596]
  0x00000273773fe820 GCTaskThread "GC Thread#1" [stack: 0x000000ab07500000,0x000000ab07600000] [id=8684]
  0x000002737756b230 GCTaskThread "GC Thread#2" [stack: 0x000000ab07600000,0x000000ab07700000] [id=1276]
=>0x000002737756b540 GCTaskThread "GC Thread#3" [stack: 0x000000ab07700000,0x000000ab07800000] [id=4208]
  0x00000273565febe0 ConcurrentGCThread "G1 Main Marker" [stack: 0x000000ab06600000,0x000000ab06700000] [id=3872]
  0x00000273565ff6d0 ConcurrentGCThread "G1 Conc#0" [stack: 0x000000ab06700000,0x000000ab06800000] [id=11272]
  0x0000027356668740 ConcurrentGCThread "G1 Refine#0" [stack: 0x000000ab06800000,0x000000ab06900000] [id=9004]
  0x00000273793accd0 ConcurrentGCThread "G1 Refine#1" [stack: 0x000000ab08200000,0x000000ab08300000] [id=11352]
  0x0000027379473430 ConcurrentGCThread "G1 Refine#2" [stack: 0x000000ab08300000,0x000000ab08400000] [id=1696]
  0x00000273764a3230 ConcurrentGCThread "G1 Service" [stack: 0x000000ab06900000,0x000000ab06a00000] [id=9056]

Threads with active compile tasks:

VM state: at safepoint (normal execution)

VM Mutex/Monitor currently owned by a thread:  ([mutex/lock_event])
[0x0000027356598170] Threads_lock - owner thread: 0x00000273766271c0
[0x0000027356597630] Heap_lock - owner thread: 0x000002737bdff5e0

Heap address: 0x0000000702800000, size: 4056 MB, Compressed Oops mode: Zero based, Oop shift amount: 3

CDS disabled.
Compressed class space mapped at: 0x0000000800000000-0x0000000840000000, reserved size: 1073741824
Narrow klass base: 0x0000000800000000, Narrow klass shift: 0, Narrow klass range: 0x40000000

GC Precious Log:
 CPUs: 4 total, 4 available
 Memory: 16218M
 Large Page Support: Disabled
 NUMA Support: Disabled
 Compressed Oops: Enabled (Zero based)
 Heap Region Size: 2M
 Heap Min Capacity: 8M
 Heap Initial Capacity: 254M
 Heap Max Capacity: 4056M
 Pre-touch: Disabled
 Parallel Workers: 4
 Concurrent Workers: 1
 Concurrent Refinement Workers: 4
 Periodic GC: Disabled

Heap:
 garbage-first heap   total 102400K, used 57775K [0x0000000702800000, 0x0000000800000000)
  region size 2048K, 14 young (28672K), 3 survivors (6144K)
 Metaspace       used 72563K, committed 73024K, reserved 1114112K
  class space    used 9868K, committed 10112K, reserved 1048576K

Heap Regions: E=young(eden), S=young(survivor), O=old, HS=humongous(starts), HC=humongous(continues), CS=collection set, F=free, OA=open archive, CA=closed archive, TAMS=top-at-mark-start (previous, next)
|   0|0x0000000702800000, 0x0000000702a00000, 0x0000000702a00000|100%| O|  |TAMS 0x0000000702a00000, 0x0000000702800000| Untracked 
|   1|0x0000000702a00000, 0x0000000702c00000, 0x0000000702c00000|100%| O|  |TAMS 0x0000000702c00000, 0x0000000702a00000| Untracked 
|   2|0x0000000702c00000, 0x0000000702e00000, 0x0000000702e00000|100%| O|  |TAMS 0x0000000702c00000, 0x0000000702c00000| Untracked 
|   3|0x0000000702e00000, 0x0000000703000000, 0x0000000703000000|100%| O|  |TAMS 0x0000000703000000, 0x0000000702e00000| Untracked 
|   4|0x0000000703000000, 0x0000000703200000, 0x0000000703200000|100%| O|  |TAMS 0x0000000703000000, 0x0000000703000000| Untracked 
|   5|0x0000000703200000, 0x0000000703400000, 0x0000000703400000|100%| O|  |TAMS 0x0000000703400000, 0x0000000703200000| Untracked 
|   6|0x0000000703400000, 0x0000000703600000, 0x0000000703600000|100%| O|  |TAMS 0x0000000703400000, 0x0000000703400000| Untracked 
|   7|0x0000000703600000, 0x0000000703800000, 0x0000000703800000|100%| O|  |TAMS 0x0000000703800000, 0x0000000703600000| Untracked 
|   8|0x0000000703800000, 0x0000000703a00000, 0x0000000703a00000|100%| O|  |TAMS 0x0000000703a00000, 0x0000000703800000| Untracked 
|   9|0x0000000703a00000, 0x0000000703c00000, 0x0000000703c00000|100%| O|  |TAMS 0x0000000703c00000, 0x0000000703a00000| Untracked 
|  10|0x0000000703c00000, 0x0000000703e00000, 0x0000000703e00000|100%| O|  |TAMS 0x0000000703e00000, 0x0000000703c00000| Untracked 
|  11|0x0000000703e00000, 0x0000000704000000, 0x0000000704000000|100%| O|  |TAMS 0x0000000704000000, 0x0000000703e00000| Untracked 
|  12|0x0000000704000000, 0x0000000704200000, 0x0000000704200000|100%| O|  |TAMS 0x0000000704000000, 0x0000000704000000| Untracked 
|  13|0x0000000704200000, 0x0000000704400000, 0x0000000704400000|100%| O|  |TAMS 0x0000000704200000, 0x0000000704200000| Untracked 
|  14|0x0000000704400000, 0x0000000704600000, 0x0000000704600000|100%| O|  |TAMS 0x0000000704400000, 0x0000000704400000| Untracked 
|  15|0x0000000704600000, 0x0000000704600000, 0x0000000704800000|  0%| F|  |TAMS 0x0000000704600000, 0x0000000704600000| Untracked 
|  16|0x0000000704800000, 0x0000000704800000, 0x0000000704a00000|  0%| F|  |TAMS 0x0000000704800000, 0x0000000704800000| Untracked 
|  17|0x0000000704a00000, 0x0000000704a00000, 0x0000000704c00000|  0%| F|  |TAMS 0x0000000704a00000, 0x0000000704a00000| Untracked 
|  18|0x0000000704c00000, 0x0000000704c00000, 0x0000000704e00000|  0%| F|  |TAMS 0x0000000704c00000, 0x0000000704c00000| Untracked 
|  19|0x0000000704e00000, 0x0000000704e00000, 0x0000000705000000|  0%| F|  |TAMS 0x0000000704e00000, 0x0000000704e00000| Untracked 
|  20|0x0000000705000000, 0x0000000705000000, 0x0000000705200000|  0%| F|  |TAMS 0x0000000705000000, 0x0000000705000000| Untracked 
|  21|0x0000000705200000, 0x0000000705200000, 0x0000000705400000|  0%| F|  |TAMS 0x0000000705200000, 0x0000000705200000| Untracked 
|  22|0x0000000705400000, 0x0000000705400000, 0x0000000705600000|  0%| F|  |TAMS 0x0000000705400000, 0x0000000705400000| Untracked 
|  23|0x0000000705600000, 0x00000007056b91c0, 0x0000000705800000| 36%| S|  |TAMS 0x0000000705600000, 0x0000000705600000| Complete 
|  24|0x0000000705800000, 0x0000000705a00000, 0x0000000705a00000|100%| S|  |TAMS 0x0000000705800000, 0x0000000705800000| Complete 
|  25|0x0000000705a00000, 0x0000000705c00000, 0x0000000705c00000|100%| S|  |TAMS 0x0000000705a00000, 0x0000000705a00000| Complete 
|  26|0x0000000705c00000, 0x0000000705c00000, 0x0000000705e00000|  0%| F|  |TAMS 0x0000000705c00000, 0x0000000705c00000| Untracked 
|  27|0x0000000705e00000, 0x0000000705e00000, 0x0000000706000000|  0%| F|  |TAMS 0x0000000705e00000, 0x0000000705e00000| Untracked 
|  28|0x0000000706000000, 0x0000000706000000, 0x0000000706200000|  0%| F|  |TAMS 0x0000000706000000, 0x0000000706000000| Untracked 
|  29|0x0000000706200000, 0x0000000706200000, 0x0000000706400000|  0%| F|  |TAMS 0x0000000706200000, 0x0000000706200000| Untracked 
|  30|0x0000000706400000, 0x0000000706400000, 0x0000000706600000|  0%| F|  |TAMS 0x0000000706400000, 0x0000000706400000| Untracked 
|  31|0x0000000706600000, 0x0000000706600000, 0x0000000706800000|  0%| F|  |TAMS 0x0000000706600000, 0x0000000706600000| Untracked 
|  32|0x0000000706800000, 0x0000000706800000, 0x0000000706a00000|  0%| F|  |TAMS 0x0000000706800000, 0x0000000706800000| Untracked 
|  33|0x0000000706a00000, 0x0000000706a00000, 0x0000000706c00000|  0%| F|  |TAMS 0x0000000706a00000, 0x0000000706a00000| Untracked 
|  34|0x0000000706c00000, 0x0000000706c00000, 0x0000000706e00000|  0%| F|  |TAMS 0x0000000706c00000, 0x0000000706c00000| Untracked 
|  35|0x0000000706e00000, 0x0000000706e00000, 0x0000000707000000|  0%| F|  |TAMS 0x0000000706e00000, 0x0000000706e00000| Untracked 
|  36|0x0000000707000000, 0x0000000707000000, 0x0000000707200000|  0%| F|  |TAMS 0x0000000707000000, 0x0000000707000000| Untracked 
|  37|0x0000000707200000, 0x0000000707200000, 0x0000000707400000|  0%| F|  |TAMS 0x0000000707200000, 0x0000000707200000| Untracked 
|  38|0x0000000707400000, 0x0000000707400000, 0x0000000707600000|  0%| F|  |TAMS 0x0000000707400000, 0x0000000707400000| Untracked 
|  39|0x0000000707600000, 0x00000007077b2c00, 0x0000000707800000| 84%| E|  |TAMS 0x0000000707600000, 0x0000000707600000| Complete 
|  40|0x0000000707800000, 0x0000000707a00000, 0x0000000707a00000|100%| E|  |TAMS 0x0000000707800000, 0x0000000707800000| Complete 
|  41|0x0000000707a00000, 0x0000000707c00000, 0x0000000707c00000|100%| E|  |TAMS 0x0000000707a00000, 0x0000000707a00000| Complete 
|  42|0x0000000707c00000, 0x0000000707e00000, 0x0000000707e00000|100%| E|  |TAMS 0x0000000707c00000, 0x0000000707c00000| Complete 
|  43|0x0000000707e00000, 0x0000000708000000, 0x0000000708000000|100%| E|  |TAMS 0x0000000707e00000, 0x0000000707e00000| Complete 
|  44|0x0000000708000000, 0x0000000708200000, 0x0000000708200000|100%| E|  |TAMS 0x0000000708000000, 0x0000000708000000| Complete 
|  45|0x0000000708200000, 0x0000000708400000, 0x0000000708400000|100%| E|  |TAMS 0x0000000708200000, 0x0000000708200000| Complete 
|  46|0x0000000708400000, 0x0000000708600000, 0x0000000708600000|100%| E|  |TAMS 0x0000000708400000, 0x0000000708400000| Complete 
|  47|0x0000000708600000, 0x0000000708800000, 0x0000000708800000|100%| E|  |TAMS 0x0000000708600000, 0x0000000708600000| Complete 
| 109|0x0000000710200000, 0x0000000710400000, 0x0000000710400000|100%| E|  |TAMS 0x0000000710200000, 0x0000000710200000| Complete 
| 126|0x0000000712400000, 0x0000000712600000, 0x0000000712600000|100%| E|  |TAMS 0x0000000712400000, 0x0000000712400000| Complete 

Card table byte_map: [0x000002736b100000,0x000002736b8f0000] _byte_map_base: 0x00000273678ec000

Marking Bits (Prev, Next): (CMBitMap*) 0x00000273565edcb0, (CMBitMap*) 0x00000273565edc70
 Prev Bits: [0x0000027370040000, 0x0000027373fa0000)
 Next Bits: [0x000002736c0e0000, 0x0000027370040000)

Polling page: 0x0000027356670000

Metaspace:

Usage:
  Non-class:     61.23 MB used.
      Class:      9.64 MB used.
       Both:     70.86 MB used.

Virtual space:
  Non-class space:       64.00 MB reserved,      61.44 MB ( 96%) committed,  8 nodes.
      Class space:        1.00 GB reserved,       9.88 MB ( <1%) committed,  1 nodes.
              Both:        1.06 GB reserved,      71.31 MB (  7%) committed. 

Chunk freelists:
   Non-Class:  2.01 MB
       Class:  1.95 MB
        Both:  3.97 MB

MaxMetaspaceSize: 17179869184.00 GB
CompressedClassSpaceSize: 1.00 GB
 - commit_granule_bytes: 65536.
 - commit_granule_words: 8192.
 - virtual_space_node_default_size: 1048576.
 - enlarge_chunks_in_place: 1.
 - new_chunks_are_fully_committed: 0.
 - uncommit_free_chunks: 1.
 - use_allocation_guard: 0.
 - handle_deallocations: 1.


Internal statistics:

num_allocs_failed_limit: 11.
num_arena_births: 618.
num_arena_deaths: 0.
num_vsnodes_births: 9.
num_vsnodes_deaths: 0.
num_space_committed: 1141.
num_space_uncommitted: 0.
num_chunks_returned_to_freelist: 11.
num_chunks_taken_from_freelist: 2889.
num_chunk_merges: 11.
num_chunk_splits: 2072.
num_chunks_enlarged: 1607.
num_purges: 0.

CodeHeap 'non-profiled nmethods': size=238912Kb used=10007Kb max_used=10007Kb free=228904Kb
 bounds [0x000002735b990000, 0x000002735c360000, 0x000002736a2e0000]
CodeHeap 'non-nmethods': size=6848Kb used=1303Kb max_used=1303Kb free=5544Kb
 bounds [0x000002735b2e0000, 0x000002735b550000, 0x000002735b990000]
 total_blobs=6832 nmethods=6202 adapters=557
 compilation: enabled
              stopped_count=0, restarted_count=0
 full_count=0

Compilation events (20 events):
Event: 941.091 Thread 0x0000027377065270 6193       1       com.netflix.servo.jmx.ObjectNameBuilder::addProperty (17 bytes)
Event: 941.091 Thread 0x0000027377065270 nmethod 6193 0x000002735c353090 code [0x000002735c3532a0, 0x000002735c353538]
Event: 941.095 Thread 0x0000027377065270 6194       1       com.netflix.servo.tag.SmallTagMap::iterator (10 bytes)
Event: 941.095 Thread 0x0000027377065270 nmethod 6194 0x000002735c353790 code [0x000002735c353920, 0x000002735c353a98]
Event: 941.095 Thread 0x0000027377065270 6195       1       com.netflix.servo.tag.SmallTagMap$SmallTagIterator::<init> (6 bytes)
Event: 941.095 Thread 0x0000027377065270 nmethod 6195 0x000002735c353b10 code [0x000002735c353ca0, 0x000002735c353db8]
Event: 941.095 Thread 0x0000027377065270 6196       1       com.netflix.servo.tag.SmallTagMap$SmallTagIterator::<init> (15 bytes)
Event: 941.095 Thread 0x0000027377065270 nmethod 6196 0x000002735c353e10 code [0x000002735c353fa0, 0x000002735c3540b8]
Event: 941.098 Thread 0x0000027377065270 6197       1       java.util.concurrent.locks.AbstractQueuedSynchronizer::hasQueuedPredecessors (58 bytes)
Event: 941.098 Thread 0x0000027377065270 nmethod 6197 0x000002735c354110 code [0x000002735c3542c0, 0x000002735c354428]
Event: 941.105 Thread 0x0000027377065270 6198       1       java.util.ComparableTimSort::sort (219 bytes)
Event: 941.105 Thread 0x0000027377065270 nmethod 6198 0x000002735c354510 code [0x000002735c354720, 0x000002735c354b18]
Event: 941.107 Thread 0x0000027377065270 6199       1       javax.management.ObjectName::getCanonicalKeyPropertyListString (45 bytes)
Event: 941.107 Thread 0x0000027377065270 nmethod 6199 0x000002735c354e90 code [0x000002735c355040, 0x000002735c3551c8]
Event: 941.110 Thread 0x0000027377065270 6200       1       com.netflix.servo.jmx.MonitorMBean::getObjectName (5 bytes)
Event: 941.110 Thread 0x0000027377065270 nmethod 6200 0x000002735c355310 code [0x000002735c3554a0, 0x000002735c355578]
Event: 941.118 Thread 0x0000027377065270 6201       1       com.netflix.servo.annotations.DataSourceLevel::getKey (3 bytes)
Event: 941.118 Thread 0x0000027377065270 nmethod 6201 0x000002735c355610 code [0x000002735c3557a0, 0x000002735c355878]
Event: 941.120 Thread 0x0000027377065270 6202       1       javax.management.ObjectName::hashCode (8 bytes)
Event: 941.120 Thread 0x0000027377065270 nmethod 6202 0x000002735c355910 code [0x000002735c355ac0, 0x000002735c355ba8]

GC Heap History (20 events):
Event: 2.467 GC heap after
{Heap after GC invocations=7 (full 0):
 garbage-first heap   total 61440K, used 12807K [0x0000000702800000, 0x0000000800000000)
  region size 2048K, 3 young (6144K), 3 survivors (6144K)
 Metaspace       used 25802K, committed 26112K, reserved 1073152K
  class space    used 3179K, committed 3328K, reserved 1048576K
}
Event: 2.473 GC heap before
{Heap before GC invocations=7 (full 0):
 garbage-first heap   total 61440K, used 39431K [0x0000000702800000, 0x0000000800000000)
  region size 2048K, 17 young (34816K), 3 survivors (6144K)
 Metaspace       used 25830K, committed 26112K, reserved 1073152K
  class space    used 3183K, committed 3328K, reserved 1048576K
}
Event: 2.480 GC heap after
{Heap after GC invocations=8 (full 0):
 garbage-first heap   total 161792K, used 12923K [0x0000000702800000, 0x0000000800000000)
  region size 2048K, 1 young (2048K), 1 survivors (2048K)
 Metaspace       used 25830K, committed 26112K, reserved 1073152K
  class space    used 3183K, committed 3328K, reserved 1048576K
}
Event: 4.094 GC heap before
{Heap before GC invocations=8 (full 0):
 garbage-first heap   total 161792K, used 92795K [0x0000000702800000, 0x0000000800000000)
  region size 2048K, 41 young (83968K), 1 survivors (2048K)
 Metaspace       used 35625K, committed 35968K, reserved 1081344K
  class space    used 4566K, committed 4736K, reserved 1048576K
}
Event: 4.101 GC heap after
{Heap after GC invocations=9 (full 0):
 garbage-first heap   total 161792K, used 16558K [0x0000000702800000, 0x0000000800000000)
  region size 2048K, 3 young (6144K), 3 survivors (6144K)
 Metaspace       used 35625K, committed 35968K, reserved 1081344K
  class space    used 4566K, committed 4736K, reserved 1048576K
}
Event: 4.555 GC heap before
{Heap before GC invocations=10 (full 0):
 garbage-first heap   total 75776K, used 53422K [0x0000000702800000, 0x0000000800000000)
  region size 2048K, 22 young (45056K), 3 survivors (6144K)
 Metaspace       used 39982K, committed 40384K, reserved 1089536K
  class space    used 5199K, committed 5376K, reserved 1048576K
}
Event: 4.564 GC heap after
{Heap after GC invocations=11 (full 0):
 garbage-first heap   total 75776K, used 18958K [0x0000000702800000, 0x0000000800000000)
  region size 2048K, 2 young (4096K), 2 survivors (4096K)
 Metaspace       used 39982K, committed 40384K, reserved 1089536K
  class space    used 5199K, committed 5376K, reserved 1048576K
}
Event: 4.565 GC heap before
{Heap before GC invocations=11 (full 0):
 garbage-first heap   total 75776K, used 18958K [0x0000000702800000, 0x0000000800000000)
  region size 2048K, 3 young (6144K), 2 survivors (4096K)
 Metaspace       used 39982K, committed 40384K, reserved 1089536K
  class space    used 5199K, committed 5376K, reserved 1048576K
}
Event: 4.572 GC heap after
{Heap after GC invocations=12 (full 0):
 garbage-first heap   total 75776K, used 18472K [0x0000000702800000, 0x0000000800000000)
  region size 2048K, 1 young (2048K), 1 survivors (2048K)
 Metaspace       used 39982K, committed 40384K, reserved 1089536K
  class space    used 5199K, committed 5376K, reserved 1048576K
}
Event: 4.667 GC heap before
{Heap before GC invocations=12 (full 0):
 garbage-first heap   total 75776K, used 55336K [0x0000000702800000, 0x0000000800000000)
  region size 2048K, 20 young (40960K), 1 survivors (2048K)
 Metaspace       used 41347K, committed 41792K, reserved 1089536K
  class space    used 5336K, committed 5568K, reserved 1048576K
}
Event: 4.668 GC heap after
{Heap after GC invocations=13 (full 0):
 garbage-first heap   total 75776K, used 20038K [0x0000000702800000, 0x0000000800000000)
  region size 2048K, 1 young (2048K), 1 survivors (2048K)
 Metaspace       used 41347K, committed 41792K, reserved 1089536K
  class space    used 5336K, committed 5568K, reserved 1048576K
}
Event: 4.790 GC heap before
{Heap before GC invocations=13 (full 0):
 garbage-first heap   total 75776K, used 56902K [0x0000000702800000, 0x0000000800000000)
  region size 2048K, 20 young (40960K), 1 survivors (2048K)
 Metaspace       used 41801K, committed 42176K, reserved 1089536K
  class space    used 5377K, committed 5568K, reserved 1048576K
}
Event: 4.794 GC heap after
{Heap after GC invocations=14 (full 0):
 garbage-first heap   total 227328K, used 21970K [0x0000000702800000, 0x0000000800000000)
  region size 2048K, 2 young (4096K), 2 survivors (4096K)
 Metaspace       used 41801K, committed 42176K, reserved 1089536K
  class space    used 5377K, committed 5568K, reserved 1048576K
}
Event: 6.221 GC heap before
{Heap before GC invocations=14 (full 0):
 garbage-first heap   total 227328K, used 150994K [0x0000000702800000, 0x0000000800000000)
  region size 2048K, 66 young (135168K), 2 survivors (4096K)
 Metaspace       used 59887K, committed 60288K, reserved 1105920K
  class space    used 8045K, committed 8256K, reserved 1048576K
}
Event: 6.231 GC heap after
{Heap after GC invocations=15 (full 0):
 garbage-first heap   total 227328K, used 26246K [0x0000000702800000, 0x0000000800000000)
  region size 2048K, 4 young (8192K), 4 survivors (8192K)
 Metaspace       used 59887K, committed 60288K, reserved 1105920K
  class space    used 8045K, committed 8256K, reserved 1048576K
}
Event: 7.176 GC heap before
{Heap before GC invocations=16 (full 0):
 garbage-first heap   total 102400K, used 79494K [0x0000000702800000, 0x0000000800000000)
  region size 2048K, 30 young (61440K), 4 survivors (8192K)
 Metaspace       used 65710K, committed 66176K, reserved 1114112K
  class space    used 8893K, committed 9088K, reserved 1048576K
}
Event: 7.193 GC heap after
{Heap after GC invocations=17 (full 0):
 garbage-first heap   total 102400K, used 31188K [0x0000000702800000, 0x0000000800000000)
  region size 2048K, 3 young (6144K), 3 survivors (6144K)
 Metaspace       used 65710K, committed 66176K, reserved 1114112K
  class space    used 8893K, committed 9088K, reserved 1048576K
}
Event: 250.139 GC heap before
{Heap before GC invocations=17 (full 0):
 garbage-first heap   total 102400K, used 80340K [0x0000000702800000, 0x0000000800000000)
  region size 2048K, 27 young (55296K), 3 survivors (6144K)
 Metaspace       used 72282K, committed 72832K, reserved 1114112K
  class space    used 9827K, committed 10112K, reserved 1048576K
}
Event: 250.148 GC heap after
{Heap after GC invocations=18 (full 0):
 garbage-first heap   total 102400K, used 35556K [0x0000000702800000, 0x0000000800000000)
  region size 2048K, 3 young (6144K), 3 survivors (6144K)
 Metaspace       used 72282K, committed 72832K, reserved 1114112K
  class space    used 9827K, committed 10112K, reserved 1048576K
}
Event: 941.121 GC heap before
{Heap before GC invocations=18 (full 0):
 garbage-first heap   total 102400K, used 56036K [0x0000000702800000, 0x0000000800000000)
  region size 2048K, 14 young (28672K), 3 survivors (6144K)
 Metaspace       used 72563K, committed 73024K, reserved 1114112K
  class space    used 9868K, committed 10112K, reserved 1048576K
}

Deoptimization events (4 events):
Event: 3.651 Thread 0x00000273789edc60 DEOPT PACKING pc=0x000002735bcf7df4 sp=0x000000ab081fcb90
Event: 3.651 Thread 0x00000273789edc60 DEOPT UNPACKING pc=0x000002735b32dece sp=0x000000ab081fc0e8 mode 0
Event: 6.534 Thread 0x00000273789edc60 DEOPT PACKING pc=0x000002735bc9bc82 sp=0x000000ab081fd200
Event: 6.534 Thread 0x00000273789edc60 DEOPT UNPACKING pc=0x000002735b32dece sp=0x000000ab081fc708 mode 3

Classes unloaded (0 events):
No events

Classes redefined (0 events):
No events

Internal exceptions (20 events):
Event: 7.281 Thread 0x00000273789edc60 Exception <a 'java/lang/NoSuchMethodError'{0x0000000708768938}: 'java.lang.Object java.lang.invoke.DirectMethodHandle$Holder.newInvokeSpecial(java.lang.Object, java.lang.Object, int, java.lang.Object, int)'> (0x0000000708768938) 
thrown [t:\workspace\open\src\hotspot\share\interpreter\linkResolver.cpp, line 790]
Event: 7.281 Thread 0x00000273789edc60 Exception <a 'java/lang/NoSuchMethodError'{0x000000070876cb48}: 'java.lang.Object java.lang.invoke.DirectMethodHandle$Holder.invokeSpecial(java.lang.Object, java.lang.Object, java.lang.Object, int, java.lang.Object, int)'> (0x000000070876cb48) 
thrown [t:\workspace\open\src\hotspot\share\interpreter\linkResolver.cpp, line 790]
Event: 7.282 Thread 0x00000273789edc60 Exception <a 'java/lang/NoSuchMethodError'{0x0000000708777600}: 'void java.lang.invoke.DirectMethodHandle$Holder.invokeVirtual(java.lang.Object, java.lang.Object)'> (0x0000000708777600) 
thrown [t:\workspace\open\src\hotspot\share\interpreter\linkResolver.cpp, line 790]
Event: 7.426 Thread 0x00000273789edc60 Exception <a 'sun/nio/fs/WindowsException'{0x0000000707e5a748}> (0x0000000707e5a748) 
thrown [t:\workspace\open\src\hotspot\share\prims\jni.cpp, line 579]
Event: 909.953 Thread 0x0000027377bfdeb0 Exception <a 'sun/net/ConnectionResetException'{0x0000000707bb0238}: Connection reset> (0x0000000707bb0238) 
thrown [t:\workspace\open\src\hotspot\share\prims\jni.cpp, line 600]
Event: 937.721 Thread 0x000002737bdff5e0 Exception <a 'java/io/IOException'{0x000000070786a030}> (0x000000070786a030) 
thrown [t:\workspace\open\src\hotspot\share\prims\jni.cpp, line 579]
Event: 937.721 Thread 0x000002737bdff5e0 Exception <a 'java/io/IOException'{0x000000070786bd00}> (0x000000070786bd00) 
thrown [t:\workspace\open\src\hotspot\share\prims\jni.cpp, line 579]
Event: 937.722 Thread 0x000002737be015c0 Exception <a 'java/io/IOException'{0x00000007125b48d0}> (0x00000007125b48d0) 
thrown [t:\workspace\open\src\hotspot\share\prims\jni.cpp, line 579]
Event: 937.731 Thread 0x000002737be015c0 Exception <a 'java/io/IOException'{0x00000007078bbb30}> (0x00000007078bbb30) 
thrown [t:\workspace\open\src\hotspot\share\prims\jni.cpp, line 579]
Event: 937.749 Thread 0x00000273789ee700 Exception <a 'java/lang/InterruptedException'{0x00000007078f3778}: sleep interrupted> (0x00000007078f3778) 
thrown [t:\workspace\open\src\hotspot\share\prims\jvm.cpp, line 3305]
Event: 937.758 Thread 0x000002737bdff5e0 Exception <a 'java/io/IOException'{0x000000070797ef88}> (0x000000070797ef88) 
thrown [t:\workspace\open\src\hotspot\share\prims\jni.cpp, line 579]
Event: 937.758 Thread 0x000002737bdff5e0 Exception <a 'java/io/IOException'{0x0000000707980cd8}> (0x0000000707980cd8) 
thrown [t:\workspace\open\src\hotspot\share\prims\jni.cpp, line 579]
Event: 938.016 Thread 0x000002737bdff5e0 Exception <a 'java/io/IOException'{0x000000070762a9b8}> (0x000000070762a9b8) 
thrown [t:\workspace\open\src\hotspot\share\prims\jni.cpp, line 579]
Event: 938.018 Thread 0x000002737bdff5e0 Exception <a 'java/io/IOException'{0x0000000707635840}> (0x0000000707635840) 
thrown [t:\workspace\open\src\hotspot\share\prims\jni.cpp, line 579]
Event: 938.046 Thread 0x000002737bdff5e0 Exception <a 'java/io/IOException'{0x00000007076471a0}> (0x00000007076471a0) 
thrown [t:\workspace\open\src\hotspot\share\prims\jni.cpp, line 579]
Event: 938.047 Thread 0x000002737bdff5e0 Exception <a 'java/io/IOException'{0x0000000707649cf8}> (0x0000000707649cf8) 
thrown [t:\workspace\open\src\hotspot\share\prims\jni.cpp, line 579]
Event: 941.048 Thread 0x000002737be01b10 Exception <a 'java/io/IOException'{0x000000071256f098}> (0x000000071256f098) 
thrown [t:\workspace\open\src\hotspot\share\prims\jni.cpp, line 579]
Event: 941.055 Thread 0x000002737bdff5e0 Exception <a 'java/io/IOException'{0x0000000707704c10}> (0x0000000707704c10) 
thrown [t:\workspace\open\src\hotspot\share\prims\jni.cpp, line 579]
Event: 941.060 Thread 0x000002737bdff5e0 Exception <a 'java/io/IOException'{0x0000000707713428}> (0x0000000707713428) 
thrown [t:\workspace\open\src\hotspot\share\prims\jni.cpp, line 579]
Event: 941.120 Thread 0x000002737bdff5e0 Exception <a 'java/io/IOException'{0x00000007077aa210}> (0x00000007077aa210) 
thrown [t:\workspace\open\src\hotspot\share\prims\jni.cpp, line 579]

Events (20 events):
Event: 941.114 Executing  VM operation: ICBufferFull
Event: 941.114 Executing  VM operation: ICBufferFull done
Event: 941.114 Executing  VM operation: ICBufferFull
Event: 941.115 Executing  VM operation: ICBufferFull done
Event: 941.115 Executing  VM operation: ICBufferFull
Event: 941.115 Executing  VM operation: ICBufferFull done
Event: 941.116 Executing  VM operation: ICBufferFull
Event: 941.116 Executing  VM operation: ICBufferFull done
Event: 941.116 Executing  VM operation: ICBufferFull
Event: 941.116 Executing  VM operation: ICBufferFull done
Event: 941.117 Executing  VM operation: ICBufferFull
Event: 941.117 Executing  VM operation: ICBufferFull done
Event: 941.118 Executing  VM operation: ICBufferFull
Event: 941.118 Executing  VM operation: ICBufferFull done
Event: 941.118 Executing  VM operation: ICBufferFull
Event: 941.118 Executing  VM operation: ICBufferFull done
Event: 941.119 Executing  VM operation: ICBufferFull
Event: 941.119 Executing  VM operation: ICBufferFull done
Event: 941.120 Thread 0x00000273789efc40 Thread exited: 0x00000273789efc40
Event: 941.121 Executing  VM operation: G1CollectFull


Dynamic libraries:
0x00007ff662380000 - 0x00007ff66238e000 	C:\SpringCloud\sts-4.11.1.RELEASE\plugins\org.eclipse.justj.openjdk.hotspot.jre.full.win32.x86_64_16.0.2.v20210721-1149\jre\bin\javaw.exe
0x00007ffe68ab0000 - 0x00007ffe68ca5000 	C:\Windows\SYSTEM32\ntdll.dll
0x00007ffe68720000 - 0x00007ffe687de000 	C:\Windows\System32\KERNEL32.DLL
0x00007ffe66620000 - 0x00007ffe668e9000 	C:\Windows\System32\KERNELBASE.dll
0x00007ffe663c0000 - 0x00007ffe664c0000 	C:\Windows\System32\ucrtbase.dll
0x00007ffe568d0000 - 0x00007ffe568e8000 	C:\SpringCloud\sts-4.11.1.RELEASE\plugins\org.eclipse.justj.openjdk.hotspot.jre.full.win32.x86_64_16.0.2.v20210721-1149\jre\bin\jli.dll
0x00007ffe67460000 - 0x00007ffe67601000 	C:\Windows\System32\USER32.dll
0x00007ffe66550000 - 0x00007ffe66572000 	C:\Windows\System32\win32u.dll
0x00007ffe687e0000 - 0x00007ffe6880b000 	C:\Windows\System32\GDI32.dll
0x00007ffe669f0000 - 0x00007ffe66afb000 	C:\Windows\System32\gdi32full.dll
0x00007ffe66580000 - 0x00007ffe6661d000 	C:\Windows\System32\msvcp_win.dll
0x00007ffe5ffa0000 - 0x00007ffe5ffb9000 	C:\SpringCloud\sts-4.11.1.RELEASE\plugins\org.eclipse.justj.openjdk.hotspot.jre.full.win32.x86_64_16.0.2.v20210721-1149\jre\bin\VCRUNTIME140.dll
0x00007ffe57160000 - 0x00007ffe573fa000 	C:\Windows\WinSxS\amd64_microsoft.windows.common-controls_6595b64144ccf1df_6.0.19041.1110_none_60b5254171f9507e\COMCTL32.dll
0x00007ffe66b60000 - 0x00007ffe66bfe000 	C:\Windows\System32\msvcrt.dll
0x00007ffe68590000 - 0x00007ffe685c0000 	C:\Windows\System32\IMM32.DLL
0x00007ffe60e70000 - 0x00007ffe60e7c000 	C:\SpringCloud\sts-4.11.1.RELEASE\plugins\org.eclipse.justj.openjdk.hotspot.jre.full.win32.x86_64_16.0.2.v20210721-1149\jre\bin\vcruntime140_1.dll
0x00007ffe528c0000 - 0x00007ffe52951000 	C:\SpringCloud\sts-4.11.1.RELEASE\plugins\org.eclipse.justj.openjdk.hotspot.jre.full.win32.x86_64_16.0.2.v20210721-1149\jre\bin\msvcp140.dll
0x00007ffe160c0000 - 0x00007ffe16c6b000 	C:\SpringCloud\sts-4.11.1.RELEASE\plugins\org.eclipse.justj.openjdk.hotspot.jre.full.win32.x86_64_16.0.2.v20210721-1149\jre\bin\server\jvm.dll
0x00007ffe67f70000 - 0x00007ffe6801c000 	C:\Windows\System32\ADVAPI32.dll
0x00007ffe67610000 - 0x00007ffe676ab000 	C:\Windows\System32\sechost.dll
0x00007ffe67920000 - 0x00007ffe67a4a000 	C:\Windows\System32\RPCRT4.dll
0x00007ffe68580000 - 0x00007ffe68588000 	C:\Windows\System32\PSAPI.DLL
0x00007ffe4b0e0000 - 0x00007ffe4b0e9000 	C:\Windows\SYSTEM32\WSOCK32.dll
0x00007ffe68620000 - 0x00007ffe6868b000 	C:\Windows\System32\WS2_32.dll
0x00007ffe52dd0000 - 0x00007ffe52df7000 	C:\Windows\SYSTEM32\WINMM.dll
0x00007ffe5e860000 - 0x00007ffe5e86a000 	C:\Windows\SYSTEM32\VERSION.dll
0x00007ffe640d0000 - 0x00007ffe640e2000 	C:\Windows\SYSTEM32\kernel.appcore.dll
0x00007ffe60a50000 - 0x00007ffe60a5a000 	C:\SpringCloud\sts-4.11.1.RELEASE\plugins\org.eclipse.justj.openjdk.hotspot.jre.full.win32.x86_64_16.0.2.v20210721-1149\jre\bin\jimage.dll
0x00007ffe56a10000 - 0x00007ffe56bf4000 	C:\Windows\SYSTEM32\DBGHELP.DLL
0x00007ffe569e0000 - 0x00007ffe56a0c000 	C:\Windows\SYSTEM32\dbgcore.DLL
0x00007ffe66330000 - 0x00007ffe663b3000 	C:\Windows\System32\bcryptPrimitives.dll
0x00007ffe578c0000 - 0x00007ffe578e5000 	C:\SpringCloud\sts-4.11.1.RELEASE\plugins\org.eclipse.justj.openjdk.hotspot.jre.full.win32.x86_64_16.0.2.v20210721-1149\jre\bin\java.dll
0x00007ffe5ff80000 - 0x00007ffe5ff98000 	C:\SpringCloud\sts-4.11.1.RELEASE\plugins\org.eclipse.justj.openjdk.hotspot.jre.full.win32.x86_64_16.0.2.v20210721-1149\jre\bin\zip.dll
0x00007ffe66c00000 - 0x00007ffe6733f000 	C:\Windows\System32\SHELL32.dll
0x00007ffe642d0000 - 0x00007ffe64a60000 	C:\Windows\SYSTEM32\windows.storage.dll
0x00007ffe67b80000 - 0x00007ffe67ed5000 	C:\Windows\System32\combase.dll
0x00007ffe65c20000 - 0x00007ffe65c4c000 	C:\Windows\SYSTEM32\Wldp.dll
0x00007ffe68810000 - 0x00007ffe688be000 	C:\Windows\System32\SHCORE.dll
0x00007ffe685c0000 - 0x00007ffe68615000 	C:\Windows\System32\shlwapi.dll
0x00007ffe66110000 - 0x00007ffe6612f000 	C:\Windows\SYSTEM32\profapi.dll
0x00007ffe5f8b0000 - 0x00007ffe5f8c9000 	C:\SpringCloud\sts-4.11.1.RELEASE\plugins\org.eclipse.justj.openjdk.hotspot.jre.full.win32.x86_64_16.0.2.v20210721-1149\jre\bin\net.dll
0x00007ffe55d90000 - 0x00007ffe55e98000 	C:\Windows\SYSTEM32\WINHTTP.dll
0x00007ffe65980000 - 0x00007ffe659ea000 	C:\Windows\system32\mswsock.dll
0x00007ffe5f520000 - 0x00007ffe5f533000 	C:\SpringCloud\sts-4.11.1.RELEASE\plugins\org.eclipse.justj.openjdk.hotspot.jre.full.win32.x86_64_16.0.2.v20210721-1149\jre\bin\nio.dll
0x00007ffe61030000 - 0x00007ffe61039000 	C:\SpringCloud\sts-4.11.1.RELEASE\plugins\org.eclipse.justj.openjdk.hotspot.jre.full.win32.x86_64_16.0.2.v20210721-1149\jre\bin\management.dll
0x00007ffe5f8f0000 - 0x00007ffe5f8fb000 	C:\SpringCloud\sts-4.11.1.RELEASE\plugins\org.eclipse.justj.openjdk.hotspot.jre.full.win32.x86_64_16.0.2.v20210721-1149\jre\bin\management_ext.dll
0x00007ffe52db0000 - 0x00007ffe52dc7000 	C:\Windows\system32\napinsp.dll
0x00007ffe51540000 - 0x00007ffe5155b000 	C:\Windows\system32\pnrpnsp.dll
0x00007ffe528a0000 - 0x00007ffe528b5000 	C:\Windows\system32\wshbth.dll
0x00007ffe625c0000 - 0x00007ffe625dd000 	C:\Windows\system32\NLAapi.dll
0x00007ffe65620000 - 0x00007ffe6565b000 	C:\Windows\SYSTEM32\IPHLPAPI.DLL
0x00007ffe65670000 - 0x00007ffe6573c000 	C:\Windows\SYSTEM32\DNSAPI.dll
0x00007ffe67790000 - 0x00007ffe67798000 	C:\Windows\System32\NSI.dll
0x00007ffe51520000 - 0x00007ffe51532000 	C:\Windows\System32\winrnr.dll
0x00007ffe54e50000 - 0x00007ffe54e5a000 	C:\Windows\System32\rasadhlp.dll
0x00007ffe55b30000 - 0x00007ffe55baf000 	C:\Windows\System32\fwpuclnt.dll
0x00007ffe664c0000 - 0x00007ffe664e7000 	C:\Windows\System32\bcrypt.dll
0x00007ffe65b70000 - 0x00007ffe65b88000 	C:\Windows\SYSTEM32\CRYPTSP.dll
0x00007ffe65290000 - 0x00007ffe652c4000 	C:\Windows\system32\rsaenh.dll
0x00007ffe660d0000 - 0x00007ffe660fe000 	C:\Windows\SYSTEM32\USERENV.dll
0x00007ffe65b90000 - 0x00007ffe65b9c000 	C:\Windows\SYSTEM32\CRYPTBASE.dll
0x00007ffe5cef0000 - 0x00007ffe5cf07000 	C:\Windows\SYSTEM32\dhcpcsvc6.DLL
0x00007ffe5d770000 - 0x00007ffe5d78d000 	C:\Windows\SYSTEM32\dhcpcsvc.DLL
0x00007ffe60990000 - 0x00007ffe609a0000 	C:\SpringCloud\sts-4.11.1.RELEASE\plugins\org.eclipse.justj.openjdk.hotspot.jre.full.win32.x86_64_16.0.2.v20210721-1149\jre\bin\verify.dll
0x00007ffe61400000 - 0x00007ffe6140e000 	C:\SpringCloud\sts-4.11.1.RELEASE\plugins\org.eclipse.justj.openjdk.hotspot.jre.full.win32.x86_64_16.0.2.v20210721-1149\jre\bin\sunmscapi.dll
0x00007ffe661d0000 - 0x00007ffe66326000 	C:\Windows\System32\CRYPT32.dll
0x00007ffe65c90000 - 0x00007ffe65cb7000 	C:\Windows\SYSTEM32\ncrypt.dll
0x00007ffe65c50000 - 0x00007ffe65c8b000 	C:\Windows\SYSTEM32\NTASN1.dll
0x00007ffe61630000 - 0x00007ffe61637000 	C:\Windows\system32\wshunix.dll

dbghelp: loaded successfully - version: 4.0.5 - missing functions: none
symbol engine: initialized successfully - sym options: 0x614 - pdb path: .;C:\SpringCloud\sts-4.11.1.RELEASE\plugins\org.eclipse.justj.openjdk.hotspot.jre.full.win32.x86_64_16.0.2.v20210721-1149\jre\bin;C:\Windows\SYSTEM32;C:\Windows\WinSxS\amd64_microsoft.windows.common-controls_6595b64144ccf1df_6.0.19041.1110_none_60b5254171f9507e;C:\SpringCloud\sts-4.11.1.RELEASE\plugins\org.eclipse.justj.openjdk.hotspot.jre.full.win32.x86_64_16.0.2.v20210721-1149\jre\bin\server

VM Arguments:
jvm_args: -Dcom.sun.management.jmxremote -Dcom.sun.management.jmxremote.port=61616 -Dcom.sun.management.jmxremote.authenticate=false -Dcom.sun.management.jmxremote.ssl=false -Djava.rmi.server.hostname=localhost -Dspring.jmx.enabled=true -Dspring.application.admin.enabled=true -XX:TieredStopAtLevel=1 -Dspring.boot.project.name=music-servicio-track -Dfile.encoding=UTF-8 -XX:+ShowCodeDetailsInExceptionMessages 
java_command: com.music.app.track.MusicServicioTrackApplication --spring.output.ansi.enabled=always
java_class_path (initial): C:\SpringCloud\music_workspace\music-servicio-track\target\classes;C:\Users\PC112-AR\.m2\repository\org\springframework\boot\spring-boot-starter-data-jpa\2.5.4\spring-boot-starter-data-jpa-2.5.4.jar;C:\Users\PC112-AR\.m2\repository\org\springframework\boot\spring-boot-starter-aop\2.5.4\spring-boot-starter-aop-2.5.4.jar;C:\Users\PC112-AR\.m2\repository\org\springframework\spring-aop\5.3.9\spring-aop-5.3.9.jar;C:\Users\PC112-AR\.m2\repository\org\aspectj\aspectjweaver\1.9.7\aspectjweaver-1.9.7.jar;C:\Users\PC112-AR\.m2\repository\org\springframework\boot\spring-boot-starter-jdbc\2.5.4\spring-boot-starter-jdbc-2.5.4.jar;C:\Users\PC112-AR\.m2\repository\com\zaxxer\HikariCP\4.0.3\HikariCP-4.0.3.jar;C:\Users\PC112-AR\.m2\repository\org\springframework\spring-jdbc\5.3.9\spring-jdbc-5.3.9.jar;C:\Users\PC112-AR\.m2\repository\jakarta\transaction\jakarta.transaction-api\1.3.3\jakarta.transaction-api-1.3.3.jar;C:\Users\PC112-AR\.m2\repository\jakarta\persistence\jakarta.persistence-api\2.2.3\jakarta.persistence-api-2.2.3.jar;C:\Users\PC112-AR\.m2\repository\org\hibernate\hibernate-core\5.4.32.Final\hibernate-core-5.4.32.Final.jar;C:\Users\PC112-AR\.m2\repository\org\jboss\logging\jboss-logging\3.4.2.Final\jboss-logging-3.4.2.Final.jar;C:\Users\PC112-AR\.m2\repository\org\javassist\javassist\3.27.0-GA\javassist-3.27.0-GA.jar;C:\Users\PC112-AR\.m2\repository\net\bytebuddy\byte-buddy\1.10.22\byte-buddy-1.10.22.jar;C:\Users\PC112-AR\.m2\repository\antlr\antlr\2.7.7\antlr-2.7.7.jar;C:\Users\PC112-AR\.m2\repository\org\jboss\jandex\2.2.3.Final\jandex-2.2.3.Final.jar;C:\Users\PC112-AR\.m2\repository\com\fasterxml\classmate\1.5.1\classmate-1.5.1.jar;C:\Users\PC112-AR\.m2\repository\org\dom4j\dom4j\2.1.3\dom4j-2.1.3.jar;C:\Users\PC112-AR\.m2\repository\org\hibernate\common\hibernate-commons-annotations\5.1.2.Final\hibernate-commons-annotations-5.1.2.Final.jar;C:\Users\PC112-AR\.m2\repository\org\glassfish\jaxb\jaxb-runtime\2.3.5\jaxb-runtime-2.3.5.jar;C:\Us
Launcher Type: SUN_STANDARD

[Global flags]
     intx CICompilerCount                          = 3                                         {product} {ergonomic}
     uint ConcGCThreads                            = 1                                         {product} {ergonomic}
     uint G1ConcRefinementThreads                  = 4                                         {product} {ergonomic}
   size_t G1HeapRegionSize                         = 2097152                                   {product} {ergonomic}
    uintx GCDrainStackTargetSize                   = 64                                        {product} {ergonomic}
   size_t InitialHeapSize                          = 266338304                                 {product} {ergonomic}
     bool ManagementServer                         = true                                      {product} {command line}
   size_t MarkStackSize                            = 4194304                                   {product} {ergonomic}
   size_t MaxHeapSize                              = 4253024256                                {product} {ergonomic}
   size_t MaxNewSize                               = 2550136832                                {product} {ergonomic}
   size_t MinHeapDeltaBytes                        = 2097152                                   {product} {ergonomic}
   size_t MinHeapSize                              = 8388608                                   {product} {ergonomic}
    uintx NonNMethodCodeHeapSize                   = 6973028                                {pd product} {ergonomic}
    uintx NonProfiledCodeHeapSize                  = 244685212                              {pd product} {ergonomic}
    uintx ProfiledCodeHeapSize                     = 0                                      {pd product} {ergonomic}
    uintx ReservedCodeCacheSize                    = 251658240                              {pd product} {ergonomic}
     bool SegmentedCodeCache                       = true                                      {product} {ergonomic}
     bool ShowCodeDetailsInExceptionMessages       = true                                   {manageable} {command line}
   size_t SoftMaxHeapSize                          = 4253024256                             {manageable} {ergonomic}
     intx TieredStopAtLevel                        = 1                                         {product} {command line}
     bool UseCompressedClassPointers               = true                           {product lp64_product} {ergonomic}
     bool UseCompressedOops                        = true                           {product lp64_product} {ergonomic}
     bool UseG1GC                                  = true                                      {product} {ergonomic}
     bool UseLargePagesIndividualAllocation        = false                                  {pd product} {ergonomic}

Logging:
Log output configuration:
 #0: stdout all=warning uptime,level,tags
 #1: stderr all=off uptime,level,tags

Environment Variables:
JAVA_HOME=C:\SpringCloud\openjdk-16.0.2_windows-x64_bin\jdk-11.0.2
PATH=C:/SpringCloud/sts-4.11.1.RELEASE//plugins/org.eclipse.justj.openjdk.hotspot.jre.full.win32.x86_64_16.0.2.v20210721-1149/jre/bin/server;C:/SpringCloud/sts-4.11.1.RELEASE//plugins/org.eclipse.justj.openjdk.hotspot.jre.full.win32.x86_64_16.0.2.v20210721-1149/jre/bin;C:\Program Files\Common Files\Oracle\Java\javapath;C:\Windows\system32;C:\Windows;C:\Windows\System32\Wbem;C:\Windows\System32\WindowsPowerShell\v1.0\;C:\Windows\System32\OpenSSH\;C:\SpringCloud\openjdk-11.0.2_windows-x64_bin\jdk-11.0.2\bin;C:\Program Files\Git\cmd;C:\Users\PC112-AR\AppData\Local\Microsoft\WindowsApps;;C:\Users\PC112-AR\AppData\Local\Programs\Microsoft VS Code\bin;C:\SpringCloud\sts-4.11.1.RELEASE;
USERNAME=Juan Cisilino
OS=Windows_NT
PROCESSOR_IDENTIFIER=Intel64 Family 6 Model 142 Stepping 9, GenuineIntel



---------------  S Y S T E M  ---------------

OS:
 Windows 10 , 64 bit Build 19041 (10.0.19041.1202)
OS uptime: 1 days 0:11 hours

CPU: total 4 (initial active 4) (2 cores per cpu, 2 threads per core) family 6 model 142 stepping 9 microcode 0xea, cx8, cmov, fxsr, ht, mmx, 3dnowpref, sse, sse2, sse3, ssse3, sse4.1, sse4.2, popcnt, lzcnt, tsc, tscinvbit, avx, avx2, aes, erms, clmul, bmi1, bmi2, rtm, adx, fma, vzeroupper, clflush, clflushopt

Memory: 4k page, system-wide physical 16218M (9223M free)
TotalPageFile size 18650M (AvailPageFile size 11227M)
current process WorkingSet (physical memory assigned to process): 250M, peak: 334M
current process commit charge ("private bytes"): 284M, peak: 384M

vm_info: OpenJDK 64-Bit Server VM (16.0.2+7-67) for windows-amd64 JRE (16.0.2+7-67), built on Jun  8 2021 23:21:43 by "mach5one" with MS VC++ 16.7 (VS2019)

END.
