#
# A fatal error has been detected by the Java Runtime Environment:
#
#  EXCEPTION_ACCESS_VIOLATION (0xc0000005) at pc=0x00007ffc7171e02a, pid=4332, tid=4668
#
# JRE version: OpenJDK Runtime Environment (16.0.2+7) (build 16.0.2+7-67)
# Java VM: OpenJDK 64-Bit Server VM (16.0.2+7-67, mixed mode, tiered, compressed oops, compressed class ptrs, g1 gc, windows-amd64)
# Problematic frame:
# V  [jvm.dll+0x6ee02a]
#
# No core dump will be written. Minidumps are not enabled by default on client versions of Windows
#
# If you would like to submit a bug report, please visit:
#   https://bugreport.java.com/bugreport/crash.jsp
#

---------------  S U M M A R Y ------------

Command Line: -Dcom.sun.management.jmxremote -Dcom.sun.management.jmxremote.port=62461 -Dcom.sun.management.jmxremote.authenticate=false -Dcom.sun.management.jmxremote.ssl=false -Djava.rmi.server.hostname=localhost -Dspring.jmx.enabled=true -Dspring.application.admin.enabled=true -XX:TieredStopAtLevel=1 -Dspring.boot.project.name=music-servicio-track -Dfile.encoding=UTF-8 -XX:+ShowCodeDetailsInExceptionMessages com.music.app.track.MusicServicioTrackApplication --spring.output.ansi.enabled=always

Host: Intel(R) Core(TM) i5-7300U CPU @ 2.60GHz, 4 cores, 15G,  Windows 10 , 64 bit Build 19041 (10.0.19041.1202)
Time: Thu Sep 16 11:44:18 2021 Hora estándar de Argentina elapsed time: 2.406249 seconds (0d 0h 0m 2s)

---------------  T H R E A D  ---------------

Current thread (0x00000251924400f0):  JavaThread "restartedMain" [_thread_in_vm, id=4668, stack(0x0000008da0300000,0x0000008da0400000)]

Stack: [0x0000008da0300000,0x0000008da0400000],  sp=0x0000008da03f8360,  free space=992k
Native frames: (J=compiled Java code, j=interpreted, Vv=VM code, C=native code)
V  [jvm.dll+0x6ee02a]
V  [jvm.dll+0x7bbd07]
V  [jvm.dll+0x7b7d05]
V  [jvm.dll+0x366ffc]
V  [jvm.dll+0x366e86]
V  [jvm.dll+0x366252]
V  [jvm.dll+0x3661f8]
V  [jvm.dll+0x37556d]
C  0x000002518001c3cd

Java frames: (J=compiled Java code, j=interpreted, Vv=VM code)
j  org.springframework.boot.autoconfigure.web.servlet.DispatcherServletAutoConfiguration$DispatcherServletRegistrationConfiguration.dispatcherServletRegistration(Lorg/springframework/web/servlet/DispatcherServlet;Lorg/springframework/boot/autoconfigure/web/servlet/WebMvcProperties;Lorg/springframework/beans/factory/ObjectProvider;)Lorg/springframework/boot/autoconfigure/web/servlet/DispatcherServletRegistrationBean;+0
v  ~StubRoutines::call_stub
J 2594  jdk.internal.reflect.NativeMethodAccessorImpl.invoke0(Ljava/lang/reflect/Method;Ljava/lang/Object;[Ljava/lang/Object;)Ljava/lang/Object; java.base@16.0.2 (0 bytes) @ 0x0000025180a9dbc7 [0x0000025180a9db40+0x0000000000000087]
J 2593 c1 jdk.internal.reflect.NativeMethodAccessorImpl.invoke(Ljava/lang/Object;[Ljava/lang/Object;)Ljava/lang/Object; java.base@16.0.2 (150 bytes) @ 0x0000025180a9f274 [0x0000025180a9eea0+0x00000000000003d4]
J 2282 c1 jdk.internal.reflect.DelegatingMethodAccessorImpl.invoke(Ljava/lang/Object;[Ljava/lang/Object;)Ljava/lang/Object; java.base@16.0.2 (10 bytes) @ 0x0000025180a0fe84 [0x0000025180a0fe40+0x0000000000000044]
J 2462 c1 java.lang.reflect.Method.invoke(Ljava/lang/Object;[Ljava/lang/Object;)Ljava/lang/Object; java.base@16.0.2 (65 bytes) @ 0x0000025180a600ec [0x0000025180a5ffe0+0x000000000000010c]
j  org.springframework.beans.factory.support.SimpleInstantiationStrategy.instantiate(Lorg/springframework/beans/factory/support/RootBeanDefinition;Ljava/lang/String;Lorg/springframework/beans/factory/BeanFactory;Ljava/lang/Object;Ljava/lang/reflect/Method;[Ljava/lang/Object;)Ljava/lang/Object;+50
j  org.springframework.beans.factory.support.ConstructorResolver.instantiate(Ljava/lang/String;Lorg/springframework/beans/factory/support/RootBeanDefinition;Ljava/lang/Object;Ljava/lang/reflect/Method;[Ljava/lang/Object;)Ljava/lang/Object;+48
j  org.springframework.beans.factory.support.ConstructorResolver.instantiateUsingFactoryMethod(Ljava/lang/String;Lorg/springframework/beans/factory/support/RootBeanDefinition;[Ljava/lang/Object;)Lorg/springframework/beans/BeanWrapper;+1565
j  org.springframework.beans.factory.support.AbstractAutowireCapableBeanFactory.instantiateUsingFactoryMethod(Ljava/lang/String;Lorg/springframework/beans/factory/support/RootBeanDefinition;[Ljava/lang/Object;)Lorg/springframework/beans/BeanWrapper;+11
j  org.springframework.beans.factory.support.AbstractAutowireCapableBeanFactory.createBeanInstance(Ljava/lang/String;Lorg/springframework/beans/factory/support/RootBeanDefinition;[Ljava/lang/Object;)Lorg/springframework/beans/BeanWrapper;+102
j  org.springframework.beans.factory.support.AbstractAutowireCapableBeanFactory.doCreateBean(Ljava/lang/String;Lorg/springframework/beans/factory/support/RootBeanDefinition;[Ljava/lang/Object;)Ljava/lang/Object;+34
j  org.springframework.beans.factory.support.AbstractAutowireCapableBeanFactory.createBean(Ljava/lang/String;Lorg/springframework/beans/factory/support/RootBeanDefinition;[Ljava/lang/Object;)Ljava/lang/Object;+169
j  org.springframework.beans.factory.support.AbstractBeanFactory.lambda$doGetBean$0(Ljava/lang/String;Lorg/springframework/beans/factory/support/RootBeanDefinition;[Ljava/lang/Object;)Ljava/lang/Object;+4
j  org.springframework.beans.factory.support.AbstractBeanFactory$$Lambda$348+0x00000008002d0d18.getObject()Ljava/lang/Object;+16
j  org.springframework.beans.factory.support.DefaultSingletonBeanRegistry.getSingleton(Ljava/lang/String;Lorg/springframework/beans/factory/ObjectFactory;)Ljava/lang/Object;+132
J 2901 c1 org.springframework.beans.factory.support.AbstractBeanFactory.doGetBean(Ljava/lang/String;Ljava/lang/Class;[Ljava/lang/Object;Z)Ljava/lang/Object; (832 bytes) @ 0x0000025180b1f18c [0x0000025180b1eba0+0x00000000000005ec]
j  org.springframework.beans.factory.support.AbstractBeanFactory.getBean(Ljava/lang/String;)Ljava/lang/Object;+5
j  org.springframework.beans.factory.config.DependencyDescriptor.resolveCandidate(Ljava/lang/String;Ljava/lang/Class;Lorg/springframework/beans/factory/BeanFactory;)Ljava/lang/Object;+2
j  org.springframework.beans.factory.support.DefaultListableBeanFactory.doResolveDependency(Lorg/springframework/beans/factory/config/DependencyDescriptor;Ljava/lang/String;Ljava/util/Set;Lorg/springframework/beans/TypeConverter;)Ljava/lang/Object;+440
j  org.springframework.beans.factory.support.DefaultListableBeanFactory.resolveDependency(Lorg/springframework/beans/factory/config/DependencyDescriptor;Ljava/lang/String;Ljava/util/Set;Lorg/springframework/beans/TypeConverter;)Ljava/lang/Object;+108
j  org.springframework.beans.factory.support.ConstructorResolver.resolveAutowiredArgument(Lorg/springframework/core/MethodParameter;Ljava/lang/String;Ljava/util/Set;Lorg/springframework/beans/TypeConverter;Z)Ljava/lang/Object;+79
j  org.springframework.beans.factory.support.ConstructorResolver.createArgumentArray(Ljava/lang/String;Lorg/springframework/beans/factory/support/RootBeanDefinition;Lorg/springframework/beans/factory/config/ConstructorArgumentValues;Lorg/springframework/beans/BeanWrapper;[Ljava/lang/Class;[Ljava/lang/String;Ljava/lang/reflect/Executable;ZZ)Lorg/springframework/beans/factory/support/ConstructorResolver$ArgumentsHolder;+434
j  org.springframework.beans.factory.support.ConstructorResolver.instantiateUsingFactoryMethod(Ljava/lang/String;Lorg/springframework/beans/factory/support/RootBeanDefinition;[Ljava/lang/Object;)Lorg/springframework/beans/BeanWrapper;+736
j  org.springframework.beans.factory.support.AbstractAutowireCapableBeanFactory.instantiateUsingFactoryMethod(Ljava/lang/String;Lorg/springframework/beans/factory/support/RootBeanDefinition;[Ljava/lang/Object;)Lorg/springframework/beans/BeanWrapper;+11
j  org.springframework.beans.factory.support.AbstractAutowireCapableBeanFactory.createBeanInstance(Ljava/lang/String;Lorg/springframework/beans/factory/support/RootBeanDefinition;[Ljava/lang/Object;)Lorg/springframework/beans/BeanWrapper;+102
j  org.springframework.beans.factory.support.AbstractAutowireCapableBeanFactory.doCreateBean(Ljava/lang/String;Lorg/springframework/beans/factory/support/RootBeanDefinition;[Ljava/lang/Object;)Ljava/lang/Object;+34
j  org.springframework.beans.factory.support.AbstractAutowireCapableBeanFactory.createBean(Ljava/lang/String;Lorg/springframework/beans/factory/support/RootBeanDefinition;[Ljava/lang/Object;)Ljava/lang/Object;+169
j  org.springframework.beans.factory.support.AbstractBeanFactory.lambda$doGetBean$0(Ljava/lang/String;Lorg/springframework/beans/factory/support/RootBeanDefinition;[Ljava/lang/Object;)Ljava/lang/Object;+4
j  org.springframework.beans.factory.support.AbstractBeanFactory$$Lambda$348+0x00000008002d0d18.getObject()Ljava/lang/Object;+16
j  org.springframework.beans.factory.support.DefaultSingletonBeanRegistry.getSingleton(Ljava/lang/String;Lorg/springframework/beans/factory/ObjectFactory;)Ljava/lang/Object;+132
J 2901 c1 org.springframework.beans.factory.support.AbstractBeanFactory.doGetBean(Ljava/lang/String;Ljava/lang/Class;[Ljava/lang/Object;Z)Ljava/lang/Object; (832 bytes) @ 0x0000025180b1f18c [0x0000025180b1eba0+0x00000000000005ec]
j  org.springframework.beans.factory.support.AbstractBeanFactory.getBean(Ljava/lang/String;)Ljava/lang/Object;+5
j  org.springframework.beans.factory.support.DefaultListableBeanFactory.getBeansOfType(Ljava/lang/Class;ZZ)Ljava/util/Map;+46
j  org.springframework.boot.web.server.ErrorPageRegistrarBeanPostProcessor.getRegistrars()Ljava/util/Collection;+20
j  org.springframework.boot.web.server.ErrorPageRegistrarBeanPostProcessor.postProcessBeforeInitialization(Lorg/springframework/boot/web/server/ErrorPageRegistry;)V+1
j  org.springframework.boot.web.server.ErrorPageRegistrarBeanPostProcessor.postProcessBeforeInitialization(Ljava/lang/Object;Ljava/lang/String;)Ljava/lang/Object;+12
j  org.springframework.beans.factory.support.AbstractAutowireCapableBeanFactory.applyBeanPostProcessorsBeforeInitialization(Ljava/lang/Object;Ljava/lang/String;)Ljava/lang/Object;+39
j  org.springframework.beans.factory.support.AbstractAutowireCapableBeanFactory.initializeBean(Ljava/lang/String;Ljava/lang/Object;Lorg/springframework/beans/factory/support/RootBeanDefinition;)Ljava/lang/Object;+49
j  org.springframework.beans.factory.support.AbstractAutowireCapableBeanFactory.doCreateBean(Ljava/lang/String;Lorg/springframework/beans/factory/support/RootBeanDefinition;[Ljava/lang/Object;)Ljava/lang/Object;+245
j  org.springframework.beans.factory.support.AbstractAutowireCapableBeanFactory.createBean(Ljava/lang/String;Lorg/springframework/beans/factory/support/RootBeanDefinition;[Ljava/lang/Object;)Ljava/lang/Object;+169
j  org.springframework.beans.factory.support.AbstractBeanFactory.lambda$doGetBean$0(Ljava/lang/String;Lorg/springframework/beans/factory/support/RootBeanDefinition;[Ljava/lang/Object;)Ljava/lang/Object;+4
j  org.springframework.beans.factory.support.AbstractBeanFactory$$Lambda$348+0x00000008002d0d18.getObject()Ljava/lang/Object;+16
j  org.springframework.beans.factory.support.DefaultSingletonBeanRegistry.getSingleton(Ljava/lang/String;Lorg/springframework/beans/factory/ObjectFactory;)Ljava/lang/Object;+132
J 2901 c1 org.springframework.beans.factory.support.AbstractBeanFactory.doGetBean(Ljava/lang/String;Ljava/lang/Class;[Ljava/lang/Object;Z)Ljava/lang/Object; (832 bytes) @ 0x0000025180b1f18c [0x0000025180b1eba0+0x00000000000005ec]
J 2427 c1 org.springframework.beans.factory.support.AbstractBeanFactory.getBean(Ljava/lang/String;Ljava/lang/Class;)Ljava/lang/Object; (9 bytes) @ 0x0000025180a54a04 [0x0000025180a549c0+0x0000000000000044]
j  org.springframework.boot.web.servlet.context.ServletWebServerApplicationContext.getWebServerFactory()Lorg/springframework/boot/web/servlet/server/ServletWebServerFactory;+72
j  org.springframework.boot.web.servlet.context.ServletWebServerApplicationContext.createWebServer()V+31
j  org.springframework.boot.web.servlet.context.ServletWebServerApplicationContext.onRefresh()V+5
j  org.springframework.context.support.AbstractApplicationContext.refresh()V+77
j  org.springframework.boot.web.servlet.context.ServletWebServerApplicationContext.refresh()V+1
j  org.springframework.boot.SpringApplication.refresh(Lorg/springframework/context/ConfigurableApplicationContext;)V+1
j  org.springframework.boot.SpringApplication.refreshContext(Lorg/springframework/context/ConfigurableApplicationContext;)V+16
j  org.springframework.boot.SpringApplication.run([Ljava/lang/String;)Lorg/springframework/context/ConfigurableApplicationContext;+111
j  org.springframework.boot.SpringApplication.run([Ljava/lang/Class;[Ljava/lang/String;)Lorg/springframework/context/ConfigurableApplicationContext;+9
j  org.springframework.boot.SpringApplication.run(Ljava/lang/Class;[Ljava/lang/String;)Lorg/springframework/context/ConfigurableApplicationContext;+9
j  com.music.app.track.MusicServicioTrackApplication.main([Ljava/lang/String;)V+3
v  ~StubRoutines::call_stub
j  jdk.internal.reflect.NativeMethodAccessorImpl.invoke0(Ljava/lang/reflect/Method;Ljava/lang/Object;[Ljava/lang/Object;)Ljava/lang/Object;+0 java.base@16.0.2
j  jdk.internal.reflect.NativeMethodAccessorImpl.invoke(Ljava/lang/Object;[Ljava/lang/Object;)Ljava/lang/Object;+146 java.base@16.0.2
j  jdk.internal.reflect.DelegatingMethodAccessorImpl.invoke(Ljava/lang/Object;[Ljava/lang/Object;)Ljava/lang/Object;+6 java.base@16.0.2
j  java.lang.reflect.Method.invoke(Ljava/lang/Object;[Ljava/lang/Object;)Ljava/lang/Object;+59 java.base@16.0.2
j  org.springframework.boot.devtools.restart.RestartLauncher.run()V+42
v  ~StubRoutines::call_stub

siginfo: EXCEPTION_ACCESS_VIOLATION (0xc0000005), reading address 0x0000024193bb6438


Register to memory mapping:

RIP=0x00007ffc7171e02a jvm.dll
RAX=0x000000000000004a is an unknown value
RBX=0x0000025193ff1160 points into unknown readable memory: 0x726f003c37ac000a | 0a 00 ac 37 3c 00 6f 72
RCX=0x0000008da03f8380 is pointing into the stack for thread: 0x00000251924400f0
RDX=0x0000024193bb61a0 is an unknown value
RSP=0x0000008da03f8360 is pointing into the stack for thread: 0x00000251924400f0
RBP=0x0000008da03f8420 is pointing into the stack for thread: 0x00000251924400f0
RSI=0x0000008da03f9310 is pointing into the stack for thread: 0x00000251924400f0
RDI=0x0000008da03f8558 is pointing into the stack for thread: 0x00000251924400f0
R8 =0x0000008da03f9301 is pointing into the stack for thread: 0x00000251924400f0
R9 =0x0000025193bb6cd8 is pointing into metadata
R10=0x00000251920c4a40 points into unknown readable memory: 0x000000800000000a | 0a 00 00 00 80 00 00 00
R11=0x0000008da03f83c8 is pointing into the stack for thread: 0x00000251924400f0
R12=0x0000008da03f9280 is pointing into the stack for thread: 0x00000251924400f0
R13=0x00000251924400f0 is a thread
R14=0x0000000000000001 is an unknown value
R15=0x0 is NULL


Registers:
RAX=0x000000000000004a, RBX=0x0000025193ff1160, RCX=0x0000008da03f8380, RDX=0x0000024193bb61a0
RSP=0x0000008da03f8360, RBP=0x0000008da03f8420, RSI=0x0000008da03f9310, RDI=0x0000008da03f8558
R8 =0x0000008da03f9301, R9 =0x0000025193bb6cd8, R10=0x00000251920c4a40, R11=0x0000008da03f83c8
R12=0x0000008da03f9280, R13=0x00000251924400f0, R14=0x0000000000000001, R15=0x0000000000000000
RIP=0x00007ffc7171e02a, EFLAGS=0x0000000000010206

Top of Stack: (sp=0x0000008da03f8360)
0x0000008da03f8360:   000002519400f590 00000251ffdfa230
0x0000008da03f8370:   00000251923ba620 000000000000000c
0x0000008da03f8380:   00000251924400f0 00007ffc7171cdf2
0x0000008da03f8390:   0000000000000000 0000000000000001
0x0000008da03f83a0:   0000008da03f92f0 0000025193bb68f8
0x0000008da03f83b0:   0000008da03f9280 0000008da03f9310
0x0000008da03f83c0:   0000008da03f84d0 00007ffc717ebd07
0x0000008da03f83d0:   0000000800335c30 0000000000000001
0x0000008da03f83e0:   0000000000000001 0000000000000008
0x0000008da03f83f0:   00000251924400f0 00000251924400f0
0x0000008da03f8400:   00000251924400f0 0000008da03f8560
0x0000008da03f8410:   0000008da03f8588 0000000000000550
0x0000008da03f8420:   0000000000000000 0000000000000000
0x0000008da03f8430:   0000000100000001 0000000000000000
0x0000008da03f8440:   0000025191845790 00000251918457a0
0x0000008da03f8450:   0000008da03f9280 0000025193bae400 

Instructions: (pc=0x00007ffc7171e02a)
0x00007ffc7171df2a:   10 44 24 20 c7 44 24 40 09 00 00 00 0f 10 4c 24
0x00007ffc7171df3a:   30 0f 29 44 24 60 0f 10 44 24 40 66 0f 14 ca 66
0x00007ffc7171df4a:   0f 15 db 0f 29 84 24 80 00 00 00 0f 29 4c 24 70
0x00007ffc7171df5a:   f2 0f 11 9c 24 90 00 00 00 e8 38 b5 0c 00 48 8b
0x00007ffc7171df6a:   9c 24 d0 00 00 00 48 81 c4 c0 00 00 00 5f c3 48
0x00007ffc7171df7a:   8b 47 20 48 63 ca 4c 8b 54 c8 08 49 81 fa 01 02
0x00007ffc7171df8a:   03 00 74 09 49 81 fa 01 02 04 00 75 0d 48 c7 44
0x00007ffc7171df9a:   c8 10 01 00 ff ff 48 8b 47 20 4c 8b 14 c8 49 81
0x00007ffc7171dfaa:   fa 01 04 0e 00 74 09 49 81 fa 01 04 0d 00 75 0d
0x00007ffc7171dfba:   48 c7 44 c8 f8 01 00 ff ff 48 8b 47 20 4c 89 04
0x00007ffc7171dfca:   c8 48 8b 47 20 4c 89 4c c8 08 8b 47 04 ff c8 3b
0x00007ffc7171dfda:   d0 7c 06 8d 42 02 89 47 04 48 81 c4 c0 00 00 00
0x00007ffc7171dfea:   5f c3 cc cc cc cc 4c 8b dc 55 57 41 54 48 83 ec
0x00007ffc7171dffa:   50 49 8b 00 48 8b fa 49 89 5b 08 48 8b e9 49 89
0x00007ffc7171e00a:   73 10 49 8d 4b b8 49 8b d9 4d 89 73 18 4c 8b 48
0x00007ffc7171e01a:   08 49 8b f0 41 b0 01 41 0f b7 41 2c 49 8b 51 08
0x00007ffc7171e02a:   48 8b 54 c2 48 e8 1c 6f ff ff 48 8b 0e 45 33 f6
0x00007ffc7171e03a:   8b 41 20 c1 e8 03 a8 01 75 41 48 8b 41 08 41 be
0x00007ffc7171e04a:   01 00 00 00 0f b7 50 2a 48 8b 48 08 48 8b 05 a3
0x00007ffc7171e05a:   85 40 00 48 39 44 d1 48 75 1a 48 3b 1d fd 78 40
0x00007ffc7171e06a:   00 74 11 48 8b 45 20 48 c7 00 02 ff ff 00 44 08
0x00007ffc7171e07a:   75 18 eb 07 48 8b 45 20 48 89 18 83 7c 24 3c 03
0x00007ffc7171e08a:   4c 8d 25 6f 1f 91 ff 0f 84 d9 00 00 00 4c 89 bc
0x00007ffc7171e09a:   24 88 00 00 00 41 8b de 0f 1f 40 00 66 66 0f 1f
0x00007ffc7171e0aa:   84 00 00 00 00 00 48 8b 45 20 4c 8b 7d 30 48 8d
0x00007ffc7171e0ba:   34 d8 8b 44 24 38 83 c0 fc 83 f8 09 77 67 48 98
0x00007ffc7171e0ca:   41 8b 94 84 40 e2 6e 00 49 03 d4 ff e2 48 8d 4c
0x00007ffc7171e0da:   24 20 e8 2f 77 ff ff 48 8b d0 49 8b cf e8 04 ef
0x00007ffc7171e0ea:   ff ff 48 89 06 eb 54 48 c7 06 01 02 04 00 b8 02
0x00007ffc7171e0fa:   00 00 00 48 c7 46 08 01 04 0d 00 eb 43 48 c7 06
0x00007ffc7171e10a:   01 02 03 00 b8 02 00 00 00 48 c7 46 08 01 04 0e
0x00007ffc7171e11a:   00 eb 2d 48 c7 06 01 01 01 00 eb 1f 48 c7 06 01 


Stack slot to memory mapping:
stack at sp + 0 slots: 0x000002519400f590 points into unknown readable memory: 0x6a4c00171a67000a | 0a 00 67 1a 17 00 4c 6a
stack at sp + 1 slots: 0x00000251ffdfa230 points into unknown readable memory: 0x4c280026f90cffff | ff ff 0c f9 26 00 28 4c
stack at sp + 2 slots: 0x00000251923ba620 points into unknown readable memory: 0x616a00150f450006 | 06 00 45 0f 15 00 6a 61
stack at sp + 3 slots: 0x000000000000000c is an unknown value
stack at sp + 4 slots: 0x00000251924400f0 is a thread
stack at sp + 5 slots: 0x00007ffc7171cdf2 jvm.dll
stack at sp + 6 slots: 0x0 is NULL
stack at sp + 7 slots: 0x0000000000000001 is an unknown value


---------------  P R O C E S S  ---------------

Threads class SMR info:
_java_thread_list=0x0000025193fac7c0, length=20, elements={
0x00000251f2e16010, 0x00000251fff43010, 0x00000251fff47e40, 0x00000251fff49220,
0x00000251fff4a2d0, 0x00000251fff4abe0, 0x00000251fff4c430, 0x00000251fff4e7c0,
0x0000025191851db0, 0x00000251ffed3150, 0x0000025191a02b10, 0x00000251920111e0,
0x0000025192023c10, 0x0000025192042030, 0x000002519243fbd0, 0x00000251924400f0,
0x0000025193c22dc0, 0x0000025193c232e0, 0x00000251924ff8d0, 0x0000025193c1e320
}

Java Threads: ( => current thread )
  0x00000251f2e16010 JavaThread "main" [_thread_blocked, id=3380, stack(0x0000008d9e800000,0x0000008d9e900000)]
  0x00000251fff43010 JavaThread "Reference Handler" daemon [_thread_blocked, id=7080, stack(0x0000008d9ef00000,0x0000008d9f000000)]
  0x00000251fff47e40 JavaThread "Finalizer" daemon [_thread_blocked, id=260, stack(0x0000008d9f000000,0x0000008d9f100000)]
  0x00000251fff49220 JavaThread "Signal Dispatcher" daemon [_thread_blocked, id=7560, stack(0x0000008d9f100000,0x0000008d9f200000)]
  0x00000251fff4a2d0 JavaThread "Attach Listener" daemon [_thread_blocked, id=6816, stack(0x0000008d9f200000,0x0000008d9f300000)]
  0x00000251fff4abe0 JavaThread "Service Thread" daemon [_thread_blocked, id=9628, stack(0x0000008d9f300000,0x0000008d9f400000)]
  0x00000251fff4c430 JavaThread "Monitor Deflation Thread" daemon [_thread_blocked, id=10464, stack(0x0000008d9f400000,0x0000008d9f500000)]
  0x00000251fff4e7c0 JavaThread "C1 CompilerThread0" daemon [_thread_blocked, id=9332, stack(0x0000008d9f500000,0x0000008d9f600000)]
  0x0000025191851db0 JavaThread "Sweeper thread" daemon [_thread_blocked, id=5876, stack(0x0000008d9f600000,0x0000008d9f700000)]
  0x00000251ffed3150 JavaThread "Common-Cleaner" daemon [_thread_blocked, id=5140, stack(0x0000008d9f700000,0x0000008d9f800000)]
  0x0000025191a02b10 JavaThread "Notification Thread" daemon [_thread_blocked, id=4616, stack(0x0000008d9f800000,0x0000008d9f900000)]
  0x00000251920111e0 JavaThread "RMI TCP Accept-0" daemon [_thread_in_native, id=10692, stack(0x0000008d9f900000,0x0000008d9fa00000)]
  0x0000025192023c10 JavaThread "RMI TCP Accept-62461" daemon [_thread_in_native, id=3700, stack(0x0000008d9fa00000,0x0000008d9fb00000)]
  0x0000025192042030 JavaThread "RMI TCP Accept-0" daemon [_thread_in_native, id=10116, stack(0x0000008d9fb00000,0x0000008d9fc00000)]
  0x000002519243fbd0 JavaThread "Thread-0" [_thread_blocked, id=10916, stack(0x0000008da0200000,0x0000008da0300000)]
=>0x00000251924400f0 JavaThread "restartedMain" [_thread_in_vm, id=4668, stack(0x0000008da0300000,0x0000008da0400000)]
  0x0000025193c22dc0 JavaThread "RMI TCP Connection(1)-127.0.0.1" daemon [_thread_in_native, id=7680, stack(0x0000008da0400000,0x0000008da0500000)]
  0x0000025193c232e0 JavaThread "RMI Scheduler(0)" daemon [_thread_blocked, id=7048, stack(0x0000008da0500000,0x0000008da0600000)]
  0x00000251924ff8d0 JavaThread "RMI TCP Connection(2)-127.0.0.1" daemon [_thread_in_native, id=9584, stack(0x0000008da0600000,0x0000008da0700000)]
  0x0000025193c1e320 JavaThread "JMX server connection timeout 25" daemon [_thread_blocked, id=6268, stack(0x0000008da0700000,0x0000008da0800000)]

Other Threads:
  0x00000251918209b0 VMThread "VM Thread" [stack: 0x0000008d9ee00000,0x0000008d9ef00000] [id=6348]
  0x00000251920204a0 WatcherThread [stack: 0x0000008d9fc00000,0x0000008d9fd00000] [id=6868]
  0x00000251f2e642f0 GCTaskThread "GC Thread#0" [stack: 0x0000008d9e900000,0x0000008d9ea00000] [id=9252]
  0x00000251920b7e20 GCTaskThread "GC Thread#1" [stack: 0x0000008d9fd00000,0x0000008d9fe00000] [id=6492]
  0x00000251920b8130 GCTaskThread "GC Thread#2" [stack: 0x0000008d9fe00000,0x0000008d9ff00000] [id=7568]
  0x00000251920b8440 GCTaskThread "GC Thread#3" [stack: 0x0000008d9ff00000,0x0000008da0000000] [id=1696]
  0x00000251f2e76870 ConcurrentGCThread "G1 Main Marker" [stack: 0x0000008d9ea00000,0x0000008d9eb00000] [id=6732]
  0x00000251f2e77270 ConcurrentGCThread "G1 Conc#0" [stack: 0x0000008d9eb00000,0x0000008d9ec00000] [id=2924]
  0x00000251ffdb24c0 ConcurrentGCThread "G1 Refine#0" [stack: 0x0000008d9ec00000,0x0000008d9ed00000] [id=1824]
  0x00000251920aee50 ConcurrentGCThread "G1 Refine#1" [stack: 0x0000008da0000000,0x0000008da0100000] [id=9708]
  0x00000251920a6450 ConcurrentGCThread "G1 Refine#2" [stack: 0x0000008da0100000,0x0000008da0200000] [id=6080]
  0x00000251ffdb2dd0 ConcurrentGCThread "G1 Service" [stack: 0x0000008d9ed00000,0x0000008d9ee00000] [id=8560]

Threads with active compile tasks:

VM state: not at safepoint (normal execution)

VM Mutex/Monitor currently owned by a thread: None

Heap address: 0x0000000702800000, size: 4056 MB, Compressed Oops mode: Zero based, Oop shift amount: 3

CDS disabled.
Compressed class space mapped at: 0x0000000800000000-0x0000000840000000, reserved size: 1073741824
Narrow klass base: 0x0000000800000000, Narrow klass shift: 0, Narrow klass range: 0x40000000

GC Precious Log:
 CPUs: 4 total, 4 available
 Memory: 16218M
 Large Page Support: Disabled
 NUMA Support: Disabled
 Compressed Oops: Enabled (Zero based)
 Heap Region Size: 2M
 Heap Min Capacity: 8M
 Heap Initial Capacity: 254M
 Heap Max Capacity: 4056M
 Pre-touch: Disabled
 Parallel Workers: 4
 Concurrent Workers: 1
 Concurrent Refinement Workers: 4
 Periodic GC: Disabled

Heap:
 garbage-first heap   total 153600K, used 35990K [0x0000000702800000, 0x0000000800000000)
  region size 2048K, 15 young (30720K), 2 survivors (4096K)
 Metaspace       used 32788K, committed 33152K, reserved 1081344K
  class space    used 4124K, committed 4288K, reserved 1048576K

Heap Regions: E=young(eden), S=young(survivor), O=old, HS=humongous(starts), HC=humongous(continues), CS=collection set, F=free, OA=open archive, CA=closed archive, TAMS=top-at-mark-start (previous, next)
|   0|0x0000000702800000, 0x0000000702a00000, 0x0000000702a00000|100%| O|  |TAMS 0x0000000702a00000, 0x0000000702800000| Untracked 
|   1|0x0000000702a00000, 0x0000000702c00000, 0x0000000702c00000|100%| O|  |TAMS 0x0000000702c00000, 0x0000000702a00000| Untracked 
|   2|0x0000000702c00000, 0x0000000702d95800, 0x0000000702e00000| 79%| O|  |TAMS 0x0000000702d95800, 0x0000000702c00000| Untracked 
|   3|0x0000000702e00000, 0x0000000703000000, 0x0000000703000000|100%| O|  |TAMS 0x0000000702e00000, 0x0000000702e00000| Untracked 
|   4|0x0000000703000000, 0x00000007030bce00, 0x0000000703200000| 36%| O|  |TAMS 0x0000000703000000, 0x0000000703000000| Untracked 
|   5|0x0000000703200000, 0x0000000703200000, 0x0000000703400000|  0%| F|  |TAMS 0x0000000703200000, 0x0000000703200000| Untracked 
|   6|0x0000000703400000, 0x0000000703400000, 0x0000000703600000|  0%| F|  |TAMS 0x0000000703400000, 0x0000000703400000| Untracked 
|   7|0x0000000703600000, 0x0000000703600000, 0x0000000703800000|  0%| F|  |TAMS 0x0000000703600000, 0x0000000703600000| Untracked 
|   8|0x0000000703800000, 0x0000000703800000, 0x0000000703a00000|  0%| F|  |TAMS 0x0000000703800000, 0x0000000703800000| Untracked 
|   9|0x0000000703a00000, 0x0000000703ad3260, 0x0000000703c00000| 41%| S|CS|TAMS 0x0000000703a00000, 0x0000000703a00000| Complete 
|  10|0x0000000703c00000, 0x0000000703e00000, 0x0000000703e00000|100%| S|CS|TAMS 0x0000000703c00000, 0x0000000703c00000| Complete 
|  11|0x0000000703e00000, 0x0000000703e00000, 0x0000000704000000|  0%| F|  |TAMS 0x0000000703e00000, 0x0000000703e00000| Untracked 
|  12|0x0000000704000000, 0x0000000704000000, 0x0000000704200000|  0%| F|  |TAMS 0x0000000704000000, 0x0000000704000000| Untracked 
|  13|0x0000000704200000, 0x0000000704200000, 0x0000000704400000|  0%| F|  |TAMS 0x0000000704200000, 0x0000000704200000| Untracked 
|  14|0x0000000704400000, 0x0000000704400000, 0x0000000704600000|  0%| F|  |TAMS 0x0000000704400000, 0x0000000704400000| Untracked 
|  15|0x0000000704600000, 0x0000000704600000, 0x0000000704800000|  0%| F|  |TAMS 0x0000000704600000, 0x0000000704600000| Untracked 
|  16|0x0000000704800000, 0x0000000704800000, 0x0000000704a00000|  0%| F|  |TAMS 0x0000000704800000, 0x0000000704800000| Untracked 
|  17|0x0000000704a00000, 0x0000000704a00000, 0x0000000704c00000|  0%| F|  |TAMS 0x0000000704a00000, 0x0000000704a00000| Untracked 
|  18|0x0000000704c00000, 0x0000000704c00000, 0x0000000704e00000|  0%| F|  |TAMS 0x0000000704c00000, 0x0000000704c00000| Untracked 
|  19|0x0000000704e00000, 0x0000000704e00000, 0x0000000705000000|  0%| F|  |TAMS 0x0000000704e00000, 0x0000000704e00000| Untracked 
|  20|0x0000000705000000, 0x0000000705000000, 0x0000000705200000|  0%| F|  |TAMS 0x0000000705000000, 0x0000000705000000| Untracked 
|  21|0x0000000705200000, 0x0000000705200000, 0x0000000705400000|  0%| F|  |TAMS 0x0000000705200000, 0x0000000705200000| Untracked 
|  22|0x0000000705400000, 0x0000000705400000, 0x0000000705600000|  0%| F|  |TAMS 0x0000000705400000, 0x0000000705400000| Untracked 
|  23|0x0000000705600000, 0x0000000705600000, 0x0000000705800000|  0%| F|  |TAMS 0x0000000705600000, 0x0000000705600000| Untracked 
|  24|0x0000000705800000, 0x0000000705800000, 0x0000000705a00000|  0%| F|  |TAMS 0x0000000705800000, 0x0000000705800000| Untracked 
|  25|0x0000000705a00000, 0x0000000705a00000, 0x0000000705c00000|  0%| F|  |TAMS 0x0000000705a00000, 0x0000000705a00000| Untracked 
|  26|0x0000000705c00000, 0x0000000705c00000, 0x0000000705e00000|  0%| F|  |TAMS 0x0000000705c00000, 0x0000000705c00000| Untracked 
|  27|0x0000000705e00000, 0x0000000705e00000, 0x0000000706000000|  0%| F|  |TAMS 0x0000000705e00000, 0x0000000705e00000| Untracked 
|  28|0x0000000706000000, 0x0000000706000000, 0x0000000706200000|  0%| F|  |TAMS 0x0000000706000000, 0x0000000706000000| Untracked 
|  29|0x0000000706200000, 0x0000000706200000, 0x0000000706400000|  0%| F|  |TAMS 0x0000000706200000, 0x0000000706200000| Untracked 
|  30|0x0000000706400000, 0x0000000706400000, 0x0000000706600000|  0%| F|  |TAMS 0x0000000706400000, 0x0000000706400000| Untracked 
|  31|0x0000000706600000, 0x0000000706600000, 0x0000000706800000|  0%| F|  |TAMS 0x0000000706600000, 0x0000000706600000| Untracked 
|  32|0x0000000706800000, 0x0000000706800000, 0x0000000706a00000|  0%| F|  |TAMS 0x0000000706800000, 0x0000000706800000| Untracked 
|  33|0x0000000706a00000, 0x0000000706a00000, 0x0000000706c00000|  0%| F|  |TAMS 0x0000000706a00000, 0x0000000706a00000| Untracked 
|  34|0x0000000706c00000, 0x0000000706c00000, 0x0000000706e00000|  0%| F|  |TAMS 0x0000000706c00000, 0x0000000706c00000| Untracked 
|  35|0x0000000706e00000, 0x0000000706e00000, 0x0000000707000000|  0%| F|  |TAMS 0x0000000706e00000, 0x0000000706e00000| Untracked 
|  36|0x0000000707000000, 0x0000000707000000, 0x0000000707200000|  0%| F|  |TAMS 0x0000000707000000, 0x0000000707000000| Untracked 
|  37|0x0000000707200000, 0x0000000707200000, 0x0000000707400000|  0%| F|  |TAMS 0x0000000707200000, 0x0000000707200000| Untracked 
|  38|0x0000000707400000, 0x0000000707400000, 0x0000000707600000|  0%| F|  |TAMS 0x0000000707400000, 0x0000000707400000| Untracked 
|  39|0x0000000707600000, 0x0000000707600000, 0x0000000707800000|  0%| F|  |TAMS 0x0000000707600000, 0x0000000707600000| Untracked 
|  40|0x0000000707800000, 0x0000000707800000, 0x0000000707a00000|  0%| F|  |TAMS 0x0000000707800000, 0x0000000707800000| Untracked 
|  41|0x0000000707a00000, 0x0000000707a00000, 0x0000000707c00000|  0%| F|  |TAMS 0x0000000707a00000, 0x0000000707a00000| Untracked 
|  42|0x0000000707c00000, 0x0000000707c00000, 0x0000000707e00000|  0%| F|  |TAMS 0x0000000707c00000, 0x0000000707c00000| Untracked 
|  43|0x0000000707e00000, 0x0000000707e00000, 0x0000000708000000|  0%| F|  |TAMS 0x0000000707e00000, 0x0000000707e00000| Untracked 
|  44|0x0000000708000000, 0x0000000708000000, 0x0000000708200000|  0%| F|  |TAMS 0x0000000708000000, 0x0000000708000000| Untracked 
|  45|0x0000000708200000, 0x0000000708200000, 0x0000000708400000|  0%| F|  |TAMS 0x0000000708200000, 0x0000000708200000| Untracked 
|  46|0x0000000708400000, 0x0000000708400000, 0x0000000708600000|  0%| F|  |TAMS 0x0000000708400000, 0x0000000708400000| Untracked 
|  47|0x0000000708600000, 0x0000000708600000, 0x0000000708800000|  0%| F|  |TAMS 0x0000000708600000, 0x0000000708600000| Untracked 
|  48|0x0000000708800000, 0x0000000708800000, 0x0000000708a00000|  0%| F|  |TAMS 0x0000000708800000, 0x0000000708800000| Untracked 
|  49|0x0000000708a00000, 0x0000000708a00000, 0x0000000708c00000|  0%| F|  |TAMS 0x0000000708a00000, 0x0000000708a00000| Untracked 
|  50|0x0000000708c00000, 0x0000000708c00000, 0x0000000708e00000|  0%| F|  |TAMS 0x0000000708c00000, 0x0000000708c00000| Untracked 
|  51|0x0000000708e00000, 0x0000000708e00000, 0x0000000709000000|  0%| F|  |TAMS 0x0000000708e00000, 0x0000000708e00000| Untracked 
|  52|0x0000000709000000, 0x0000000709000000, 0x0000000709200000|  0%| F|  |TAMS 0x0000000709000000, 0x0000000709000000| Untracked 
|  53|0x0000000709200000, 0x0000000709200000, 0x0000000709400000|  0%| F|  |TAMS 0x0000000709200000, 0x0000000709200000| Untracked 
|  54|0x0000000709400000, 0x0000000709400000, 0x0000000709600000|  0%| F|  |TAMS 0x0000000709400000, 0x0000000709400000| Untracked 
|  55|0x0000000709600000, 0x0000000709600000, 0x0000000709800000|  0%| F|  |TAMS 0x0000000709600000, 0x0000000709600000| Untracked 
|  56|0x0000000709800000, 0x0000000709800000, 0x0000000709a00000|  0%| F|  |TAMS 0x0000000709800000, 0x0000000709800000| Untracked 
|  57|0x0000000709a00000, 0x0000000709a00000, 0x0000000709c00000|  0%| F|  |TAMS 0x0000000709a00000, 0x0000000709a00000| Untracked 
|  58|0x0000000709c00000, 0x0000000709c00000, 0x0000000709e00000|  0%| F|  |TAMS 0x0000000709c00000, 0x0000000709c00000| Untracked 
|  59|0x0000000709e00000, 0x0000000709e00000, 0x000000070a000000|  0%| F|  |TAMS 0x0000000709e00000, 0x0000000709e00000| Untracked 
|  60|0x000000070a000000, 0x000000070a000000, 0x000000070a200000|  0%| F|  |TAMS 0x000000070a000000, 0x000000070a000000| Untracked 
|  61|0x000000070a200000, 0x000000070a200000, 0x000000070a400000|  0%| F|  |TAMS 0x000000070a200000, 0x000000070a200000| Untracked 
|  62|0x000000070a400000, 0x000000070a500800, 0x000000070a600000| 50%| E|  |TAMS 0x000000070a400000, 0x000000070a400000| Complete 
|  63|0x000000070a600000, 0x000000070a800000, 0x000000070a800000|100%| E|CS|TAMS 0x000000070a600000, 0x000000070a600000| Complete 
|  64|0x000000070a800000, 0x000000070aa00000, 0x000000070aa00000|100%| E|CS|TAMS 0x000000070a800000, 0x000000070a800000| Complete 
|  65|0x000000070aa00000, 0x000000070ac00000, 0x000000070ac00000|100%| E|CS|TAMS 0x000000070aa00000, 0x000000070aa00000| Complete 
|  66|0x000000070ac00000, 0x000000070ae00000, 0x000000070ae00000|100%| E|CS|TAMS 0x000000070ac00000, 0x000000070ac00000| Complete 
|  67|0x000000070ae00000, 0x000000070b000000, 0x000000070b000000|100%| E|CS|TAMS 0x000000070ae00000, 0x000000070ae00000| Complete 
|  68|0x000000070b000000, 0x000000070b200000, 0x000000070b200000|100%| E|CS|TAMS 0x000000070b000000, 0x000000070b000000| Complete 
|  69|0x000000070b200000, 0x000000070b400000, 0x000000070b400000|100%| E|CS|TAMS 0x000000070b200000, 0x000000070b200000| Complete 
|  70|0x000000070b400000, 0x000000070b600000, 0x000000070b600000|100%| E|CS|TAMS 0x000000070b400000, 0x000000070b400000| Complete 
|  71|0x000000070b600000, 0x000000070b800000, 0x000000070b800000|100%| E|CS|TAMS 0x000000070b600000, 0x000000070b600000| Complete 
| 100|0x000000070f000000, 0x000000070f200000, 0x000000070f200000|100%| E|CS|TAMS 0x000000070f000000, 0x000000070f000000| Complete 
| 101|0x000000070f200000, 0x000000070f400000, 0x000000070f400000|100%| E|CS|TAMS 0x000000070f200000, 0x000000070f200000| Complete 
| 126|0x0000000712400000, 0x0000000712600000, 0x0000000712600000|100%| E|CS|TAMS 0x0000000712400000, 0x0000000712400000| Complete 

Card table byte_map: [0x00000251f6b80000,0x00000251f7370000] _byte_map_base: 0x00000251f336c000

Marking Bits (Prev, Next): (CMBitMap*) 0x00000251f2e65900, (CMBitMap*) 0x00000251f2e65940
 Prev Bits: [0x00000251f7b60000, 0x00000251fbac0000)
 Next Bits: [0x00000251fbac0000, 0x00000251ffa20000)

Polling page: 0x00000251f0fb0000

Metaspace:

Usage:
  Non-class:     27.99 MB used.
      Class:      4.03 MB used.
       Both:     32.02 MB used.

Virtual space:
  Non-class space:       32.00 MB reserved,      28.19 MB ( 88%) committed,  4 nodes.
      Class space:        1.00 GB reserved,       4.19 MB ( <1%) committed,  1 nodes.
              Both:        1.03 GB reserved,      32.38 MB (  3%) committed. 

Chunk freelists:
   Non-Class:  3.67 MB
       Class:  3.75 MB
        Both:  7.42 MB

MaxMetaspaceSize: 17179869184.00 GB
CompressedClassSpaceSize: 1.00 GB
 - commit_granule_bytes: 65536.
 - commit_granule_words: 8192.
 - virtual_space_node_default_size: 1048576.
 - enlarge_chunks_in_place: 1.
 - new_chunks_are_fully_committed: 0.
 - uncommit_free_chunks: 1.
 - use_allocation_guard: 0.
 - handle_deallocations: 1.


Internal statistics:

num_allocs_failed_limit: 8.
num_arena_births: 414.
num_arena_deaths: 0.
num_vsnodes_births: 5.
num_vsnodes_deaths: 0.
num_space_committed: 518.
num_space_uncommitted: 0.
num_chunks_returned_to_freelist: 8.
num_chunks_taken_from_freelist: 1268.
num_chunk_merges: 8.
num_chunk_splits: 848.
num_chunks_enlarged: 593.
num_purges: 0.

CodeHeap 'non-profiled nmethods': size=238912Kb used=5226Kb max_used=5226Kb free=233685Kb
 bounds [0x00000251806b0000, 0x0000025180bd0000, 0x000002518f000000]
CodeHeap 'non-nmethods': size=6848Kb used=1184Kb max_used=1184Kb free=5663Kb
 bounds [0x0000025180000000, 0x0000025180270000, 0x00000251806b0000]
 total_blobs=3750 nmethods=3275 adapters=402
 compilation: enabled
              stopped_count=0, restarted_count=0
 full_count=0

Compilation events (20 events):
Event: 2.361 Thread 0x00000251fff4e7c0 3266   !   1       org.springframework.util.ReflectionUtils::doWithLocalMethods (89 bytes)
Event: 2.361 Thread 0x00000251fff4e7c0 nmethod 3266 0x0000025180bc5790 code [0x0000025180bc59c0, 0x0000025180bc5f28]
Event: 2.361 Thread 0x00000251fff4e7c0 3267       1       org.springframework.util.ClassUtils::isOverridable (61 bytes)
Event: 2.362 Thread 0x00000251fff4e7c0 nmethod 3267 0x0000025180bc6290 code [0x0000025180bc6500, 0x0000025180bc6bc8]
Event: 2.362 Thread 0x00000251fff4e7c0 3270       1       org.springframework.transaction.annotation.AnnotationTransactionAttributeSource::determineTransactionAttribute (51 bytes)
Event: 2.362 Thread 0x00000251fff4e7c0 nmethod 3270 0x0000025180bc7010 code [0x0000025180bc71e0, 0x0000025180bc73f8]
Event: 2.362 Thread 0x00000251fff4e7c0 3275       1       org.springframework.core.annotation.AnnotationsScanner::getBaseTypeMethods (145 bytes)
Event: 2.362 Thread 0x00000251fff4e7c0 nmethod 3275 0x0000025180bc7510 code [0x0000025180bc7760, 0x0000025180bc7c58]
Event: 2.362 Thread 0x00000251fff4e7c0 3269       1       java.lang.reflect.Field::hashCode (19 bytes)
Event: 2.362 Thread 0x00000251fff4e7c0 nmethod 3269 0x0000025180bc7f90 code [0x0000025180bc8140, 0x0000025180bc82a8]
Event: 2.362 Thread 0x00000251fff4e7c0 3271       1       org.springframework.transaction.annotation.SpringTransactionAnnotationParser::parseTransactionAnnotation (21 bytes)
Event: 2.363 Thread 0x00000251fff4e7c0 nmethod 3271 0x0000025180bc8410 code [0x0000025180bc8620, 0x0000025180bc8968]
Event: 2.363 Thread 0x00000251fff4e7c0 3272       1       org.springframework.transaction.annotation.JtaTransactionAnnotationParser::parseTransactionAnnotation (19 bytes)
Event: 2.363 Thread 0x00000251fff4e7c0 nmethod 3272 0x0000025180bc8b90 code [0x0000025180bc8da0, 0x0000025180bc90e8]
Event: 2.363 Thread 0x00000251fff4e7c0 3273       1       org.springframework.transaction.interceptor.TransactionAttributeSourcePointcut::matches (26 bytes)
Event: 2.363 Thread 0x00000251fff4e7c0 nmethod 3273 0x0000025180bc9310 code [0x0000025180bc94c0, 0x0000025180bc9658]
Event: 2.363 Thread 0x00000251fff4e7c0 3274       1       org.springframework.transaction.interceptor.AbstractFallbackTransactionAttributeSource::getTransactionAttribute (186 bytes)
Event: 2.363 Thread 0x00000251fff4e7c0 nmethod 3274 0x0000025180bc9790 code [0x0000025180bc9a20, 0x0000025180bca1d8]
Event: 2.363 Thread 0x00000251fff4e7c0 3268       1       java.lang.reflect.Field::getDeclaredAnnotations (8 bytes)
Event: 2.364 Thread 0x00000251fff4e7c0 nmethod 3268 0x0000025180bca510 code [0x0000025180bca6e0, 0x0000025180bca868]

GC Heap History (16 events):
Event: 0.585 GC heap before
{Heap before GC invocations=0 (full 0):
 garbage-first heap   total 260096K, used 10240K [0x0000000702800000, 0x0000000800000000)
  region size 2048K, 6 young (12288K), 0 survivors (0K)
 Metaspace       used 12513K, committed 12736K, reserved 1064960K
  class space    used 1257K, committed 1344K, reserved 1048576K
}
Event: 0.589 GC heap after
{Heap after GC invocations=1 (full 0):
 garbage-first heap   total 260096K, used 5321K [0x0000000702800000, 0x0000000800000000)
  region size 2048K, 1 young (2048K), 1 survivors (2048K)
 Metaspace       used 12513K, committed 12736K, reserved 1064960K
  class space    used 1257K, committed 1344K, reserved 1048576K
}
Event: 0.779 GC heap before
{Heap before GC invocations=1 (full 0):
 garbage-first heap   total 260096K, used 15561K [0x0000000702800000, 0x0000000800000000)
  region size 2048K, 6 young (12288K), 1 survivors (2048K)
 Metaspace       used 15234K, committed 15488K, reserved 1064960K
  class space    used 1586K, committed 1728K, reserved 1048576K
}
Event: 0.782 GC heap after
{Heap after GC invocations=2 (full 0):
 garbage-first heap   total 260096K, used 7011K [0x0000000702800000, 0x0000000800000000)
  region size 2048K, 1 young (2048K), 1 survivors (2048K)
 Metaspace       used 15234K, committed 15488K, reserved 1064960K
  class space    used 1586K, committed 1728K, reserved 1048576K
}
Event: 0.789 GC heap before
{Heap before GC invocations=2 (full 0):
 garbage-first heap   total 260096K, used 25443K [0x0000000702800000, 0x0000000800000000)
  region size 2048K, 11 young (22528K), 1 survivors (2048K)
 Metaspace       used 15234K, committed 15488K, reserved 1064960K
  class space    used 1586K, committed 1728K, reserved 1048576K
}
Event: 0.790 GC heap after
{Heap after GC invocations=3 (full 0):
 garbage-first heap   total 260096K, used 7088K [0x0000000702800000, 0x0000000800000000)
  region size 2048K, 1 young (2048K), 1 survivors (2048K)
 Metaspace       used 15234K, committed 15488K, reserved 1064960K
  class space    used 1586K, committed 1728K, reserved 1048576K
}
Event: 1.154 GC heap before
{Heap before GC invocations=3 (full 0):
 garbage-first heap   total 260096K, used 52144K [0x0000000702800000, 0x0000000800000000)
  region size 2048K, 25 young (51200K), 1 survivors (2048K)
 Metaspace       used 20982K, committed 21248K, reserved 1073152K
  class space    used 2420K, committed 2560K, reserved 1048576K
}
Event: 1.159 GC heap after
{Heap after GC invocations=4 (full 0):
 garbage-first heap   total 260096K, used 8744K [0x0000000702800000, 0x0000000800000000)
  region size 2048K, 2 young (4096K), 2 survivors (4096K)
 Metaspace       used 20982K, committed 21248K, reserved 1073152K
  class space    used 2420K, committed 2560K, reserved 1048576K
}
Event: 1.484 GC heap before
{Heap before GC invocations=5 (full 0):
 garbage-first heap   total 40960K, used 37416K [0x0000000702800000, 0x0000000800000000)
  region size 2048K, 17 young (34816K), 2 survivors (4096K)
 Metaspace       used 26222K, committed 26560K, reserved 1073152K
  class space    used 3102K, committed 3264K, reserved 1048576K
}
Event: 1.489 GC heap after
{Heap after GC invocations=6 (full 0):
 garbage-first heap   total 47104K, used 9935K [0x0000000702800000, 0x0000000800000000)
  region size 2048K, 3 young (6144K), 3 survivors (6144K)
 Metaspace       used 26222K, committed 26560K, reserved 1073152K
  class space    used 3102K, committed 3264K, reserved 1048576K
}
Event: 1.493 GC heap before
{Heap before GC invocations=6 (full 0):
 garbage-first heap   total 47104K, used 28367K [0x0000000702800000, 0x0000000800000000)
  region size 2048K, 13 young (26624K), 3 survivors (6144K)
 Metaspace       used 26222K, committed 26560K, reserved 1073152K
  class space    used 3102K, committed 3264K, reserved 1048576K
}
Event: 1.497 GC heap after
{Heap after GC invocations=7 (full 0):
 garbage-first heap   total 47104K, used 10144K [0x0000000702800000, 0x0000000800000000)
  region size 2048K, 1 young (2048K), 1 survivors (2048K)
 Metaspace       used 26222K, committed 26560K, reserved 1073152K
  class space    used 3102K, committed 3264K, reserved 1048576K
}
Event: 1.633 GC heap before
{Heap before GC invocations=8 (full 0):
 garbage-first heap   total 47104K, used 28576K [0x0000000702800000, 0x0000000800000000)
  region size 2048K, 11 young (22528K), 1 survivors (2048K)
 Metaspace       used 27088K, committed 27392K, reserved 1073152K
  class space    used 3208K, committed 3328K, reserved 1048576K
}
Event: 1.636 GC heap after
{Heap after GC invocations=9 (full 0):
 garbage-first heap   total 47104K, used 10569K [0x0000000702800000, 0x0000000800000000)
  region size 2048K, 1 young (2048K), 1 survivors (2048K)
 Metaspace       used 27088K, committed 27392K, reserved 1073152K
  class space    used 3208K, committed 3328K, reserved 1048576K
}
Event: 1.948 GC heap before
{Heap before GC invocations=9 (full 0):
 garbage-first heap   total 47104K, used 33097K [0x0000000702800000, 0x0000000800000000)
  region size 2048K, 12 young (24576K), 1 survivors (2048K)
 Metaspace       used 29079K, committed 29376K, reserved 1081344K
  class space    used 3507K, committed 3648K, reserved 1048576K
}
Event: 1.951 GC heap after
{Heap after GC invocations=10 (full 0):
 garbage-first heap   total 153600K, used 11414K [0x0000000702800000, 0x0000000800000000)
  region size 2048K, 2 young (4096K), 2 survivors (4096K)
 Metaspace       used 29079K, committed 29376K, reserved 1081344K
  class space    used 3507K, committed 3648K, reserved 1048576K
}

Deoptimization events (2 events):
Event: 1.955 Thread 0x00000251924400f0 DEOPT PACKING pc=0x0000025180999ef4 sp=0x0000008da03fcb50
Event: 1.955 Thread 0x00000251924400f0 DEOPT UNPACKING pc=0x000002518004dece sp=0x0000008da03fc0a8 mode 0

Classes unloaded (0 events):
No events

Classes redefined (0 events):
No events

Internal exceptions (20 events):
Event: 2.211 Thread 0x00000251924400f0 Exception <a 'java/lang/ClassNotFoundException'{0x000000070aedf038}: org/springframework/beans/factory/config/SmartInstantiationAwareBeanPostProcessorCustomizer> (0x000000070aedf038) 
thrown [t:\workspace\open\src\hotspot\share\classfile\systemDictionary.cpp, line 256]
Event: 2.211 Thread 0x00000251924400f0 Exception <a 'java/lang/ClassNotFoundException'{0x000000070aee86c0}: org/springframework/beans/factory/config/InstantiationAwareBeanPostProcessorCustomizer> (0x000000070aee86c0) 
thrown [t:\workspace\open\src\hotspot\share\classfile\systemDictionary.cpp, line 256]
Event: 2.212 Thread 0x00000251924400f0 Exception <a 'java/lang/ClassNotFoundException'{0x000000070aef1660}: org/springframework/beans/factory/config/BeanPostProcessorCustomizer> (0x000000070aef1660) 
thrown [t:\workspace\open\src\hotspot\share\classfile\systemDictionary.cpp, line 256]
Event: 2.212 Thread 0x00000251924400f0 Exception <a 'java/lang/ClassNotFoundException'{0x000000070aef7dd8}: org/springframework/beans/factory/BeanFactoryAwareCustomizer> (0x000000070aef7dd8) 
thrown [t:\workspace\open\src\hotspot\share\classfile\systemDictionary.cpp, line 256]
Event: 2.213 Thread 0x00000251924400f0 Exception <a 'java/lang/ClassNotFoundException'{0x000000070aefe350}: org/springframework/beans/factory/AwareCustomizer> (0x000000070aefe350) 
thrown [t:\workspace\open\src\hotspot\share\classfile\systemDictionary.cpp, line 256]
Event: 2.213 Thread 0x00000251924400f0 Exception <a 'java/lang/ClassNotFoundException'{0x000000070af02ee0}: org/springframework/core/OrderedCustomizer> (0x000000070af02ee0) 
thrown [t:\workspace\open\src\hotspot\share\classfile\systemDictionary.cpp, line 256]
Event: 2.213 Thread 0x00000251924400f0 Exception <a 'java/lang/ClassNotFoundException'{0x000000070af089a0}: org/springframework/beans/factory/BeanClassLoaderAwareCustomizer> (0x000000070af089a0) 
thrown [t:\workspace\open\src\hotspot\share\classfile\systemDictionary.cpp, line 256]
Event: 2.214 Thread 0x00000251924400f0 Exception <a 'java/lang/ClassNotFoundException'{0x000000070af0e3a8}: org/springframework/beans/factory/AwareCustomizer> (0x000000070af0e3a8) 
thrown [t:\workspace\open\src\hotspot\share\classfile\systemDictionary.cpp, line 256]
Event: 2.214 Thread 0x00000251924400f0 Exception <a 'java/lang/ClassNotFoundException'{0x000000070af13330}: org/springframework/aop/framework/AopInfrastructureBeanCustomizer> (0x000000070af13330) 
thrown [t:\workspace\open\src\hotspot\share\classfile\systemDictionary.cpp, line 256]
Event: 2.232 Thread 0x00000251924400f0 Exception <a 'java/lang/ClassNotFoundException'{0x000000070aff9878}: java/lang/ObjectCustomizer> (0x000000070aff9878) 
thrown [t:\workspace\open\src\hotspot\share\classfile\systemDictionary.cpp, line 256]
Event: 2.232 Thread 0x00000251924400f0 Exception <a 'java/lang/ClassNotFoundException'{0x000000070ac034e8}: org/springframework/transaction/annotation/AbstractTransactionManagementConfigurationCustomizer> (0x000000070ac034e8) 
thrown [t:\workspace\open\src\hotspot\share\classfile\systemDictionary.cpp, line 256]
Event: 2.233 Thread 0x00000251924400f0 Exception <a 'java/lang/ClassNotFoundException'{0x000000070ac0b738}: org/springframework/transaction/annotation/ProxyTransactionManagementConfigurationCustomizer> (0x000000070ac0b738) 
thrown [t:\workspace\open\src\hotspot\share\classfile\systemDictionary.cpp, line 256]
Event: 2.233 Thread 0x00000251924400f0 Exception <a 'java/lang/ClassNotFoundException'{0x000000070ac14d70}: org/springframework/context/annotation/ImportAwareCustomizer> (0x000000070ac14d70) 
thrown [t:\workspace\open\src\hotspot\share\classfile\systemDictionary.cpp, line 256]
Event: 2.234 Thread 0x00000251924400f0 Exception <a 'java/lang/ClassNotFoundException'{0x000000070ac1b380}: org/springframework/beans/factory/AwareCustomizer> (0x000000070ac1b380) 
thrown [t:\workspace\open\src\hotspot\share\classfile\systemDictionary.cpp, line 256]
Event: 2.285 Thread 0x00000251924400f0 Exception <a 'java/lang/NoSuchMethodError'{0x000000070ab303a0}: 'int java.lang.invoke.DirectMethodHandle$Holder.invokeSpecial(java.lang.Object, java.lang.Object, java.lang.Object, java.lang.Object, java.lang.Object)'> (0x000000070ab303a0) 
thrown [t:\workspace\open\src\hotspot\share\interpreter\linkResolver.cpp, line 790]
Event: 2.333 Thread 0x00000251924400f0 Exception <a 'java/lang/NoSuchMethodError'{0x000000070a63e318}: 'void java.lang.invoke.DirectMethodHandle$Holder.invokeInterface(java.lang.Object, java.lang.Object, int)'> (0x000000070a63e318) 
thrown [t:\workspace\open\src\hotspot\share\interpreter\linkResolver.cpp, line 790]
Event: 2.334 Thread 0x00000251924400f0 Exception <a 'java/lang/NoSuchMethodError'{0x000000070a6589e8}: 'int java.lang.invoke.DirectMethodHandle$Holder.invokeVirtual(java.lang.Object, java.lang.Object)'> (0x000000070a6589e8) 
thrown [t:\workspace\open\src\hotspot\share\interpreter\linkResolver.cpp, line 790]
Event: 2.336 Thread 0x00000251924400f0 Exception <a 'java/lang/IncompatibleClassChangeError'{0x000000070a693fd0}: Found class java.lang.Object, but interface was expected> (0x000000070a693fd0) 
thrown [t:\workspace\open\src\hotspot\share\interpreter\linkResolver.cpp, line 857]
Event: 2.336 Thread 0x00000251924400f0 Exception <a 'java/lang/NoSuchMethodError'{0x000000070a699408}: 'void java.lang.invoke.DirectMethodHandle$Holder.invokeStatic(java.lang.Object, int, java.lang.Object)'> (0x000000070a699408) 
thrown [t:\workspace\open\src\hotspot\share\interpreter\linkResolver.cpp, line 790]
Event: 2.339 Thread 0x00000251924400f0 Exception <a 'java/lang/NoSuchMethodError'{0x000000070a6c9878}: 'int java.lang.invoke.DirectMethodHandle$Holder.invokeSpecial(java.lang.Object, java.lang.Object, int)'> (0x000000070a6c9878) 
thrown [t:\workspace\open\src\hotspot\share\interpreter\linkResolver.cpp, line 790]

Events (20 events):
Event: 2.277 loading class java/util/spi/ResourceBundleControlProvider
Event: 2.277 loading class java/util/spi/ResourceBundleControlProvider done
Event: 2.278 loading class java/util/ResourceBundle$Control$2
Event: 2.278 loading class java/util/ResourceBundle$Control$2 done
Event: 2.278 loading class java/util/PropertyResourceBundle
Event: 2.278 loading class java/util/PropertyResourceBundle done
Event: 2.278 loading class sun/util/PropertyResourceBundleCharset
Event: 2.278 loading class sun/util/PropertyResourceBundleCharset done
Event: 2.278 loading class sun/util/PropertyResourceBundleCharset$PropertiesFileDecoder
Event: 2.278 loading class sun/util/PropertyResourceBundleCharset$PropertiesFileDecoder done
Event: 2.285 loading class java/util/stream/SortedOps
Event: 2.285 loading class java/util/stream/SortedOps done
Event: 2.285 loading class java/util/stream/SortedOps$OfRef
Event: 2.286 loading class java/util/stream/SortedOps$OfRef done
Event: 2.286 loading class java/util/stream/SortedOps$RefSortingSink
Event: 2.286 loading class java/util/stream/SortedOps$AbstractRefSortingSink
Event: 2.286 loading class java/util/stream/SortedOps$AbstractRefSortingSink done
Event: 2.286 loading class java/util/stream/SortedOps$RefSortingSink done
Event: 2.346 Executing  VM operation: ICBufferFull
Event: 2.346 Executing  VM operation: ICBufferFull done


Dynamic libraries:
0x00007ff6f2430000 - 0x00007ff6f243e000 	C:\SpringCloud\sts-4.11.1.RELEASE\plugins\org.eclipse.justj.openjdk.hotspot.jre.full.win32.x86_64_16.0.2.v20210721-1149\jre\bin\javaw.exe
0x00007ffcb4850000 - 0x00007ffcb4a45000 	C:\Windows\SYSTEM32\ntdll.dll
0x00007ffcb28a0000 - 0x00007ffcb295e000 	C:\Windows\System32\KERNEL32.DLL
0x00007ffcb20c0000 - 0x00007ffcb2389000 	C:\Windows\System32\KERNELBASE.dll
0x00007ffcb27a0000 - 0x00007ffcb28a0000 	C:\Windows\System32\ucrtbase.dll
0x00007ffcac9c0000 - 0x00007ffcac9d8000 	C:\SpringCloud\sts-4.11.1.RELEASE\plugins\org.eclipse.justj.openjdk.hotspot.jre.full.win32.x86_64_16.0.2.v20210721-1149\jre\bin\jli.dll
0x00007ffcb33f0000 - 0x00007ffcb3591000 	C:\Windows\System32\USER32.dll
0x00007ffcb2580000 - 0x00007ffcb25a2000 	C:\Windows\System32\win32u.dll
0x00007ffcb2f20000 - 0x00007ffcb2f4b000 	C:\Windows\System32\GDI32.dll
0x00007ffcb2470000 - 0x00007ffcb257b000 	C:\Windows\System32\gdi32full.dll
0x00007ffcb1f70000 - 0x00007ffcb200d000 	C:\Windows\System32\msvcp_win.dll
0x00007ffcac020000 - 0x00007ffcac039000 	C:\SpringCloud\sts-4.11.1.RELEASE\plugins\org.eclipse.justj.openjdk.hotspot.jre.full.win32.x86_64_16.0.2.v20210721-1149\jre\bin\VCRUNTIME140.dll
0x00007ffc9e850000 - 0x00007ffc9eaea000 	C:\Windows\WinSxS\amd64_microsoft.windows.common-controls_6595b64144ccf1df_6.0.19041.1110_none_60b5254171f9507e\COMCTL32.dll
0x00007ffcb32b0000 - 0x00007ffcb334e000 	C:\Windows\System32\msvcrt.dll
0x00007ffcb3680000 - 0x00007ffcb36b0000 	C:\Windows\System32\IMM32.DLL
0x00007ffcacae0000 - 0x00007ffcacaec000 	C:\SpringCloud\sts-4.11.1.RELEASE\plugins\org.eclipse.justj.openjdk.hotspot.jre.full.win32.x86_64_16.0.2.v20210721-1149\jre\bin\vcruntime140_1.dll
0x00007ffca0920000 - 0x00007ffca09b1000 	C:\SpringCloud\sts-4.11.1.RELEASE\plugins\org.eclipse.justj.openjdk.hotspot.jre.full.win32.x86_64_16.0.2.v20210721-1149\jre\bin\msvcp140.dll
0x00007ffc71030000 - 0x00007ffc71bdb000 	C:\SpringCloud\sts-4.11.1.RELEASE\plugins\org.eclipse.justj.openjdk.hotspot.jre.full.win32.x86_64_16.0.2.v20210721-1149\jre\bin\server\jvm.dll
0x00007ffcb39d0000 - 0x00007ffcb3a7c000 	C:\Windows\System32\ADVAPI32.dll
0x00007ffcb2a80000 - 0x00007ffcb2b1b000 	C:\Windows\System32\sechost.dll
0x00007ffcb4260000 - 0x00007ffcb438a000 	C:\Windows\System32\RPCRT4.dll
0x00007ffcb3610000 - 0x00007ffcb3618000 	C:\Windows\System32\PSAPI.DLL
0x00007ffc9f2a0000 - 0x00007ffc9f2a9000 	C:\Windows\SYSTEM32\WSOCK32.dll
0x00007ffc9a8e0000 - 0x00007ffc9a907000 	C:\Windows\SYSTEM32\WINMM.dll
0x00007ffcb35a0000 - 0x00007ffcb360b000 	C:\Windows\System32\WS2_32.dll
0x00007ffca9d90000 - 0x00007ffca9d9a000 	C:\Windows\SYSTEM32\VERSION.dll
0x00007ffcafe70000 - 0x00007ffcafe82000 	C:\Windows\SYSTEM32\kernel.appcore.dll
0x00007ffcaa540000 - 0x00007ffcaa54a000 	C:\SpringCloud\sts-4.11.1.RELEASE\plugins\org.eclipse.justj.openjdk.hotspot.jre.full.win32.x86_64_16.0.2.v20210721-1149\jre\bin\jimage.dll
0x00007ffca9e80000 - 0x00007ffcaa064000 	C:\Windows\SYSTEM32\DBGHELP.DLL
0x00007ffcaa470000 - 0x00007ffcaa49c000 	C:\Windows\SYSTEM32\dbgcore.DLL
0x00007ffcb23e0000 - 0x00007ffcb2463000 	C:\Windows\System32\bcryptPrimitives.dll
0x00007ffc9acf0000 - 0x00007ffc9ad15000 	C:\SpringCloud\sts-4.11.1.RELEASE\plugins\org.eclipse.justj.openjdk.hotspot.jre.full.win32.x86_64_16.0.2.v20210721-1149\jre\bin\java.dll
0x00007ffc95cb0000 - 0x00007ffc95cc8000 	C:\SpringCloud\sts-4.11.1.RELEASE\plugins\org.eclipse.justj.openjdk.hotspot.jre.full.win32.x86_64_16.0.2.v20210721-1149\jre\bin\zip.dll
0x00007ffcb3b20000 - 0x00007ffcb425f000 	C:\Windows\System32\SHELL32.dll
0x00007ffcb0070000 - 0x00007ffcb0800000 	C:\Windows\SYSTEM32\windows.storage.dll
0x00007ffcb2f50000 - 0x00007ffcb32a5000 	C:\Windows\System32\combase.dll
0x00007ffcb19c0000 - 0x00007ffcb19ec000 	C:\Windows\SYSTEM32\Wldp.dll
0x00007ffcb3860000 - 0x00007ffcb390e000 	C:\Windows\System32\SHCORE.dll
0x00007ffcb3970000 - 0x00007ffcb39c5000 	C:\Windows\System32\shlwapi.dll
0x00007ffcb1eb0000 - 0x00007ffcb1ecf000 	C:\Windows\SYSTEM32\profapi.dll
0x00007ffc95c90000 - 0x00007ffc95ca9000 	C:\SpringCloud\sts-4.11.1.RELEASE\plugins\org.eclipse.justj.openjdk.hotspot.jre.full.win32.x86_64_16.0.2.v20210721-1149\jre\bin\net.dll
0x00007ffca7890000 - 0x00007ffca7998000 	C:\Windows\SYSTEM32\WINHTTP.dll
0x00007ffcb1720000 - 0x00007ffcb178a000 	C:\Windows\system32\mswsock.dll
0x00007ffc95c70000 - 0x00007ffc95c83000 	C:\SpringCloud\sts-4.11.1.RELEASE\plugins\org.eclipse.justj.openjdk.hotspot.jre.full.win32.x86_64_16.0.2.v20210721-1149\jre\bin\nio.dll
0x00007ffcad130000 - 0x00007ffcad139000 	C:\SpringCloud\sts-4.11.1.RELEASE\plugins\org.eclipse.justj.openjdk.hotspot.jre.full.win32.x86_64_16.0.2.v20210721-1149\jre\bin\management.dll
0x00007ffcac9b0000 - 0x00007ffcac9bb000 	C:\SpringCloud\sts-4.11.1.RELEASE\plugins\org.eclipse.justj.openjdk.hotspot.jre.full.win32.x86_64_16.0.2.v20210721-1149\jre\bin\management_ext.dll
0x00007ffc853b0000 - 0x00007ffc853c7000 	C:\Windows\system32\napinsp.dll
0x00007ffc83b60000 - 0x00007ffc83b7b000 	C:\Windows\system32\pnrpnsp.dll
0x00007ffcad450000 - 0x00007ffcad465000 	C:\Windows\system32\wshbth.dll
0x00007ffcabe30000 - 0x00007ffcabe4d000 	C:\Windows\system32\NLAapi.dll
0x00007ffcb13c0000 - 0x00007ffcb13fb000 	C:\Windows\SYSTEM32\IPHLPAPI.DLL
0x00007ffcb1410000 - 0x00007ffcb14dc000 	C:\Windows\SYSTEM32\DNSAPI.dll
0x00007ffcb2d30000 - 0x00007ffcb2d38000 	C:\Windows\System32\NSI.dll
0x00007ffc788c0000 - 0x00007ffc788d2000 	C:\Windows\System32\winrnr.dll
0x00007ffcab810000 - 0x00007ffcab81a000 	C:\Windows\System32\rasadhlp.dll
0x00007ffca7a00000 - 0x00007ffca7a7f000 	C:\Windows\System32\fwpuclnt.dll
0x00007ffcb2610000 - 0x00007ffcb2637000 	C:\Windows\System32\bcrypt.dll
0x00007ffcb1910000 - 0x00007ffcb1928000 	C:\Windows\SYSTEM32\CRYPTSP.dll
0x00007ffcb1030000 - 0x00007ffcb1064000 	C:\Windows\system32\rsaenh.dll
0x00007ffcb1e70000 - 0x00007ffcb1e9e000 	C:\Windows\SYSTEM32\USERENV.dll
0x00007ffcb1930000 - 0x00007ffcb193c000 	C:\Windows\SYSTEM32\CRYPTBASE.dll
0x00007ffca9da0000 - 0x00007ffca9db7000 	C:\Windows\SYSTEM32\dhcpcsvc6.DLL
0x00007ffcaa4b0000 - 0x00007ffcaa4cd000 	C:\Windows\SYSTEM32\dhcpcsvc.DLL
0x00007ffc9d630000 - 0x00007ffc9d640000 	C:\SpringCloud\sts-4.11.1.RELEASE\plugins\org.eclipse.justj.openjdk.hotspot.jre.full.win32.x86_64_16.0.2.v20210721-1149\jre\bin\verify.dll

dbghelp: loaded successfully - version: 4.0.5 - missing functions: none
symbol engine: initialized successfully - sym options: 0x614 - pdb path: .;C:\SpringCloud\sts-4.11.1.RELEASE\plugins\org.eclipse.justj.openjdk.hotspot.jre.full.win32.x86_64_16.0.2.v20210721-1149\jre\bin;C:\Windows\SYSTEM32;C:\Windows\WinSxS\amd64_microsoft.windows.common-controls_6595b64144ccf1df_6.0.19041.1110_none_60b5254171f9507e;C:\SpringCloud\sts-4.11.1.RELEASE\plugins\org.eclipse.justj.openjdk.hotspot.jre.full.win32.x86_64_16.0.2.v20210721-1149\jre\bin\server

VM Arguments:
jvm_args: -Dcom.sun.management.jmxremote -Dcom.sun.management.jmxremote.port=62461 -Dcom.sun.management.jmxremote.authenticate=false -Dcom.sun.management.jmxremote.ssl=false -Djava.rmi.server.hostname=localhost -Dspring.jmx.enabled=true -Dspring.application.admin.enabled=true -XX:TieredStopAtLevel=1 -Dspring.boot.project.name=music-servicio-track -Dfile.encoding=UTF-8 -XX:+ShowCodeDetailsInExceptionMessages 
java_command: com.music.app.track.MusicServicioTrackApplication --spring.output.ansi.enabled=always
java_class_path (initial): C:\SpringCloud\music_workspace\music-servicio-track\target\classes;C:\Users\PC112-AR\.m2\repository\org\springframework\boot\spring-boot-starter-data-jpa\2.5.4\spring-boot-starter-data-jpa-2.5.4.jar;C:\Users\PC112-AR\.m2\repository\org\springframework\boot\spring-boot-starter-aop\2.5.4\spring-boot-starter-aop-2.5.4.jar;C:\Users\PC112-AR\.m2\repository\org\springframework\spring-aop\5.3.9\spring-aop-5.3.9.jar;C:\Users\PC112-AR\.m2\repository\org\aspectj\aspectjweaver\1.9.7\aspectjweaver-1.9.7.jar;C:\Users\PC112-AR\.m2\repository\org\springframework\boot\spring-boot-starter-jdbc\2.5.4\spring-boot-starter-jdbc-2.5.4.jar;C:\Users\PC112-AR\.m2\repository\com\zaxxer\HikariCP\4.0.3\HikariCP-4.0.3.jar;C:\Users\PC112-AR\.m2\repository\org\springframework\spring-jdbc\5.3.9\spring-jdbc-5.3.9.jar;C:\Users\PC112-AR\.m2\repository\jakarta\transaction\jakarta.transaction-api\1.3.3\jakarta.transaction-api-1.3.3.jar;C:\Users\PC112-AR\.m2\repository\jakarta\persistence\jakarta.persistence-api\2.2.3\jakarta.persistence-api-2.2.3.jar;C:\Users\PC112-AR\.m2\repository\org\hibernate\hibernate-core\5.4.32.Final\hibernate-core-5.4.32.Final.jar;C:\Users\PC112-AR\.m2\repository\org\jboss\logging\jboss-logging\3.4.2.Final\jboss-logging-3.4.2.Final.jar;C:\Users\PC112-AR\.m2\repository\org\javassist\javassist\3.27.0-GA\javassist-3.27.0-GA.jar;C:\Users\PC112-AR\.m2\repository\net\bytebuddy\byte-buddy\1.10.22\byte-buddy-1.10.22.jar;C:\Users\PC112-AR\.m2\repository\antlr\antlr\2.7.7\antlr-2.7.7.jar;C:\Users\PC112-AR\.m2\repository\org\jboss\jandex\2.2.3.Final\jandex-2.2.3.Final.jar;C:\Users\PC112-AR\.m2\repository\com\fasterxml\classmate\1.5.1\classmate-1.5.1.jar;C:\Users\PC112-AR\.m2\repository\org\dom4j\dom4j\2.1.3\dom4j-2.1.3.jar;C:\Users\PC112-AR\.m2\repository\org\hibernate\common\hibernate-commons-annotations\5.1.2.Final\hibernate-commons-annotations-5.1.2.Final.jar;C:\Users\PC112-AR\.m2\repository\org\glassfish\jaxb\jaxb-runtime\2.3.5\jaxb-runtime-2.3.5.jar;C:\Us
Launcher Type: SUN_STANDARD

[Global flags]
     intx CICompilerCount                          = 3                                         {product} {ergonomic}
     uint ConcGCThreads                            = 1                                         {product} {ergonomic}
     uint G1ConcRefinementThreads                  = 4                                         {product} {ergonomic}
   size_t G1HeapRegionSize                         = 2097152                                   {product} {ergonomic}
    uintx GCDrainStackTargetSize                   = 64                                        {product} {ergonomic}
   size_t InitialHeapSize                          = 266338304                                 {product} {ergonomic}
     bool ManagementServer                         = true                                      {product} {command line}
   size_t MarkStackSize                            = 4194304                                   {product} {ergonomic}
   size_t MaxHeapSize                              = 4253024256                                {product} {ergonomic}
   size_t MaxNewSize                               = 2550136832                                {product} {ergonomic}
   size_t MinHeapDeltaBytes                        = 2097152                                   {product} {ergonomic}
   size_t MinHeapSize                              = 8388608                                   {product} {ergonomic}
    uintx NonNMethodCodeHeapSize                   = 6973028                                {pd product} {ergonomic}
    uintx NonProfiledCodeHeapSize                  = 244685212                              {pd product} {ergonomic}
    uintx ProfiledCodeHeapSize                     = 0                                      {pd product} {ergonomic}
    uintx ReservedCodeCacheSize                    = 251658240                              {pd product} {ergonomic}
     bool SegmentedCodeCache                       = true                                      {product} {ergonomic}
     bool ShowCodeDetailsInExceptionMessages       = true                                   {manageable} {command line}
   size_t SoftMaxHeapSize                          = 4253024256                             {manageable} {ergonomic}
     intx TieredStopAtLevel                        = 1                                         {product} {command line}
     bool UseCompressedClassPointers               = true                           {product lp64_product} {ergonomic}
     bool UseCompressedOops                        = true                           {product lp64_product} {ergonomic}
     bool UseG1GC                                  = true                                      {product} {ergonomic}
     bool UseLargePagesIndividualAllocation        = false                                  {pd product} {ergonomic}

Logging:
Log output configuration:
 #0: stdout all=warning uptime,level,tags
 #1: stderr all=off uptime,level,tags

Environment Variables:
JAVA_HOME=C:\SpringCloud\openjdk-16.0.2_windows-x64_bin\jdk-11.0.2
PATH=C:/SpringCloud/sts-4.11.1.RELEASE//plugins/org.eclipse.justj.openjdk.hotspot.jre.full.win32.x86_64_16.0.2.v20210721-1149/jre/bin/server;C:/SpringCloud/sts-4.11.1.RELEASE//plugins/org.eclipse.justj.openjdk.hotspot.jre.full.win32.x86_64_16.0.2.v20210721-1149/jre/bin;C:\Program Files\Common Files\Oracle\Java\javapath;C:\Windows\system32;C:\Windows;C:\Windows\System32\Wbem;C:\Windows\System32\WindowsPowerShell\v1.0\;C:\Windows\System32\OpenSSH\;C:\SpringCloud\openjdk-11.0.2_windows-x64_bin\jdk-11.0.2\bin;C:\Program Files\Git\cmd;C:\Users\PC112-AR\AppData\Local\Microsoft\WindowsApps;;C:\Users\PC112-AR\AppData\Local\Programs\Microsoft VS Code\bin;C:\SpringCloud\sts-4.11.1.RELEASE;
USERNAME=Juan Cisilino
OS=Windows_NT
PROCESSOR_IDENTIFIER=Intel64 Family 6 Model 142 Stepping 9, GenuineIntel



---------------  S Y S T E M  ---------------

OS:
 Windows 10 , 64 bit Build 19041 (10.0.19041.1202)
OS uptime: 1 days 2:46 hours

CPU: total 4 (initial active 4) (2 cores per cpu, 2 threads per core) family 6 model 142 stepping 9 microcode 0xea, cx8, cmov, fxsr, ht, mmx, 3dnowpref, sse, sse2, sse3, ssse3, sse4.1, sse4.2, popcnt, lzcnt, tsc, tscinvbit, avx, avx2, aes, erms, clmul, bmi1, bmi2, rtm, adx, fma, vzeroupper, clflush, clflushopt

Memory: 4k page, system-wide physical 16218M (9707M free)
TotalPageFile size 18650M (AvailPageFile size 12079M)
current process WorkingSet (physical memory assigned to process): 148M, peak: 148M
current process commit charge ("private bytes"): 264M, peak: 353M

vm_info: OpenJDK 64-Bit Server VM (16.0.2+7-67) for windows-amd64 JRE (16.0.2+7-67), built on Jun  8 2021 23:21:43 by "mach5one" with MS VC++ 16.7 (VS2019)

END.
