#
# A fatal error has been detected by the Java Runtime Environment:
#
#  EXCEPTION_ACCESS_VIOLATION (0xc0000005) at pc=0x00007ffca729d9cf, pid=2188, tid=6700
#
# JRE version: OpenJDK Runtime Environment (16.0.2+7) (build 16.0.2+7-67)
# Java VM: OpenJDK 64-Bit Server VM (16.0.2+7-67, mixed mode, tiered, compressed oops, compressed class ptrs, g1 gc, windows-amd64)
# Problematic frame:
# V  [jvm.dll+0x2ed9cf]
#
# No core dump will be written. Minidumps are not enabled by default on client versions of Windows
#
# If you would like to submit a bug report, please visit:
#   https://bugreport.java.com/bugreport/crash.jsp
#

---------------  S U M M A R Y ------------

Command Line: -Dcom.sun.management.jmxremote -Dcom.sun.management.jmxremote.port=62603 -Dcom.sun.management.jmxremote.authenticate=false -Dcom.sun.management.jmxremote.ssl=false -Djava.rmi.server.hostname=localhost -Dspring.jmx.enabled=true -Dspring.application.admin.enabled=true -XX:TieredStopAtLevel=1 -Dspring.boot.project.name=music-servicio-usuarios -Dfile.encoding=UTF-8 -XX:+ShowCodeDetailsInExceptionMessages com.music.app.servicio.usuarios.MusicServicioUsuariosApplication --spring.output.ansi.enabled=always

Host: Intel(R) Core(TM) i5-7300U CPU @ 2.60GHz, 4 cores, 15G,  Windows 10 , 64 bit Build 19041 (10.0.19041.1202)
Time: Wed Sep 22 12:07:34 2021 Hora estándar de Argentina elapsed time: 1582.985865 seconds (0d 0h 26m 22s)

---------------  T H R E A D  ---------------

Current thread (0x0000017e08da2cc0):  GCTaskThread "GC Thread#3" [stack: 0x0000002bdb100000,0x0000002bdb200000] [id=6700]

Stack: [0x0000002bdb100000,0x0000002bdb200000],  sp=0x0000002bdb1ff820,  free space=1022k
Native frames: (J=compiled Java code, j=interpreted, Vv=VM code, C=native code)
V  [jvm.dll+0x2ed9cf]
V  [jvm.dll+0x2ed46d]
V  [jvm.dll+0x2ecd4d]
V  [jvm.dll+0x7f7f0b]
V  [jvm.dll+0x7795aa]
V  [jvm.dll+0x667066]
C  [ucrtbase.dll+0x21bb2]
C  [KERNEL32.DLL+0x17034]
C  [ntdll.dll+0x52651]


siginfo: EXCEPTION_ACCESS_VIOLATION (0xc0000005), reading address 0x000000086f70655a


Register to memory mapping:

RIP=0x00007ffca729d9cf jvm.dll
RAX=0x000000086f706552 is an unknown value
RBX=0x0000000703b55d70 is pointing into object: [B 
{0x0000000703b55cd0} - klass: {type array byte}
 - length: 174
RCX=0x0 is NULL
RDX=0x000000006f706552 is an unknown value
RSP=0x0000002bdb1ff820 points into unknown readable memory: 0x00000000000000ab | ab 00 00 00 00 00 00 00
RBP=0x00000000000000ac is an unknown value
RSI=0x00007ffca6fb0000 jvm.dll
RDI=0x0000017e0cee1e00 points into unknown readable memory: 0x0000002bda4ff2c0 | c0 f2 4f da 2b 00 00 00
R8 =0x0000000000000001 is an unknown value
R9 =0x0000000800000000 is pointing into metadata
R10=0x0 is NULL
R11=0x0000000800000000 is pointing into metadata
R12=0x0 is NULL
R13=0x00007ffca6fb0000 jvm.dll
R14=0x0000000000000010 is an unknown value
R15=0x000000000000000c is an unknown value


Registers:
RAX=0x000000086f706552, RBX=0x0000000703b55d70, RCX=0x0000000000000000, RDX=0x000000006f706552
RSP=0x0000002bdb1ff820, RBP=0x00000000000000ac, RSI=0x00007ffca6fb0000, RDI=0x0000017e0cee1e00
R8 =0x0000000000000001, R9 =0x0000000800000000, R10=0x0000000000000000, R11=0x0000000800000000
R12=0x0000000000000000, R13=0x00007ffca6fb0000, R14=0x0000000000000010, R15=0x000000000000000c
RIP=0x00007ffca729d9cf, EFLAGS=0x0000000000010202

Top of Stack: (sp=0x0000002bdb1ff820)
0x0000002bdb1ff820:   00000000000000ab 0000000703b55dd0
0x0000002bdb1ff830:   00007ffca6fb0000 00007ffca6fb0000
0x0000002bdb1ff840:   0000000000000000 0000000000000000
0x0000002bdb1ff850:   0000000704da0758 00007ffc00001000
0x0000002bdb1ff860:   0000000000000000 0000000000000000
0x0000002bdb1ff870:   0000000000000000 0000017e088b2010
0x0000002bdb1ff880:   000000000000000c 0000002bda4ff4d0
0x0000002bdb1ff890:   0000002bda4febc0 0000017e0cee1e00
0x0000002bdb1ff8a0:   00007ffca6fb0000 0000000000000010
0x0000002bdb1ff8b0:   0000002bda4ff4e8 00007ffca729d46d
0x0000002bdb1ff8c0:   0000002bda4fea60 000027b200000000
0x0000002bdb1ff8d0:   0000002bda4fea80 000027b100000000
0x0000002bdb1ff8e0:   0000002bda4fea80 0000017e0cee1e00
0x0000002bdb1ff8f0:   0000017e088b2010 0000000000000002
0x0000002bdb1ff900:   00000000000003d8 0000017e088b23e8
0x0000002bdb1ff910:   0000017e088b2000 0000002bda4fea60 

Instructions: (pc=0x00007ffca729d9cf)
0x00007ffca729d8cf:   00 4c 39 a7 d0 02 00 00 0f 85 a6 00 00 00 8b af
0x00007ffca729d8df:   98 00 00 00 8b cd 8b 87 18 01 00 00 2b c8 81 e1
0x00007ffca729d8ef:   ff ff 01 00 0f 86 61 02 00 00 ff cd 81 e5 ff ff
0x00007ffca729d8ff:   01 00 89 af 98 00 00 00 e8 f4 bc 36 00 8b 87 18
0x00007ffca729d90f:   01 00 00 8b cd 48 8b 9f 98 01 00 00 2b c8 81 e1
0x00007ffca729d91f:   ff ff 01 00 8b d5 81 f9 ff ff 01 00 48 8b 1c eb
0x00007ffca729d92f:   41 0f 44 cc 85 c9 75 6b 48 8b 87 18 01 00 00 48
0x00007ffca729d93f:   8b c8 48 89 84 24 b8 00 00 00 48 c1 e9 20 ff c1
0x00007ffca729d94f:   89 ac 24 a8 00 00 00 89 8c 24 ac 00 00 00 3b e8
0x00007ffca729d95f:   0f 85 e0 01 00 00 48 c1 e1 20 48 0b ca f0 48 0f
0x00007ffca729d96f:   b1 8f 18 01 00 00 0f 85 ca 01 00 00 8b 87 18 01
0x00007ffca729d97f:   00 00 eb 1f 48 8d 8f 98 02 00 00 48 83 69 20 01
0x00007ffca729d98f:   48 8b 41 20 48 8b 59 38 48 8b 1c c3 75 05 e8 5e
0x00007ffca729d99f:   b4 f5 ff 44 0f b6 05 d7 9e 7e 00 8b 0d 98 36 78
0x00007ffca729d9af:   00 4c 8b 0d 89 36 78 00 45 84 c0 74 0d 8b 53 08
0x00007ffca729d9bf:   8b c2 48 d3 e0 49 03 c1 eb 06 48 8b 43 08 8b d0
0x00007ffca729d9cf:   81 78 08 00 00 00 c0 7d 72 45 84 c0 74 0a 8b c2
0x00007ffca729d9df:   48 d3 e0 49 03 c1 eb 04 48 8b 43 08 48 8b 88 98
0x00007ffca729d9ef:   00 00 00 e8 e9 64 f0 ff 48 89 44 24 28 48 8b e8
0x00007ffca729d9ff:   48 85 c0 74 1b 48 8b d0 48 8b cf e8 f1 bd ff ff
0x00007ffca729da0f:   84 c0 74 0c 48 8b d5 48 8d 4f 18 e8 81 c3 ff ff
0x00007ffca729da1f:   44 38 25 5b 9e 7e 00 49 8b c6 49 0f 45 c7 44 39
0x00007ffca729da2f:   24 18 0f 8e 99 fe ff ff 45 33 c0 48 8b d3 48 8b
0x00007ffca729da3f:   cf e8 bb 04 00 00 e9 86 fe ff ff 45 84 c0 74 0b
0x00007ffca729da4f:   44 8b c2 49 d3 e0 4d 03 c1 eb 04 4c 8b 43 08 49
0x00007ffca729da5f:   63 40 0c 48 8d 8f b0 05 00 00 48 8b d3 41 ff 94
0x00007ffca729da6f:   c5 c0 1b a7 00 44 38 25 0f a1 7e 00 0f 84 4f fe
0x00007ffca729da7f:   ff ff 44 0f b6 05 f8 9d 7e 00 8b 0d b9 35 78 00
0x00007ffca729da8f:   4c 8b 0d aa 35 78 00 45 84 c0 74 0d 8b 53 08 8b
0x00007ffca729da9f:   c2 48 d3 e0 49 03 c1 eb 06 48 8b 43 08 8b d0 44
0x00007ffca729daaf:   39 60 08 7e 20 45 84 c0 74 0a 8b c2 48 d3 e0 49
0x00007ffca729dabf:   03 c1 eb 04 48 8b 43 08 80 b8 35 01 00 00 01 0f 


Stack slot to memory mapping:
stack at sp + 0 slots: 0x00000000000000ab is an unknown value
stack at sp + 1 slots: 0x0000000703b55dd0 is an oop: java.util.concurrent.ConcurrentHashMap$Node 
{0x0000000703b55dd0} - klass: 'java/util/concurrent/ConcurrentHashMap$Node'
stack at sp + 2 slots: 0x00007ffca6fb0000 jvm.dll
stack at sp + 3 slots: 0x00007ffca6fb0000 jvm.dll
stack at sp + 4 slots: 0x0 is NULL
stack at sp + 5 slots: 0x0 is NULL
stack at sp + 6 slots: 0x0000000704da0758 is an oop: [Ljava.util.concurrent.ConcurrentHashMap$Node; 
{0x0000000704da0758} - klass: 'java/util/concurrent/ConcurrentHashMap$Node'[]
 - length: 8192
stack at sp + 7 slots: 0x00007ffc00001000 is an unknown value


---------------  P R O C E S S  ---------------

Threads class SMR info:
_java_thread_list=0x0000017e0f5804a0, length=18, elements={
0x0000017e0885f010, 0x0000017e08860060, 0x0000017e0888a270, 0x0000017e0888cba0,
0x0000017e0888f4c0, 0x0000017e0888fdd0, 0x0000017e088906e0, 0x0000017e088c70e0,
0x0000017e7f993660, 0x0000017e08a44180, 0x0000017e0917cd00, 0x0000017e0917f970,
0x0000017e09181ea0, 0x0000017e0a233000, 0x0000017e0a278fe0, 0x0000017e0d5bf000,
0x0000017e09350580, 0x0000017e0934f590
}

Java Threads: ( => current thread )
  0x0000017e0885f010 JavaThread "Reference Handler" daemon [_thread_blocked, id=9316, stack(0x0000002bda500000,0x0000002bda600000)]
  0x0000017e08860060 JavaThread "Finalizer" daemon [_thread_blocked, id=2204, stack(0x0000002bda600000,0x0000002bda700000)]
  0x0000017e0888a270 JavaThread "Signal Dispatcher" daemon [_thread_blocked, id=512, stack(0x0000002bda700000,0x0000002bda800000)]
  0x0000017e0888cba0 JavaThread "Attach Listener" daemon [_thread_blocked, id=7372, stack(0x0000002bda800000,0x0000002bda900000)]
  0x0000017e0888f4c0 JavaThread "Service Thread" daemon [_thread_blocked, id=4348, stack(0x0000002bda900000,0x0000002bdaa00000)]
  0x0000017e0888fdd0 JavaThread "Monitor Deflation Thread" daemon [_thread_blocked, id=9784, stack(0x0000002bdaa00000,0x0000002bdab00000)]
  0x0000017e088906e0 JavaThread "C1 CompilerThread0" daemon [_thread_blocked, id=1548, stack(0x0000002bdab00000,0x0000002bdac00000)]
  0x0000017e088c70e0 JavaThread "Sweeper thread" daemon [_thread_blocked, id=6364, stack(0x0000002bdac00000,0x0000002bdad00000)]
  0x0000017e7f993660 JavaThread "Common-Cleaner" daemon [_thread_blocked, id=9456, stack(0x0000002bdad00000,0x0000002bdae00000)]
  0x0000017e08a44180 JavaThread "Notification Thread" daemon [_thread_blocked, id=7760, stack(0x0000002bdae00000,0x0000002bdaf00000)]
  0x0000017e0917cd00 JavaThread "RMI TCP Accept-0" daemon [_thread_in_native, id=8244, stack(0x0000002bdb200000,0x0000002bdb300000)]
  0x0000017e0917f970 JavaThread "RMI TCP Accept-62603" daemon [_thread_in_native, id=8828, stack(0x0000002bdb300000,0x0000002bdb400000)]
  0x0000017e09181ea0 JavaThread "RMI TCP Accept-0" daemon [_thread_in_native, id=6240, stack(0x0000002bdb400000,0x0000002bdb500000)]
  0x0000017e0a233000 JavaThread "RMI Scheduler(0)" daemon [_thread_blocked, id=9332, stack(0x0000002bdb900000,0x0000002bdba00000)]
  0x0000017e0a278fe0 JavaThread "JMX server connection timeout 25" daemon [_thread_blocked, id=4180, stack(0x0000002bdbb00000,0x0000002bdbc00000)]
  0x0000017e0d5bf000 JavaThread "DestroyJavaVM" [_thread_blocked, id=3060, stack(0x0000002bd9e00000,0x0000002bd9f00000)]
  0x0000017e09350580 JavaThread "RMI TCP Connection(idle)" daemon [_thread_blocked, id=9268, stack(0x0000002bdcc00000,0x0000002bdcd00000)]
  0x0000017e0934f590 JavaThread "Thread-14" [_thread_blocked, id=9124, stack(0x0000002bdb800000,0x0000002bdb900000)]

Other Threads:
  0x0000017e08841c90 VMThread "VM Thread" [stack: 0x0000002bda400000,0x0000002bda500000] [id=8180]
  0x0000017e091a43d0 WatcherThread [stack: 0x0000002bdb500000,0x0000002bdb600000] [id=4788]
  0x0000017e697a0230 GCTaskThread "GC Thread#0" [stack: 0x0000002bd9f00000,0x0000002bda000000] [id=5024]
  0x0000017e08da26a0 GCTaskThread "GC Thread#1" [stack: 0x0000002bdaf00000,0x0000002bdb000000] [id=1408]
  0x0000017e08da29b0 GCTaskThread "GC Thread#2" [stack: 0x0000002bdb000000,0x0000002bdb100000] [id=9232]
=>0x0000017e08da2cc0 GCTaskThread "GC Thread#3" [stack: 0x0000002bdb100000,0x0000002bdb200000] [id=6700]
  0x0000017e697b2010 ConcurrentGCThread "G1 Main Marker" [stack: 0x0000002bda000000,0x0000002bda100000] [id=6128]
  0x0000017e697b31b0 ConcurrentGCThread "G1 Conc#0" [stack: 0x0000002bda100000,0x0000002bda200000] [id=9792]
  0x0000017e6981ec70 ConcurrentGCThread "G1 Refine#0" [stack: 0x0000002bda200000,0x0000002bda300000] [id=7600]
  0x0000017e0a9342a0 ConcurrentGCThread "G1 Refine#1" [stack: 0x0000002bdbc00000,0x0000002bdbd00000] [id=8204]
  0x0000017e0d5c4a10 ConcurrentGCThread "G1 Refine#2" [stack: 0x0000002bdc500000,0x0000002bdc600000] [id=4280]
  0x0000017e7f864820 ConcurrentGCThread "G1 Service" [stack: 0x0000002bda300000,0x0000002bda400000] [id=5208]

Threads with active compile tasks:

VM state: at safepoint (normal execution)

VM Mutex/Monitor currently owned by a thread:  ([mutex/lock_event])
[0x0000017e6974b830] Threads_lock - owner thread: 0x0000017e08841c90
[0x0000017e6974b680] Heap_lock - owner thread: 0x0000017e0934f590

Heap address: 0x0000000702800000, size: 4056 MB, Compressed Oops mode: Zero based, Oop shift amount: 3

CDS disabled.
Compressed class space mapped at: 0x0000000800000000-0x0000000840000000, reserved size: 1073741824
Narrow klass base: 0x0000000800000000, Narrow klass shift: 0, Narrow klass range: 0x40000000

GC Precious Log:
 CPUs: 4 total, 4 available
 Memory: 16218M
 Large Page Support: Disabled
 NUMA Support: Disabled
 Compressed Oops: Enabled (Zero based)
 Heap Region Size: 2M
 Heap Min Capacity: 8M
 Heap Initial Capacity: 254M
 Heap Max Capacity: 4056M
 Pre-touch: Disabled
 Parallel Workers: 4
 Concurrent Workers: 1
 Concurrent Refinement Workers: 4
 Periodic GC: Disabled

Heap:
 garbage-first heap   total 147456K, used 71626K [0x0000000702800000, 0x0000000800000000)
  region size 2048K, 15 young (30720K), 4 survivors (8192K)
 Metaspace       used 80965K, committed 81536K, reserved 1122304K
  class space    used 10902K, committed 11200K, reserved 1048576K

Heap Regions: E=young(eden), S=young(survivor), O=old, HS=humongous(starts), HC=humongous(continues), CS=collection set, F=free, OA=open archive, CA=closed archive, TAMS=top-at-mark-start (previous, next)
|   0|0x0000000702800000, 0x00000007029fe520, 0x0000000702a00000| 99%| O|  |TAMS 0x0000000702800000, 0x0000000702800000| Untracked 
|   1|0x0000000702a00000, 0x0000000702bfffe8, 0x0000000702c00000| 99%| O|  |TAMS 0x0000000702a00000, 0x0000000702a00000| Untracked 
|   2|0x0000000702c00000, 0x0000000702dffff8, 0x0000000702e00000| 99%| O|  |TAMS 0x0000000702c00000, 0x0000000702c00000| Untracked 
|   3|0x0000000702e00000, 0x0000000702ffffe8, 0x0000000703000000| 99%| O|  |TAMS 0x0000000702e00000, 0x0000000702e00000| Untracked 
|   4|0x0000000703000000, 0x00000007031fffe0, 0x0000000703200000| 99%| O|  |TAMS 0x0000000703000000, 0x0000000703000000| Untracked 
|   5|0x0000000703200000, 0x00000007033fffe0, 0x0000000703400000| 99%| O|  |TAMS 0x0000000703200000, 0x0000000703200000| Untracked 
|   6|0x0000000703400000, 0x0000000703600000, 0x0000000703600000|100%| O|  |TAMS 0x0000000703400000, 0x0000000703400000| Untracked 
|   7|0x0000000703600000, 0x00000007037ffe80, 0x0000000703800000| 99%| O|  |TAMS 0x0000000703600000, 0x0000000703600000| Untracked 
|   8|0x0000000703800000, 0x00000007039fffd8, 0x0000000703a00000| 99%| O|  |TAMS 0x0000000703800000, 0x0000000703800000| Untracked 
|   9|0x0000000703a00000, 0x0000000703bfffe8, 0x0000000703c00000| 99%| O|  |TAMS 0x0000000703a00000, 0x0000000703a00000| Untracked 
|  10|0x0000000703c00000, 0x0000000703dffff8, 0x0000000703e00000| 99%| O|  |TAMS 0x0000000703c00000, 0x0000000703c00000| Untracked 
|  11|0x0000000703e00000, 0x0000000703ffffd8, 0x0000000704000000| 99%| O|  |TAMS 0x0000000703e00000, 0x0000000703e00000| Untracked 
|  12|0x0000000704000000, 0x00000007041fff10, 0x0000000704200000| 99%| O|  |TAMS 0x0000000704000000, 0x0000000704000000| Untracked 
|  13|0x0000000704200000, 0x00000007043ffff0, 0x0000000704400000| 99%| O|  |TAMS 0x0000000704200000, 0x0000000704200000| Untracked 
|  14|0x0000000704400000, 0x0000000704600000, 0x0000000704600000|100%| O|  |TAMS 0x0000000704400000, 0x0000000704400000| Untracked 
|  15|0x0000000704600000, 0x00000007047fffb0, 0x0000000704800000| 99%| O|  |TAMS 0x0000000704600000, 0x0000000704600000| Untracked 
|  16|0x0000000704800000, 0x00000007049fffa8, 0x0000000704a00000| 99%| O|  |TAMS 0x0000000704800000, 0x0000000704800000| Untracked 
|  17|0x0000000704a00000, 0x0000000704c00000, 0x0000000704c00000|100%| O|  |TAMS 0x0000000704a00000, 0x0000000704a00000| Untracked 
|  18|0x0000000704c00000, 0x0000000704dfcb18, 0x0000000704e00000| 99%| O|  |TAMS 0x0000000704c00000, 0x0000000704c00000| Untracked 
|  19|0x0000000704e00000, 0x0000000704f56c38, 0x0000000705000000| 66%| O|  |TAMS 0x0000000704e00000, 0x0000000704e00000| Untracked 
|  20|0x0000000705000000, 0x000000070513e640, 0x0000000705200000| 62%| O|  |TAMS 0x0000000705000000, 0x0000000705000000| Untracked 
|  21|0x0000000705200000, 0x0000000705200000, 0x0000000705400000|  0%| F|  |TAMS 0x0000000705200000, 0x0000000705200000| Untracked 
|  22|0x0000000705400000, 0x00000007055613d8, 0x0000000705600000| 68%| O|  |TAMS 0x0000000705400000, 0x0000000705400000| Untracked 
|  23|0x0000000705600000, 0x0000000705600000, 0x0000000705800000|  0%| F|  |TAMS 0x0000000705600000, 0x0000000705600000| Untracked 
|  24|0x0000000705800000, 0x0000000705800000, 0x0000000705a00000|  0%| F|  |TAMS 0x0000000705800000, 0x0000000705800000| Untracked 
|  25|0x0000000705a00000, 0x0000000705a00000, 0x0000000705c00000|  0%| F|  |TAMS 0x0000000705a00000, 0x0000000705a00000| Untracked 
|  26|0x0000000705c00000, 0x0000000705c00000, 0x0000000705e00000|  0%| F|  |TAMS 0x0000000705c00000, 0x0000000705c00000| Untracked 
|  27|0x0000000705e00000, 0x0000000705e00000, 0x0000000706000000|  0%| F|  |TAMS 0x0000000705e00000, 0x0000000705e00000| Untracked 
|  28|0x0000000706000000, 0x0000000706000000, 0x0000000706200000|  0%| F|  |TAMS 0x0000000706000000, 0x0000000706000000| Untracked 
|  29|0x0000000706200000, 0x00000007062d24b0, 0x0000000706400000| 41%| S|  |TAMS 0x0000000706200000, 0x0000000706200000| Complete 
|  30|0x0000000706400000, 0x0000000706400000, 0x0000000706600000|  0%| F|  |TAMS 0x0000000706400000, 0x0000000706400000| Untracked 
|  31|0x0000000706600000, 0x0000000706600000, 0x0000000706800000|  0%| F|  |TAMS 0x0000000706600000, 0x0000000706600000| Untracked 
|  32|0x0000000706800000, 0x0000000706a00000, 0x0000000706a00000|100%| S|  |TAMS 0x0000000706800000, 0x0000000706800000| Complete 
|  33|0x0000000706a00000, 0x0000000706c00000, 0x0000000706c00000|100%| S|  |TAMS 0x0000000706a00000, 0x0000000706a00000| Complete 
|  34|0x0000000706c00000, 0x0000000706c00000, 0x0000000706e00000|  0%| F|  |TAMS 0x0000000706c00000, 0x0000000706c00000| Untracked 
|  35|0x0000000706e00000, 0x0000000707000000, 0x0000000707000000|100%| S|  |TAMS 0x0000000706e00000, 0x0000000706e00000| Complete 
|  36|0x0000000707000000, 0x0000000707000000, 0x0000000707200000|  0%| F|  |TAMS 0x0000000707000000, 0x0000000707000000| Untracked 
|  37|0x0000000707200000, 0x0000000707200000, 0x0000000707400000|  0%| F|  |TAMS 0x0000000707200000, 0x0000000707200000| Untracked 
|  38|0x0000000707400000, 0x0000000707400000, 0x0000000707600000|  0%| F|  |TAMS 0x0000000707400000, 0x0000000707400000| Untracked 
|  39|0x0000000707600000, 0x0000000707600000, 0x0000000707800000|  0%| F|  |TAMS 0x0000000707600000, 0x0000000707600000| Untracked 
|  40|0x0000000707800000, 0x0000000707800000, 0x0000000707a00000|  0%| F|  |TAMS 0x0000000707800000, 0x0000000707800000| Untracked 
|  41|0x0000000707a00000, 0x0000000707a00000, 0x0000000707c00000|  0%| F|  |TAMS 0x0000000707a00000, 0x0000000707a00000| Untracked 
|  42|0x0000000707c00000, 0x0000000707c00000, 0x0000000707e00000|  0%| F|  |TAMS 0x0000000707c00000, 0x0000000707c00000| Untracked 
|  43|0x0000000707e00000, 0x0000000707e00000, 0x0000000708000000|  0%| F|  |TAMS 0x0000000707e00000, 0x0000000707e00000| Untracked 
|  44|0x0000000708000000, 0x0000000708000000, 0x0000000708200000|  0%| F|  |TAMS 0x0000000708000000, 0x0000000708000000| Untracked 
|  45|0x0000000708200000, 0x0000000708200000, 0x0000000708400000|  0%| F|  |TAMS 0x0000000708200000, 0x0000000708200000| Untracked 
|  46|0x0000000708400000, 0x0000000708400000, 0x0000000708600000|  0%| F|  |TAMS 0x0000000708400000, 0x0000000708400000| Untracked 
|  47|0x0000000708600000, 0x0000000708600000, 0x0000000708800000|  0%| F|  |TAMS 0x0000000708600000, 0x0000000708600000| Untracked 
|  48|0x0000000708800000, 0x0000000708800000, 0x0000000708a00000|  0%| F|  |TAMS 0x0000000708800000, 0x0000000708800000| Untracked 
|  49|0x0000000708a00000, 0x0000000708a00000, 0x0000000708c00000|  0%| F|  |TAMS 0x0000000708a00000, 0x0000000708a00000| Untracked 
|  50|0x0000000708c00000, 0x0000000708c00000, 0x0000000708e00000|  0%| F|  |TAMS 0x0000000708c00000, 0x0000000708c00000| Untracked 
|  51|0x0000000708e00000, 0x0000000708e00000, 0x0000000709000000|  0%| F|  |TAMS 0x0000000708e00000, 0x0000000708e00000| Untracked 
|  52|0x0000000709000000, 0x0000000709000000, 0x0000000709200000|  0%| F|  |TAMS 0x0000000709000000, 0x0000000709000000| Untracked 
|  53|0x0000000709200000, 0x0000000709200000, 0x0000000709400000|  0%| F|  |TAMS 0x0000000709200000, 0x0000000709200000| Untracked 
|  54|0x0000000709400000, 0x0000000709400000, 0x0000000709600000|  0%| F|  |TAMS 0x0000000709400000, 0x0000000709400000| Untracked 
|  55|0x0000000709600000, 0x0000000709600000, 0x0000000709800000|  0%| F|  |TAMS 0x0000000709600000, 0x0000000709600000| Untracked 
|  56|0x0000000709800000, 0x0000000709800000, 0x0000000709a00000|  0%| F|  |TAMS 0x0000000709800000, 0x0000000709800000| Untracked 
|  57|0x0000000709a00000, 0x0000000709a00000, 0x0000000709c00000|  0%| F|  |TAMS 0x0000000709a00000, 0x0000000709a00000| Untracked 
|  58|0x0000000709c00000, 0x0000000709c00000, 0x0000000709e00000|  0%| F|  |TAMS 0x0000000709c00000, 0x0000000709c00000| Untracked 
|  59|0x0000000709e00000, 0x0000000709e00000, 0x000000070a000000|  0%| F|  |TAMS 0x0000000709e00000, 0x0000000709e00000| Untracked 
|  60|0x000000070a000000, 0x000000070a000000, 0x000000070a200000|  0%| F|  |TAMS 0x000000070a000000, 0x000000070a000000| Untracked 
|  61|0x000000070a200000, 0x000000070a32f2b8, 0x000000070a400000| 59%| E|  |TAMS 0x000000070a200000, 0x000000070a200000| Complete 
|  62|0x000000070a400000, 0x000000070a600000, 0x000000070a600000|100%| E|  |TAMS 0x000000070a400000, 0x000000070a400000| Complete 
|  63|0x000000070a600000, 0x000000070a800000, 0x000000070a800000|100%| E|  |TAMS 0x000000070a600000, 0x000000070a600000| Complete 
|  64|0x000000070a800000, 0x000000070aa00000, 0x000000070aa00000|100%| E|  |TAMS 0x000000070a800000, 0x000000070a800000| Complete 
|  65|0x000000070aa00000, 0x000000070ac00000, 0x000000070ac00000|100%| E|  |TAMS 0x000000070aa00000, 0x000000070aa00000| Complete 
|  66|0x000000070ac00000, 0x000000070ae00000, 0x000000070ae00000|100%| E|  |TAMS 0x000000070ac00000, 0x000000070ac00000| Complete 
|  67|0x000000070ae00000, 0x000000070b000000, 0x000000070b000000|100%| E|  |TAMS 0x000000070ae00000, 0x000000070ae00000| Complete 
|  68|0x000000070b000000, 0x000000070b200000, 0x000000070b200000|100%| E|  |TAMS 0x000000070b000000, 0x000000070b000000| Complete 
|  69|0x000000070b200000, 0x000000070b400000, 0x000000070b400000|100%| E|  |TAMS 0x000000070b200000, 0x000000070b200000| Complete 
|  70|0x000000070b400000, 0x000000070b600000, 0x000000070b600000|100%| E|  |TAMS 0x000000070b400000, 0x000000070b400000| Complete 
| 126|0x0000000712400000, 0x0000000712600000, 0x0000000712600000|100%| E|  |TAMS 0x0000000712400000, 0x0000000712400000| Complete 

Card table byte_map: [0x0000017e7c4b0000,0x0000017e7cca0000] _byte_map_base: 0x0000017e78c9c000

Marking Bits (Prev, Next): (CMBitMap*) 0x0000017e697a0870, (CMBitMap*) 0x0000017e697a0830
 Prev Bits: [0x0000017e03f60000, 0x0000017e07ec0000)
 Next Bits: [0x0000017e00000000, 0x0000017e03f60000)

Polling page: 0x0000017e67680000

Metaspace:

Usage:
  Non-class:     68.42 MB used.
      Class:     10.65 MB used.
       Both:     79.07 MB used.

Virtual space:
  Non-class space:       72.00 MB reserved,      68.69 MB ( 95%) committed,  9 nodes.
      Class space:        1.00 GB reserved,      10.94 MB (  1%) committed,  1 nodes.
              Both:        1.07 GB reserved,      79.62 MB (  7%) committed. 

Chunk freelists:
   Non-Class:  2.57 MB
       Class:  1.04 MB
        Both:  3.61 MB

MaxMetaspaceSize: 17179869184.00 GB
CompressedClassSpaceSize: 1.00 GB
 - commit_granule_bytes: 65536.
 - commit_granule_words: 8192.
 - virtual_space_node_default_size: 1048576.
 - enlarge_chunks_in_place: 1.
 - new_chunks_are_fully_committed: 0.
 - uncommit_free_chunks: 1.
 - use_allocation_guard: 0.
 - handle_deallocations: 1.


Internal statistics:

num_allocs_failed_limit: 11.
num_arena_births: 812.
num_arena_deaths: 4.
num_vsnodes_births: 10.
num_vsnodes_deaths: 0.
num_space_committed: 1274.
num_space_uncommitted: 0.
num_chunks_returned_to_freelist: 17.
num_chunks_taken_from_freelist: 3514.
num_chunk_merges: 11.
num_chunk_splits: 2445.
num_chunks_enlarged: 1817.
num_purges: 4.

CodeHeap 'non-profiled nmethods': size=238912Kb used=15933Kb max_used=15933Kb free=222978Kb
 bounds [0x0000017e6d370000, 0x0000017e6e300000, 0x0000017e7bcc0000]
CodeHeap 'non-nmethods': size=6848Kb used=1331Kb max_used=1331Kb free=5516Kb
 bounds [0x0000017e6ccc0000, 0x0000017e6cf30000, 0x0000017e6d370000]
 total_blobs=10187 nmethods=9527 adapters=586
 compilation: enabled
              stopped_count=0, restarted_count=0
 full_count=0

Compilation events (20 events):
Event: 1582.908 Thread 0x0000017e088906e0 9517       1       com.netflix.servo.jmx.ObjectNameBuilder::<init> (30 bytes)
Event: 1582.908 Thread 0x0000017e088906e0 nmethod 9517 0x0000017e6e2fad90 code [0x0000017e6e2faf60, 0x0000017e6e2fb198]
Event: 1582.908 Thread 0x0000017e088906e0 9519       1       com.netflix.servo.annotations.DataSourceType::getValue (5 bytes)
Event: 1582.908 Thread 0x0000017e088906e0 nmethod 9519 0x0000017e6e2fb310 code [0x0000017e6e2fb4a0, 0x0000017e6e2fb578]
Event: 1582.908 Thread 0x0000017e088906e0 9520   !   1       com.netflix.servo.jmx.ObjectNameBuilder::build (60 bytes)
Event: 1582.909 Thread 0x0000017e088906e0 nmethod 9520 0x0000017e6e2fb610 code [0x0000017e6e2fb840, 0x0000017e6e2fbcc8]
Event: 1582.909 Thread 0x0000017e088906e0 9521       1       com.netflix.servo.jmx.MonitorMBean::createBeanInfo (37 bytes)
Event: 1582.909 Thread 0x0000017e088906e0 nmethod 9521 0x0000017e6e2fbf90 code [0x0000017e6e2fc160, 0x0000017e6e2fc528]
Event: 1582.917 Thread 0x0000017e088906e0 9522       1       com.netflix.servo.monitor.MonitorConfig::copy (22 bytes)
Event: 1582.918 Thread 0x0000017e088906e0 nmethod 9522 0x0000017e6e2fc710 code [0x0000017e6e2fc8e0, 0x0000017e6e2fcd68]
Event: 1582.918 Thread 0x0000017e088906e0 9523       1       com.netflix.servo.monitor.MonitorConfig$Builder::withPublishingPolicy (7 bytes)
Event: 1582.918 Thread 0x0000017e088906e0 nmethod 9523 0x0000017e6e2fcf10 code [0x0000017e6e2fd0a0, 0x0000017e6e2fd1b8]
Event: 1582.921 Thread 0x0000017e088906e0 9524       1       com.netflix.servo.monitor.MonitorConfig$Builder::withTag (11 bytes)
Event: 1582.921 Thread 0x0000017e088906e0 nmethod 9524 0x0000017e6e2fd210 code [0x0000017e6e2fd3c0, 0x0000017e6e2fd4a8]
Event: 1582.934 Thread 0x0000017e088906e0 9525       1       com.netflix.servo.monitor.MonitorConfig$Builder::withTag (15 bytes)
Event: 1582.935 Thread 0x0000017e088906e0 nmethod 9525 0x0000017e6e2fd590 code [0x0000017e6e2fd780, 0x0000017e6e2fdb78]
Event: 1582.940 Thread 0x0000017e088906e0 9526       1       com.sun.jmx.interceptor.DefaultMBeanServerInterceptor::getMBean (82 bytes)
Event: 1582.941 Thread 0x0000017e088906e0 nmethod 9526 0x0000017e6e2fdd90 code [0x0000017e6e2fdfe0, 0x0000017e6e2fe4d8]
Event: 1582.941 Thread 0x0000017e088906e0 9527   !   1       com.sun.jmx.mbeanserver.Repository::retrieve (97 bytes)
Event: 1582.942 Thread 0x0000017e088906e0 nmethod 9527 0x0000017e6e2fe890 code [0x0000017e6e2feb00, 0x0000017e6e2ff0d8]

GC Heap History (20 events):
Event: 8.883 GC heap after
{Heap after GC invocations=22 (full 0):
 garbage-first heap   total 122880K, used 46006K [0x0000000702800000, 0x0000000800000000)
  region size 2048K, 4 young (8192K), 4 survivors (8192K)
 Metaspace       used 74162K, committed 74624K, reserved 1114112K
  class space    used 10068K, committed 10304K, reserved 1048576K
}
Event: 392.746 GC heap before
{Heap before GC invocations=22 (full 0):
 garbage-first heap   total 122880K, used 93110K [0x0000000702800000, 0x0000000800000000)
  region size 2048K, 27 young (55296K), 4 survivors (8192K)
 Metaspace       used 79330K, committed 79808K, reserved 1122304K
  class space    used 10682K, committed 10944K, reserved 1048576K
}
Event: 392.758 GC heap after
{Heap after GC invocations=23 (full 0):
 garbage-first heap   total 122880K, used 49818K [0x0000000702800000, 0x0000000800000000)
  region size 2048K, 2 young (4096K), 2 survivors (4096K)
 Metaspace       used 79330K, committed 79808K, reserved 1122304K
  class space    used 10682K, committed 10944K, reserved 1048576K
}
Event: 1098.533 GC heap before
{Heap before GC invocations=23 (full 0):
 garbage-first heap   total 122880K, used 74394K [0x0000000702800000, 0x0000000800000000)
  region size 2048K, 16 young (32768K), 2 survivors (4096K)
 Metaspace       used 80068K, committed 80512K, reserved 1122304K
  class space    used 10794K, committed 11008K, reserved 1048576K
}
Event: 1098.598 GC heap after
{Heap after GC invocations=24 (full 1):
 garbage-first heap   total 122880K, used 40280K [0x0000000702800000, 0x0000000800000000)
  region size 2048K, 0 young (0K), 0 survivors (0K)
 Metaspace       used 80065K, committed 80512K, reserved 1122304K
  class space    used 10793K, committed 11008K, reserved 1048576K
}
Event: 1099.195 GC heap before
{Heap before GC invocations=24 (full 1):
 garbage-first heap   total 122880K, used 91480K [0x0000000702800000, 0x0000000800000000)
  region size 2048K, 26 young (53248K), 0 survivors (0K)
 Metaspace       used 80120K, committed 80576K, reserved 1122304K
  class space    used 10803K, committed 11008K, reserved 1048576K
}
Event: 1099.202 GC heap after
{Heap after GC invocations=25 (full 1):
 garbage-first heap   total 122880K, used 43574K [0x0000000702800000, 0x0000000800000000)
  region size 2048K, 2 young (4096K), 2 survivors (4096K)
 Metaspace       used 80120K, committed 80576K, reserved 1122304K
  class space    used 10803K, committed 11008K, reserved 1048576K
}
Event: 1099.292 GC heap before
{Heap before GC invocations=25 (full 1):
 garbage-first heap   total 122880K, used 92726K [0x0000000702800000, 0x0000000800000000)
  region size 2048K, 27 young (55296K), 2 survivors (4096K)
 Metaspace       used 80120K, committed 80576K, reserved 1122304K
  class space    used 10803K, committed 11008K, reserved 1048576K
}
Event: 1099.297 GC heap after
{Heap after GC invocations=26 (full 1):
 garbage-first heap   total 122880K, used 44354K [0x0000000702800000, 0x0000000800000000)
  region size 2048K, 2 young (4096K), 2 survivors (4096K)
 Metaspace       used 80120K, committed 80576K, reserved 1122304K
  class space    used 10803K, committed 11008K, reserved 1048576K
}
Event: 1184.517 GC heap before
{Heap before GC invocations=26 (full 1):
 garbage-first heap   total 122880K, used 95554K [0x0000000702800000, 0x0000000800000000)
  region size 2048K, 27 young (55296K), 2 survivors (4096K)
 Metaspace       used 80531K, committed 81088K, reserved 1122304K
  class space    used 10854K, committed 11136K, reserved 1048576K
}
Event: 1184.528 GC heap after
{Heap after GC invocations=27 (full 1):
 garbage-first heap   total 122880K, used 47573K [0x0000000702800000, 0x0000000800000000)
  region size 2048K, 4 young (8192K), 4 survivors (8192K)
 Metaspace       used 80531K, committed 81088K, reserved 1122304K
  class space    used 10854K, committed 11136K, reserved 1048576K
}
Event: 1236.280 GC heap before
{Heap before GC invocations=27 (full 1):
 garbage-first heap   total 122880K, used 55765K [0x0000000702800000, 0x0000000800000000)
  region size 2048K, 9 young (18432K), 4 survivors (8192K)
 Metaspace       used 80536K, committed 81088K, reserved 1122304K
  class space    used 10855K, committed 11136K, reserved 1048576K
}
Event: 1236.353 GC heap after
{Heap after GC invocations=28 (full 2):
 garbage-first heap   total 122880K, used 42948K [0x0000000702800000, 0x0000000800000000)
  region size 2048K, 0 young (0K), 0 survivors (0K)
 Metaspace       used 80533K, committed 81088K, reserved 1122304K
  class space    used 10855K, committed 11136K, reserved 1048576K
}
Event: 1236.860 GC heap before
{Heap before GC invocations=28 (full 2):
 garbage-first heap   total 122880K, used 94148K [0x0000000702800000, 0x0000000800000000)
  region size 2048K, 26 young (53248K), 0 survivors (0K)
 Metaspace       used 80583K, committed 81152K, reserved 1122304K
  class space    used 10862K, committed 11136K, reserved 1048576K
}
Event: 1236.864 GC heap after
{Heap after GC invocations=29 (full 2):
 garbage-first heap   total 122880K, used 46661K [0x0000000702800000, 0x0000000800000000)
  region size 2048K, 2 young (4096K), 2 survivors (4096K)
 Metaspace       used 80583K, committed 81152K, reserved 1122304K
  class space    used 10862K, committed 11136K, reserved 1048576K
}
Event: 1236.958 GC heap before
{Heap before GC invocations=29 (full 2):
 garbage-first heap   total 122880K, used 95813K [0x0000000702800000, 0x0000000800000000)
  region size 2048K, 27 young (55296K), 2 survivors (4096K)
 Metaspace       used 80583K, committed 81152K, reserved 1122304K
  class space    used 10862K, committed 11136K, reserved 1048576K
}
Event: 1236.961 GC heap after
{Heap after GC invocations=30 (full 2):
 garbage-first heap   total 122880K, used 47230K [0x0000000702800000, 0x0000000800000000)
  region size 2048K, 3 young (6144K), 3 survivors (6144K)
 Metaspace       used 80583K, committed 81152K, reserved 1122304K
  class space    used 10862K, committed 11136K, reserved 1048576K
}
Event: 1251.018 GC heap before
{Heap before GC invocations=30 (full 2):
 garbage-first heap   total 122880K, used 94334K [0x0000000702800000, 0x0000000800000000)
  region size 2048K, 27 young (55296K), 3 survivors (6144K)
 Metaspace       used 80960K, committed 81536K, reserved 1122304K
  class space    used 10901K, committed 11200K, reserved 1048576K
}
Event: 1251.029 GC heap after
{Heap after GC invocations=31 (full 2):
 garbage-first heap   total 147456K, used 49933K [0x0000000702800000, 0x0000000800000000)
  region size 2048K, 4 young (8192K), 4 survivors (8192K)
 Metaspace       used 80960K, committed 81536K, reserved 1122304K
  class space    used 10901K, committed 11200K, reserved 1048576K
}
Event: 1582.964 GC heap before
{Heap before GC invocations=31 (full 2):
 garbage-first heap   total 147456K, used 68365K [0x0000000702800000, 0x0000000800000000)
  region size 2048K, 15 young (30720K), 4 survivors (8192K)
 Metaspace       used 80965K, committed 81536K, reserved 1122304K
  class space    used 10902K, committed 11200K, reserved 1048576K
}

Deoptimization events (6 events):
Event: 2.443 Thread 0x0000017e0a231060 DEOPT PACKING pc=0x0000017e6d6ce2f4 sp=0x0000002bdb8fc790
Event: 2.443 Thread 0x0000017e0a231060 DEOPT UNPACKING pc=0x0000017e6cd0dece sp=0x0000002bdb8fbce8 mode 0
Event: 6.642 Thread 0x0000017e0a231060 DEOPT PACKING pc=0x0000017e6d69d172 sp=0x0000002bdb8fc240
Event: 6.642 Thread 0x0000017e0a231060 DEOPT UNPACKING pc=0x0000017e6cd0dece sp=0x0000002bdb8fb748 mode 3
Event: 6.643 Thread 0x0000017e0a231060 DEOPT PACKING pc=0x0000017e6d67f365 sp=0x0000002bdb8fc200
Event: 6.643 Thread 0x0000017e0a231060 DEOPT UNPACKING pc=0x0000017e6cd0dece sp=0x0000002bdb8fb748 mode 3

Classes unloaded (2 events):
Event: 1098.555 Thread 0x0000017e08841c90 Unloading class 0x00000008008b0000 'jdk/internal/reflect/GeneratedSerializationConstructorAccessor18'
Event: 1236.307 Thread 0x0000017e08841c90 Unloading class 0x0000000800ad4000 'jdk/internal/reflect/GeneratedSerializationConstructorAccessor24'

Classes redefined (0 events):
No events

Internal exceptions (20 events):
Event: 1237.064 Thread 0x0000017e0d5bc580 Exception <a 'java/lang/ClassNotFoundException'{0x000000070aa38138}: com/music/app/servicio/usuarios/services/IUsuarioServiceCustomizer> (0x000000070aa38138) 
thrown [t:\workspace\open\src\hotspot\share\classfile\systemDictionary.cpp, line 256]
Event: 1237.079 Thread 0x0000017e0d5bc580 Exception <a 'java/lang/ClassNotFoundException'{0x000000070a830870}: java/lang/ObjectCustomizer> (0x000000070a830870) 
thrown [t:\workspace\open\src\hotspot\share\classfile\systemDictionary.cpp, line 256]
Event: 1237.079 Thread 0x0000017e0d5bc580 Exception <a 'java/lang/ClassNotFoundException'{0x000000070a836478}: java/lang/reflect/ProxyCustomizer> (0x000000070a836478) 
thrown [t:\workspace\open\src\hotspot\share\classfile\systemDictionary.cpp, line 256]
Event: 1237.079 Thread 0x0000017e0d5bc580 Exception <a 'java/lang/ClassNotFoundException'{0x000000070a8427c8}: jdk/proxy6/$Proxy163Customizer> (0x000000070a8427c8) 
thrown [t:\workspace\open\src\hotspot\share\classfile\systemDictionary.cpp, line 256]
Event: 1237.081 Thread 0x0000017e0d5bc580 Exception <a 'java/lang/ClassNotFoundException'{0x000000070a8e70f0}: org/hibernate/SessionCustomizer> (0x000000070a8e70f0) 
thrown [t:\workspace\open\src\hotspot\share\classfile\systemDictionary.cpp, line 256]
Event: 1237.082 Thread 0x0000017e0d5bc580 Exception <a 'java/lang/ClassNotFoundException'{0x000000070a92d360}: org/hibernate/SharedSessionContractCustomizer> (0x000000070a92d360) 
thrown [t:\workspace\open\src\hotspot\share\classfile\systemDictionary.cpp, line 256]
Event: 1237.082 Thread 0x0000017e0d5bc580 Exception <a 'java/lang/ClassNotFoundException'{0x000000070a940988}: org/hibernate/query/QueryProducerCustomizer> (0x000000070a940988) 
thrown [t:\workspace\open\src\hotspot\share\classfile\systemDictionary.cpp, line 256]
Event: 1237.082 Thread 0x0000017e0d5bc580 Exception <a 'java/lang/ClassNotFoundException'{0x000000070a951aa8}: javax/persistence/EntityManagerCustomizer> (0x000000070a951aa8) 
thrown [t:\workspace\open\src\hotspot\share\classfile\systemDictionary.cpp, line 256]
Event: 1237.083 Thread 0x0000017e0d5bc580 Exception <a 'java/lang/ClassNotFoundException'{0x000000070a982028}: org/hibernate/jpa/HibernateEntityManagerCustomizer> (0x000000070a982028) 
thrown [t:\workspace\open\src\hotspot\share\classfile\systemDictionary.cpp, line 256]
Event: 1237.084 Thread 0x0000017e0d5bc580 Exception <a 'java/lang/ClassNotFoundException'{0x000000070a98b880}: javax/persistence/EntityManagerCustomizer> (0x000000070a98b880) 
thrown [t:\workspace\open\src\hotspot\share\classfile\systemDictionary.cpp, line 256]
Event: 1237.084 Thread 0x0000017e0d5bc580 Exception <a 'java/lang/ClassNotFoundException'{0x000000070a9ac5e0}: org/hibernate/query/QueryProducerCustomizer> (0x000000070a9ac5e0) 
thrown [t:\workspace\open\src\hotspot\share\classfile\systemDictionary.cpp, line 256]
Event: 1237.085 Thread 0x0000017e0d5bc580 Exception <a 'java/lang/ClassNotFoundException'{0x000000070a9ba2e0}: org/springframework/orm/jpa/EntityManagerProxyCustomizer> (0x000000070a9ba2e0) 
thrown [t:\workspace\open\src\hotspot\share\classfile\systemDictionary.cpp, line 256]
Event: 1237.085 Thread 0x0000017e0d5bc580 Exception <a 'java/lang/ClassNotFoundException'{0x000000070a9c3c20}: javax/persistence/EntityManagerCustomizer> (0x000000070a9c3c20) 
thrown [t:\workspace\open\src\hotspot\share\classfile\systemDictionary.cpp, line 256]
Event: 1237.093 Thread 0x0000017e0d5bc580 Exception <a 'java/lang/ClassNotFoundException'{0x00000007094abbd8}: java/lang/ObjectCustomizer> (0x00000007094abbd8) 
thrown [t:\workspace\open\src\hotspot\share\classfile\systemDictionary.cpp, line 256]
Event: 1237.093 Thread 0x0000017e0d5bc580 Exception <a 'java/lang/ClassNotFoundException'{0x00000007094b6918}: com/music/app/servicio/usuarios/models/entity/UsuarioCustomizer> (0x00000007094b6918) 
thrown [t:\workspace\open\src\hotspot\share\classfile\systemDictionary.cpp, line 256]
Event: 1237.208 Thread 0x0000017e0d5bc580 Exception <a 'java/lang/reflect/InvocationTargetException'{0x0000000708a363c0}> (0x0000000708a363c0) 
thrown [t:\workspace\open\src\hotspot\share\runtime\reflection.cpp, line 1157]
Event: 1237.208 Thread 0x0000017e0d5bc580 Exception <a 'java/lang/reflect/InvocationTargetException'{0x0000000708a3ff60}> (0x0000000708a3ff60) 
thrown [t:\workspace\open\src\hotspot\share\runtime\reflection.cpp, line 1157]
Event: 1237.376 Thread 0x0000017e0d5bc580 Exception <a 'java/net/BindException'{0x0000000707f78378}: Address already in use: bind> (0x0000000707f78378) 
thrown [t:\workspace\open\src\hotspot\share\prims\jni.cpp, line 600]
Event: 1237.376 Thread 0x0000017e0d5bc580 Exception <a 'java/net/SocketException'{0x0000000707f78958}: Socket is not connected: shutdown> (0x0000000707f78958) 
thrown [t:\workspace\open\src\hotspot\share\prims\jni.cpp, line 600]
Event: 1579.687 Thread 0x0000017e0d5bdac0 Exception <a 'java/lang/InterruptedException'{0x000000070a5a7458}: sleep interrupted> (0x000000070a5a7458) 
thrown [t:\workspace\open\src\hotspot\share\prims\jvm.cpp, line 3305]

Events (20 events):
Event: 1582.957 Executing  VM operation: ICBufferFull done
Event: 1582.958 Executing  VM operation: ICBufferFull
Event: 1582.958 Executing  VM operation: ICBufferFull done
Event: 1582.958 Executing  VM operation: ICBufferFull
Event: 1582.958 Executing  VM operation: ICBufferFull done
Event: 1582.959 Executing  VM operation: ICBufferFull
Event: 1582.959 Executing  VM operation: ICBufferFull done
Event: 1582.960 Executing  VM operation: ICBufferFull
Event: 1582.960 Executing  VM operation: ICBufferFull done
Event: 1582.960 Executing  VM operation: ICBufferFull
Event: 1582.960 Executing  VM operation: ICBufferFull done
Event: 1582.961 Executing  VM operation: ICBufferFull
Event: 1582.961 Executing  VM operation: ICBufferFull done
Event: 1582.961 Executing  VM operation: ICBufferFull
Event: 1582.961 Executing  VM operation: ICBufferFull done
Event: 1582.962 Executing  VM operation: ICBufferFull
Event: 1582.962 Executing  VM operation: ICBufferFull done
Event: 1582.963 Executing  VM operation: ICBufferFull
Event: 1582.963 Executing  VM operation: ICBufferFull done
Event: 1582.964 Executing  VM operation: G1CollectFull


Dynamic libraries:
0x00007ff6d1cf0000 - 0x00007ff6d1cfe000 	C:\SpringCloud\sts-4.11.1.RELEASE\plugins\org.eclipse.justj.openjdk.hotspot.jre.full.win32.x86_64_16.0.2.v20210721-1149\jre\bin\javaw.exe
0x00007ffcf75d0000 - 0x00007ffcf77c5000 	C:\Windows\SYSTEM32\ntdll.dll
0x00007ffcf5620000 - 0x00007ffcf56de000 	C:\Windows\System32\KERNEL32.DLL
0x00007ffcf4fa0000 - 0x00007ffcf5269000 	C:\Windows\System32\KERNELBASE.dll
0x00007ffcf52c0000 - 0x00007ffcf53c0000 	C:\Windows\System32\ucrtbase.dll
0x00007ffce58a0000 - 0x00007ffce58b8000 	C:\SpringCloud\sts-4.11.1.RELEASE\plugins\org.eclipse.justj.openjdk.hotspot.jre.full.win32.x86_64_16.0.2.v20210721-1149\jre\bin\jli.dll
0x00007ffcf56e0000 - 0x00007ffcf5881000 	C:\Windows\System32\USER32.dll
0x00007ffcf5550000 - 0x00007ffcf5572000 	C:\Windows\System32\win32u.dll
0x00007ffcf5af0000 - 0x00007ffcf5b1b000 	C:\Windows\System32\GDI32.dll
0x00007ffcf4cf0000 - 0x00007ffcf4dfb000 	C:\Windows\System32\gdi32full.dll
0x00007ffcf5580000 - 0x00007ffcf561d000 	C:\Windows\System32\msvcp_win.dll
0x00007ffcef000000 - 0x00007ffcef019000 	C:\SpringCloud\sts-4.11.1.RELEASE\plugins\org.eclipse.justj.openjdk.hotspot.jre.full.win32.x86_64_16.0.2.v20210721-1149\jre\bin\VCRUNTIME140.dll
0x00007ffce4020000 - 0x00007ffce42ba000 	C:\Windows\WinSxS\amd64_microsoft.windows.common-controls_6595b64144ccf1df_6.0.19041.1110_none_60b5254171f9507e\COMCTL32.dll
0x00007ffcf5a50000 - 0x00007ffcf5aee000 	C:\Windows\System32\msvcrt.dll
0x00007ffcf74a0000 - 0x00007ffcf74d0000 	C:\Windows\System32\IMM32.DLL
0x00007ffcf24f0000 - 0x00007ffcf24fc000 	C:\SpringCloud\sts-4.11.1.RELEASE\plugins\org.eclipse.justj.openjdk.hotspot.jre.full.win32.x86_64_16.0.2.v20210721-1149\jre\bin\vcruntime140_1.dll
0x00007ffcdc560000 - 0x00007ffcdc5f1000 	C:\SpringCloud\sts-4.11.1.RELEASE\plugins\org.eclipse.justj.openjdk.hotspot.jre.full.win32.x86_64_16.0.2.v20210721-1149\jre\bin\msvcp140.dll
0x00007ffca6fb0000 - 0x00007ffca7b5b000 	C:\SpringCloud\sts-4.11.1.RELEASE\plugins\org.eclipse.justj.openjdk.hotspot.jre.full.win32.x86_64_16.0.2.v20210721-1149\jre\bin\server\jvm.dll
0x00007ffcf70a0000 - 0x00007ffcf714c000 	C:\Windows\System32\ADVAPI32.dll
0x00007ffcf7370000 - 0x00007ffcf740b000 	C:\Windows\System32\sechost.dll
0x00007ffcf6d60000 - 0x00007ffcf6e8a000 	C:\Windows\System32\RPCRT4.dll
0x00007ffcf6990000 - 0x00007ffcf6998000 	C:\Windows\System32\PSAPI.DLL
0x00007ffcec6b0000 - 0x00007ffcec6ba000 	C:\Windows\SYSTEM32\VERSION.dll
0x00007ffceead0000 - 0x00007ffceead9000 	C:\Windows\SYSTEM32\WSOCK32.dll
0x00007ffce3dd0000 - 0x00007ffce3df7000 	C:\Windows\SYSTEM32\WINMM.dll
0x00007ffcf7300000 - 0x00007ffcf736b000 	C:\Windows\System32\WS2_32.dll
0x00007ffcf2bf0000 - 0x00007ffcf2c02000 	C:\Windows\SYSTEM32\kernel.appcore.dll
0x00007ffcf2480000 - 0x00007ffcf248a000 	C:\SpringCloud\sts-4.11.1.RELEASE\plugins\org.eclipse.justj.openjdk.hotspot.jre.full.win32.x86_64_16.0.2.v20210721-1149\jre\bin\jimage.dll
0x00007ffce1c60000 - 0x00007ffce1e44000 	C:\Windows\SYSTEM32\DBGHELP.DLL
0x00007ffce1ab0000 - 0x00007ffce1adc000 	C:\Windows\SYSTEM32\dbgcore.DLL
0x00007ffcf4eb0000 - 0x00007ffcf4f33000 	C:\Windows\System32\bcryptPrimitives.dll
0x00007ffceef00000 - 0x00007ffceef25000 	C:\SpringCloud\sts-4.11.1.RELEASE\plugins\org.eclipse.justj.openjdk.hotspot.jre.full.win32.x86_64_16.0.2.v20210721-1149\jre\bin\java.dll
0x00007ffcee7b0000 - 0x00007ffcee7c8000 	C:\SpringCloud\sts-4.11.1.RELEASE\plugins\org.eclipse.justj.openjdk.hotspot.jre.full.win32.x86_64_16.0.2.v20210721-1149\jre\bin\zip.dll
0x00007ffcf6250000 - 0x00007ffcf698f000 	C:\Windows\System32\SHELL32.dll
0x00007ffcf2df0000 - 0x00007ffcf3580000 	C:\Windows\SYSTEM32\windows.storage.dll
0x00007ffcf69a0000 - 0x00007ffcf6cf5000 	C:\Windows\System32\combase.dll
0x00007ffcf4740000 - 0x00007ffcf476c000 	C:\Windows\SYSTEM32\Wldp.dll
0x00007ffcf5d20000 - 0x00007ffcf5dce000 	C:\Windows\System32\SHCORE.dll
0x00007ffcf6e90000 - 0x00007ffcf6ee5000 	C:\Windows\System32\shlwapi.dll
0x00007ffcf4c30000 - 0x00007ffcf4c4f000 	C:\Windows\SYSTEM32\profapi.dll
0x00007ffcee5b0000 - 0x00007ffcee5c9000 	C:\SpringCloud\sts-4.11.1.RELEASE\plugins\org.eclipse.justj.openjdk.hotspot.jre.full.win32.x86_64_16.0.2.v20210721-1149\jre\bin\net.dll
0x00007ffce5220000 - 0x00007ffce5328000 	C:\Windows\SYSTEM32\WINHTTP.dll
0x00007ffcf44a0000 - 0x00007ffcf450a000 	C:\Windows\system32\mswsock.dll
0x00007ffcee520000 - 0x00007ffcee533000 	C:\SpringCloud\sts-4.11.1.RELEASE\plugins\org.eclipse.justj.openjdk.hotspot.jre.full.win32.x86_64_16.0.2.v20210721-1149\jre\bin\nio.dll
0x00007ffcee5a0000 - 0x00007ffcee5a9000 	C:\SpringCloud\sts-4.11.1.RELEASE\plugins\org.eclipse.justj.openjdk.hotspot.jre.full.win32.x86_64_16.0.2.v20210721-1149\jre\bin\management.dll
0x00007ffcee510000 - 0x00007ffcee51b000 	C:\SpringCloud\sts-4.11.1.RELEASE\plugins\org.eclipse.justj.openjdk.hotspot.jre.full.win32.x86_64_16.0.2.v20210721-1149\jre\bin\management_ext.dll
0x00007ffcce3b0000 - 0x00007ffcce3c7000 	C:\Windows\system32\napinsp.dll
0x00007ffcc9a30000 - 0x00007ffcc9a4b000 	C:\Windows\system32\pnrpnsp.dll
0x00007ffcefda0000 - 0x00007ffcefdb5000 	C:\Windows\system32\wshbth.dll
0x00007ffcf0360000 - 0x00007ffcf037d000 	C:\Windows\system32\NLAapi.dll
0x00007ffcf4140000 - 0x00007ffcf417b000 	C:\Windows\SYSTEM32\IPHLPAPI.DLL
0x00007ffcf4190000 - 0x00007ffcf425c000 	C:\Windows\SYSTEM32\DNSAPI.dll
0x00007ffcf6ef0000 - 0x00007ffcf6ef8000 	C:\Windows\System32\NSI.dll
0x00007ffcc9a10000 - 0x00007ffcc9a22000 	C:\Windows\System32\winrnr.dll
0x00007ffcecca0000 - 0x00007ffceccaa000 	C:\Windows\System32\rasadhlp.dll
0x00007ffce51a0000 - 0x00007ffce521f000 	C:\Windows\System32\fwpuclnt.dll
0x00007ffcf5520000 - 0x00007ffcf5547000 	C:\Windows\System32\bcrypt.dll
0x00007ffcf4690000 - 0x00007ffcf46a8000 	C:\Windows\SYSTEM32\CRYPTSP.dll
0x00007ffcf3db0000 - 0x00007ffcf3de4000 	C:\Windows\system32\rsaenh.dll
0x00007ffcf4bf0000 - 0x00007ffcf4c1e000 	C:\Windows\SYSTEM32\USERENV.dll
0x00007ffcf46b0000 - 0x00007ffcf46bc000 	C:\Windows\SYSTEM32\CRYPTBASE.dll
0x00007ffceacf0000 - 0x00007ffcead07000 	C:\Windows\SYSTEM32\dhcpcsvc6.DLL
0x00007ffcebd90000 - 0x00007ffcebdad000 	C:\Windows\SYSTEM32\dhcpcsvc.DLL
0x00007ffceeea0000 - 0x00007ffceeeb0000 	C:\SpringCloud\sts-4.11.1.RELEASE\plugins\org.eclipse.justj.openjdk.hotspot.jre.full.win32.x86_64_16.0.2.v20210721-1149\jre\bin\verify.dll
0x00007ffcf0b10000 - 0x00007ffcf0b1e000 	C:\SpringCloud\sts-4.11.1.RELEASE\plugins\org.eclipse.justj.openjdk.hotspot.jre.full.win32.x86_64_16.0.2.v20210721-1149\jre\bin\sunmscapi.dll
0x00007ffcf53c0000 - 0x00007ffcf5516000 	C:\Windows\System32\CRYPT32.dll
0x00007ffcf47b0000 - 0x00007ffcf47d7000 	C:\Windows\SYSTEM32\ncrypt.dll
0x00007ffcf4770000 - 0x00007ffcf47ab000 	C:\Windows\SYSTEM32\NTASN1.dll
0x00007ffceef30000 - 0x00007ffceef37000 	C:\Windows\system32\wshunix.dll

dbghelp: loaded successfully - version: 4.0.5 - missing functions: none
symbol engine: initialized successfully - sym options: 0x614 - pdb path: .;C:\SpringCloud\sts-4.11.1.RELEASE\plugins\org.eclipse.justj.openjdk.hotspot.jre.full.win32.x86_64_16.0.2.v20210721-1149\jre\bin;C:\Windows\SYSTEM32;C:\Windows\WinSxS\amd64_microsoft.windows.common-controls_6595b64144ccf1df_6.0.19041.1110_none_60b5254171f9507e;C:\SpringCloud\sts-4.11.1.RELEASE\plugins\org.eclipse.justj.openjdk.hotspot.jre.full.win32.x86_64_16.0.2.v20210721-1149\jre\bin\server

VM Arguments:
jvm_args: -Dcom.sun.management.jmxremote -Dcom.sun.management.jmxremote.port=62603 -Dcom.sun.management.jmxremote.authenticate=false -Dcom.sun.management.jmxremote.ssl=false -Djava.rmi.server.hostname=localhost -Dspring.jmx.enabled=true -Dspring.application.admin.enabled=true -XX:TieredStopAtLevel=1 -Dspring.boot.project.name=music-servicio-usuarios -Dfile.encoding=UTF-8 -XX:+ShowCodeDetailsInExceptionMessages 
java_command: com.music.app.servicio.usuarios.MusicServicioUsuariosApplication --spring.output.ansi.enabled=always
java_class_path (initial): C:\SpringCloud\music_workspace\music-servicio-usuarios\target\classes;C:\Users\PC112-AR\.m2\repository\org\springframework\boot\spring-boot-starter-data-jpa\2.5.4\spring-boot-starter-data-jpa-2.5.4.jar;C:\Users\PC112-AR\.m2\repository\org\springframework\boot\spring-boot-starter-aop\2.5.4\spring-boot-starter-aop-2.5.4.jar;C:\Users\PC112-AR\.m2\repository\org\springframework\spring-aop\5.3.9\spring-aop-5.3.9.jar;C:\Users\PC112-AR\.m2\repository\org\aspectj\aspectjweaver\1.9.7\aspectjweaver-1.9.7.jar;C:\Users\PC112-AR\.m2\repository\org\springframework\boot\spring-boot-starter-jdbc\2.5.4\spring-boot-starter-jdbc-2.5.4.jar;C:\Users\PC112-AR\.m2\repository\com\zaxxer\HikariCP\4.0.3\HikariCP-4.0.3.jar;C:\Users\PC112-AR\.m2\repository\org\springframework\spring-jdbc\5.3.9\spring-jdbc-5.3.9.jar;C:\Users\PC112-AR\.m2\repository\jakarta\transaction\jakarta.transaction-api\1.3.3\jakarta.transaction-api-1.3.3.jar;C:\Users\PC112-AR\.m2\repository\jakarta\persistence\jakarta.persistence-api\2.2.3\jakarta.persistence-api-2.2.3.jar;C:\Users\PC112-AR\.m2\repository\org\hibernate\hibernate-core\5.4.32.Final\hibernate-core-5.4.32.Final.jar;C:\Users\PC112-AR\.m2\repository\org\jboss\logging\jboss-logging\3.4.2.Final\jboss-logging-3.4.2.Final.jar;C:\Users\PC112-AR\.m2\repository\org\javassist\javassist\3.27.0-GA\javassist-3.27.0-GA.jar;C:\Users\PC112-AR\.m2\repository\net\bytebuddy\byte-buddy\1.10.22\byte-buddy-1.10.22.jar;C:\Users\PC112-AR\.m2\repository\antlr\antlr\2.7.7\antlr-2.7.7.jar;C:\Users\PC112-AR\.m2\repository\org\jboss\jandex\2.2.3.Final\jandex-2.2.3.Final.jar;C:\Users\PC112-AR\.m2\repository\com\fasterxml\classmate\1.5.1\classmate-1.5.1.jar;C:\Users\PC112-AR\.m2\repository\org\dom4j\dom4j\2.1.3\dom4j-2.1.3.jar;C:\Users\PC112-AR\.m2\repository\org\hibernate\common\hibernate-commons-annotations\5.1.2.Final\hibernate-commons-annotations-5.1.2.Final.jar;C:\Users\PC112-AR\.m2\repository\org\glassfish\jaxb\jaxb-runtime\2.3.5\jaxb-runtime-2.3.5.jar;C:
Launcher Type: SUN_STANDARD

[Global flags]
     intx CICompilerCount                          = 3                                         {product} {ergonomic}
     uint ConcGCThreads                            = 1                                         {product} {ergonomic}
     uint G1ConcRefinementThreads                  = 4                                         {product} {ergonomic}
   size_t G1HeapRegionSize                         = 2097152                                   {product} {ergonomic}
    uintx GCDrainStackTargetSize                   = 64                                        {product} {ergonomic}
   size_t InitialHeapSize                          = 266338304                                 {product} {ergonomic}
     bool ManagementServer                         = true                                      {product} {command line}
   size_t MarkStackSize                            = 4194304                                   {product} {ergonomic}
   size_t MaxHeapSize                              = 4253024256                                {product} {ergonomic}
   size_t MaxNewSize                               = 2550136832                                {product} {ergonomic}
   size_t MinHeapDeltaBytes                        = 2097152                                   {product} {ergonomic}
   size_t MinHeapSize                              = 8388608                                   {product} {ergonomic}
    uintx NonNMethodCodeHeapSize                   = 6973028                                {pd product} {ergonomic}
    uintx NonProfiledCodeHeapSize                  = 244685212                              {pd product} {ergonomic}
    uintx ProfiledCodeHeapSize                     = 0                                      {pd product} {ergonomic}
    uintx ReservedCodeCacheSize                    = 251658240                              {pd product} {ergonomic}
     bool SegmentedCodeCache                       = true                                      {product} {ergonomic}
     bool ShowCodeDetailsInExceptionMessages       = true                                   {manageable} {command line}
   size_t SoftMaxHeapSize                          = 4253024256                             {manageable} {ergonomic}
     intx TieredStopAtLevel                        = 1                                         {product} {command line}
     bool UseCompressedClassPointers               = true                           {product lp64_product} {ergonomic}
     bool UseCompressedOops                        = true                           {product lp64_product} {ergonomic}
     bool UseG1GC                                  = true                                      {product} {ergonomic}
     bool UseLargePagesIndividualAllocation        = false                                  {pd product} {ergonomic}

Logging:
Log output configuration:
 #0: stdout all=warning uptime,level,tags
 #1: stderr all=off uptime,level,tags

Environment Variables:
JAVA_HOME=C:\SpringCloud\openjdk-16.0.2_windows-x64_bin\jdk-11.0.2
PATH=C:/SpringCloud/sts-4.11.1.RELEASE//plugins/org.eclipse.justj.openjdk.hotspot.jre.full.win32.x86_64_16.0.2.v20210721-1149/jre/bin/server;C:/SpringCloud/sts-4.11.1.RELEASE//plugins/org.eclipse.justj.openjdk.hotspot.jre.full.win32.x86_64_16.0.2.v20210721-1149/jre/bin;C:\Program Files\Common Files\Oracle\Java\javapath;C:\Windows\system32;C:\Windows;C:\Windows\System32\Wbem;C:\Windows\System32\WindowsPowerShell\v1.0\;C:\Windows\System32\OpenSSH\;C:\SpringCloud\openjdk-11.0.2_windows-x64_bin\jdk-11.0.2\bin;C:\Program Files\Git\cmd;C:\Users\PC112-AR\AppData\Local\Microsoft\WindowsApps;;C:\Users\PC112-AR\AppData\Local\Programs\Microsoft VS Code\bin;C:\SpringCloud\sts-4.11.1.RELEASE;
USERNAME=Juan Cisilino
OS=Windows_NT
PROCESSOR_IDENTIFIER=Intel64 Family 6 Model 142 Stepping 9, GenuineIntel



---------------  S Y S T E M  ---------------

OS:
 Windows 10 , 64 bit Build 19041 (10.0.19041.1202)
OS uptime: 0 days 2:56 hours

CPU: total 4 (initial active 4) (2 cores per cpu, 2 threads per core) family 6 model 142 stepping 9 microcode 0xea, cx8, cmov, fxsr, ht, mmx, 3dnowpref, sse, sse2, sse3, ssse3, sse4.1, sse4.2, popcnt, lzcnt, tsc, tscinvbit, avx, avx2, aes, erms, clmul, bmi1, bmi2, rtm, adx, fma, vzeroupper, clflush, clflushopt

Memory: 4k page, system-wide physical 16218M (9197M free)
TotalPageFile size 18650M (AvailPageFile size 11405M)
current process WorkingSet (physical memory assigned to process): 301M, peak: 301M
current process commit charge ("private bytes"): 350M, peak: 355M

vm_info: OpenJDK 64-Bit Server VM (16.0.2+7-67) for windows-amd64 JRE (16.0.2+7-67), built on Jun  8 2021 23:21:43 by "mach5one" with MS VC++ 16.7 (VS2019)

END.
