#
# A fatal error has been detected by the Java Runtime Environment:
#
#  EXCEPTION_ACCESS_VIOLATION (0xc0000005) at pc=0x00007fff06b3cc96, pid=11892, tid=8228
#
# JRE version: OpenJDK Runtime Environment (16.0.2+7) (build 16.0.2+7-67)
# Java VM: OpenJDK 64-Bit Server VM (16.0.2+7-67, mixed mode, tiered, compressed oops, compressed class ptrs, g1 gc, windows-amd64)
# Problematic frame:
# V  [jvm.dll+0x1acc96]
#
# No core dump will be written. Minidumps are not enabled by default on client versions of Windows
#
# If you would like to submit a bug report, please visit:
#   https://bugreport.java.com/bugreport/crash.jsp
#

---------------  S U M M A R Y ------------

Command Line: -Dcom.sun.management.jmxremote -Dcom.sun.management.jmxremote.port=56954 -Dcom.sun.management.jmxremote.authenticate=false -Dcom.sun.management.jmxremote.ssl=false -Djava.rmi.server.hostname=localhost -Dspring.jmx.enabled=true -Dspring.application.admin.enabled=true -XX:TieredStopAtLevel=1 -Dspring.boot.project.name=music-servicio-usuarios -Dfile.encoding=UTF-8 -XX:+ShowCodeDetailsInExceptionMessages com.music.app.servicio.usuarios.MusicServicioUsuariosApplication --spring.output.ansi.enabled=always

Host: Intel(R) Core(TM) i5-7300U CPU @ 2.60GHz, 4 cores, 15G,  Windows 10 , 64 bit Build 19041 (10.0.19041.1202)
Time: Mon Sep 20 10:14:19 2021 Hora estándar de Argentina elapsed time: 9.031089 seconds (0d 0h 0m 9s)

---------------  T H R E A D  ---------------

Current thread (0x000001960c2885b0):  GCTaskThread "GC Thread#1" [stack: 0x0000000daa700000,0x0000000daa800000] [id=8228]

Stack: [0x0000000daa700000,0x0000000daa800000],  sp=0x0000000daa7ff5a8,  free space=1021k
Native frames: (J=compiled Java code, j=interpreted, Vv=VM code, C=native code)
V  [jvm.dll+0x1acc96]


siginfo: EXCEPTION_ACCESS_VIOLATION (0xc0000005), reading address 0x00000008e054c1bb


Register to memory mapping:

RIP=0x00007fff06b3cc96 jvm.dll
RAX=0x0 is NULL
RBX=0x0000000000000101 is an unknown value
RCX=0x0000000702a60d68 is pointing into object: java.net.URI 
{0x0000000702a60d48} - klass: 'java/net/URI'
RDX=0x0000000702a60d68 is pointing into object: java.net.URI 
{0x0000000702a60d48} - klass: 'java/net/URI'
RSP=0x0000000daa7ff5a8 points into unknown readable memory: 0x00007fff06c8db34 | 34 db c8 06 ff 7f 00 00
RBP=0x0000000daa7ff628 points into unknown readable memory: 0x0000000000000000 | 00 00 00 00 00 00 00 00
RSI=0x00000007038b674c is pointing into object: java.lang.String 
{0x00000007038b6738} - klass: 'java/lang/String'
RDI=0x0000000702a60d68 is pointing into object: java.net.URI 
{0x0000000702a60d48} - klass: 'java/net/URI'
R8 =0x0000000702a60d68 is pointing into object: java.net.URI 
{0x0000000702a60d48} - klass: 'java/net/URI'
R9 =0x00000008e054c1b3 is an unknown value
R10=0x0000000702a60d68 is pointing into object: java.net.URI 
{0x0000000702a60d48} - klass: 'java/net/URI'
R11=0x00000007038b66b0 is an oop: java.net.URI 
{0x00000007038b66b0} - klass: 'java/net/URI'
R12=0x000001960bc79498 points into unknown readable memory: 0x88000700a84ff000 | 00 f0 4f a8 00 07 00 88
R13=0x00000000000003d8 is an unknown value
R14=0x000001960dd2ae20 points into unknown readable memory: 0x00007fff07278928 | 28 89 27 07 ff 7f 00 00
R15=0x00000008e054c1b3 is an unknown value


Registers:
RAX=0x0000000000000000, RBX=0x0000000000000101, RCX=0x0000000702a60d68, RDX=0x0000000702a60d68
RSP=0x0000000daa7ff5a8, RBP=0x0000000daa7ff628, RSI=0x00000007038b674c, RDI=0x0000000702a60d68
R8 =0x0000000702a60d68, R9 =0x00000008e054c1b3, R10=0x0000000702a60d68, R11=0x00000007038b66b0
R12=0x000001960bc79498, R13=0x00000000000003d8, R14=0x000001960dd2ae20, R15=0x00000008e054c1b3
RIP=0x00007fff06b3cc96, EFLAGS=0x0000000000010202

Top of Stack: (sp=0x0000000daa7ff5a8)
0x0000000daa7ff5a8:   00007fff06c8db34 0000000000000001
0x0000000daa7ff5b8:   0000000702a60dd0 0000000daa7ff628
0x0000000daa7ff5c8:   0000000000000000 0000000700000000
0x0000000daa7ff5d8:   00007fff00000000 0000000000000101
0x0000000daa7ff5e8:   0000000000000100 0000000700000000
0x0000000daa7ff5f8:   0000000000000009 000001966b2e8fb0
0x0000000daa7ff608:   00007fff06c8c399 0000000000000001
0x0000000daa7ff618:   000001960dee9320 000001960dd2afc0
0x0000000daa7ff628:   0000000000000000 0000000000000040
0x0000000daa7ff638:   00000000000003d8 000001960bc79498
0x0000000daa7ff648:   000001960dd2ae20 00000007038b674c
0x0000000daa7ff658:   00000007038b674d 0000000000000d06
0x0000000daa7ff668:   00007fff06c8ec62 0000000702a30100
0x0000000daa7ff678:   0000000000000101 000001966b280101
0x0000000daa7ff688:   0000000000000000 0000000daa7ff710
0x0000000daa7ff698:   000001960bc222c2 000001966b2e8fb0 

Instructions: (pc=0x00007fff06b3cc96)
0x00007fff06b3cb96:   40 48 8b 74 24 48 48 83 c4 30 5f c3 48 8b 07 48
0x00007fff06b3cba6:   8d 54 24 20 48 89 4c 24 28 48 8b cf 48 89 5c 24
0x00007fff06b3cbb6:   20 ff 50 38 48 8b 5c 24 40 48 8b 74 24 48 48 83
0x00007fff06b3cbc6:   c4 30 5f c3 cc cc cc cc cc cc 48 89 5c 24 08 57
0x00007fff06b3cbd6:   48 83 ec 30 48 8b 02 48 8b f9 48 8b ca 48 8b da
0x00007fff06b3cbe6:   ff 50 38 84 c0 74 48 0f 10 83 58 03 00 00 66 0f
0x00007fff06b3cbf6:   73 d8 08 66 48 0f 7e c0 48 85 c0 74 32 0f 10 83
0x00007fff06b3cc06:   58 03 00 00 48 8b 07 48 8d 54 24 20 48 8b cf 0f
0x00007fff06b3cc16:   29 44 24 20 ff 50 40 33 c0 48 89 44 24 20 48 89
0x00007fff06b3cc26:   44 24 28 0f 10 44 24 20 0f 11 83 58 03 00 00 48
0x00007fff06b3cc36:   8b 5c 24 40 48 83 c4 30 5f c3 48 8b 49 40 48 8b
0x00007fff06b3cc46:   01 48 ff 60 28 cc cc cc cc cc 80 3d 2a ac 92 00
0x00007fff06b3cc56:   00 48 8b c1 74 1b 8b 51 08 8b 0d e3 43 8c 00 48
0x00007fff06b3cc66:   d3 e2 48 8b c8 48 03 15 ce 43 8c 00 e9 19 00 00
0x00007fff06b3cc76:   00 48 8b 51 08 48 8b c8 e9 0d 00 00 00 cc cc cc
0x00007fff06b3cc86:   cc cc cc cc cc cc cc cc cc cc 4c 8b ca 48 8b d1
0x00007fff06b3cc96:   45 8b 41 08 45 85 c0 7e 0e 41 f6 c0 01 75 56 41
0x00007fff06b3cca6:   c1 f8 03 41 8b c0 c3 79 4c 80 3d cb ab 92 00 00
0x00007fff06b3ccb6:   b8 0c 00 00 00 b9 10 00 00 00 0f 45 c8 8b 05 ab
0x00007fff06b3ccc6:   52 8c 00 ff c8 4c 63 c8 48 63 14 11 41 8b c8 83
0x00007fff06b3ccd6:   e1 3f 48 d3 e2 41 8b c8 48 c1 f9 10 0f b6 c1 49
0x00007fff06b3cce6:   8d 0c 11 49 f7 d1 48 03 c1 49 c1 e9 03 48 c1 e8
0x00007fff06b3ccf6:   03 41 23 c1 c3 49 8b 01 49 8b c9 48 ff a0 f0 00
0x00007fff06b3cd06:   00 00 cc cc cc cc cc cc cc cc 48 83 ec 38 0f 10
0x00007fff06b3cd16:   02 48 8b 49 40 48 8d 54 24 20 0f 29 44 24 20 e8
0x00007fff06b3cd26:   16 f3 ff ff 48 83 c4 38 c3 cc 48 83 ec 38 0f 10
0x00007fff06b3cd36:   02 48 8b 01 48 8d 54 24 20 0f 29 44 24 20 ff 50
0x00007fff06b3cd46:   38 48 83 c4 38 c3 cc cc cc cc 48 89 5c 24 08 55
0x00007fff06b3cd56:   56 57 41 54 41 55 41 56 41 57 48 8d 6c 24 e0 48
0x00007fff06b3cd66:   81 ec 20 01 00 00 48 8b 05 95 3f 8f 00 48 33 c4
0x00007fff06b3cd76:   48 89 45 10 48 8b 05 3f a3 91 00 45 33 ed 4c 8b
0x00007fff06b3cd86:   b5 80 00 00 00 4c 8b fa 48 8b bd 88 00 00 00 4d 


Stack slot to memory mapping:
stack at sp + 0 slots: 0x00007fff06c8db34 jvm.dll
stack at sp + 1 slots: 0x0000000000000001 is an unknown value
stack at sp + 2 slots: 0x0000000702a60dd0 is an oop: java.lang.String 
{0x0000000702a60dd0} - klass: 'java/lang/String'
stack at sp + 3 slots: 0x0000000daa7ff628 points into unknown readable memory: 0x0000000000000000 | 00 00 00 00 00 00 00 00
stack at sp + 4 slots: 0x0 is NULL
stack at sp + 5 slots: 0x0000000700000000 is an unknown value
stack at sp + 6 slots: 0x00007fff00000000 is an unknown value
stack at sp + 7 slots: 0x0000000000000101 is an unknown value


---------------  P R O C E S S  ---------------

Threads class SMR info:
_java_thread_list=0x000001960df65f00, length=20, elements={
0x000001966b26f980, 0x000001960b3c9250, 0x000001960b3cb2b0, 0x000001960bc51270,
0x000001960bc54ca0, 0x000001960bc555b0, 0x000001960bc55ec0, 0x000001960bc567d0,
0x000001960bc8cdd0, 0x000001966b33dcc0, 0x000001960be0b580, 0x000001960c651e10,
0x000001960c64e6b0, 0x000001960c67fb80, 0x000001960c6b3840, 0x000001960c6f3f80,
0x000001960c7056b0, 0x000001960c7352a0, 0x000001960d8a05c0, 0x000001960d89f080
}

Java Threads: ( => current thread )
  0x000001966b26f980 JavaThread "main" [_thread_blocked, id=9260, stack(0x0000000da9600000,0x0000000da9700000)]
  0x000001960b3c9250 JavaThread "Reference Handler" daemon [_thread_blocked, id=5428, stack(0x0000000da9d00000,0x0000000da9e00000)]
  0x000001960b3cb2b0 JavaThread "Finalizer" daemon [_thread_blocked, id=7184, stack(0x0000000da9e00000,0x0000000da9f00000)]
  0x000001960bc51270 JavaThread "Signal Dispatcher" daemon [_thread_blocked, id=10500, stack(0x0000000da9f00000,0x0000000daa000000)]
  0x000001960bc54ca0 JavaThread "Attach Listener" daemon [_thread_blocked, id=6172, stack(0x0000000daa000000,0x0000000daa100000)]
  0x000001960bc555b0 JavaThread "Service Thread" daemon [_thread_blocked, id=6292, stack(0x0000000daa100000,0x0000000daa200000)]
  0x000001960bc55ec0 JavaThread "Monitor Deflation Thread" daemon [_thread_blocked, id=8128, stack(0x0000000daa200000,0x0000000daa300000)]
  0x000001960bc567d0 JavaThread "C1 CompilerThread0" daemon [_thread_blocked, id=10868, stack(0x0000000daa300000,0x0000000daa400000)]
  0x000001960bc8cdd0 JavaThread "Sweeper thread" daemon [_thread_blocked, id=10832, stack(0x0000000daa400000,0x0000000daa500000)]
  0x000001966b33dcc0 JavaThread "Common-Cleaner" daemon [_thread_blocked, id=8868, stack(0x0000000daa500000,0x0000000daa600000)]
  0x000001960be0b580 JavaThread "Notification Thread" daemon [_thread_blocked, id=1144, stack(0x0000000daa600000,0x0000000daa700000)]
  0x000001960c651e10 JavaThread "RMI TCP Accept-0" daemon [_thread_in_native, id=9828, stack(0x0000000daaa00000,0x0000000daab00000)]
  0x000001960c64e6b0 JavaThread "RMI TCP Accept-56954" daemon [_thread_in_native, id=8908, stack(0x0000000daab00000,0x0000000daac00000)]
  0x000001960c67fb80 JavaThread "RMI TCP Connection(1)-127.0.0.1" daemon [_thread_in_native, id=9204, stack(0x0000000daac00000,0x0000000daad00000)]
  0x000001960c6b3840 JavaThread "RMI TCP Accept-0" daemon [_thread_in_native, id=11132, stack(0x0000000daad00000,0x0000000daae00000)]
  0x000001960c6f3f80 JavaThread "RMI Scheduler(0)" daemon [_thread_blocked, id=7044, stack(0x0000000daaf00000,0x0000000dab000000)]
  0x000001960c7056b0 JavaThread "RMI TCP Connection(2)-127.0.0.1" daemon [_thread_in_native, id=10296, stack(0x0000000dab000000,0x0000000dab100000)]
  0x000001960c7352a0 JavaThread "JMX server connection timeout 21" daemon [_thread_blocked, id=10560, stack(0x0000000dab100000,0x0000000dab200000)]
  0x000001960d8a05c0 JavaThread "Thread-0" [_thread_blocked, id=1436, stack(0x0000000dab200000,0x0000000dab300000)]
  0x000001960d89f080 JavaThread "restartedMain" [_thread_blocked, id=11276, stack(0x0000000dab300000,0x0000000dab400000)]

Other Threads:
  0x000001960b38ea20 VMThread "VM Thread" [stack: 0x0000000da9c00000,0x0000000da9d00000] [id=9668]
  0x000001966b270910 WatcherThread [stack: 0x0000000daae00000,0x0000000daaf00000] [id=5560]
  0x000001966b2bdee0 GCTaskThread "GC Thread#0" [stack: 0x0000000da9700000,0x0000000da9800000] [id=2144]
=>0x000001960c2885b0 GCTaskThread "GC Thread#1" [stack: 0x0000000daa700000,0x0000000daa800000] [id=8228]
  0x000001960c28a8d0 GCTaskThread "GC Thread#2" [stack: 0x0000000daa800000,0x0000000daa900000] [id=3528]
  0x000001960c28abe0 GCTaskThread "GC Thread#3" [stack: 0x0000000daa900000,0x0000000daaa00000] [id=2864]
  0x000001966b2cfcc0 ConcurrentGCThread "G1 Main Marker" [stack: 0x0000000da9800000,0x0000000da9900000] [id=428]
  0x000001966b2d06c0 ConcurrentGCThread "G1 Conc#0" [stack: 0x0000000da9900000,0x0000000da9a00000] [id=10048]
  0x000001966b338570 ConcurrentGCThread "G1 Refine#0" [stack: 0x0000000da9a00000,0x0000000da9b00000] [id=10828]
  0x000001960dd926f0 ConcurrentGCThread "G1 Refine#1" [stack: 0x0000000dab400000,0x0000000dab500000] [id=10840]
  0x000001960dd930b0 ConcurrentGCThread "G1 Refine#2" [stack: 0x0000000dab500000,0x0000000dab600000] [id=9280]
  0x000001960dd92a30 ConcurrentGCThread "G1 Refine#3" [stack: 0x0000000dab600000,0x0000000dab700000] [id=2648]
  0x000001966b338f80 ConcurrentGCThread "G1 Service" [stack: 0x0000000da9b00000,0x0000000da9c00000] [id=11396]

Threads with active compile tasks:

VM state: at safepoint (normal execution)

VM Mutex/Monitor currently owned by a thread:  ([mutex/lock_event])
[0x000001966b26ad30] Threads_lock - owner thread: 0x000001960b38ea20
[0x000001966b26ca70] Heap_lock - owner thread: 0x000001960d89f080

Heap address: 0x0000000702800000, size: 4056 MB, Compressed Oops mode: Zero based, Oop shift amount: 3

CDS disabled.
Compressed class space mapped at: 0x0000000800000000-0x0000000840000000, reserved size: 1073741824
Narrow klass base: 0x0000000800000000, Narrow klass shift: 0, Narrow klass range: 0x40000000

GC Precious Log:
 CPUs: 4 total, 4 available
 Memory: 16218M
 Large Page Support: Disabled
 NUMA Support: Disabled
 Compressed Oops: Enabled (Zero based)
 Heap Region Size: 2M
 Heap Min Capacity: 8M
 Heap Initial Capacity: 254M
 Heap Max Capacity: 4056M
 Pre-touch: Disabled
 Parallel Workers: 4
 Concurrent Workers: 1
 Concurrent Refinement Workers: 4
 Periodic GC: Disabled

Heap:
 garbage-first heap   total 75776K, used 21408K [0x0000000702800000, 0x0000000800000000)
  region size 2048K, 2 young (4096K), 1 survivors (2048K)
 Metaspace       used 40093K, committed 40512K, reserved 1089536K
  class space    used 5219K, committed 5440K, reserved 1048576K

Heap Regions: E=young(eden), S=young(survivor), O=old, HS=humongous(starts), HC=humongous(continues), CS=collection set, F=free, OA=open archive, CA=closed archive, TAMS=top-at-mark-start (previous, next)
|   0|0x0000000702800000, 0x0000000702a00000, 0x0000000702a00000|100%| O|  |TAMS 0x0000000702a00000, 0x0000000702800000| Untracked 
|   1|0x0000000702a00000, 0x0000000702c00000, 0x0000000702c00000|100%| O|CS|TAMS 0x0000000702c00000, 0x0000000702a00000| Complete 
|   2|0x0000000702c00000, 0x0000000702e00000, 0x0000000702e00000|100%| O|  |TAMS 0x0000000702e00000, 0x0000000702c00000| Untracked 
|   3|0x0000000702e00000, 0x0000000703000000, 0x0000000703000000|100%| O|  |TAMS 0x0000000703000000, 0x0000000702e00000| Untracked 
|   4|0x0000000703000000, 0x0000000703008e00, 0x0000000703200000|  1%| O|CS|TAMS 0x0000000703008e00, 0x0000000703000000| Complete 
|   5|0x0000000703200000, 0x0000000703400000, 0x0000000703400000|100%| O|  |TAMS 0x0000000703400000, 0x0000000703200000| Untracked 
|   6|0x0000000703400000, 0x000000070349d200, 0x0000000703600000| 30%| O|CS|TAMS 0x000000070349d200, 0x0000000703400000| Complete 
|   7|0x0000000703600000, 0x0000000703800000, 0x0000000703800000|100%| O|  |TAMS 0x0000000703600000, 0x0000000703600000| Untracked 
|   8|0x0000000703800000, 0x0000000703a00000, 0x0000000703a00000|100%| O|  |TAMS 0x0000000703800000, 0x0000000703800000| Untracked 
|   9|0x0000000703a00000, 0x0000000703c00000, 0x0000000703c00000|100%| O|  |TAMS 0x0000000703a00000, 0x0000000703a00000| Untracked 
|  10|0x0000000703c00000, 0x0000000703e00000, 0x0000000703e00000|100%| O|  |TAMS 0x0000000703c00000, 0x0000000703c00000| Untracked 
|  11|0x0000000703e00000, 0x0000000703fc5d10, 0x0000000704000000| 88%| O|  |TAMS 0x0000000703e00000, 0x0000000703e00000| Untracked 
|  12|0x0000000704000000, 0x0000000704200000, 0x0000000704200000|100%| E|CS|TAMS 0x0000000704000000, 0x0000000704000000| Complete 
|  13|0x0000000704200000, 0x0000000704400000, 0x0000000704400000|100%| E|CS|TAMS 0x0000000704200000, 0x0000000704200000| Complete 
|  14|0x0000000704400000, 0x0000000704600000, 0x0000000704600000|100%| E|CS|TAMS 0x0000000704400000, 0x0000000704400000| Complete 
|  15|0x0000000704600000, 0x0000000704600000, 0x0000000704800000|  0%| F|  |TAMS 0x0000000704600000, 0x0000000704600000| Untracked 
|  16|0x0000000704800000, 0x0000000704800000, 0x0000000704a00000|  0%| F|  |TAMS 0x0000000704800000, 0x0000000704800000| Untracked 
|  17|0x0000000704a00000, 0x0000000704a00000, 0x0000000704c00000|  0%| F|  |TAMS 0x0000000704a00000, 0x0000000704a00000| Untracked 
|  18|0x0000000704c00000, 0x0000000704c00000, 0x0000000704e00000|  0%| F|  |TAMS 0x0000000704c00000, 0x0000000704c00000| Untracked 
|  19|0x0000000704e00000, 0x0000000704e00000, 0x0000000705000000|  0%| F|  |TAMS 0x0000000704e00000, 0x0000000704e00000| Untracked 
|  20|0x0000000705000000, 0x0000000705000000, 0x0000000705200000|  0%| F|  |TAMS 0x0000000705000000, 0x0000000705000000| Untracked 
|  21|0x0000000705200000, 0x0000000705200000, 0x0000000705400000|  0%| F|  |TAMS 0x0000000705200000, 0x0000000705200000| Untracked 
|  22|0x0000000705400000, 0x0000000705400000, 0x0000000705600000|  0%| F|  |TAMS 0x0000000705400000, 0x0000000705400000| Untracked 
|  23|0x0000000705600000, 0x0000000705600000, 0x0000000705800000|  0%| F|  |TAMS 0x0000000705600000, 0x0000000705600000| Untracked 
|  24|0x0000000705800000, 0x0000000705800000, 0x0000000705a00000|  0%| F|  |TAMS 0x0000000705800000, 0x0000000705800000| Untracked 
|  25|0x0000000705a00000, 0x0000000705a00000, 0x0000000705c00000|  0%| F|  |TAMS 0x0000000705a00000, 0x0000000705a00000| Untracked 
|  26|0x0000000705c00000, 0x0000000705c00000, 0x0000000705e00000|  0%| F|  |TAMS 0x0000000705c00000, 0x0000000705c00000| Untracked 
|  27|0x0000000705e00000, 0x0000000705e00000, 0x0000000706000000|  0%| F|  |TAMS 0x0000000705e00000, 0x0000000705e00000| Untracked 
|  28|0x0000000706000000, 0x0000000706000000, 0x0000000706200000|  0%| F|  |TAMS 0x0000000706000000, 0x0000000706000000| Untracked 
|  29|0x0000000706200000, 0x0000000706200000, 0x0000000706400000|  0%| F|  |TAMS 0x0000000706200000, 0x0000000706200000| Untracked 
|  30|0x0000000706400000, 0x0000000706400000, 0x0000000706600000|  0%| F|  |TAMS 0x0000000706400000, 0x0000000706400000| Untracked 
|  31|0x0000000706600000, 0x0000000706600000, 0x0000000706800000|  0%| F|  |TAMS 0x0000000706600000, 0x0000000706600000| Untracked 
|  32|0x0000000706800000, 0x0000000706800000, 0x0000000706a00000|  0%| F|  |TAMS 0x0000000706800000, 0x0000000706800000| Untracked 
|  51|0x0000000708e00000, 0x0000000708e00000, 0x0000000709000000|  0%| F|  |TAMS 0x0000000708e00000, 0x0000000708e00000| Untracked 
|  52|0x0000000709000000, 0x0000000709000000, 0x0000000709200000|  0%| F|  |TAMS 0x0000000709000000, 0x0000000709000000| Untracked 
|  53|0x0000000709200000, 0x00000007092cfb10, 0x0000000709400000| 40%| S|  |TAMS 0x0000000709200000, 0x0000000709200000| Complete 
| 126|0x0000000712400000, 0x0000000712600000, 0x0000000712600000|100%| E|CS|TAMS 0x0000000712400000, 0x0000000712400000| Complete 

Card table byte_map: [0x0000019600000000,0x00000196007f0000] _byte_map_base: 0x00000195fc7ec000

Marking Bits (Prev, Next): (CMBitMap*) 0x000001966b2bf4f0, (CMBitMap*) 0x000001966b2bf530
 Prev Bits: [0x0000019600fe0000, 0x0000019604f40000)
 Next Bits: [0x0000019604f40000, 0x0000019608ea0000)

Polling page: 0x000001966b0e0000

Metaspace:

Usage:
  Non-class:     34.06 MB used.
      Class:      5.10 MB used.
       Both:     39.15 MB used.

Virtual space:
  Non-class space:       40.00 MB reserved,      34.25 MB ( 86%) committed,  5 nodes.
      Class space:        1.00 GB reserved,       5.31 MB ( <1%) committed,  1 nodes.
              Both:        1.04 GB reserved,      39.56 MB (  4%) committed. 

Chunk freelists:
   Non-Class:  1.70 MB
       Class:  2.73 MB
        Both:  4.44 MB

MaxMetaspaceSize: 17179869184.00 GB
CompressedClassSpaceSize: 1.00 GB
 - commit_granule_bytes: 65536.
 - commit_granule_words: 8192.
 - virtual_space_node_default_size: 1048576.
 - enlarge_chunks_in_place: 1.
 - new_chunks_are_fully_committed: 0.
 - uncommit_free_chunks: 1.
 - use_allocation_guard: 0.
 - handle_deallocations: 1.


Internal statistics:

num_allocs_failed_limit: 6.
num_arena_births: 458.
num_arena_deaths: 0.
num_vsnodes_births: 6.
num_vsnodes_deaths: 0.
num_space_committed: 633.
num_space_uncommitted: 0.
num_chunks_returned_to_freelist: 6.
num_chunks_taken_from_freelist: 1591.
num_chunk_merges: 6.
num_chunk_splits: 1062.
num_chunks_enlarged: 782.
num_purges: 0.

CodeHeap 'non-profiled nmethods': size=238912Kb used=6322Kb max_used=6322Kb free=232589Kb
 bounds [0x0000019670690000, 0x0000019670cc0000, 0x000001967efe0000]
CodeHeap 'non-nmethods': size=6848Kb used=1193Kb max_used=1193Kb free=5654Kb
 bounds [0x000001966ffe0000, 0x0000019670250000, 0x0000019670690000]
 total_blobs=4359 nmethods=3872 adapters=414
 compilation: enabled
              stopped_count=0, restarted_count=0
 full_count=0

Compilation events (20 events):
Event: 9.011 Thread 0x000001960bc567d0 3862       1       java.nio.CharBuffer::position (8 bytes)
Event: 9.011 Thread 0x000001960bc567d0 nmethod 3862 0x0000019670cb9d90 code [0x0000019670cb9f20, 0x0000019670cba008]
Event: 9.011 Thread 0x000001960bc567d0 3864       1       java.nio.CharBuffer::position (6 bytes)
Event: 9.011 Thread 0x000001960bc567d0 nmethod 3864 0x0000019670cba090 code [0x0000019670cba220, 0x0000019670cba308]
Event: 9.011 Thread 0x000001960bc567d0 3865   !   1       java.nio.charset.CharsetDecoder::decode (275 bytes)
Event: 9.012 Thread 0x000001960bc567d0 nmethod 3865 0x0000019670cba390 code [0x0000019670cba5c0, 0x0000019670cbac08]
Event: 9.012 Thread 0x000001960bc567d0 3866       1       java.nio.ByteBuffer::hasArray (20 bytes)
Event: 9.012 Thread 0x000001960bc567d0 nmethod 3866 0x0000019670cbaf90 code [0x0000019670cbb120, 0x0000019670cbb218]
Event: 9.012 Thread 0x000001960bc567d0 3867       1       java.nio.ByteBuffer::flip (7 bytes)
Event: 9.012 Thread 0x000001960bc567d0 nmethod 3867 0x0000019670cbb290 code [0x0000019670cbb420, 0x0000019670cbb4f8]
Event: 9.012 Thread 0x000001960bc567d0 3868       1       java.nio.CharBuffer::hasArray (20 bytes)
Event: 9.012 Thread 0x000001960bc567d0 nmethod 3868 0x0000019670cbb590 code [0x0000019670cbb720, 0x0000019670cbb818]
Event: 9.012 Thread 0x000001960bc567d0 3869       1       java.nio.charset.CharsetDecoder::averageCharsPerByte (5 bytes)
Event: 9.012 Thread 0x000001960bc567d0 nmethod 3869 0x0000019670cbb890 code [0x0000019670cbba20, 0x0000019670cbbaf8]
Event: 9.015 Thread 0x000001960bc567d0 3870       1       java.util.logging.LogManager$LoggerContext::requiresDefaultLoggers (29 bytes)
Event: 9.016 Thread 0x000001960bc567d0 nmethod 3870 0x0000019670cbbb90 code [0x0000019670cbbd40, 0x0000019670cbbe68]
Event: 9.017 Thread 0x000001960bc567d0 3871       1       java.io.ObjectStreamField::isPrimitive (23 bytes)
Event: 9.017 Thread 0x000001960bc567d0 nmethod 3871 0x0000019670cbbf10 code [0x0000019670cbc0c0, 0x0000019670cbc288]
Event: 9.022 Thread 0x000001960bc567d0 3872       1       sun.nio.cs.UTF_8$Decoder::decodeLoop (28 bytes)
Event: 9.022 Thread 0x000001960bc567d0 nmethod 3872 0x0000019670cbc410 code [0x0000019670cbc5c0, 0x0000019670cbc758]

GC Heap History (20 events):
Event: 2.411 GC heap after
{Heap after GC invocations=1 (full 0):
 garbage-first heap   total 260096K, used 4277K [0x0000000702800000, 0x0000000800000000)
  region size 2048K, 1 young (2048K), 1 survivors (2048K)
 Metaspace       used 6414K, committed 6528K, reserved 1056768K
  class space    used 549K, committed 576K, reserved 1048576K
}
Event: 3.327 GC heap before
{Heap before GC invocations=1 (full 0):
 garbage-first heap   total 260096K, used 14517K [0x0000000702800000, 0x0000000800000000)
  region size 2048K, 6 young (12288K), 1 survivors (2048K)
 Metaspace       used 13419K, committed 13632K, reserved 1064960K
  class space    used 1378K, committed 1472K, reserved 1048576K
}
Event: 3.331 GC heap after
{Heap after GC invocations=2 (full 0):
 garbage-first heap   total 260096K, used 8238K [0x0000000702800000, 0x0000000800000000)
  region size 2048K, 1 young (2048K), 1 survivors (2048K)
 Metaspace       used 13419K, committed 13632K, reserved 1064960K
  class space    used 1378K, committed 1472K, reserved 1048576K
}
Event: 3.726 GC heap before
{Heap before GC invocations=2 (full 0):
 garbage-first heap   total 260096K, used 24621K [0x0000000702800000, 0x0000000800000000)
  region size 2048K, 10 young (20480K), 1 survivors (2048K)
 Metaspace       used 15960K, committed 16128K, reserved 1064960K
  class space    used 1699K, committed 1792K, reserved 1048576K
}
Event: 3.730 GC heap after
{Heap after GC invocations=3 (full 0):
 garbage-first heap   total 260096K, used 9634K [0x0000000702800000, 0x0000000800000000)
  region size 2048K, 2 young (4096K), 2 survivors (4096K)
 Metaspace       used 15960K, committed 16128K, reserved 1064960K
  class space    used 1699K, committed 1792K, reserved 1048576K
}
Event: 3.769 GC heap before
{Heap before GC invocations=3 (full 0):
 garbage-first heap   total 260096K, used 44450K [0x0000000702800000, 0x0000000800000000)
  region size 2048K, 20 young (40960K), 2 survivors (4096K)
 Metaspace       used 15963K, committed 16128K, reserved 1064960K
  class space    used 1699K, committed 1792K, reserved 1048576K
}
Event: 3.773 GC heap after
{Heap after GC invocations=4 (full 0):
 garbage-first heap   total 260096K, used 10878K [0x0000000702800000, 0x0000000800000000)
  region size 2048K, 2 young (4096K), 2 survivors (4096K)
 Metaspace       used 15963K, committed 16128K, reserved 1064960K
  class space    used 1699K, committed 1792K, reserved 1048576K
}
Event: 5.281 GC heap before
{Heap before GC invocations=4 (full 0):
 garbage-first heap   total 260096K, used 43646K [0x0000000702800000, 0x0000000800000000)
  region size 2048K, 19 young (38912K), 2 survivors (4096K)
 Metaspace       used 20952K, committed 21248K, reserved 1073152K
  class space    used 2407K, committed 2560K, reserved 1048576K
}
Event: 5.285 GC heap after
{Heap after GC invocations=5 (full 0):
 garbage-first heap   total 260096K, used 11200K [0x0000000702800000, 0x0000000800000000)
  region size 2048K, 2 young (4096K), 2 survivors (4096K)
 Metaspace       used 20952K, committed 21248K, reserved 1073152K
  class space    used 2407K, committed 2560K, reserved 1048576K
}
Event: 5.912 GC heap before
{Heap before GC invocations=6 (full 0):
 garbage-first heap   total 61440K, used 43968K [0x0000000702800000, 0x0000000800000000)
  region size 2048K, 18 young (36864K), 2 survivors (4096K)
 Metaspace       used 26365K, committed 26688K, reserved 1073152K
  class space    used 3239K, committed 3392K, reserved 1048576K
}
Event: 5.919 GC heap after
{Heap after GC invocations=7 (full 0):
 garbage-first heap   total 61440K, used 12783K [0x0000000702800000, 0x0000000800000000)
  region size 2048K, 3 young (6144K), 3 survivors (6144K)
 Metaspace       used 26365K, committed 26688K, reserved 1073152K
  class space    used 3239K, committed 3392K, reserved 1048576K
}
Event: 5.933 GC heap before
{Heap before GC invocations=7 (full 0):
 garbage-first heap   total 61440K, used 39407K [0x0000000702800000, 0x0000000800000000)
  region size 2048K, 17 young (34816K), 3 survivors (6144K)
 Metaspace       used 26475K, committed 26752K, reserved 1073152K
  class space    used 3256K, committed 3392K, reserved 1048576K
}
Event: 5.938 GC heap after
{Heap after GC invocations=8 (full 0):
 garbage-first heap   total 61440K, used 12952K [0x0000000702800000, 0x0000000800000000)
  region size 2048K, 1 young (2048K), 1 survivors (2048K)
 Metaspace       used 26475K, committed 26752K, reserved 1073152K
  class space    used 3256K, committed 3392K, reserved 1048576K
}
Event: 6.245 GC heap before
{Heap before GC invocations=8 (full 0):
 garbage-first heap   total 61440K, used 41624K [0x0000000702800000, 0x0000000800000000)
  region size 2048K, 16 young (32768K), 1 survivors (2048K)
 Metaspace       used 30381K, committed 30720K, reserved 1081344K
  class space    used 3675K, committed 3840K, reserved 1048576K
}
Event: 6.249 GC heap after
{Heap after GC invocations=9 (full 0):
 garbage-first heap   total 161792K, used 14140K [0x0000000702800000, 0x0000000800000000)
  region size 2048K, 2 young (4096K), 2 survivors (4096K)
 Metaspace       used 30381K, committed 30720K, reserved 1081344K
  class space    used 3675K, committed 3840K, reserved 1048576K
}
Event: 7.861 GC heap before
{Heap before GC invocations=9 (full 0):
 garbage-first heap   total 161792K, used 63292K [0x0000000702800000, 0x0000000800000000)
  region size 2048K, 27 young (55296K), 2 survivors (4096K)
 Metaspace       used 35309K, committed 35648K, reserved 1081344K
  class space    used 4511K, committed 4672K, reserved 1048576K
}
Event: 7.869 GC heap after
{Heap after GC invocations=10 (full 0):
 garbage-first heap   total 161792K, used 16201K [0x0000000702800000, 0x0000000800000000)
  region size 2048K, 3 young (6144K), 3 survivors (6144K)
 Metaspace       used 35309K, committed 35648K, reserved 1081344K
  class space    used 4511K, committed 4672K, reserved 1048576K
}
Event: 8.969 GC heap before
{Heap before GC invocations=11 (full 0):
 garbage-first heap   total 75776K, used 55113K [0x0000000702800000, 0x0000000800000000)
  region size 2048K, 22 young (45056K), 3 survivors (6144K)
 Metaspace       used 39717K, committed 40128K, reserved 1089536K
  class space    used 5185K, committed 5376K, reserved 1048576K
}
Event: 8.980 GC heap after
{Heap after GC invocations=12 (full 0):
 garbage-first heap   total 75776K, used 19360K [0x0000000702800000, 0x0000000800000000)
  region size 2048K, 3 young (6144K), 3 survivors (6144K)
 Metaspace       used 39717K, committed 40128K, reserved 1089536K
  class space    used 5185K, committed 5376K, reserved 1048576K
}
Event: 9.023 GC heap before
{Heap before GC invocations=12 (full 0):
 garbage-first heap   total 75776K, used 21408K [0x0000000702800000, 0x0000000800000000)
  region size 2048K, 4 young (8192K), 3 survivors (6144K)
 Metaspace       used 40093K, committed 40512K, reserved 1089536K
  class space    used 5219K, committed 5440K, reserved 1048576K
}

Deoptimization events (2 events):
Event: 7.346 Thread 0x000001960d89f080 DEOPT PACKING pc=0x0000019670a07674 sp=0x0000000dab3fcc40
Event: 7.346 Thread 0x000001960d89f080 DEOPT UNPACKING pc=0x000001967002dece sp=0x0000000dab3fc198 mode 0

Classes unloaded (0 events):
No events

Classes redefined (0 events):
No events

Internal exceptions (20 events):
Event: 8.865 Thread 0x000001960d89f080 Exception <a 'java/lang/ClassNotFoundException'{0x0000000704b6f110}: javax/servlet/ServletConfigCustomizer> (0x0000000704b6f110) 
thrown [t:\workspace\open\src\hotspot\share\classfile\systemDictionary.cpp, line 256]
Event: 8.873 Thread 0x000001960d89f080 Exception <a 'java/lang/ClassNotFoundException'{0x0000000704bd3870}: java/lang/ObjectCustomizer> (0x0000000704bd3870) 
thrown [t:\workspace\open\src\hotspot\share\classfile\systemDictionary.cpp, line 256]
Event: 8.874 Thread 0x000001960d89f080 Exception <a 'java/lang/ClassNotFoundException'{0x0000000704bde348}: org/springframework/boot/autoconfigure/web/servlet/MultipartPropertiesCustomizer> (0x0000000704bde348) 
thrown [t:\workspace\open\src\hotspot\share\classfile\systemDictionary.cpp, line 256]
Event: 8.879 Thread 0x000001960d89f080 Exception <a 'java/lang/ClassNotFoundException'{0x00000007048424e8}: java/lang/ObjectCustomizer> (0x00000007048424e8) 
thrown [t:\workspace\open\src\hotspot\share\classfile\systemDictionary.cpp, line 256]
Event: 8.880 Thread 0x000001960d89f080 Exception <a 'java/lang/ClassNotFoundException'{0x000000070484cd10}: org/springframework/boot/autoconfigure/web/servlet/MultipartAutoConfigurationCustomizer> (0x000000070484cd10) 
thrown [t:\workspace\open\src\hotspot\share\classfile\systemDictionary.cpp, line 256]
Event: 8.882 Thread 0x000001960d89f080 Exception <a 'java/lang/ClassNotFoundException'{0x0000000704867ba0}: java/lang/ObjectCustomizer> (0x0000000704867ba0) 
thrown [t:\workspace\open\src\hotspot\share\classfile\systemDictionary.cpp, line 256]
Event: 8.883 Thread 0x000001960d89f080 Exception <a 'java/lang/ClassNotFoundException'{0x0000000704870f98}: javax/servlet/MultipartConfigElementCustomizer> (0x0000000704870f98) 
thrown [t:\workspace\open\src\hotspot\share\classfile\systemDictionary.cpp, line 256]
Event: 8.885 Thread 0x000001960d89f080 Exception <a 'java/lang/ClassNotFoundException'{0x000000070488ab30}: java/lang/ObjectCustomizer> (0x000000070488ab30) 
thrown [t:\workspace\open\src\hotspot\share\classfile\systemDictionary.cpp, line 256]
Event: 8.886 Thread 0x000001960d89f080 Exception <a 'java/lang/ClassNotFoundException'{0x00000007048945c8}: org/springframework/boot/web/servlet/RegistrationBeanCustomizer> (0x00000007048945c8) 
thrown [t:\workspace\open\src\hotspot\share\classfile\systemDictionary.cpp, line 256]
Event: 8.887 Thread 0x000001960d89f080 Exception <a 'java/lang/ClassNotFoundException'{0x000000070489ed48}: org/springframework/boot/web/servlet/DynamicRegistrationBeanCustomizer> (0x000000070489ed48) 
thrown [t:\workspace\open\src\hotspot\share\classfile\systemDictionary.cpp, line 256]
Event: 8.887 Thread 0x000001960d89f080 Exception <a 'java/lang/ClassNotFoundException'{0x00000007048abec8}: org/springframework/boot/web/servlet/ServletRegistrationBeanCustomizer> (0x00000007048abec8) 
thrown [t:\workspace\open\src\hotspot\share\classfile\systemDictionary.cpp, line 256]
Event: 8.889 Thread 0x000001960d89f080 Exception <a 'java/lang/ClassNotFoundException'{0x00000007048bdeb8}: org/springframework/boot/autoconfigure/web/servlet/DispatcherServletRegistrationBeanCustomizer> (0x00000007048bdeb8) 
thrown [t:\workspace\open\src\hotspot\share\classfile\systemDictionary.cpp, line 256]
Event: 8.890 Thread 0x000001960d89f080 Exception <a 'java/lang/ClassNotFoundException'{0x00000007048d7b78}: org/springframework/boot/autoconfigure/web/servlet/DispatcherServletPathCustomizer> (0x00000007048d7b78) 
thrown [t:\workspace\open\src\hotspot\share\classfile\systemDictionary.cpp, line 256]
Event: 8.891 Thread 0x000001960d89f080 Exception <a 'java/lang/ClassNotFoundException'{0x00000007048e3448}: org/springframework/boot/web/servlet/ServletContextInitializerCustomizer> (0x00000007048e3448) 
thrown [t:\workspace\open\src\hotspot\share\classfile\systemDictionary.cpp, line 256]
Event: 8.892 Thread 0x000001960d89f080 Exception <a 'java/lang/ClassNotFoundException'{0x00000007048e9f18}: org/springframework/core/OrderedCustomizer> (0x00000007048e9f18) 
thrown [t:\workspace\open\src\hotspot\share\classfile\systemDictionary.cpp, line 256]
Event: 8.893 Thread 0x000001960d89f080 Exception <a 'java/lang/ClassNotFoundException'{0x00000007048fc590}: java/lang/ObjectCustomizer> (0x00000007048fc590) 
thrown [t:\workspace\open\src\hotspot\share\classfile\systemDictionary.cpp, line 256]
Event: 8.893 Thread 0x000001960d89f080 Exception <a 'java/lang/ClassNotFoundException'{0x00000007049067e8}: org/springframework/boot/autoconfigure/web/servlet/error/ErrorMvcAutoConfiguration$ErrorPageCustomizerCustomizer> (0x00000007049067e8) 
thrown [t:\workspace\open\src\hotspot\share\classfile\systemDictionary.cpp, line 256]
Event: 8.894 Thread 0x000001960d89f080 Exception <a 'java/lang/ClassNotFoundException'{0x00000007049103c0}: org/springframework/boot/web/server/ErrorPageRegistrarCustomizer> (0x00000007049103c0) 
thrown [t:\workspace\open\src\hotspot\share\classfile\systemDictionary.cpp, line 256]
Event: 8.894 Thread 0x000001960d89f080 Exception <a 'java/lang/ClassNotFoundException'{0x0000000704916168}: org/springframework/core/OrderedCustomizer> (0x0000000704916168) 
thrown [t:\workspace\open\src\hotspot\share\classfile\systemDictionary.cpp, line 256]
Event: 9.017 Thread 0x000001960c7056b0 Exception <a 'java/lang/reflect/InvocationTargetException'{0x00000007125c1ee0}> (0x00000007125c1ee0) 
thrown [t:\workspace\open\src\hotspot\share\runtime\reflection.cpp, line 1157]

Events (20 events):
Event: 8.967 loading class java/io/InterruptedIOException
Event: 8.967 loading class java/io/InterruptedIOException done
Event: 8.967 loading class java/net/SocketTimeoutException done
Event: 8.968 loading class java/beans/PropertyChangeSupport
Event: 8.968 loading class java/beans/PropertyChangeSupport done
Event: 8.968 loading class java/beans/PropertyChangeSupport$PropertyChangeListenerMap
Event: 8.968 loading class java/beans/ChangeListenerMap
Event: 8.968 loading class java/beans/ChangeListenerMap done
Event: 8.968 loading class java/beans/PropertyChangeSupport$PropertyChangeListenerMap done
Event: 8.968 loading class java/beans/PropertyChangeListener
Event: 8.968 loading class java/beans/PropertyChangeListener done
Event: 8.969 Executing  VM operation: G1CollectForAllocation
Event: 8.980 Executing  VM operation: G1CollectForAllocation done
Event: 8.994 loading class java/beans/PropertyChangeEvent
Event: 8.994 loading class java/beans/PropertyChangeEvent done
Event: 9.010 loading class java/nio/charset/CharacterCodingException
Event: 9.010 loading class java/nio/charset/CharacterCodingException done
Event: 9.010 loading class java/nio/BufferUnderflowException
Event: 9.010 loading class java/nio/BufferUnderflowException done
Event: 9.023 Executing  VM operation: G1CollectForAllocation


Dynamic libraries:
0x00007ff7f90f0000 - 0x00007ff7f90fe000 	C:\SpringCloud\sts-4.11.1.RELEASE\plugins\org.eclipse.justj.openjdk.hotspot.jre.full.win32.x86_64_16.0.2.v20210721-1149\jre\bin\javaw.exe
0x00007fff47410000 - 0x00007fff47605000 	C:\Windows\SYSTEM32\ntdll.dll
0x00007fff46740000 - 0x00007fff467fe000 	C:\Windows\System32\KERNEL32.DLL
0x00007fff44c70000 - 0x00007fff44f39000 	C:\Windows\System32\KERNELBASE.dll
0x00007fff45360000 - 0x00007fff45460000 	C:\Windows\System32\ucrtbase.dll
0x00007fff440a0000 - 0x00007fff440b8000 	C:\SpringCloud\sts-4.11.1.RELEASE\plugins\org.eclipse.justj.openjdk.hotspot.jre.full.win32.x86_64_16.0.2.v20210721-1149\jre\bin\jli.dll
0x00007fff46e60000 - 0x00007fff47001000 	C:\Windows\System32\USER32.dll
0x00007fff44b30000 - 0x00007fff44b52000 	C:\Windows\System32\win32u.dll
0x00007fff46420000 - 0x00007fff4644b000 	C:\Windows\System32\GDI32.dll
0x00007fff44b60000 - 0x00007fff44c6b000 	C:\Windows\System32\gdi32full.dll
0x00007fff44f90000 - 0x00007fff4502d000 	C:\Windows\System32\msvcp_win.dll
0x00007fff3e9c0000 - 0x00007fff3e9d9000 	C:\SpringCloud\sts-4.11.1.RELEASE\plugins\org.eclipse.justj.openjdk.hotspot.jre.full.win32.x86_64_16.0.2.v20210721-1149\jre\bin\VCRUNTIME140.dll
0x00007fff3e4e0000 - 0x00007fff3e77a000 	C:\Windows\WinSxS\amd64_microsoft.windows.common-controls_6595b64144ccf1df_6.0.19041.1110_none_60b5254171f9507e\COMCTL32.dll
0x00007fff46300000 - 0x00007fff4639e000 	C:\Windows\System32\msvcrt.dll
0x00007fff472c0000 - 0x00007fff472f0000 	C:\Windows\System32\IMM32.DLL
0x00007fff44390000 - 0x00007fff4439c000 	C:\SpringCloud\sts-4.11.1.RELEASE\plugins\org.eclipse.justj.openjdk.hotspot.jre.full.win32.x86_64_16.0.2.v20210721-1149\jre\bin\vcruntime140_1.dll
0x00007fff11e30000 - 0x00007fff11ec1000 	C:\SpringCloud\sts-4.11.1.RELEASE\plugins\org.eclipse.justj.openjdk.hotspot.jre.full.win32.x86_64_16.0.2.v20210721-1149\jre\bin\msvcp140.dll
0x00007fff06990000 - 0x00007fff0753b000 	C:\SpringCloud\sts-4.11.1.RELEASE\plugins\org.eclipse.justj.openjdk.hotspot.jre.full.win32.x86_64_16.0.2.v20210721-1149\jre\bin\server\jvm.dll
0x00007fff46190000 - 0x00007fff4623c000 	C:\Windows\System32\ADVAPI32.dll
0x00007fff46d60000 - 0x00007fff46dfb000 	C:\Windows\System32\sechost.dll
0x00007fff45510000 - 0x00007fff4563a000 	C:\Windows\System32\RPCRT4.dll
0x00007fff46600000 - 0x00007fff46608000 	C:\Windows\System32\PSAPI.DLL
0x00007fff2db20000 - 0x00007fff2db29000 	C:\Windows\SYSTEM32\WSOCK32.dll
0x00007fff47250000 - 0x00007fff472bb000 	C:\Windows\System32\WS2_32.dll
0x00007fff2abe0000 - 0x00007fff2ac07000 	C:\Windows\SYSTEM32\WINMM.dll
0x00007fff418e0000 - 0x00007fff418ea000 	C:\Windows\SYSTEM32\VERSION.dll
0x00007fff41c60000 - 0x00007fff41c72000 	C:\Windows\SYSTEM32\kernel.appcore.dll
0x00007fff44160000 - 0x00007fff4416a000 	C:\SpringCloud\sts-4.11.1.RELEASE\plugins\org.eclipse.justj.openjdk.hotspot.jre.full.win32.x86_64_16.0.2.v20210721-1149\jre\bin\jimage.dll
0x00007fff44550000 - 0x00007fff44734000 	C:\Windows\SYSTEM32\DBGHELP.DLL
0x00007fff44300000 - 0x00007fff4432c000 	C:\Windows\SYSTEM32\dbgcore.DLL
0x00007fff45030000 - 0x00007fff450b3000 	C:\Windows\System32\bcryptPrimitives.dll
0x00007fff29490000 - 0x00007fff294b5000 	C:\SpringCloud\sts-4.11.1.RELEASE\plugins\org.eclipse.justj.openjdk.hotspot.jre.full.win32.x86_64_16.0.2.v20210721-1149\jre\bin\java.dll
0x00007fff32690000 - 0x00007fff326a8000 	C:\SpringCloud\sts-4.11.1.RELEASE\plugins\org.eclipse.justj.openjdk.hotspot.jre.full.win32.x86_64_16.0.2.v20210721-1149\jre\bin\zip.dll
0x00007fff459a0000 - 0x00007fff460df000 	C:\Windows\System32\SHELL32.dll
0x00007fff41f60000 - 0x00007fff426f0000 	C:\Windows\SYSTEM32\windows.storage.dll
0x00007fff45640000 - 0x00007fff45995000 	C:\Windows\System32\combase.dll
0x00007fff43e90000 - 0x00007fff43ebc000 	C:\Windows\SYSTEM32\Wldp.dll
0x00007fff45460000 - 0x00007fff4550e000 	C:\Windows\System32\SHCORE.dll
0x00007fff462a0000 - 0x00007fff462f5000 	C:\Windows\System32\shlwapi.dll
0x00007fff44a70000 - 0x00007fff44a8f000 	C:\Windows\SYSTEM32\profapi.dll
0x00007fff2bd30000 - 0x00007fff2bd49000 	C:\SpringCloud\sts-4.11.1.RELEASE\plugins\org.eclipse.justj.openjdk.hotspot.jre.full.win32.x86_64_16.0.2.v20210721-1149\jre\bin\net.dll
0x00007fff32180000 - 0x00007fff32288000 	C:\Windows\SYSTEM32\WINHTTP.dll
0x00007fff43bf0000 - 0x00007fff43c5a000 	C:\Windows\system32\mswsock.dll
0x00007fff29670000 - 0x00007fff29683000 	C:\SpringCloud\sts-4.11.1.RELEASE\plugins\org.eclipse.justj.openjdk.hotspot.jre.full.win32.x86_64_16.0.2.v20210721-1149\jre\bin\nio.dll
0x00007fff397a0000 - 0x00007fff397a9000 	C:\SpringCloud\sts-4.11.1.RELEASE\plugins\org.eclipse.justj.openjdk.hotspot.jre.full.win32.x86_64_16.0.2.v20210721-1149\jre\bin\management.dll
0x00007fff33ea0000 - 0x00007fff33eab000 	C:\SpringCloud\sts-4.11.1.RELEASE\plugins\org.eclipse.justj.openjdk.hotspot.jre.full.win32.x86_64_16.0.2.v20210721-1149\jre\bin\management_ext.dll
0x00007fff397b0000 - 0x00007fff397c7000 	C:\Windows\system32\napinsp.dll
0x00007fff31820000 - 0x00007fff3183b000 	C:\Windows\system32\pnrpnsp.dll
0x00007fff3f570000 - 0x00007fff3f585000 	C:\Windows\system32\wshbth.dll
0x00007fff42840000 - 0x00007fff4285d000 	C:\Windows\system32\NLAapi.dll
0x00007fff438e0000 - 0x00007fff4391b000 	C:\Windows\SYSTEM32\IPHLPAPI.DLL
0x00007fff43920000 - 0x00007fff439ec000 	C:\Windows\SYSTEM32\DNSAPI.dll
0x00007fff46d50000 - 0x00007fff46d58000 	C:\Windows\System32\NSI.dll
0x00007fff31800000 - 0x00007fff31812000 	C:\Windows\System32\winrnr.dll
0x00007fff3b990000 - 0x00007fff3b99a000 	C:\Windows\System32\rasadhlp.dll
0x00007fff31db0000 - 0x00007fff31e2f000 	C:\Windows\System32\fwpuclnt.dll
0x00007fff45330000 - 0x00007fff45357000 	C:\Windows\System32\bcrypt.dll
0x00007fff448b0000 - 0x00007fff448c8000 	C:\Windows\SYSTEM32\CRYPTSP.dll
0x00007fff43590000 - 0x00007fff435c4000 	C:\Windows\system32\rsaenh.dll
0x00007fff44a30000 - 0x00007fff44a5e000 	C:\Windows\SYSTEM32\USERENV.dll
0x00007fff43e80000 - 0x00007fff43e8c000 	C:\Windows\SYSTEM32\CRYPTBASE.dll
0x00007fff38b20000 - 0x00007fff38b37000 	C:\Windows\SYSTEM32\dhcpcsvc6.DLL
0x00007fff3a690000 - 0x00007fff3a6ad000 	C:\Windows\SYSTEM32\dhcpcsvc.DLL
0x00007fff44040000 - 0x00007fff44050000 	C:\SpringCloud\sts-4.11.1.RELEASE\plugins\org.eclipse.justj.openjdk.hotspot.jre.full.win32.x86_64_16.0.2.v20210721-1149\jre\bin\verify.dll

dbghelp: loaded successfully - version: 4.0.5 - missing functions: none
symbol engine: initialized successfully - sym options: 0x614 - pdb path: .;C:\SpringCloud\sts-4.11.1.RELEASE\plugins\org.eclipse.justj.openjdk.hotspot.jre.full.win32.x86_64_16.0.2.v20210721-1149\jre\bin;C:\Windows\SYSTEM32;C:\Windows\WinSxS\amd64_microsoft.windows.common-controls_6595b64144ccf1df_6.0.19041.1110_none_60b5254171f9507e;C:\SpringCloud\sts-4.11.1.RELEASE\plugins\org.eclipse.justj.openjdk.hotspot.jre.full.win32.x86_64_16.0.2.v20210721-1149\jre\bin\server

VM Arguments:
jvm_args: -Dcom.sun.management.jmxremote -Dcom.sun.management.jmxremote.port=56954 -Dcom.sun.management.jmxremote.authenticate=false -Dcom.sun.management.jmxremote.ssl=false -Djava.rmi.server.hostname=localhost -Dspring.jmx.enabled=true -Dspring.application.admin.enabled=true -XX:TieredStopAtLevel=1 -Dspring.boot.project.name=music-servicio-usuarios -Dfile.encoding=UTF-8 -XX:+ShowCodeDetailsInExceptionMessages 
java_command: com.music.app.servicio.usuarios.MusicServicioUsuariosApplication --spring.output.ansi.enabled=always
java_class_path (initial): C:\SpringCloud\music_workspace\music-servicio-usuarios\target\classes;C:\Users\PC112-AR\.m2\repository\org\springframework\boot\spring-boot-starter-data-jpa\2.5.4\spring-boot-starter-data-jpa-2.5.4.jar;C:\Users\PC112-AR\.m2\repository\org\springframework\boot\spring-boot-starter-aop\2.5.4\spring-boot-starter-aop-2.5.4.jar;C:\Users\PC112-AR\.m2\repository\org\springframework\spring-aop\5.3.9\spring-aop-5.3.9.jar;C:\Users\PC112-AR\.m2\repository\org\aspectj\aspectjweaver\1.9.7\aspectjweaver-1.9.7.jar;C:\Users\PC112-AR\.m2\repository\org\springframework\boot\spring-boot-starter-jdbc\2.5.4\spring-boot-starter-jdbc-2.5.4.jar;C:\Users\PC112-AR\.m2\repository\com\zaxxer\HikariCP\4.0.3\HikariCP-4.0.3.jar;C:\Users\PC112-AR\.m2\repository\org\springframework\spring-jdbc\5.3.9\spring-jdbc-5.3.9.jar;C:\Users\PC112-AR\.m2\repository\jakarta\transaction\jakarta.transaction-api\1.3.3\jakarta.transaction-api-1.3.3.jar;C:\Users\PC112-AR\.m2\repository\jakarta\persistence\jakarta.persistence-api\2.2.3\jakarta.persistence-api-2.2.3.jar;C:\Users\PC112-AR\.m2\repository\org\hibernate\hibernate-core\5.4.32.Final\hibernate-core-5.4.32.Final.jar;C:\Users\PC112-AR\.m2\repository\org\jboss\logging\jboss-logging\3.4.2.Final\jboss-logging-3.4.2.Final.jar;C:\Users\PC112-AR\.m2\repository\org\javassist\javassist\3.27.0-GA\javassist-3.27.0-GA.jar;C:\Users\PC112-AR\.m2\repository\net\bytebuddy\byte-buddy\1.10.22\byte-buddy-1.10.22.jar;C:\Users\PC112-AR\.m2\repository\antlr\antlr\2.7.7\antlr-2.7.7.jar;C:\Users\PC112-AR\.m2\repository\org\jboss\jandex\2.2.3.Final\jandex-2.2.3.Final.jar;C:\Users\PC112-AR\.m2\repository\com\fasterxml\classmate\1.5.1\classmate-1.5.1.jar;C:\Users\PC112-AR\.m2\repository\org\dom4j\dom4j\2.1.3\dom4j-2.1.3.jar;C:\Users\PC112-AR\.m2\repository\org\hibernate\common\hibernate-commons-annotations\5.1.2.Final\hibernate-commons-annotations-5.1.2.Final.jar;C:\Users\PC112-AR\.m2\repository\org\glassfish\jaxb\jaxb-runtime\2.3.5\jaxb-runtime-2.3.5.jar;C:
Launcher Type: SUN_STANDARD

[Global flags]
     intx CICompilerCount                          = 3                                         {product} {ergonomic}
     uint ConcGCThreads                            = 1                                         {product} {ergonomic}
     uint G1ConcRefinementThreads                  = 4                                         {product} {ergonomic}
   size_t G1HeapRegionSize                         = 2097152                                   {product} {ergonomic}
    uintx GCDrainStackTargetSize                   = 64                                        {product} {ergonomic}
   size_t InitialHeapSize                          = 266338304                                 {product} {ergonomic}
     bool ManagementServer                         = true                                      {product} {command line}
   size_t MarkStackSize                            = 4194304                                   {product} {ergonomic}
   size_t MaxHeapSize                              = 4253024256                                {product} {ergonomic}
   size_t MaxNewSize                               = 2550136832                                {product} {ergonomic}
   size_t MinHeapDeltaBytes                        = 2097152                                   {product} {ergonomic}
   size_t MinHeapSize                              = 8388608                                   {product} {ergonomic}
    uintx NonNMethodCodeHeapSize                   = 6973028                                {pd product} {ergonomic}
    uintx NonProfiledCodeHeapSize                  = 244685212                              {pd product} {ergonomic}
    uintx ProfiledCodeHeapSize                     = 0                                      {pd product} {ergonomic}
    uintx ReservedCodeCacheSize                    = 251658240                              {pd product} {ergonomic}
     bool SegmentedCodeCache                       = true                                      {product} {ergonomic}
     bool ShowCodeDetailsInExceptionMessages       = true                                   {manageable} {command line}
   size_t SoftMaxHeapSize                          = 4253024256                             {manageable} {ergonomic}
     intx TieredStopAtLevel                        = 1                                         {product} {command line}
     bool UseCompressedClassPointers               = true                           {product lp64_product} {ergonomic}
     bool UseCompressedOops                        = true                           {product lp64_product} {ergonomic}
     bool UseG1GC                                  = true                                      {product} {ergonomic}
     bool UseLargePagesIndividualAllocation        = false                                  {pd product} {ergonomic}

Logging:
Log output configuration:
 #0: stdout all=warning uptime,level,tags
 #1: stderr all=off uptime,level,tags

Environment Variables:
JAVA_HOME=C:\SpringCloud\openjdk-16.0.2_windows-x64_bin\jdk-11.0.2
PATH=C:/SpringCloud/sts-4.11.1.RELEASE//plugins/org.eclipse.justj.openjdk.hotspot.jre.full.win32.x86_64_16.0.2.v20210721-1149/jre/bin/server;C:/SpringCloud/sts-4.11.1.RELEASE//plugins/org.eclipse.justj.openjdk.hotspot.jre.full.win32.x86_64_16.0.2.v20210721-1149/jre/bin;C:\Program Files\Common Files\Oracle\Java\javapath;C:\Windows\system32;C:\Windows;C:\Windows\System32\Wbem;C:\Windows\System32\WindowsPowerShell\v1.0\;C:\Windows\System32\OpenSSH\;C:\SpringCloud\openjdk-11.0.2_windows-x64_bin\jdk-11.0.2\bin;C:\Program Files\Git\cmd;C:\Users\PC112-AR\AppData\Local\Microsoft\WindowsApps;;C:\Users\PC112-AR\AppData\Local\Programs\Microsoft VS Code\bin;C:\SpringCloud\sts-4.11.1.RELEASE;
USERNAME=Juan Cisilino
OS=Windows_NT
PROCESSOR_IDENTIFIER=Intel64 Family 6 Model 142 Stepping 9, GenuineIntel



---------------  S Y S T E M  ---------------

OS:
 Windows 10 , 64 bit Build 19041 (10.0.19041.1202)
OS uptime: 2 days 18:59 hours

CPU: total 4 (initial active 4) (2 cores per cpu, 2 threads per core) family 6 model 142 stepping 9 microcode 0xea, cx8, cmov, fxsr, ht, mmx, 3dnowpref, sse, sse2, sse3, ssse3, sse4.1, sse4.2, popcnt, lzcnt, tsc, tscinvbit, avx, avx2, aes, erms, clmul, bmi1, bmi2, rtm, adx, fma, vzeroupper, clflush, clflushopt

Memory: 4k page, system-wide physical 16218M (9896M free)
TotalPageFile size 18650M (AvailPageFile size 12118M)
current process WorkingSet (physical memory assigned to process): 167M, peak: 190M
current process commit charge ("private bytes"): 198M, peak: 355M

vm_info: OpenJDK 64-Bit Server VM (16.0.2+7-67) for windows-amd64 JRE (16.0.2+7-67), built on Jun  8 2021 23:21:43 by "mach5one" with MS VC++ 16.7 (VS2019)

END.
