#
# A fatal error has been detected by the Java Runtime Environment:
#
#  EXCEPTION_ACCESS_VIOLATION (0xc0000005) at pc=0x00007ffca729d9cf, pid=8760, tid=9516
#
# JRE version: OpenJDK Runtime Environment (16.0.2+7) (build 16.0.2+7-67)
# Java VM: OpenJDK 64-Bit Server VM (16.0.2+7-67, mixed mode, tiered, compressed oops, compressed class ptrs, g1 gc, windows-amd64)
# Problematic frame:
# V  [jvm.dll+0x2ed9cf]
#
# No core dump will be written. Minidumps are not enabled by default on client versions of Windows
#
# If you would like to submit a bug report, please visit:
#   https://bugreport.java.com/bugreport/crash.jsp
#

---------------  S U M M A R Y ------------

Command Line: -Dcom.sun.management.jmxremote -Dcom.sun.management.jmxremote.port=62702 -Dcom.sun.management.jmxremote.authenticate=false -Dcom.sun.management.jmxremote.ssl=false -Djava.rmi.server.hostname=localhost -Dspring.jmx.enabled=true -Dspring.application.admin.enabled=true -XX:TieredStopAtLevel=1 -Dspring.boot.project.name=music-servicio-usuarios -Dfile.encoding=UTF-8 -XX:+ShowCodeDetailsInExceptionMessages com.music.app.servicio.usuarios.MusicServicioUsuariosApplication --spring.output.ansi.enabled=always

Host: Intel(R) Core(TM) i5-7300U CPU @ 2.60GHz, 4 cores, 15G,  Windows 10 , 64 bit Build 19041 (10.0.19041.1202)
Time: Wed Sep 22 13:17:27 2021 Hora estándar de Argentina elapsed time: 152.960270 seconds (0d 0h 2m 32s)

---------------  T H R E A D  ---------------

Current thread (0x0000025d35c9eb20):  GCTaskThread "GC Thread#0" [stack: 0x000000613a900000,0x000000613aa00000] [id=9516]

Stack: [0x000000613a900000,0x000000613aa00000],  sp=0x000000613a9ffc70,  free space=1023k
Native frames: (J=compiled Java code, j=interpreted, Vv=VM code, C=native code)
V  [jvm.dll+0x2ed9cf]
V  [jvm.dll+0x2ed46d]
V  [jvm.dll+0x2ecd4d]
V  [jvm.dll+0x7f7f0b]
V  [jvm.dll+0x7795aa]
V  [jvm.dll+0x667066]
C  [ucrtbase.dll+0x21bb2]
C  [KERNEL32.DLL+0x17034]
C  [ntdll.dll+0x52651]


siginfo: EXCEPTION_ACCESS_VIOLATION (0xc0000005), reading address 0x00000008e0552d6e


Register to memory mapping:

RIP=0x00007ffca729d9cf jvm.dll
RAX=0x00000008e0552d66 is an unknown value
RBX=0x000000070452dd78 is pointing into object: java.lang.ref.SoftReference 
{0x000000070452dd70} - klass: 'java/lang/ref/SoftReference'
RCX=0x0 is NULL
RDX=3763678566 is a compressed pointer to object: java.lang.ref.ReferenceQueue$Null 
{0x0000000702a96b30} - klass: 'java/lang/ref/ReferenceQueue$Null'
RSP=0x000000613a9ffc70 points into unknown readable memory: 0x0000000000000011 | 11 00 00 00 00 00 00 00
RBP=0x0000000000000010 is an unknown value
RSI=0x00007ffca6fb0000 jvm.dll
RDI=0x0000025d560f76c0 points into unknown readable memory: 0x000000613aeff3c0 | c0 f3 ef 3a 61 00 00 00
R8 =0x0000000000000001 is an unknown value
R9 =0x0000000800000000 is pointing into metadata
R10=0x0 is NULL
R11=0x0000000800000000 is pointing into metadata
R12=0x0 is NULL
R13=0x00007ffca6fb0000 jvm.dll
R14=0x0000000000000010 is an unknown value
R15=0x000000000000000c is an unknown value


Registers:
RAX=0x00000008e0552d66, RBX=0x000000070452dd78, RCX=0x0000000000000000, RDX=0x00000000e0552d66
RSP=0x000000613a9ffc70, RBP=0x0000000000000010, RSI=0x00007ffca6fb0000, RDI=0x0000025d560f76c0
R8 =0x0000000000000001, R9 =0x0000000800000000, R10=0x0000000000000000, R11=0x0000000800000000
R12=0x0000000000000000, R13=0x00007ffca6fb0000, R14=0x0000000000000010, R15=0x000000000000000c
RIP=0x00007ffca729d9cf, EFLAGS=0x0000000000010206

Top of Stack: (sp=0x000000613a9ffc70)
0x000000613a9ffc70:   0000000000000011 000000070452de70
0x000000613a9ffc80:   00007ffca6fb0000 00007ffca6fb0000
0x000000613a9ffc90:   0000000000000000 0000000000000000
0x000000613a9ffca0:   0000000702df1018 0000000000000000
0x000000613a9ffcb0:   0000000000000000 0000000000000000
0x000000613a9ffcc0:   0000000000000000 0000025d35c60ac0
0x000000613a9ffcd0:   000000000000000c 000000613aeff5d0
0x000000613a9ffce0:   000000613aefecc0 0000025d560f76c0
0x000000613a9ffcf0:   00007ffca6fb0000 0000000000000010
0x000000613a9ffd00:   000000613aeff5e8 00007ffca729d46d
0x000000613a9ffd10:   000000613aefeb60 0000004000000000
0x000000613a9ffd20:   000000613aefeb80 0000003f00000000
0x000000613a9ffd30:   000000613aefeb80 0000025d560f76c0
0x000000613a9ffd40:   0000025d35c60ac0 0000000000000002
0x000000613a9ffd50:   00000000000003d8 0000025d35c60e98
0x000000613a9ffd60:   0000025d35c60ab0 000000613aefeb60 

Instructions: (pc=0x00007ffca729d9cf)
0x00007ffca729d8cf:   00 4c 39 a7 d0 02 00 00 0f 85 a6 00 00 00 8b af
0x00007ffca729d8df:   98 00 00 00 8b cd 8b 87 18 01 00 00 2b c8 81 e1
0x00007ffca729d8ef:   ff ff 01 00 0f 86 61 02 00 00 ff cd 81 e5 ff ff
0x00007ffca729d8ff:   01 00 89 af 98 00 00 00 e8 f4 bc 36 00 8b 87 18
0x00007ffca729d90f:   01 00 00 8b cd 48 8b 9f 98 01 00 00 2b c8 81 e1
0x00007ffca729d91f:   ff ff 01 00 8b d5 81 f9 ff ff 01 00 48 8b 1c eb
0x00007ffca729d92f:   41 0f 44 cc 85 c9 75 6b 48 8b 87 18 01 00 00 48
0x00007ffca729d93f:   8b c8 48 89 84 24 b8 00 00 00 48 c1 e9 20 ff c1
0x00007ffca729d94f:   89 ac 24 a8 00 00 00 89 8c 24 ac 00 00 00 3b e8
0x00007ffca729d95f:   0f 85 e0 01 00 00 48 c1 e1 20 48 0b ca f0 48 0f
0x00007ffca729d96f:   b1 8f 18 01 00 00 0f 85 ca 01 00 00 8b 87 18 01
0x00007ffca729d97f:   00 00 eb 1f 48 8d 8f 98 02 00 00 48 83 69 20 01
0x00007ffca729d98f:   48 8b 41 20 48 8b 59 38 48 8b 1c c3 75 05 e8 5e
0x00007ffca729d99f:   b4 f5 ff 44 0f b6 05 d7 9e 7e 00 8b 0d 98 36 78
0x00007ffca729d9af:   00 4c 8b 0d 89 36 78 00 45 84 c0 74 0d 8b 53 08
0x00007ffca729d9bf:   8b c2 48 d3 e0 49 03 c1 eb 06 48 8b 43 08 8b d0
0x00007ffca729d9cf:   81 78 08 00 00 00 c0 7d 72 45 84 c0 74 0a 8b c2
0x00007ffca729d9df:   48 d3 e0 49 03 c1 eb 04 48 8b 43 08 48 8b 88 98
0x00007ffca729d9ef:   00 00 00 e8 e9 64 f0 ff 48 89 44 24 28 48 8b e8
0x00007ffca729d9ff:   48 85 c0 74 1b 48 8b d0 48 8b cf e8 f1 bd ff ff
0x00007ffca729da0f:   84 c0 74 0c 48 8b d5 48 8d 4f 18 e8 81 c3 ff ff
0x00007ffca729da1f:   44 38 25 5b 9e 7e 00 49 8b c6 49 0f 45 c7 44 39
0x00007ffca729da2f:   24 18 0f 8e 99 fe ff ff 45 33 c0 48 8b d3 48 8b
0x00007ffca729da3f:   cf e8 bb 04 00 00 e9 86 fe ff ff 45 84 c0 74 0b
0x00007ffca729da4f:   44 8b c2 49 d3 e0 4d 03 c1 eb 04 4c 8b 43 08 49
0x00007ffca729da5f:   63 40 0c 48 8d 8f b0 05 00 00 48 8b d3 41 ff 94
0x00007ffca729da6f:   c5 c0 1b a7 00 44 38 25 0f a1 7e 00 0f 84 4f fe
0x00007ffca729da7f:   ff ff 44 0f b6 05 f8 9d 7e 00 8b 0d b9 35 78 00
0x00007ffca729da8f:   4c 8b 0d aa 35 78 00 45 84 c0 74 0d 8b 53 08 8b
0x00007ffca729da9f:   c2 48 d3 e0 49 03 c1 eb 06 48 8b 43 08 8b d0 44
0x00007ffca729daaf:   39 60 08 7e 20 45 84 c0 74 0a 8b c2 48 d3 e0 49
0x00007ffca729dabf:   03 c1 eb 04 48 8b 43 08 80 b8 35 01 00 00 01 0f 


Stack slot to memory mapping:
stack at sp + 0 slots: 0x0000000000000011 is an unknown value
stack at sp + 1 slots: 0x000000070452de70 is an oop: java.lang.String 
{0x000000070452de70} - klass: 'java/lang/String'
stack at sp + 2 slots: 0x00007ffca6fb0000 jvm.dll
stack at sp + 3 slots: 0x00007ffca6fb0000 jvm.dll
stack at sp + 4 slots: 0x0 is NULL
stack at sp + 5 slots: 0x0 is NULL
stack at sp + 6 slots: 0x0000000702df1018 is an oop: [Ljava.lang.Object; 
{0x0000000702df1018} - klass: 'java/lang/Object'[]
 - length: 163
stack at sp + 7 slots: 0x0 is NULL


---------------  P R O C E S S  ---------------

Threads class SMR info:
_java_thread_list=0x0000025d59824940, length=19, elements={
0x0000025d54817a60, 0x0000025d54818dc0, 0x0000025d54821010, 0x0000025d53d89fe0,
0x0000025d53d8e510, 0x0000025d53d8ea30, 0x0000025d548635b0, 0x0000025d54863f20,
0x0000025d53d1fb80, 0x0000025d54a13590, 0x0000025d5514e920, 0x0000025d5514b180,
0x0000025d55143f80, 0x0000025d56240880, 0x0000025d562b1060, 0x0000025d562b0090,
0x0000025d590305b0, 0x0000025d59030060, 0x0000025d5b538dd0
}

Java Threads: ( => current thread )
  0x0000025d54817a60 JavaThread "Reference Handler" daemon [_thread_blocked, id=6680, stack(0x000000613af00000,0x000000613b000000)]
  0x0000025d54818dc0 JavaThread "Finalizer" daemon [_thread_blocked, id=4692, stack(0x000000613b000000,0x000000613b100000)]
  0x0000025d54821010 JavaThread "Signal Dispatcher" daemon [_thread_blocked, id=11676, stack(0x000000613b100000,0x000000613b200000)]
  0x0000025d53d89fe0 JavaThread "Attach Listener" daemon [_thread_blocked, id=3100, stack(0x000000613b200000,0x000000613b300000)]
  0x0000025d53d8e510 JavaThread "Service Thread" daemon [_thread_blocked, id=11868, stack(0x000000613b300000,0x000000613b400000)]
  0x0000025d53d8ea30 JavaThread "Monitor Deflation Thread" daemon [_thread_blocked, id=11636, stack(0x000000613b400000,0x000000613b500000)]
  0x0000025d548635b0 JavaThread "C1 CompilerThread0" daemon [_thread_blocked, id=12144, stack(0x000000613b500000,0x000000613b600000)]
  0x0000025d54863f20 JavaThread "Sweeper thread" daemon [_thread_blocked, id=1732, stack(0x000000613b600000,0x000000613b700000)]
  0x0000025d53d1fb80 JavaThread "Common-Cleaner" daemon [_thread_blocked, id=11196, stack(0x000000613b700000,0x000000613b800000)]
  0x0000025d54a13590 JavaThread "Notification Thread" daemon [_thread_blocked, id=224, stack(0x000000613b800000,0x000000613b900000)]
  0x0000025d5514e920 JavaThread "RMI TCP Accept-0" daemon [_thread_in_native, id=7636, stack(0x000000613bd00000,0x000000613be00000)]
  0x0000025d5514b180 JavaThread "RMI TCP Accept-62702" daemon [_thread_in_native, id=5744, stack(0x000000613be00000,0x000000613bf00000)]
  0x0000025d55143f80 JavaThread "RMI TCP Accept-0" daemon [_thread_in_native, id=1780, stack(0x000000613bf00000,0x000000613c000000)]
  0x0000025d56240880 JavaThread "RMI Scheduler(0)" daemon [_thread_blocked, id=128, stack(0x000000613c400000,0x000000613c500000)]
  0x0000025d562b1060 JavaThread "RMI TCP Connection(idle)" daemon [_thread_blocked, id=9532, stack(0x000000613c500000,0x000000613c600000)]
  0x0000025d562b0090 JavaThread "JMX server connection timeout 25" daemon [_thread_blocked, id=9020, stack(0x000000613c600000,0x000000613c700000)]
  0x0000025d590305b0 JavaThread "Live Reload Server" daemon [_thread_in_native, id=9500, stack(0x000000613cf00000,0x000000613d000000)]
  0x0000025d59030060 JavaThread "DestroyJavaVM" [_thread_blocked, id=8936, stack(0x000000613a800000,0x000000613a900000)]
  0x0000025d5b538dd0 JavaThread "Thread-7" [_thread_blocked, id=9204, stack(0x000000613a600000,0x000000613a700000)]

Other Threads:
  0x0000025d53d848a0 VMThread "VM Thread" [stack: 0x000000613ae00000,0x000000613af00000] [id=9184]
  0x0000025d35c50b40 WatcherThread [stack: 0x000000613c000000,0x000000613c100000] [id=7992]
=>0x0000025d35c9eb20 GCTaskThread "GC Thread#0" [stack: 0x000000613a900000,0x000000613aa00000] [id=9516]
  0x0000025d54d5d440 GCTaskThread "GC Thread#1" [stack: 0x000000613b900000,0x000000613ba00000] [id=10472]
  0x0000025d54d5f760 GCTaskThread "GC Thread#2" [stack: 0x000000613ba00000,0x000000613bb00000] [id=5824]
  0x0000025d54d5fa70 GCTaskThread "GC Thread#3" [stack: 0x000000613bb00000,0x000000613bc00000] [id=2520]
  0x0000025d35caf8f0 ConcurrentGCThread "G1 Main Marker" [stack: 0x000000613aa00000,0x000000613ab00000] [id=2948]
  0x0000025d35cb0a90 ConcurrentGCThread "G1 Conc#0" [stack: 0x000000613ab00000,0x000000613ac00000] [id=7912]
  0x0000025d53bf24c0 ConcurrentGCThread "G1 Refine#0" [stack: 0x000000613ac00000,0x000000613ad00000] [id=1548]
  0x0000025d5623c510 ConcurrentGCThread "G1 Refine#1" [stack: 0x000000613c700000,0x000000613c800000] [id=11648]
  0x0000025d53bf2ae0 ConcurrentGCThread "G1 Service" [stack: 0x000000613ad00000,0x000000613ae00000] [id=12028]

Threads with active compile tasks:
C1 CompilerThread0   153019 7264       1       java.lang.reflect.Field::get (29 bytes)

VM state: at safepoint (normal execution)

VM Mutex/Monitor currently owned by a thread:  ([mutex/lock_event])
[0x0000025d35c4c8d0] Threads_lock - owner thread: 0x0000025d53d848a0
[0x0000025d35c4c060] Heap_lock - owner thread: 0x0000025d5b538dd0

Heap address: 0x0000000702800000, size: 4056 MB, Compressed Oops mode: Zero based, Oop shift amount: 3

CDS disabled.
Compressed class space mapped at: 0x0000000800000000-0x0000000840000000, reserved size: 1073741824
Narrow klass base: 0x0000000800000000, Narrow klass shift: 0, Narrow klass range: 0x40000000

GC Precious Log:
 CPUs: 4 total, 4 available
 Memory: 16218M
 Large Page Support: Disabled
 NUMA Support: Disabled
 Compressed Oops: Enabled (Zero based)
 Heap Region Size: 2M
 Heap Min Capacity: 8M
 Heap Initial Capacity: 254M
 Heap Max Capacity: 4056M
 Pre-touch: Disabled
 Parallel Workers: 4
 Concurrent Workers: 1
 Concurrent Refinement Workers: 4
 Periodic GC: Disabled

Heap:
 garbage-first heap   total 151552K, used 95859K [0x0000000702800000, 0x0000000800000000)
  region size 2048K, 30 young (61440K), 5 survivors (10240K)
 Metaspace       used 79012K, committed 79488K, reserved 1122304K
  class space    used 10654K, committed 10880K, reserved 1048576K

Heap Regions: E=young(eden), S=young(survivor), O=old, HS=humongous(starts), HC=humongous(continues), CS=collection set, F=free, OA=open archive, CA=closed archive, TAMS=top-at-mark-start (previous, next)
|   0|0x0000000702800000, 0x0000000702a00000, 0x0000000702a00000|100%| O|  |TAMS 0x0000000702a00000, 0x0000000702800000| Untracked 
|   1|0x0000000702a00000, 0x0000000702c00000, 0x0000000702c00000|100%| O|  |TAMS 0x0000000702c00000, 0x0000000702a00000| Untracked 
|   2|0x0000000702c00000, 0x0000000702e00000, 0x0000000702e00000|100%| O|  |TAMS 0x0000000702e00000, 0x0000000702c00000| Untracked 
|   3|0x0000000702e00000, 0x0000000702f98a00, 0x0000000703000000| 79%| O|  |TAMS 0x0000000702f98a00, 0x0000000702e00000| Untracked 
|   4|0x0000000703000000, 0x0000000703144000, 0x0000000703200000| 63%| O|  |TAMS 0x0000000703144000, 0x0000000703000000| Untracked 
|   5|0x0000000703200000, 0x0000000703400000, 0x0000000703400000|100%| O|  |TAMS 0x0000000703400000, 0x0000000703200000| Untracked 
|   6|0x0000000703400000, 0x0000000703600000, 0x0000000703600000|100%| O|  |TAMS 0x0000000703600000, 0x0000000703400000| Untracked 
|   7|0x0000000703600000, 0x0000000703800000, 0x0000000703800000|100%| O|  |TAMS 0x0000000703800000, 0x0000000703600000| Untracked 
|   8|0x0000000703800000, 0x0000000703a00000, 0x0000000703a00000|100%| O|  |TAMS 0x0000000703a00000, 0x0000000703800000| Untracked 
|   9|0x0000000703a00000, 0x0000000703c00000, 0x0000000703c00000|100%| O|  |TAMS 0x0000000703c00000, 0x0000000703a00000| Untracked 
|  10|0x0000000703c00000, 0x0000000703e00000, 0x0000000703e00000|100%| O|  |TAMS 0x0000000703e00000, 0x0000000703c00000| Untracked 
|  11|0x0000000703e00000, 0x0000000704000000, 0x0000000704000000|100%| O|  |TAMS 0x0000000704000000, 0x0000000703e00000| Untracked 
|  12|0x0000000704000000, 0x0000000704200000, 0x0000000704200000|100%| O|  |TAMS 0x00000007041b3200, 0x0000000704000000| Untracked 
|  13|0x0000000704200000, 0x0000000704400000, 0x0000000704400000|100%| O|  |TAMS 0x0000000704200000, 0x0000000704200000| Untracked 
|  14|0x0000000704400000, 0x0000000704600000, 0x0000000704600000|100%| O|  |TAMS 0x0000000704400000, 0x0000000704400000| Untracked 
|  15|0x0000000704600000, 0x0000000704800000, 0x0000000704800000|100%| O|  |TAMS 0x0000000704600000, 0x0000000704600000| Untracked 
|  16|0x0000000704800000, 0x0000000704a00000, 0x0000000704a00000|100%| O|  |TAMS 0x0000000704800000, 0x0000000704800000| Untracked 
|  17|0x0000000704a00000, 0x0000000704bbb600, 0x0000000704c00000| 86%| O|  |TAMS 0x0000000704a00000, 0x0000000704a00000| Untracked 
|  18|0x0000000704c00000, 0x0000000704c00000, 0x0000000704e00000|  0%| F|  |TAMS 0x0000000704c00000, 0x0000000704c00000| Untracked 
|  19|0x0000000704e00000, 0x0000000704e00000, 0x0000000705000000|  0%| F|  |TAMS 0x0000000704e00000, 0x0000000704e00000| Untracked 
|  20|0x0000000705000000, 0x0000000705000000, 0x0000000705200000|  0%| F|  |TAMS 0x0000000705000000, 0x0000000705000000| Untracked 
|  21|0x0000000705200000, 0x0000000705200000, 0x0000000705400000|  0%| F|  |TAMS 0x0000000705200000, 0x0000000705200000| Untracked 
|  22|0x0000000705400000, 0x0000000705400000, 0x0000000705600000|  0%| F|  |TAMS 0x0000000705400000, 0x0000000705400000| Untracked 
|  23|0x0000000705600000, 0x0000000705600000, 0x0000000705800000|  0%| F|  |TAMS 0x0000000705600000, 0x0000000705600000| Untracked 
|  24|0x0000000705800000, 0x0000000705800000, 0x0000000705a00000|  0%| F|  |TAMS 0x0000000705800000, 0x0000000705800000| Untracked 
|  25|0x0000000705a00000, 0x0000000705a00000, 0x0000000705c00000|  0%| F|  |TAMS 0x0000000705a00000, 0x0000000705a00000| Untracked 
|  26|0x0000000705c00000, 0x0000000705c00000, 0x0000000705e00000|  0%| F|  |TAMS 0x0000000705c00000, 0x0000000705c00000| Untracked 
|  27|0x0000000705e00000, 0x0000000705e00000, 0x0000000706000000|  0%| F|  |TAMS 0x0000000705e00000, 0x0000000705e00000| Untracked 
|  28|0x0000000706000000, 0x0000000706000000, 0x0000000706200000|  0%| F|  |TAMS 0x0000000706000000, 0x0000000706000000| Untracked 
|  29|0x0000000706200000, 0x0000000706200000, 0x0000000706400000|  0%| F|  |TAMS 0x0000000706200000, 0x0000000706200000| Untracked 
|  30|0x0000000706400000, 0x0000000706400000, 0x0000000706600000|  0%| F|  |TAMS 0x0000000706400000, 0x0000000706400000| Untracked 
|  31|0x0000000706600000, 0x0000000706600000, 0x0000000706800000|  0%| F|  |TAMS 0x0000000706600000, 0x0000000706600000| Untracked 
|  32|0x0000000706800000, 0x0000000706a00000, 0x0000000706a00000|100%| S|  |TAMS 0x0000000706800000, 0x0000000706800000| Complete 
|  33|0x0000000706a00000, 0x0000000706c00000, 0x0000000706c00000|100%| S|  |TAMS 0x0000000706a00000, 0x0000000706a00000| Complete 
|  34|0x0000000706c00000, 0x0000000706e00000, 0x0000000706e00000|100%| S|  |TAMS 0x0000000706c00000, 0x0000000706c00000| Complete 
|  35|0x0000000706e00000, 0x0000000707000000, 0x0000000707000000|100%| S|  |TAMS 0x0000000706e00000, 0x0000000706e00000| Complete 
|  36|0x0000000707000000, 0x0000000707200000, 0x0000000707200000|100%| S|  |TAMS 0x0000000707000000, 0x0000000707000000| Complete 
|  37|0x0000000707200000, 0x0000000707200000, 0x0000000707400000|  0%| F|  |TAMS 0x0000000707200000, 0x0000000707200000| Untracked 
|  38|0x0000000707400000, 0x0000000707400000, 0x0000000707600000|  0%| F|  |TAMS 0x0000000707400000, 0x0000000707400000| Untracked 
|  39|0x0000000707600000, 0x0000000707600000, 0x0000000707800000|  0%| F|  |TAMS 0x0000000707600000, 0x0000000707600000| Untracked 
|  40|0x0000000707800000, 0x0000000707800000, 0x0000000707a00000|  0%| F|  |TAMS 0x0000000707800000, 0x0000000707800000| Untracked 
|  41|0x0000000707a00000, 0x0000000707a00000, 0x0000000707c00000|  0%| F|  |TAMS 0x0000000707a00000, 0x0000000707a00000| Untracked 
|  42|0x0000000707c00000, 0x0000000707c00000, 0x0000000707e00000|  0%| F|  |TAMS 0x0000000707c00000, 0x0000000707c00000| Untracked 
|  43|0x0000000707e00000, 0x0000000707e00000, 0x0000000708000000|  0%| F|  |TAMS 0x0000000707e00000, 0x0000000707e00000| Untracked 
|  44|0x0000000708000000, 0x0000000708000000, 0x0000000708200000|  0%| F|  |TAMS 0x0000000708000000, 0x0000000708000000| Untracked 
|  45|0x0000000708200000, 0x0000000708200000, 0x0000000708400000|  0%| F|  |TAMS 0x0000000708200000, 0x0000000708200000| Untracked 
|  46|0x0000000708400000, 0x0000000708400000, 0x0000000708600000|  0%| F|  |TAMS 0x0000000708400000, 0x0000000708400000| Untracked 
|  47|0x0000000708600000, 0x0000000708600000, 0x0000000708800000|  0%| F|  |TAMS 0x0000000708600000, 0x0000000708600000| Untracked 
|  48|0x0000000708800000, 0x0000000708800000, 0x0000000708a00000|  0%| F|  |TAMS 0x0000000708800000, 0x0000000708800000| Untracked 
|  49|0x0000000708a00000, 0x0000000708b04ed8, 0x0000000708c00000| 50%| E|  |TAMS 0x0000000708a00000, 0x0000000708a00000| Complete 
|  50|0x0000000708c00000, 0x0000000708e00000, 0x0000000708e00000|100%| E|  |TAMS 0x0000000708c00000, 0x0000000708c00000| Complete 
|  51|0x0000000708e00000, 0x0000000709000000, 0x0000000709000000|100%| E|  |TAMS 0x0000000708e00000, 0x0000000708e00000| Complete 
|  52|0x0000000709000000, 0x0000000709200000, 0x0000000709200000|100%| E|  |TAMS 0x0000000709000000, 0x0000000709000000| Complete 
|  53|0x0000000709200000, 0x0000000709400000, 0x0000000709400000|100%| E|  |TAMS 0x0000000709200000, 0x0000000709200000| Complete 
|  54|0x0000000709400000, 0x0000000709600000, 0x0000000709600000|100%| E|  |TAMS 0x0000000709400000, 0x0000000709400000| Complete 
|  55|0x0000000709600000, 0x0000000709800000, 0x0000000709800000|100%| E|  |TAMS 0x0000000709600000, 0x0000000709600000| Complete 
|  56|0x0000000709800000, 0x0000000709a00000, 0x0000000709a00000|100%| E|  |TAMS 0x0000000709800000, 0x0000000709800000| Complete 
|  57|0x0000000709a00000, 0x0000000709c00000, 0x0000000709c00000|100%| E|  |TAMS 0x0000000709a00000, 0x0000000709a00000| Complete 
|  58|0x0000000709c00000, 0x0000000709e00000, 0x0000000709e00000|100%| E|  |TAMS 0x0000000709c00000, 0x0000000709c00000| Complete 
|  59|0x0000000709e00000, 0x000000070a000000, 0x000000070a000000|100%| E|  |TAMS 0x0000000709e00000, 0x0000000709e00000| Complete 
|  60|0x000000070a000000, 0x000000070a200000, 0x000000070a200000|100%| E|  |TAMS 0x000000070a000000, 0x000000070a000000| Complete 
|  61|0x000000070a200000, 0x000000070a400000, 0x000000070a400000|100%| E|  |TAMS 0x000000070a200000, 0x000000070a200000| Complete 
|  62|0x000000070a400000, 0x000000070a600000, 0x000000070a600000|100%| E|  |TAMS 0x000000070a400000, 0x000000070a400000| Complete 
|  63|0x000000070a600000, 0x000000070a800000, 0x000000070a800000|100%| E|  |TAMS 0x000000070a600000, 0x000000070a600000| Complete 
|  64|0x000000070a800000, 0x000000070aa00000, 0x000000070aa00000|100%| E|  |TAMS 0x000000070a800000, 0x000000070a800000| Complete 
|  65|0x000000070aa00000, 0x000000070ac00000, 0x000000070ac00000|100%| E|  |TAMS 0x000000070aa00000, 0x000000070aa00000| Complete 
|  66|0x000000070ac00000, 0x000000070ae00000, 0x000000070ae00000|100%| E|  |TAMS 0x000000070ac00000, 0x000000070ac00000| Complete 
|  67|0x000000070ae00000, 0x000000070b000000, 0x000000070b000000|100%| E|  |TAMS 0x000000070ae00000, 0x000000070ae00000| Complete 
|  68|0x000000070b000000, 0x000000070b200000, 0x000000070b200000|100%| E|  |TAMS 0x000000070b000000, 0x000000070b000000| Complete 
|  69|0x000000070b200000, 0x000000070b400000, 0x000000070b400000|100%| E|  |TAMS 0x000000070b200000, 0x000000070b200000| Complete 
|  70|0x000000070b400000, 0x000000070b600000, 0x000000070b600000|100%| E|  |TAMS 0x000000070b400000, 0x000000070b400000| Complete 
|  71|0x000000070b600000, 0x000000070b800000, 0x000000070b800000|100%| E|  |TAMS 0x000000070b600000, 0x000000070b600000| Complete 
|  72|0x000000070b800000, 0x000000070ba00000, 0x000000070ba00000|100%| E|  |TAMS 0x000000070b800000, 0x000000070b800000| Complete 
| 126|0x0000000712400000, 0x0000000712600000, 0x0000000712600000|100%| E|  |TAMS 0x0000000712400000, 0x0000000712400000| Complete 

Card table byte_map: [0x0000025d489b0000,0x0000025d491a0000] _byte_map_base: 0x0000025d4519c000

Marking Bits (Prev, Next): (CMBitMap*) 0x0000025d35c9f120, (CMBitMap*) 0x0000025d35c9f160
 Prev Bits: [0x0000025d49990000, 0x0000025d4d8f0000)
 Next Bits: [0x0000025d4d8f0000, 0x0000025d51850000)

Polling page: 0x0000025d33a70000

Metaspace:

Usage:
  Non-class:     66.76 MB used.
      Class:     10.40 MB used.
       Both:     77.16 MB used.

Virtual space:
  Non-class space:       72.00 MB reserved,      67.00 MB ( 93%) committed,  9 nodes.
      Class space:        1.00 GB reserved,      10.62 MB (  1%) committed,  1 nodes.
              Both:        1.07 GB reserved,      77.62 MB (  7%) committed. 

Chunk freelists:
   Non-Class:  285.00 KB
       Class:  1.28 MB
        Both:  1.56 MB

MaxMetaspaceSize: 17179869184.00 GB
CompressedClassSpaceSize: 1.00 GB
 - commit_granule_bytes: 65536.
 - commit_granule_words: 8192.
 - virtual_space_node_default_size: 1048576.
 - enlarge_chunks_in_place: 1.
 - new_chunks_are_fully_committed: 0.
 - uncommit_free_chunks: 1.
 - use_allocation_guard: 0.
 - handle_deallocations: 1.


Internal statistics:

num_allocs_failed_limit: 14.
num_arena_births: 648.
num_arena_deaths: 0.
num_vsnodes_births: 10.
num_vsnodes_deaths: 0.
num_space_committed: 1242.
num_space_uncommitted: 0.
num_chunks_returned_to_freelist: 14.
num_chunks_taken_from_freelist: 3217.
num_chunk_merges: 14.
num_chunk_splits: 2279.
num_chunks_enlarged: 1759.
num_purges: 0.

CodeHeap 'non-profiled nmethods': size=238912Kb used=12118Kb max_used=12118Kb free=226793Kb
 bounds [0x0000025d39870000, 0x0000025d3a450000, 0x0000025d481c0000]
CodeHeap 'non-nmethods': size=6848Kb used=1324Kb max_used=1324Kb free=5523Kb
 bounds [0x0000025d391c0000, 0x0000025d39430000, 0x0000025d39870000]
 total_blobs=7920 nmethods=7263 adapters=583
 compilation: enabled
              stopped_count=0, restarted_count=0
 full_count=0

Compilation events (20 events):
Event: 152.919 Thread 0x0000025d548635b0 nmethod 7254 0x0000025d3a443790 code [0x0000025d3a443920, 0x0000025d3a443a98]
Event: 152.919 Thread 0x0000025d548635b0 7255       1       com.netflix.servo.tag.SmallTagMap$SmallTagIterator::<init> (6 bytes)
Event: 152.919 Thread 0x0000025d548635b0 nmethod 7255 0x0000025d3a443b10 code [0x0000025d3a443ca0, 0x0000025d3a443db8]
Event: 152.919 Thread 0x0000025d548635b0 7256       1       com.netflix.servo.tag.SmallTagMap$SmallTagIterator::<init> (15 bytes)
Event: 152.919 Thread 0x0000025d548635b0 nmethod 7256 0x0000025d3a443e10 code [0x0000025d3a443fa0, 0x0000025d3a4440b8]
Event: 152.919 Thread 0x0000025d548635b0 7257       1       java.util.concurrent.locks.ReentrantReadWriteLock$WriteLock::lock (9 bytes)
Event: 152.919 Thread 0x0000025d548635b0 nmethod 7257 0x0000025d3a444110 code [0x0000025d3a4442c0, 0x0000025d3a444418]
Event: 152.921 Thread 0x0000025d548635b0 7258       1       java.util.concurrent.locks.ReentrantReadWriteLock$WriteLock::unlock (10 bytes)
Event: 152.921 Thread 0x0000025d548635b0 nmethod 7258 0x0000025d3a444510 code [0x0000025d3a4446c0, 0x0000025d3a444818]
Event: 152.922 Thread 0x0000025d548635b0 7259       1       java.util.concurrent.locks.AbstractQueuedSynchronizer::hasQueuedPredecessors (58 bytes)
Event: 152.922 Thread 0x0000025d548635b0 nmethod 7259 0x0000025d3a444910 code [0x0000025d3a444ac0, 0x0000025d3a444c28]
Event: 152.927 Thread 0x0000025d548635b0 7260       1       javax.management.ObjectName::getCanonicalKeyPropertyListString (45 bytes)
Event: 152.927 Thread 0x0000025d548635b0 nmethod 7260 0x0000025d3a444d10 code [0x0000025d3a444ec0, 0x0000025d3a445048]
Event: 152.937 Thread 0x0000025d548635b0 7261       1       java.util.Arrays::sort (24 bytes)
Event: 152.937 Thread 0x0000025d548635b0 nmethod 7261 0x0000025d3a445190 code [0x0000025d3a445340, 0x0000025d3a445428]
Event: 152.938 Thread 0x0000025d548635b0 7263       1       javax.management.ObjectName::hashCode (8 bytes)
Event: 152.938 Thread 0x0000025d548635b0 nmethod 7263 0x0000025d3a445510 code [0x0000025d3a4456c0, 0x0000025d3a4457a8]
Event: 152.938 Thread 0x0000025d548635b0 7262       1       com.netflix.servo.jmx.MonitorMBean::getObjectName (5 bytes)
Event: 152.938 Thread 0x0000025d548635b0 nmethod 7262 0x0000025d3a445890 code [0x0000025d3a445a20, 0x0000025d3a445af8]
Event: 152.938 Thread 0x0000025d548635b0 7264       1       java.lang.reflect.Field::get (29 bytes)

GC Heap History (20 events):
Event: 3.301 GC heap after
{Heap after GC invocations=13 (full 0):
 garbage-first heap   total 83968K, used 21551K [0x0000000702800000, 0x0000000800000000)
  region size 2048K, 2 young (4096K), 2 survivors (4096K)
 Metaspace       used 42159K, committed 42624K, reserved 1089536K
  class space    used 5422K, committed 5632K, reserved 1048576K
}
Event: 3.434 GC heap before
{Heap before GC invocations=13 (full 0):
 garbage-first heap   total 83968K, used 60463K [0x0000000702800000, 0x0000000800000000)
  region size 2048K, 22 young (45056K), 2 survivors (4096K)
 Metaspace       used 42613K, committed 42944K, reserved 1089536K
  class space    used 5464K, committed 5632K, reserved 1048576K
}
Event: 3.438 GC heap after
{Heap after GC invocations=14 (full 0):
 garbage-first heap   total 83968K, used 23474K [0x0000000702800000, 0x0000000800000000)
  region size 2048K, 3 young (6144K), 3 survivors (6144K)
 Metaspace       used 42613K, committed 42944K, reserved 1089536K
  class space    used 5464K, committed 5632K, reserved 1048576K
}
Event: 3.453 GC heap before
{Heap before GC invocations=14 (full 0):
 garbage-first heap   total 83968K, used 60338K [0x0000000702800000, 0x0000000800000000)
  region size 2048K, 21 young (43008K), 3 survivors (6144K)
 Metaspace       used 42613K, committed 42944K, reserved 1089536K
  class space    used 5464K, committed 5632K, reserved 1048576K
}
Event: 3.456 GC heap after
{Heap after GC invocations=15 (full 0):
 garbage-first heap   total 83968K, used 24332K [0x0000000702800000, 0x0000000800000000)
  region size 2048K, 2 young (4096K), 2 survivors (4096K)
 Metaspace       used 42613K, committed 42944K, reserved 1089536K
  class space    used 5464K, committed 5632K, reserved 1048576K
}
Event: 3.820 GC heap before
{Heap before GC invocations=15 (full 0):
 garbage-first heap   total 83968K, used 61196K [0x0000000702800000, 0x0000000800000000)
  region size 2048K, 21 young (43008K), 2 survivors (4096K)
 Metaspace       used 46804K, committed 47168K, reserved 1097728K
  class space    used 5920K, committed 6080K, reserved 1048576K
}
Event: 3.823 GC heap after
{Heap after GC invocations=16 (full 0):
 garbage-first heap   total 83968K, used 25403K [0x0000000702800000, 0x0000000800000000)
  region size 2048K, 1 young (2048K), 1 survivors (2048K)
 Metaspace       used 46804K, committed 47168K, reserved 1097728K
  class space    used 5920K, committed 6080K, reserved 1048576K
}
Event: 4.460 GC heap before
{Heap before GC invocations=16 (full 0):
 garbage-first heap   total 83968K, used 64315K [0x0000000702800000, 0x0000000800000000)
  region size 2048K, 20 young (40960K), 1 survivors (2048K)
 Metaspace       used 55167K, committed 55552K, reserved 1097728K
  class space    used 7189K, committed 7360K, reserved 1048576K
}
Event: 4.465 GC heap after
{Heap after GC invocations=17 (full 0):
 garbage-first heap   total 83968K, used 27585K [0x0000000702800000, 0x0000000800000000)
  region size 2048K, 3 young (6144K), 3 survivors (6144K)
 Metaspace       used 55167K, committed 55552K, reserved 1097728K
  class space    used 7189K, committed 7360K, reserved 1048576K
}
Event: 4.769 GC heap before
{Heap before GC invocations=17 (full 0):
 garbage-first heap   total 83968K, used 41921K [0x0000000702800000, 0x0000000800000000)
  region size 2048K, 12 young (24576K), 3 survivors (6144K)
 Metaspace       used 59466K, committed 59840K, reserved 1105920K
  class space    used 7898K, committed 8064K, reserved 1048576K
}
Event: 4.774 GC heap after
{Heap after GC invocations=18 (full 0):
 garbage-first heap   total 83968K, used 28338K [0x0000000702800000, 0x0000000800000000)
  region size 2048K, 2 young (4096K), 2 survivors (4096K)
 Metaspace       used 59466K, committed 59840K, reserved 1105920K
  class space    used 7898K, committed 8064K, reserved 1048576K
}
Event: 5.345 GC heap before
{Heap before GC invocations=19 (full 0):
 garbage-first heap   total 83968K, used 65202K [0x0000000702800000, 0x0000000800000000)
  region size 2048K, 20 young (40960K), 2 survivors (4096K)
 Metaspace       used 65134K, committed 65536K, reserved 1105920K
  class space    used 8701K, committed 8896K, reserved 1048576K
}
Event: 5.352 GC heap after
{Heap after GC invocations=20 (full 0):
 garbage-first heap   total 83968K, used 31225K [0x0000000702800000, 0x0000000800000000)
  region size 2048K, 3 young (6144K), 3 survivors (6144K)
 Metaspace       used 65134K, committed 65536K, reserved 1105920K
  class space    used 8701K, committed 8896K, reserved 1048576K
}
Event: 5.818 GC heap before
{Heap before GC invocations=21 (full 0):
 garbage-first heap   total 83968K, used 63993K [0x0000000702800000, 0x0000000800000000)
  region size 2048K, 19 young (38912K), 3 survivors (6144K)
 Metaspace       used 66885K, committed 67328K, reserved 1114112K
  class space    used 8994K, committed 9152K, reserved 1048576K
}
Event: 5.827 GC heap after
{Heap after GC invocations=22 (full 0):
 garbage-first heap   total 83968K, used 34513K [0x0000000702800000, 0x0000000800000000)
  region size 2048K, 3 young (6144K), 3 survivors (6144K)
 Metaspace       used 66885K, committed 67328K, reserved 1114112K
  class space    used 8994K, committed 9152K, reserved 1048576K
}
Event: 6.155 GC heap before
{Heap before GC invocations=22 (full 0):
 garbage-first heap   total 83968K, used 63185K [0x0000000702800000, 0x0000000800000000)
  region size 2048K, 17 young (34816K), 3 survivors (6144K)
 Metaspace       used 68573K, committed 68992K, reserved 1114112K
  class space    used 9247K, committed 9408K, reserved 1048576K
}
Event: 6.164 GC heap after
{Heap after GC invocations=23 (full 0):
 garbage-first heap   total 151552K, used 38170K [0x0000000702800000, 0x0000000800000000)
  region size 2048K, 2 young (4096K), 2 survivors (4096K)
 Metaspace       used 68573K, committed 68992K, reserved 1114112K
  class space    used 9247K, committed 9408K, reserved 1048576K
}
Event: 7.407 GC heap before
{Heap before GC invocations=23 (full 0):
 garbage-first heap   total 151552K, used 113946K [0x0000000702800000, 0x0000000800000000)
  region size 2048K, 39 young (79872K), 2 survivors (4096K)
 Metaspace       used 75734K, committed 76224K, reserved 1122304K
  class space    used 10282K, committed 10496K, reserved 1048576K
}
Event: 7.417 GC heap after
{Heap after GC invocations=24 (full 0):
 garbage-first heap   total 151552K, used 45664K [0x0000000702800000, 0x0000000800000000)
  region size 2048K, 5 young (10240K), 5 survivors (10240K)
 Metaspace       used 75734K, committed 76224K, reserved 1122304K
  class space    used 10282K, committed 10496K, reserved 1048576K
}
Event: 152.938 GC heap before
{Heap before GC invocations=24 (full 0):
 garbage-first heap   total 151552K, used 92768K [0x0000000702800000, 0x0000000800000000)
  region size 2048K, 30 young (61440K), 5 survivors (10240K)
 Metaspace       used 79012K, committed 79488K, reserved 1122304K
  class space    used 10654K, committed 10880K, reserved 1048576K
}

Deoptimization events (4 events):
Event: 2.323 Thread 0x0000025d562477f0 DEOPT PACKING pc=0x0000025d39bd1d74 sp=0x000000613c2fcf60
Event: 2.323 Thread 0x0000025d562477f0 DEOPT UNPACKING pc=0x0000025d3920dece sp=0x000000613c2fc4b8 mode 0
Event: 5.281 Thread 0x0000025d562477f0 DEOPT PACKING pc=0x0000025d39b72d02 sp=0x000000613c2fd5d0
Event: 5.281 Thread 0x0000025d562477f0 DEOPT UNPACKING pc=0x0000025d3920dece sp=0x000000613c2fcad8 mode 3

Classes unloaded (0 events):
No events

Classes redefined (0 events):
No events

Internal exceptions (20 events):
Event: 127.304 Thread 0x0000025d5b537340 Exception <a 'java/net/SocketException'{0x0000000709056a70}: Socket is not connected: shutdown> (0x0000000709056a70) 
thrown [t:\workspace\open\src\hotspot\share\prims\jni.cpp, line 600]
Event: 127.305 Thread 0x0000025d5b537340 Exception <a 'java/net/ConnectException'{0x0000000709057560}: Connection refused: connect> (0x0000000709057560) 
thrown [t:\workspace\open\src\hotspot\share\prims\jni.cpp, line 600]
Event: 127.305 Thread 0x0000025d5b537340 Exception <a 'java/net/SocketException'{0x0000000709057b40}: Socket is not connected: shutdown> (0x0000000709057b40) 
thrown [t:\workspace\open\src\hotspot\share\prims\jni.cpp, line 600]
Event: 127.322 Thread 0x0000025d5b539320 Exception <a 'java/net/ConnectException'{0x000000070914ca78}: Connection refused: connect> (0x000000070914ca78) 
thrown [t:\workspace\open\src\hotspot\share\prims\jni.cpp, line 600]
Event: 127.322 Thread 0x0000025d5b539320 Exception <a 'java/net/SocketException'{0x000000070914d058}: Socket is not connected: shutdown> (0x000000070914d058) 
thrown [t:\workspace\open\src\hotspot\share\prims\jni.cpp, line 600]
Event: 127.322 Thread 0x0000025d5b539320 Exception <a 'java/net/ConnectException'{0x000000070914db48}: Connection refused: connect> (0x000000070914db48) 
thrown [t:\workspace\open\src\hotspot\share\prims\jni.cpp, line 600]
Event: 127.322 Thread 0x0000025d5b539320 Exception <a 'java/net/SocketException'{0x000000070914e128}: Socket is not connected: shutdown> (0x000000070914e128) 
thrown [t:\workspace\open\src\hotspot\share\prims\jni.cpp, line 600]
Event: 127.398 Thread 0x0000025d59031050 Exception <a 'java/net/ConnectException'{0x00000007091d7c50}: Connection refused: connect> (0x00000007091d7c50) 
thrown [t:\workspace\open\src\hotspot\share\prims\jni.cpp, line 600]
Event: 127.398 Thread 0x0000025d59031050 Exception <a 'java/net/SocketException'{0x00000007091d8230}: Socket is not connected: shutdown> (0x00000007091d8230) 
thrown [t:\workspace\open\src\hotspot\share\prims\jni.cpp, line 600]
Event: 127.398 Thread 0x0000025d59031050 Exception <a 'java/net/ConnectException'{0x00000007091d8d20}: Connection refused: connect> (0x00000007091d8d20) 
thrown [t:\workspace\open\src\hotspot\share\prims\jni.cpp, line 600]
Event: 127.398 Thread 0x0000025d59031050 Exception <a 'java/net/SocketException'{0x00000007091d9300}: Socket is not connected: shutdown> (0x00000007091d9300) 
thrown [t:\workspace\open\src\hotspot\share\prims\jni.cpp, line 600]
Event: 149.629 Thread 0x0000025d59031050 Exception <a 'java/net/ConnectException'{0x0000000708f78ae8}: Connection refused: connect> (0x0000000708f78ae8) 
thrown [t:\workspace\open\src\hotspot\share\prims\jni.cpp, line 600]
Event: 149.629 Thread 0x0000025d59031050 Exception <a 'java/net/SocketException'{0x0000000708f790c8}: Socket is not connected: shutdown> (0x0000000708f790c8) 
thrown [t:\workspace\open\src\hotspot\share\prims\jni.cpp, line 600]
Event: 149.629 Thread 0x0000025d59031050 Exception <a 'java/net/ConnectException'{0x0000000708f79bb8}: Connection refused: connect> (0x0000000708f79bb8) 
thrown [t:\workspace\open\src\hotspot\share\prims\jni.cpp, line 600]
Event: 149.629 Thread 0x0000025d59031050 Exception <a 'java/net/SocketException'{0x0000000708f7a198}: Socket is not connected: shutdown> (0x0000000708f7a198) 
thrown [t:\workspace\open\src\hotspot\share\prims\jni.cpp, line 600]
Event: 149.641 Thread 0x0000025d5902f5c0 Exception <a 'java/lang/InterruptedException'{0x0000000708c00840}: sleep interrupted> (0x0000000708c00840) 
thrown [t:\workspace\open\src\hotspot\share\prims\jvm.cpp, line 3305]
Event: 152.888 Thread 0x0000025d5b538dd0 Exception <a 'java/net/ConnectException'{0x0000000708dd76c8}: Connection refused: connect> (0x0000000708dd76c8) 
thrown [t:\workspace\open\src\hotspot\share\prims\jni.cpp, line 600]
Event: 152.888 Thread 0x0000025d5b538dd0 Exception <a 'java/net/SocketException'{0x0000000708dd7ca8}: Socket is not connected: shutdown> (0x0000000708dd7ca8) 
thrown [t:\workspace\open\src\hotspot\share\prims\jni.cpp, line 600]
Event: 152.888 Thread 0x0000025d5b538dd0 Exception <a 'java/net/ConnectException'{0x0000000708dd8798}: Connection refused: connect> (0x0000000708dd8798) 
thrown [t:\workspace\open\src\hotspot\share\prims\jni.cpp, line 600]
Event: 152.888 Thread 0x0000025d5b538dd0 Exception <a 'java/net/SocketException'{0x0000000708dd8d78}: Socket is not connected: shutdown> (0x0000000708dd8d78) 
thrown [t:\workspace\open\src\hotspot\share\prims\jni.cpp, line 600]

Events (20 events):
Event: 152.931 Executing  VM operation: ICBufferFull done
Event: 152.932 Executing  VM operation: ICBufferFull
Event: 152.932 Executing  VM operation: ICBufferFull done
Event: 152.932 Executing  VM operation: ICBufferFull
Event: 152.932 Executing  VM operation: ICBufferFull done
Event: 152.933 Executing  VM operation: ICBufferFull
Event: 152.933 Executing  VM operation: ICBufferFull done
Event: 152.934 Executing  VM operation: ICBufferFull
Event: 152.934 Executing  VM operation: ICBufferFull done
Event: 152.934 Executing  VM operation: ICBufferFull
Event: 152.934 Executing  VM operation: ICBufferFull done
Event: 152.935 Executing  VM operation: ICBufferFull
Event: 152.935 Executing  VM operation: ICBufferFull done
Event: 152.936 Executing  VM operation: ICBufferFull
Event: 152.936 Executing  VM operation: ICBufferFull done
Event: 152.936 Executing  VM operation: ICBufferFull
Event: 152.936 Executing  VM operation: ICBufferFull done
Event: 152.937 Executing  VM operation: ICBufferFull
Event: 152.937 Executing  VM operation: ICBufferFull done
Event: 152.938 Executing  VM operation: G1CollectFull


Dynamic libraries:
0x00007ff6d1cf0000 - 0x00007ff6d1cfe000 	C:\SpringCloud\sts-4.11.1.RELEASE\plugins\org.eclipse.justj.openjdk.hotspot.jre.full.win32.x86_64_16.0.2.v20210721-1149\jre\bin\javaw.exe
0x00007ffcf75d0000 - 0x00007ffcf77c5000 	C:\Windows\SYSTEM32\ntdll.dll
0x00007ffcf5620000 - 0x00007ffcf56de000 	C:\Windows\System32\KERNEL32.DLL
0x00007ffcf4fa0000 - 0x00007ffcf5269000 	C:\Windows\System32\KERNELBASE.dll
0x00007ffcf52c0000 - 0x00007ffcf53c0000 	C:\Windows\System32\ucrtbase.dll
0x00007ffce58a0000 - 0x00007ffce58b8000 	C:\SpringCloud\sts-4.11.1.RELEASE\plugins\org.eclipse.justj.openjdk.hotspot.jre.full.win32.x86_64_16.0.2.v20210721-1149\jre\bin\jli.dll
0x00007ffcf56e0000 - 0x00007ffcf5881000 	C:\Windows\System32\USER32.dll
0x00007ffcf5550000 - 0x00007ffcf5572000 	C:\Windows\System32\win32u.dll
0x00007ffcf5af0000 - 0x00007ffcf5b1b000 	C:\Windows\System32\GDI32.dll
0x00007ffcf4cf0000 - 0x00007ffcf4dfb000 	C:\Windows\System32\gdi32full.dll
0x00007ffcf5580000 - 0x00007ffcf561d000 	C:\Windows\System32\msvcp_win.dll
0x00007ffcef000000 - 0x00007ffcef019000 	C:\SpringCloud\sts-4.11.1.RELEASE\plugins\org.eclipse.justj.openjdk.hotspot.jre.full.win32.x86_64_16.0.2.v20210721-1149\jre\bin\VCRUNTIME140.dll
0x00007ffce4020000 - 0x00007ffce42ba000 	C:\Windows\WinSxS\amd64_microsoft.windows.common-controls_6595b64144ccf1df_6.0.19041.1110_none_60b5254171f9507e\COMCTL32.dll
0x00007ffcf5a50000 - 0x00007ffcf5aee000 	C:\Windows\System32\msvcrt.dll
0x00007ffcf74a0000 - 0x00007ffcf74d0000 	C:\Windows\System32\IMM32.DLL
0x00007ffcf24f0000 - 0x00007ffcf24fc000 	C:\SpringCloud\sts-4.11.1.RELEASE\plugins\org.eclipse.justj.openjdk.hotspot.jre.full.win32.x86_64_16.0.2.v20210721-1149\jre\bin\vcruntime140_1.dll
0x00007ffcdc560000 - 0x00007ffcdc5f1000 	C:\SpringCloud\sts-4.11.1.RELEASE\plugins\org.eclipse.justj.openjdk.hotspot.jre.full.win32.x86_64_16.0.2.v20210721-1149\jre\bin\msvcp140.dll
0x00007ffca6fb0000 - 0x00007ffca7b5b000 	C:\SpringCloud\sts-4.11.1.RELEASE\plugins\org.eclipse.justj.openjdk.hotspot.jre.full.win32.x86_64_16.0.2.v20210721-1149\jre\bin\server\jvm.dll
0x00007ffcf70a0000 - 0x00007ffcf714c000 	C:\Windows\System32\ADVAPI32.dll
0x00007ffcf7370000 - 0x00007ffcf740b000 	C:\Windows\System32\sechost.dll
0x00007ffcf6d60000 - 0x00007ffcf6e8a000 	C:\Windows\System32\RPCRT4.dll
0x00007ffcf6990000 - 0x00007ffcf6998000 	C:\Windows\System32\PSAPI.DLL
0x00007ffceead0000 - 0x00007ffceead9000 	C:\Windows\SYSTEM32\WSOCK32.dll
0x00007ffcf7300000 - 0x00007ffcf736b000 	C:\Windows\System32\WS2_32.dll
0x00007ffce3dd0000 - 0x00007ffce3df7000 	C:\Windows\SYSTEM32\WINMM.dll
0x00007ffcec6b0000 - 0x00007ffcec6ba000 	C:\Windows\SYSTEM32\VERSION.dll
0x00007ffcf2bf0000 - 0x00007ffcf2c02000 	C:\Windows\SYSTEM32\kernel.appcore.dll
0x00007ffcf2480000 - 0x00007ffcf248a000 	C:\SpringCloud\sts-4.11.1.RELEASE\plugins\org.eclipse.justj.openjdk.hotspot.jre.full.win32.x86_64_16.0.2.v20210721-1149\jre\bin\jimage.dll
0x00007ffce1c60000 - 0x00007ffce1e44000 	C:\Windows\SYSTEM32\DBGHELP.DLL
0x00007ffce1ab0000 - 0x00007ffce1adc000 	C:\Windows\SYSTEM32\dbgcore.DLL
0x00007ffcf4eb0000 - 0x00007ffcf4f33000 	C:\Windows\System32\bcryptPrimitives.dll
0x00007ffceef00000 - 0x00007ffceef25000 	C:\SpringCloud\sts-4.11.1.RELEASE\plugins\org.eclipse.justj.openjdk.hotspot.jre.full.win32.x86_64_16.0.2.v20210721-1149\jre\bin\java.dll
0x00007ffcee7b0000 - 0x00007ffcee7c8000 	C:\SpringCloud\sts-4.11.1.RELEASE\plugins\org.eclipse.justj.openjdk.hotspot.jre.full.win32.x86_64_16.0.2.v20210721-1149\jre\bin\zip.dll
0x00007ffcf6250000 - 0x00007ffcf698f000 	C:\Windows\System32\SHELL32.dll
0x00007ffcf2df0000 - 0x00007ffcf3580000 	C:\Windows\SYSTEM32\windows.storage.dll
0x00007ffcf69a0000 - 0x00007ffcf6cf5000 	C:\Windows\System32\combase.dll
0x00007ffcf4740000 - 0x00007ffcf476c000 	C:\Windows\SYSTEM32\Wldp.dll
0x00007ffcf5d20000 - 0x00007ffcf5dce000 	C:\Windows\System32\SHCORE.dll
0x00007ffcf6e90000 - 0x00007ffcf6ee5000 	C:\Windows\System32\shlwapi.dll
0x00007ffcf4c30000 - 0x00007ffcf4c4f000 	C:\Windows\SYSTEM32\profapi.dll
0x00007ffcee5b0000 - 0x00007ffcee5c9000 	C:\SpringCloud\sts-4.11.1.RELEASE\plugins\org.eclipse.justj.openjdk.hotspot.jre.full.win32.x86_64_16.0.2.v20210721-1149\jre\bin\net.dll
0x00007ffce5220000 - 0x00007ffce5328000 	C:\Windows\SYSTEM32\WINHTTP.dll
0x00007ffcf44a0000 - 0x00007ffcf450a000 	C:\Windows\system32\mswsock.dll
0x00007ffcee520000 - 0x00007ffcee533000 	C:\SpringCloud\sts-4.11.1.RELEASE\plugins\org.eclipse.justj.openjdk.hotspot.jre.full.win32.x86_64_16.0.2.v20210721-1149\jre\bin\nio.dll
0x00007ffcee5a0000 - 0x00007ffcee5a9000 	C:\SpringCloud\sts-4.11.1.RELEASE\plugins\org.eclipse.justj.openjdk.hotspot.jre.full.win32.x86_64_16.0.2.v20210721-1149\jre\bin\management.dll
0x00007ffcee510000 - 0x00007ffcee51b000 	C:\SpringCloud\sts-4.11.1.RELEASE\plugins\org.eclipse.justj.openjdk.hotspot.jre.full.win32.x86_64_16.0.2.v20210721-1149\jre\bin\management_ext.dll
0x00007ffcce3b0000 - 0x00007ffcce3c7000 	C:\Windows\system32\napinsp.dll
0x00007ffcc9a30000 - 0x00007ffcc9a4b000 	C:\Windows\system32\pnrpnsp.dll
0x00007ffcefda0000 - 0x00007ffcefdb5000 	C:\Windows\system32\wshbth.dll
0x00007ffcf0360000 - 0x00007ffcf037d000 	C:\Windows\system32\NLAapi.dll
0x00007ffcf4140000 - 0x00007ffcf417b000 	C:\Windows\SYSTEM32\IPHLPAPI.DLL
0x00007ffcf4190000 - 0x00007ffcf425c000 	C:\Windows\SYSTEM32\DNSAPI.dll
0x00007ffcf6ef0000 - 0x00007ffcf6ef8000 	C:\Windows\System32\NSI.dll
0x00007ffcc9a10000 - 0x00007ffcc9a22000 	C:\Windows\System32\winrnr.dll
0x00007ffcecca0000 - 0x00007ffceccaa000 	C:\Windows\System32\rasadhlp.dll
0x00007ffce51a0000 - 0x00007ffce521f000 	C:\Windows\System32\fwpuclnt.dll
0x00007ffcf5520000 - 0x00007ffcf5547000 	C:\Windows\System32\bcrypt.dll
0x00007ffcf4690000 - 0x00007ffcf46a8000 	C:\Windows\SYSTEM32\CRYPTSP.dll
0x00007ffcf3db0000 - 0x00007ffcf3de4000 	C:\Windows\system32\rsaenh.dll
0x00007ffcf4bf0000 - 0x00007ffcf4c1e000 	C:\Windows\SYSTEM32\USERENV.dll
0x00007ffcf46b0000 - 0x00007ffcf46bc000 	C:\Windows\SYSTEM32\CRYPTBASE.dll
0x00007ffceacf0000 - 0x00007ffcead07000 	C:\Windows\SYSTEM32\dhcpcsvc6.DLL
0x00007ffcebd90000 - 0x00007ffcebdad000 	C:\Windows\SYSTEM32\dhcpcsvc.DLL
0x00007ffceeea0000 - 0x00007ffceeeb0000 	C:\SpringCloud\sts-4.11.1.RELEASE\plugins\org.eclipse.justj.openjdk.hotspot.jre.full.win32.x86_64_16.0.2.v20210721-1149\jre\bin\verify.dll
0x00007ffcf0b90000 - 0x00007ffcf0b9e000 	C:\SpringCloud\sts-4.11.1.RELEASE\plugins\org.eclipse.justj.openjdk.hotspot.jre.full.win32.x86_64_16.0.2.v20210721-1149\jre\bin\sunmscapi.dll
0x00007ffcf53c0000 - 0x00007ffcf5516000 	C:\Windows\System32\CRYPT32.dll
0x00007ffcf47b0000 - 0x00007ffcf47d7000 	C:\Windows\SYSTEM32\ncrypt.dll
0x00007ffcf4770000 - 0x00007ffcf47ab000 	C:\Windows\SYSTEM32\NTASN1.dll
0x00007ffcf0b80000 - 0x00007ffcf0b87000 	C:\Windows\system32\wshunix.dll

dbghelp: loaded successfully - version: 4.0.5 - missing functions: none
symbol engine: initialized successfully - sym options: 0x614 - pdb path: .;C:\SpringCloud\sts-4.11.1.RELEASE\plugins\org.eclipse.justj.openjdk.hotspot.jre.full.win32.x86_64_16.0.2.v20210721-1149\jre\bin;C:\Windows\SYSTEM32;C:\Windows\WinSxS\amd64_microsoft.windows.common-controls_6595b64144ccf1df_6.0.19041.1110_none_60b5254171f9507e;C:\SpringCloud\sts-4.11.1.RELEASE\plugins\org.eclipse.justj.openjdk.hotspot.jre.full.win32.x86_64_16.0.2.v20210721-1149\jre\bin\server

VM Arguments:
jvm_args: -Dcom.sun.management.jmxremote -Dcom.sun.management.jmxremote.port=62702 -Dcom.sun.management.jmxremote.authenticate=false -Dcom.sun.management.jmxremote.ssl=false -Djava.rmi.server.hostname=localhost -Dspring.jmx.enabled=true -Dspring.application.admin.enabled=true -XX:TieredStopAtLevel=1 -Dspring.boot.project.name=music-servicio-usuarios -Dfile.encoding=UTF-8 -XX:+ShowCodeDetailsInExceptionMessages 
java_command: com.music.app.servicio.usuarios.MusicServicioUsuariosApplication --spring.output.ansi.enabled=always
java_class_path (initial): C:\SpringCloud\music_workspace\music-servicio-usuarios\target\classes;C:\Users\PC112-AR\.m2\repository\org\springframework\boot\spring-boot-starter-data-jpa\2.5.4\spring-boot-starter-data-jpa-2.5.4.jar;C:\Users\PC112-AR\.m2\repository\org\springframework\boot\spring-boot-starter-aop\2.5.4\spring-boot-starter-aop-2.5.4.jar;C:\Users\PC112-AR\.m2\repository\org\springframework\spring-aop\5.3.9\spring-aop-5.3.9.jar;C:\Users\PC112-AR\.m2\repository\org\aspectj\aspectjweaver\1.9.7\aspectjweaver-1.9.7.jar;C:\Users\PC112-AR\.m2\repository\org\springframework\boot\spring-boot-starter-jdbc\2.5.4\spring-boot-starter-jdbc-2.5.4.jar;C:\Users\PC112-AR\.m2\repository\com\zaxxer\HikariCP\4.0.3\HikariCP-4.0.3.jar;C:\Users\PC112-AR\.m2\repository\org\springframework\spring-jdbc\5.3.9\spring-jdbc-5.3.9.jar;C:\Users\PC112-AR\.m2\repository\jakarta\transaction\jakarta.transaction-api\1.3.3\jakarta.transaction-api-1.3.3.jar;C:\Users\PC112-AR\.m2\repository\jakarta\persistence\jakarta.persistence-api\2.2.3\jakarta.persistence-api-2.2.3.jar;C:\Users\PC112-AR\.m2\repository\org\hibernate\hibernate-core\5.4.32.Final\hibernate-core-5.4.32.Final.jar;C:\Users\PC112-AR\.m2\repository\org\jboss\logging\jboss-logging\3.4.2.Final\jboss-logging-3.4.2.Final.jar;C:\Users\PC112-AR\.m2\repository\org\javassist\javassist\3.27.0-GA\javassist-3.27.0-GA.jar;C:\Users\PC112-AR\.m2\repository\net\bytebuddy\byte-buddy\1.10.22\byte-buddy-1.10.22.jar;C:\Users\PC112-AR\.m2\repository\antlr\antlr\2.7.7\antlr-2.7.7.jar;C:\Users\PC112-AR\.m2\repository\org\jboss\jandex\2.2.3.Final\jandex-2.2.3.Final.jar;C:\Users\PC112-AR\.m2\repository\com\fasterxml\classmate\1.5.1\classmate-1.5.1.jar;C:\Users\PC112-AR\.m2\repository\org\dom4j\dom4j\2.1.3\dom4j-2.1.3.jar;C:\Users\PC112-AR\.m2\repository\org\hibernate\common\hibernate-commons-annotations\5.1.2.Final\hibernate-commons-annotations-5.1.2.Final.jar;C:\Users\PC112-AR\.m2\repository\org\glassfish\jaxb\jaxb-runtime\2.3.5\jaxb-runtime-2.3.5.jar;C:
Launcher Type: SUN_STANDARD

[Global flags]
     intx CICompilerCount                          = 3                                         {product} {ergonomic}
     uint ConcGCThreads                            = 1                                         {product} {ergonomic}
     uint G1ConcRefinementThreads                  = 4                                         {product} {ergonomic}
   size_t G1HeapRegionSize                         = 2097152                                   {product} {ergonomic}
    uintx GCDrainStackTargetSize                   = 64                                        {product} {ergonomic}
   size_t InitialHeapSize                          = 266338304                                 {product} {ergonomic}
     bool ManagementServer                         = true                                      {product} {command line}
   size_t MarkStackSize                            = 4194304                                   {product} {ergonomic}
   size_t MaxHeapSize                              = 4253024256                                {product} {ergonomic}
   size_t MaxNewSize                               = 2550136832                                {product} {ergonomic}
   size_t MinHeapDeltaBytes                        = 2097152                                   {product} {ergonomic}
   size_t MinHeapSize                              = 8388608                                   {product} {ergonomic}
    uintx NonNMethodCodeHeapSize                   = 6973028                                {pd product} {ergonomic}
    uintx NonProfiledCodeHeapSize                  = 244685212                              {pd product} {ergonomic}
    uintx ProfiledCodeHeapSize                     = 0                                      {pd product} {ergonomic}
    uintx ReservedCodeCacheSize                    = 251658240                              {pd product} {ergonomic}
     bool SegmentedCodeCache                       = true                                      {product} {ergonomic}
     bool ShowCodeDetailsInExceptionMessages       = true                                   {manageable} {command line}
   size_t SoftMaxHeapSize                          = 4253024256                             {manageable} {ergonomic}
     intx TieredStopAtLevel                        = 1                                         {product} {command line}
     bool UseCompressedClassPointers               = true                           {product lp64_product} {ergonomic}
     bool UseCompressedOops                        = true                           {product lp64_product} {ergonomic}
     bool UseG1GC                                  = true                                      {product} {ergonomic}
     bool UseLargePagesIndividualAllocation        = false                                  {pd product} {ergonomic}

Logging:
Log output configuration:
 #0: stdout all=warning uptime,level,tags
 #1: stderr all=off uptime,level,tags

Environment Variables:
JAVA_HOME=C:\SpringCloud\openjdk-16.0.2_windows-x64_bin\jdk-11.0.2
PATH=C:/SpringCloud/sts-4.11.1.RELEASE//plugins/org.eclipse.justj.openjdk.hotspot.jre.full.win32.x86_64_16.0.2.v20210721-1149/jre/bin/server;C:/SpringCloud/sts-4.11.1.RELEASE//plugins/org.eclipse.justj.openjdk.hotspot.jre.full.win32.x86_64_16.0.2.v20210721-1149/jre/bin;C:\Program Files\Common Files\Oracle\Java\javapath;C:\Windows\system32;C:\Windows;C:\Windows\System32\Wbem;C:\Windows\System32\WindowsPowerShell\v1.0\;C:\Windows\System32\OpenSSH\;C:\SpringCloud\openjdk-11.0.2_windows-x64_bin\jdk-11.0.2\bin;C:\Program Files\Git\cmd;C:\Users\PC112-AR\AppData\Local\Microsoft\WindowsApps;;C:\Users\PC112-AR\AppData\Local\Programs\Microsoft VS Code\bin;C:\SpringCloud\sts-4.11.1.RELEASE;
USERNAME=Juan Cisilino
OS=Windows_NT
PROCESSOR_IDENTIFIER=Intel64 Family 6 Model 142 Stepping 9, GenuineIntel



---------------  S Y S T E M  ---------------

OS:
 Windows 10 , 64 bit Build 19041 (10.0.19041.1202)
OS uptime: 0 days 4:06 hours

CPU: total 4 (initial active 4) (2 cores per cpu, 2 threads per core) family 6 model 142 stepping 9 microcode 0xea, cx8, cmov, fxsr, ht, mmx, 3dnowpref, sse, sse2, sse3, ssse3, sse4.1, sse4.2, popcnt, lzcnt, tsc, tscinvbit, avx, avx2, aes, erms, clmul, bmi1, bmi2, rtm, adx, fma, vzeroupper, clflush, clflushopt

Memory: 4k page, system-wide physical 16218M (10109M free)
TotalPageFile size 18650M (AvailPageFile size 12538M)
current process WorkingSet (physical memory assigned to process): 308M, peak: 308M
current process commit charge ("private bytes"): 349M, peak: 355M

vm_info: OpenJDK 64-Bit Server VM (16.0.2+7-67) for windows-amd64 JRE (16.0.2+7-67), built on Jun  8 2021 23:21:43 by "mach5one" with MS VC++ 16.7 (VS2019)

END.
